[1.302s] DEBUG:colcon:Command line arguments: ['/usr/bin/colcon', 'build']
[1.302s] DEBUG:colcon:Parsed command line arguments: Namespace(log_base=None, log_level=None, verb_name='build', build_base='build', install_base='install', merge_install=False, symlink_install=False, test_result_base=None, continue_on_error=False, executor='parallel', parallel_workers=8, event_handlers=None, ignore_user_meta=False, metas=['./colcon.meta'], base_paths=['.'], packages_ignore=None, packages_ignore_regex=None, paths=None, packages_up_to=None, packages_up_to_regex=None, packages_above=None, packages_above_and_dependencies=None, packages_above_depth=None, packages_select_by_dep=None, packages_skip_by_dep=None, packages_skip_up_to=None, packages_select_build_failed=False, packages_skip_build_finished=False, packages_select_test_failures=False, packages_skip_test_passed=False, packages_select=None, packages_skip=None, packages_select_regex=None, packages_skip_regex=None, packages_start=None, packages_end=None, allow_overriding=[], cmake_args=None, cmake_target=None, cmake_target_skip_unavailable=False, cmake_clean_cache=False, cmake_clean_first=False, cmake_force_configure=False, ament_cmake_args=None, catkin_cmake_args=None, catkin_skip_building_tests=False, verb_parser=<colcon_defaults.argument_parser.defaults.DefaultArgumentsDecorator object at 0x7f162cc8e4a0>, verb_extension=<colcon_core.verb.build.BuildVerb object at 0x7f162cc8ce80>, main=<bound method BuildVerb.main of <colcon_core.verb.build.BuildVerb object at 0x7f162cc8ce80>>)
[1.350s] Level 1:colcon.colcon_core.package_discovery:discover_packages(colcon_meta) check parameters
[1.350s] Level 1:colcon.colcon_core.package_discovery:discover_packages(recursive) check parameters
[1.350s] Level 1:colcon.colcon_core.package_discovery:discover_packages(ignore) check parameters
[1.350s] Level 1:colcon.colcon_core.package_discovery:discover_packages(path) check parameters
[1.350s] Level 1:colcon.colcon_core.package_discovery:discover_packages(colcon_meta) discover
[1.350s] Level 1:colcon.colcon_core.package_discovery:discover_packages(recursive) discover
[1.350s] INFO:colcon.colcon_core.package_discovery:Crawling recursively for packages in '/home/risimon/mateEZ/vip1_ws'
[1.350s] Level 1:colcon.colcon_core.package_identification:_identify(.) by extensions ['ignore', 'ignore_ament_install']
[1.350s] Level 1:colcon.colcon_core.package_identification:_identify(.) by extension 'ignore'
[1.351s] Level 1:colcon.colcon_core.package_identification:_identify(.) by extension 'ignore_ament_install'
[1.351s] Level 1:colcon.colcon_core.package_identification:_identify(.) by extensions ['colcon_pkg']
[1.351s] Level 1:colcon.colcon_core.package_identification:_identify(.) by extension 'colcon_pkg'
[1.351s] Level 1:colcon.colcon_core.package_identification:_identify(.) by extensions ['colcon_meta']
[1.351s] Level 1:colcon.colcon_core.package_identification:_identify(.) by extension 'colcon_meta'
[1.351s] Level 1:colcon.colcon_core.package_identification:_identify(.) by extensions ['ros']
[1.351s] Level 1:colcon.colcon_core.package_identification:_identify(.) by extension 'ros'
[1.362s] Level 1:colcon.colcon_core.package_identification:_identify(.) by extensions ['cmake', 'python']
[1.362s] Level 1:colcon.colcon_core.package_identification:_identify(.) by extension 'cmake'
[1.362s] Level 1:colcon.colcon_core.package_identification:_identify(.) by extension 'python'
[1.362s] Level 1:colcon.colcon_core.package_identification:_identify(.) by extensions ['python_setup_py']
[1.362s] Level 1:colcon.colcon_core.package_identification:_identify(.) by extension 'python_setup_py'
[1.362s] Level 1:colcon.colcon_core.package_identification:_identify(build) by extensions ['ignore', 'ignore_ament_install']
[1.362s] Level 1:colcon.colcon_core.package_identification:_identify(build) by extension 'ignore'
[1.362s] Level 1:colcon.colcon_core.package_identification:_identify(build) ignored
[1.362s] Level 1:colcon.colcon_core.package_identification:_identify(install) by extensions ['ignore', 'ignore_ament_install']
[1.362s] Level 1:colcon.colcon_core.package_identification:_identify(install) by extension 'ignore'
[1.362s] Level 1:colcon.colcon_core.package_identification:_identify(install) ignored
[1.362s] Level 1:colcon.colcon_core.package_identification:_identify(log) by extensions ['ignore', 'ignore_ament_install']
[1.363s] Level 1:colcon.colcon_core.package_identification:_identify(log) by extension 'ignore'
[1.363s] Level 1:colcon.colcon_core.package_identification:_identify(log) ignored
[1.363s] Level 1:colcon.colcon_core.package_identification:_identify(src) by extensions ['ignore', 'ignore_ament_install']
[1.363s] Level 1:colcon.colcon_core.package_identification:_identify(src) by extension 'ignore'
[1.363s] Level 1:colcon.colcon_core.package_identification:_identify(src) by extension 'ignore_ament_install'
[1.363s] Level 1:colcon.colcon_core.package_identification:_identify(src) by extensions ['colcon_pkg']
[1.363s] Level 1:colcon.colcon_core.package_identification:_identify(src) by extension 'colcon_pkg'
[1.363s] Level 1:colcon.colcon_core.package_identification:_identify(src) by extensions ['colcon_meta']
[1.363s] Level 1:colcon.colcon_core.package_identification:_identify(src) by extension 'colcon_meta'
[1.363s] Level 1:colcon.colcon_core.package_identification:_identify(src) by extensions ['ros']
[1.363s] Level 1:colcon.colcon_core.package_identification:_identify(src) by extension 'ros'
[1.363s] Level 1:colcon.colcon_core.package_identification:_identify(src) by extensions ['cmake', 'python']
[1.363s] Level 1:colcon.colcon_core.package_identification:_identify(src) by extension 'cmake'
[1.363s] Level 1:colcon.colcon_core.package_identification:_identify(src) by extension 'python'
[1.363s] Level 1:colcon.colcon_core.package_identification:_identify(src) by extensions ['python_setup_py']
[1.363s] Level 1:colcon.colcon_core.package_identification:_identify(src) by extension 'python_setup_py'
[1.363s] Level 1:colcon.colcon_core.package_identification:_identify(src/autonomous_driving) by extensions ['ignore', 'ignore_ament_install']
[1.363s] Level 1:colcon.colcon_core.package_identification:_identify(src/autonomous_driving) by extension 'ignore'
[1.363s] Level 1:colcon.colcon_core.package_identification:_identify(src/autonomous_driving) by extension 'ignore_ament_install'
[1.363s] Level 1:colcon.colcon_core.package_identification:_identify(src/autonomous_driving) by extensions ['colcon_pkg']
[1.363s] Level 1:colcon.colcon_core.package_identification:_identify(src/autonomous_driving) by extension 'colcon_pkg'
[1.363s] Level 1:colcon.colcon_core.package_identification:_identify(src/autonomous_driving) by extensions ['colcon_meta']
[1.363s] Level 1:colcon.colcon_core.package_identification:_identify(src/autonomous_driving) by extension 'colcon_meta'
[1.364s] Level 1:colcon.colcon_core.package_identification:_identify(src/autonomous_driving) by extensions ['ros']
[1.364s] Level 1:colcon.colcon_core.package_identification:_identify(src/autonomous_driving) by extension 'ros'
[1.366s] DEBUG:colcon.colcon_core.package_identification:Package 'src/autonomous_driving' with type 'ros.ament_python' and name 'turtlebot3_safety'
[1.366s] Level 1:colcon.colcon_core.package_identification:_identify(src/turtlebot3_simulations) by extensions ['ignore', 'ignore_ament_install']
[1.366s] Level 1:colcon.colcon_core.package_identification:_identify(src/turtlebot3_simulations) by extension 'ignore'
[1.366s] Level 1:colcon.colcon_core.package_identification:_identify(src/turtlebot3_simulations) by extension 'ignore_ament_install'
[1.366s] Level 1:colcon.colcon_core.package_identification:_identify(src/turtlebot3_simulations) by extensions ['colcon_pkg']
[1.366s] Level 1:colcon.colcon_core.package_identification:_identify(src/turtlebot3_simulations) by extension 'colcon_pkg'
[1.366s] Level 1:colcon.colcon_core.package_identification:_identify(src/turtlebot3_simulations) by extensions ['colcon_meta']
[1.366s] Level 1:colcon.colcon_core.package_identification:_identify(src/turtlebot3_simulations) by extension 'colcon_meta'
[1.367s] Level 1:colcon.colcon_core.package_identification:_identify(src/turtlebot3_simulations) by extensions ['ros']
[1.367s] Level 1:colcon.colcon_core.package_identification:_identify(src/turtlebot3_simulations) by extension 'ros'
[1.367s] Level 1:colcon.colcon_core.package_identification:_identify(src/turtlebot3_simulations) by extensions ['cmake', 'python']
[1.367s] Level 1:colcon.colcon_core.package_identification:_identify(src/turtlebot3_simulations) by extension 'cmake'
[1.367s] Level 1:colcon.colcon_core.package_identification:_identify(src/turtlebot3_simulations) by extension 'python'
[1.367s] Level 1:colcon.colcon_core.package_identification:_identify(src/turtlebot3_simulations) by extensions ['python_setup_py']
[1.367s] Level 1:colcon.colcon_core.package_identification:_identify(src/turtlebot3_simulations) by extension 'python_setup_py'
[1.367s] Level 1:colcon.colcon_core.package_identification:_identify(src/turtlebot3_simulations/turtlebot3_fake_node) by extensions ['ignore', 'ignore_ament_install']
[1.367s] Level 1:colcon.colcon_core.package_identification:_identify(src/turtlebot3_simulations/turtlebot3_fake_node) by extension 'ignore'
[1.367s] Level 1:colcon.colcon_core.package_identification:_identify(src/turtlebot3_simulations/turtlebot3_fake_node) by extension 'ignore_ament_install'
[1.367s] Level 1:colcon.colcon_core.package_identification:_identify(src/turtlebot3_simulations/turtlebot3_fake_node) by extensions ['colcon_pkg']
[1.367s] Level 1:colcon.colcon_core.package_identification:_identify(src/turtlebot3_simulations/turtlebot3_fake_node) by extension 'colcon_pkg'
[1.367s] Level 1:colcon.colcon_core.package_identification:_identify(src/turtlebot3_simulations/turtlebot3_fake_node) by extensions ['colcon_meta']
[1.367s] Level 1:colcon.colcon_core.package_identification:_identify(src/turtlebot3_simulations/turtlebot3_fake_node) by extension 'colcon_meta'
[1.367s] Level 1:colcon.colcon_core.package_identification:_identify(src/turtlebot3_simulations/turtlebot3_fake_node) by extensions ['ros']
[1.367s] Level 1:colcon.colcon_core.package_identification:_identify(src/turtlebot3_simulations/turtlebot3_fake_node) by extension 'ros'
[1.368s] DEBUG:colcon.colcon_core.package_identification:Package 'src/turtlebot3_simulations/turtlebot3_fake_node' with type 'ros.ament_cmake' and name 'turtlebot3_fake_node'
[1.368s] Level 1:colcon.colcon_core.package_identification:_identify(src/turtlebot3_simulations/turtlebot3_gazebo) by extensions ['ignore', 'ignore_ament_install']
[1.368s] Level 1:colcon.colcon_core.package_identification:_identify(src/turtlebot3_simulations/turtlebot3_gazebo) by extension 'ignore'
[1.368s] Level 1:colcon.colcon_core.package_identification:_identify(src/turtlebot3_simulations/turtlebot3_gazebo) by extension 'ignore_ament_install'
[1.369s] Level 1:colcon.colcon_core.package_identification:_identify(src/turtlebot3_simulations/turtlebot3_gazebo) by extensions ['colcon_pkg']
[1.369s] Level 1:colcon.colcon_core.package_identification:_identify(src/turtlebot3_simulations/turtlebot3_gazebo) by extension 'colcon_pkg'
[1.369s] Level 1:colcon.colcon_core.package_identification:_identify(src/turtlebot3_simulations/turtlebot3_gazebo) by extensions ['colcon_meta']
[1.369s] Level 1:colcon.colcon_core.package_identification:_identify(src/turtlebot3_simulations/turtlebot3_gazebo) by extension 'colcon_meta'
[1.369s] Level 1:colcon.colcon_core.package_identification:_identify(src/turtlebot3_simulations/turtlebot3_gazebo) by extensions ['ros']
[1.369s] Level 1:colcon.colcon_core.package_identification:_identify(src/turtlebot3_simulations/turtlebot3_gazebo) by extension 'ros'
[1.370s] DEBUG:colcon.colcon_core.package_identification:Package 'src/turtlebot3_simulations/turtlebot3_gazebo' with type 'ros.ament_cmake' and name 'turtlebot3_gazebo'
[1.370s] Level 1:colcon.colcon_core.package_identification:_identify(src/turtlebot3_simulations/turtlebot3_simulations) by extensions ['ignore', 'ignore_ament_install']
[1.370s] Level 1:colcon.colcon_core.package_identification:_identify(src/turtlebot3_simulations/turtlebot3_simulations) by extension 'ignore'
[1.370s] Level 1:colcon.colcon_core.package_identification:_identify(src/turtlebot3_simulations/turtlebot3_simulations) by extension 'ignore_ament_install'
[1.370s] Level 1:colcon.colcon_core.package_identification:_identify(src/turtlebot3_simulations/turtlebot3_simulations) by extensions ['colcon_pkg']
[1.370s] Level 1:colcon.colcon_core.package_identification:_identify(src/turtlebot3_simulations/turtlebot3_simulations) by extension 'colcon_pkg'
[1.370s] Level 1:colcon.colcon_core.package_identification:_identify(src/turtlebot3_simulations/turtlebot3_simulations) by extensions ['colcon_meta']
[1.370s] Level 1:colcon.colcon_core.package_identification:_identify(src/turtlebot3_simulations/turtlebot3_simulations) by extension 'colcon_meta'
[1.370s] Level 1:colcon.colcon_core.package_identification:_identify(src/turtlebot3_simulations/turtlebot3_simulations) by extensions ['ros']
[1.370s] Level 1:colcon.colcon_core.package_identification:_identify(src/turtlebot3_simulations/turtlebot3_simulations) by extension 'ros'
[1.370s] DEBUG:colcon.colcon_core.package_identification:Package 'src/turtlebot3_simulations/turtlebot3_simulations' with type 'ros.ament_cmake' and name 'turtlebot3_simulations'
[1.370s] Level 1:colcon.colcon_core.package_discovery:discover_packages(recursive) using defaults
[1.370s] Level 1:colcon.colcon_core.package_discovery:discover_packages(ignore) discover
[1.371s] Level 1:colcon.colcon_core.package_discovery:discover_packages(ignore) using defaults
[1.371s] Level 1:colcon.colcon_core.package_discovery:discover_packages(path) discover
[1.371s] Level 1:colcon.colcon_core.package_discovery:discover_packages(path) using defaults
[1.461s] Level 1:colcon.colcon_core.package_discovery:discover_packages(prefix_path) check parameters
[1.461s] Level 1:colcon.colcon_core.package_discovery:discover_packages(prefix_path) discover
[1.490s] DEBUG:colcon.colcon_installed_package_information.package_discovery:Found 5 installed packages in /home/risimon/turtlebot3_ws/install
[1.503s] DEBUG:colcon.colcon_installed_package_information.package_discovery:Found 1 installed packages in /home/risimon/tst/install
[1.518s] DEBUG:colcon.colcon_installed_package_information.package_discovery:Found 347 installed packages in /opt/ros/humble
[1.520s] Level 1:colcon.colcon_core.package_discovery:discover_packages(prefix_path) using defaults
[1.630s] Level 5:colcon.colcon_core.verb:set package 'turtlebot3_fake_node' build argument 'cmake_args' from command line to 'None'
[1.630s] Level 5:colcon.colcon_core.verb:set package 'turtlebot3_fake_node' build argument 'cmake_target' from command line to 'None'
[1.630s] Level 5:colcon.colcon_core.verb:set package 'turtlebot3_fake_node' build argument 'cmake_target_skip_unavailable' from command line to 'False'
[1.630s] Level 5:colcon.colcon_core.verb:set package 'turtlebot3_fake_node' build argument 'cmake_clean_cache' from command line to 'False'
[1.630s] Level 5:colcon.colcon_core.verb:set package 'turtlebot3_fake_node' build argument 'cmake_clean_first' from command line to 'False'
[1.630s] Level 5:colcon.colcon_core.verb:set package 'turtlebot3_fake_node' build argument 'cmake_force_configure' from command line to 'False'
[1.630s] Level 5:colcon.colcon_core.verb:set package 'turtlebot3_fake_node' build argument 'ament_cmake_args' from command line to 'None'
[1.630s] Level 5:colcon.colcon_core.verb:set package 'turtlebot3_fake_node' build argument 'catkin_cmake_args' from command line to 'None'
[1.630s] Level 5:colcon.colcon_core.verb:set package 'turtlebot3_fake_node' build argument 'catkin_skip_building_tests' from command line to 'False'
[1.630s] DEBUG:colcon.colcon_core.verb:Building package 'turtlebot3_fake_node' with the following arguments: {'ament_cmake_args': None, 'build_base': '/home/risimon/mateEZ/vip1_ws/build/turtlebot3_fake_node', 'catkin_cmake_args': None, 'catkin_skip_building_tests': False, 'cmake_args': None, 'cmake_clean_cache': False, 'cmake_clean_first': False, 'cmake_force_configure': False, 'cmake_target': None, 'cmake_target_skip_unavailable': False, 'install_base': '/home/risimon/mateEZ/vip1_ws/install/turtlebot3_fake_node', 'merge_install': False, 'path': '/home/risimon/mateEZ/vip1_ws/src/turtlebot3_simulations/turtlebot3_fake_node', 'symlink_install': False, 'test_result_base': None}
[1.644s] Level 5:colcon.colcon_core.verb:set package 'turtlebot3_gazebo' build argument 'cmake_args' from command line to 'None'
[1.644s] Level 5:colcon.colcon_core.verb:set package 'turtlebot3_gazebo' build argument 'cmake_target' from command line to 'None'
[1.644s] Level 5:colcon.colcon_core.verb:set package 'turtlebot3_gazebo' build argument 'cmake_target_skip_unavailable' from command line to 'False'
[1.644s] Level 5:colcon.colcon_core.verb:set package 'turtlebot3_gazebo' build argument 'cmake_clean_cache' from command line to 'False'
[1.644s] Level 5:colcon.colcon_core.verb:set package 'turtlebot3_gazebo' build argument 'cmake_clean_first' from command line to 'False'
[1.644s] Level 5:colcon.colcon_core.verb:set package 'turtlebot3_gazebo' build argument 'cmake_force_configure' from command line to 'False'
[1.644s] Level 5:colcon.colcon_core.verb:set package 'turtlebot3_gazebo' build argument 'ament_cmake_args' from command line to 'None'
[1.644s] Level 5:colcon.colcon_core.verb:set package 'turtlebot3_gazebo' build argument 'catkin_cmake_args' from command line to 'None'
[1.644s] Level 5:colcon.colcon_core.verb:set package 'turtlebot3_gazebo' build argument 'catkin_skip_building_tests' from command line to 'False'
[1.644s] DEBUG:colcon.colcon_core.verb:Building package 'turtlebot3_gazebo' with the following arguments: {'ament_cmake_args': None, 'build_base': '/home/risimon/mateEZ/vip1_ws/build/turtlebot3_gazebo', 'catkin_cmake_args': None, 'catkin_skip_building_tests': False, 'cmake_args': None, 'cmake_clean_cache': False, 'cmake_clean_first': False, 'cmake_force_configure': False, 'cmake_target': None, 'cmake_target_skip_unavailable': False, 'install_base': '/home/risimon/mateEZ/vip1_ws/install/turtlebot3_gazebo', 'merge_install': False, 'path': '/home/risimon/mateEZ/vip1_ws/src/turtlebot3_simulations/turtlebot3_gazebo', 'symlink_install': False, 'test_result_base': None}
[1.658s] Level 5:colcon.colcon_core.verb:set package 'turtlebot3_simulations' build argument 'cmake_args' from command line to 'None'
[1.658s] Level 5:colcon.colcon_core.verb:set package 'turtlebot3_simulations' build argument 'cmake_target' from command line to 'None'
[1.658s] Level 5:colcon.colcon_core.verb:set package 'turtlebot3_simulations' build argument 'cmake_target_skip_unavailable' from command line to 'False'
[1.658s] Level 5:colcon.colcon_core.verb:set package 'turtlebot3_simulations' build argument 'cmake_clean_cache' from command line to 'False'
[1.658s] Level 5:colcon.colcon_core.verb:set package 'turtlebot3_simulations' build argument 'cmake_clean_first' from command line to 'False'
[1.658s] Level 5:colcon.colcon_core.verb:set package 'turtlebot3_simulations' build argument 'cmake_force_configure' from command line to 'False'
[1.658s] Level 5:colcon.colcon_core.verb:set package 'turtlebot3_simulations' build argument 'ament_cmake_args' from command line to 'None'
[1.658s] Level 5:colcon.colcon_core.verb:set package 'turtlebot3_simulations' build argument 'catkin_cmake_args' from command line to 'None'
[1.658s] Level 5:colcon.colcon_core.verb:set package 'turtlebot3_simulations' build argument 'catkin_skip_building_tests' from command line to 'False'
[1.658s] DEBUG:colcon.colcon_core.verb:Building package 'turtlebot3_simulations' with the following arguments: {'ament_cmake_args': None, 'build_base': '/home/risimon/mateEZ/vip1_ws/build/turtlebot3_simulations', 'catkin_cmake_args': None, 'catkin_skip_building_tests': False, 'cmake_args': None, 'cmake_clean_cache': False, 'cmake_clean_first': False, 'cmake_force_configure': False, 'cmake_target': None, 'cmake_target_skip_unavailable': False, 'install_base': '/home/risimon/mateEZ/vip1_ws/install/turtlebot3_simulations', 'merge_install': False, 'path': '/home/risimon/mateEZ/vip1_ws/src/turtlebot3_simulations/turtlebot3_simulations', 'symlink_install': False, 'test_result_base': None}
[1.672s] Level 5:colcon.colcon_core.verb:set package 'turtlebot3_safety' build argument 'cmake_args' from command line to 'None'
[1.672s] Level 5:colcon.colcon_core.verb:set package 'turtlebot3_safety' build argument 'cmake_target' from command line to 'None'
[1.672s] Level 5:colcon.colcon_core.verb:set package 'turtlebot3_safety' build argument 'cmake_target_skip_unavailable' from command line to 'False'
[1.672s] Level 5:colcon.colcon_core.verb:set package 'turtlebot3_safety' build argument 'cmake_clean_cache' from command line to 'False'
[1.672s] Level 5:colcon.colcon_core.verb:set package 'turtlebot3_safety' build argument 'cmake_clean_first' from command line to 'False'
[1.672s] Level 5:colcon.colcon_core.verb:set package 'turtlebot3_safety' build argument 'cmake_force_configure' from command line to 'False'
[1.672s] Level 5:colcon.colcon_core.verb:set package 'turtlebot3_safety' build argument 'ament_cmake_args' from command line to 'None'
[1.672s] Level 5:colcon.colcon_core.verb:set package 'turtlebot3_safety' build argument 'catkin_cmake_args' from command line to 'None'
[1.672s] Level 5:colcon.colcon_core.verb:set package 'turtlebot3_safety' build argument 'catkin_skip_building_tests' from command line to 'False'
[1.672s] DEBUG:colcon.colcon_core.verb:Building package 'turtlebot3_safety' with the following arguments: {'ament_cmake_args': None, 'build_base': '/home/risimon/mateEZ/vip1_ws/build/turtlebot3_safety', 'catkin_cmake_args': None, 'catkin_skip_building_tests': False, 'cmake_args': None, 'cmake_clean_cache': False, 'cmake_clean_first': False, 'cmake_force_configure': False, 'cmake_target': None, 'cmake_target_skip_unavailable': False, 'install_base': '/home/risimon/mateEZ/vip1_ws/install/turtlebot3_safety', 'merge_install': False, 'path': '/home/risimon/mateEZ/vip1_ws/src/autonomous_driving', 'symlink_install': False, 'test_result_base': None}
[1.686s] INFO:colcon.colcon_core.executor:Executing jobs using 'parallel' executor
[1.700s] DEBUG:colcon.colcon_parallel_executor.executor.parallel:run_until_complete
[1.700s] INFO:colcon.colcon_ros.task.ament_cmake.build:Building ROS package in '/home/risimon/mateEZ/vip1_ws/src/turtlebot3_simulations/turtlebot3_fake_node' with build type 'ament_cmake'
[1.700s] INFO:colcon.colcon_cmake.task.cmake.build:Building CMake package in '/home/risimon/mateEZ/vip1_ws/src/turtlebot3_simulations/turtlebot3_fake_node'
[1.720s] INFO:colcon.colcon_core.plugin_system:Skipping extension 'colcon_core.shell.bat': Not used on non-Windows systems
[1.720s] INFO:colcon.colcon_core.shell:Skip shell extension 'powershell' for command environment: Not usable outside of PowerShell
[1.720s] DEBUG:colcon.colcon_core.shell:Skip shell extension 'dsv' for command environment
[1.779s] INFO:colcon.colcon_ros.task.ament_cmake.build:Building ROS package in '/home/risimon/mateEZ/vip1_ws/src/turtlebot3_simulations/turtlebot3_gazebo' with build type 'ament_cmake'
[1.779s] INFO:colcon.colcon_cmake.task.cmake.build:Building CMake package in '/home/risimon/mateEZ/vip1_ws/src/turtlebot3_simulations/turtlebot3_gazebo'
[1.793s] INFO:colcon.colcon_core.shell:Skip shell extension 'powershell' for command environment: Not usable outside of PowerShell
[1.793s] DEBUG:colcon.colcon_core.shell:Skip shell extension 'dsv' for command environment
[1.856s] DEBUG:colcon.colcon_core.event_handler.log_command:Invoking command in '/home/risimon/mateEZ/vip1_ws/build/turtlebot3_fake_node': CMAKE_PREFIX_PATH=${CMAKE_PREFIX_PATH}:/home/risimon/turtlebot3_ws/install/turtlebot3_safety:/home/risimon/turtlebot3_ws/install/turtlebot3_battery_status:/home/risimon/tst/install/turtlebot3_safety:/opt/ros/humble /usr/bin/cmake --build /home/risimon/mateEZ/vip1_ws/build/turtlebot3_fake_node -- -j8 -l8
[1.863s] DEBUG:colcon.colcon_core.event_handler.log_command:Invoking command in '/home/risimon/mateEZ/vip1_ws/build/turtlebot3_gazebo': CMAKE_PREFIX_PATH=${CMAKE_PREFIX_PATH}:/home/risimon/turtlebot3_ws/install/turtlebot3_safety:/home/risimon/turtlebot3_ws/install/turtlebot3_battery_status:/home/risimon/tst/install/turtlebot3_safety:/opt/ros/humble /usr/bin/cmake --build /home/risimon/mateEZ/vip1_ws/build/turtlebot3_gazebo -- -j8 -l8
[1.958s] DEBUG:colcon.colcon_core.event_handler.log_command:Invoked command in '/home/risimon/mateEZ/vip1_ws/build/turtlebot3_fake_node' returned '0': CMAKE_PREFIX_PATH=${CMAKE_PREFIX_PATH}:/home/risimon/turtlebot3_ws/install/turtlebot3_safety:/home/risimon/turtlebot3_ws/install/turtlebot3_battery_status:/home/risimon/tst/install/turtlebot3_safety:/opt/ros/humble /usr/bin/cmake --build /home/risimon/mateEZ/vip1_ws/build/turtlebot3_fake_node -- -j8 -l8
[2.006s] DEBUG:colcon.colcon_core.event_handler.log_command:Invoking command in '/home/risimon/mateEZ/vip1_ws/build/turtlebot3_fake_node': CMAKE_PREFIX_PATH=${CMAKE_PREFIX_PATH}:/home/risimon/turtlebot3_ws/install/turtlebot3_safety:/home/risimon/turtlebot3_ws/install/turtlebot3_battery_status:/home/risimon/tst/install/turtlebot3_safety:/opt/ros/humble /usr/bin/cmake --install /home/risimon/mateEZ/vip1_ws/build/turtlebot3_fake_node
[2.007s] DEBUG:colcon.colcon_core.event_handler.log_command:Invoked command in '/home/risimon/mateEZ/vip1_ws/build/turtlebot3_gazebo' returned '0': CMAKE_PREFIX_PATH=${CMAKE_PREFIX_PATH}:/home/risimon/turtlebot3_ws/install/turtlebot3_safety:/home/risimon/turtlebot3_ws/install/turtlebot3_battery_status:/home/risimon/tst/install/turtlebot3_safety:/opt/ros/humble /usr/bin/cmake --build /home/risimon/mateEZ/vip1_ws/build/turtlebot3_gazebo -- -j8 -l8
[2.018s] Level 1:colcon.colcon_core.environment:create_environment_scripts_only(turtlebot3_fake_node)
[2.018s] DEBUG:colcon.colcon_core.event_handler.log_command:Invoked command in '/home/risimon/mateEZ/vip1_ws/build/turtlebot3_fake_node' returned '0': CMAKE_PREFIX_PATH=${CMAKE_PREFIX_PATH}:/home/risimon/turtlebot3_ws/install/turtlebot3_safety:/home/risimon/turtlebot3_ws/install/turtlebot3_battery_status:/home/risimon/tst/install/turtlebot3_safety:/opt/ros/humble /usr/bin/cmake --install /home/risimon/mateEZ/vip1_ws/build/turtlebot3_fake_node
[2.035s] Level 1:colcon.colcon_core.environment:checking '/home/risimon/mateEZ/vip1_ws/install/turtlebot3_fake_node' for CMake module files
[2.036s] Level 1:colcon.colcon_core.environment:checking '/home/risimon/mateEZ/vip1_ws/install/turtlebot3_fake_node' for CMake config files
[2.036s] Level 1:colcon.colcon_core.shell:create_environment_hook('turtlebot3_fake_node', 'cmake_prefix_path')
[2.050s] INFO:colcon.colcon_core.shell:Creating environment hook '/home/risimon/mateEZ/vip1_ws/install/turtlebot3_fake_node/share/turtlebot3_fake_node/hook/cmake_prefix_path.ps1'
[2.050s] INFO:colcon.colcon_core.shell:Creating environment descriptor '/home/risimon/mateEZ/vip1_ws/install/turtlebot3_fake_node/share/turtlebot3_fake_node/hook/cmake_prefix_path.dsv'
[2.051s] INFO:colcon.colcon_core.shell:Creating environment hook '/home/risimon/mateEZ/vip1_ws/install/turtlebot3_fake_node/share/turtlebot3_fake_node/hook/cmake_prefix_path.sh'
[2.052s] Level 1:colcon.colcon_core.environment:checking '/home/risimon/mateEZ/vip1_ws/install/turtlebot3_fake_node/lib'
[2.052s] Level 1:colcon.colcon_core.environment:checking '/home/risimon/mateEZ/vip1_ws/install/turtlebot3_fake_node/bin'
[2.052s] Level 1:colcon.colcon_core.environment:checking '/home/risimon/mateEZ/vip1_ws/install/turtlebot3_fake_node/lib/pkgconfig/turtlebot3_fake_node.pc'
[2.053s] Level 1:colcon.colcon_core.environment:checking '/home/risimon/mateEZ/vip1_ws/install/turtlebot3_fake_node/lib/python3.10/site-packages'
[2.053s] Level 1:colcon.colcon_core.environment:checking '/home/risimon/mateEZ/vip1_ws/install/turtlebot3_fake_node/bin'
[2.067s] INFO:colcon.colcon_core.shell:Creating package script '/home/risimon/mateEZ/vip1_ws/install/turtlebot3_fake_node/share/turtlebot3_fake_node/package.ps1'
[2.068s] INFO:colcon.colcon_core.shell:Creating package descriptor '/home/risimon/mateEZ/vip1_ws/install/turtlebot3_fake_node/share/turtlebot3_fake_node/package.dsv'
[2.068s] INFO:colcon.colcon_core.shell:Creating package script '/home/risimon/mateEZ/vip1_ws/install/turtlebot3_fake_node/share/turtlebot3_fake_node/package.sh'
[2.069s] INFO:colcon.colcon_core.shell:Creating package script '/home/risimon/mateEZ/vip1_ws/install/turtlebot3_fake_node/share/turtlebot3_fake_node/package.bash'
[2.069s] INFO:colcon.colcon_core.shell:Creating package script '/home/risimon/mateEZ/vip1_ws/install/turtlebot3_fake_node/share/turtlebot3_fake_node/package.zsh'
[2.070s] Level 1:colcon.colcon_core.environment:create_file_with_runtime_dependencies(/home/risimon/mateEZ/vip1_ws/install/turtlebot3_fake_node/share/colcon-core/packages/turtlebot3_fake_node)
[2.073s] DEBUG:colcon.colcon_core.event_handler.log_command:Invoking command in '/home/risimon/mateEZ/vip1_ws/build/turtlebot3_gazebo': CMAKE_PREFIX_PATH=${CMAKE_PREFIX_PATH}:/home/risimon/turtlebot3_ws/install/turtlebot3_safety:/home/risimon/turtlebot3_ws/install/turtlebot3_battery_status:/home/risimon/tst/install/turtlebot3_safety:/opt/ros/humble /usr/bin/cmake --install /home/risimon/mateEZ/vip1_ws/build/turtlebot3_gazebo
[2.089s] Level 1:colcon.colcon_core.environment:create_environment_scripts_only(turtlebot3_gazebo)
[2.092s] DEBUG:colcon.colcon_core.event_handler.log_command:Invoked command in '/home/risimon/mateEZ/vip1_ws/build/turtlebot3_gazebo' returned '0': CMAKE_PREFIX_PATH=${CMAKE_PREFIX_PATH}:/home/risimon/turtlebot3_ws/install/turtlebot3_safety:/home/risimon/turtlebot3_ws/install/turtlebot3_battery_status:/home/risimon/tst/install/turtlebot3_safety:/opt/ros/humble /usr/bin/cmake --install /home/risimon/mateEZ/vip1_ws/build/turtlebot3_gazebo
[2.106s] Level 1:colcon.colcon_core.environment:checking '/home/risimon/mateEZ/vip1_ws/install/turtlebot3_gazebo' for CMake module files
[2.107s] Level 1:colcon.colcon_core.environment:checking '/home/risimon/mateEZ/vip1_ws/install/turtlebot3_gazebo' for CMake config files
[2.107s] Level 1:colcon.colcon_core.shell:create_environment_hook('turtlebot3_gazebo', 'cmake_prefix_path')
[2.121s] INFO:colcon.colcon_core.shell:Creating environment hook '/home/risimon/mateEZ/vip1_ws/install/turtlebot3_gazebo/share/turtlebot3_gazebo/hook/cmake_prefix_path.ps1'
[2.121s] INFO:colcon.colcon_core.shell:Creating environment descriptor '/home/risimon/mateEZ/vip1_ws/install/turtlebot3_gazebo/share/turtlebot3_gazebo/hook/cmake_prefix_path.dsv'
[2.121s] INFO:colcon.colcon_core.shell:Creating environment hook '/home/risimon/mateEZ/vip1_ws/install/turtlebot3_gazebo/share/turtlebot3_gazebo/hook/cmake_prefix_path.sh'
[2.122s] Level 1:colcon.colcon_core.environment:checking '/home/risimon/mateEZ/vip1_ws/install/turtlebot3_gazebo/lib'
[2.122s] Level 1:colcon.colcon_core.environment:checking '/home/risimon/mateEZ/vip1_ws/install/turtlebot3_gazebo/bin'
[2.122s] Level 1:colcon.colcon_core.environment:checking '/home/risimon/mateEZ/vip1_ws/install/turtlebot3_gazebo/lib/pkgconfig/turtlebot3_gazebo.pc'
[2.122s] Level 1:colcon.colcon_core.environment:checking '/home/risimon/mateEZ/vip1_ws/install/turtlebot3_gazebo/lib/python3.10/site-packages'
[2.122s] Level 1:colcon.colcon_core.environment:checking '/home/risimon/mateEZ/vip1_ws/install/turtlebot3_gazebo/bin'
[2.137s] INFO:colcon.colcon_core.shell:Creating package script '/home/risimon/mateEZ/vip1_ws/install/turtlebot3_gazebo/share/turtlebot3_gazebo/package.ps1'
[2.137s] INFO:colcon.colcon_core.shell:Creating package descriptor '/home/risimon/mateEZ/vip1_ws/install/turtlebot3_gazebo/share/turtlebot3_gazebo/package.dsv'
[2.137s] INFO:colcon.colcon_core.shell:Creating package script '/home/risimon/mateEZ/vip1_ws/install/turtlebot3_gazebo/share/turtlebot3_gazebo/package.sh'
[2.138s] INFO:colcon.colcon_core.shell:Creating package script '/home/risimon/mateEZ/vip1_ws/install/turtlebot3_gazebo/share/turtlebot3_gazebo/package.bash'
[2.138s] INFO:colcon.colcon_core.shell:Creating package script '/home/risimon/mateEZ/vip1_ws/install/turtlebot3_gazebo/share/turtlebot3_gazebo/package.zsh'
[2.138s] Level 1:colcon.colcon_core.environment:create_file_with_runtime_dependencies(/home/risimon/mateEZ/vip1_ws/install/turtlebot3_gazebo/share/colcon-core/packages/turtlebot3_gazebo)
[2.154s] Level 1:colcon.colcon_core.environment:create_environment_scripts_only(turtlebot3_fake_node)
[2.168s] Level 1:colcon.colcon_core.environment:checking '/home/risimon/mateEZ/vip1_ws/install/turtlebot3_fake_node' for CMake module files
[2.169s] Level 1:colcon.colcon_core.environment:checking '/home/risimon/mateEZ/vip1_ws/install/turtlebot3_fake_node' for CMake config files
[2.169s] Level 1:colcon.colcon_core.shell:create_environment_hook('turtlebot3_fake_node', 'cmake_prefix_path')
[2.183s] INFO:colcon.colcon_core.shell:Creating environment hook '/home/risimon/mateEZ/vip1_ws/install/turtlebot3_fake_node/share/turtlebot3_fake_node/hook/cmake_prefix_path.ps1'
[2.183s] INFO:colcon.colcon_core.shell:Creating environment descriptor '/home/risimon/mateEZ/vip1_ws/install/turtlebot3_fake_node/share/turtlebot3_fake_node/hook/cmake_prefix_path.dsv'
[2.184s] INFO:colcon.colcon_core.shell:Creating environment hook '/home/risimon/mateEZ/vip1_ws/install/turtlebot3_fake_node/share/turtlebot3_fake_node/hook/cmake_prefix_path.sh'
[2.184s] Level 1:colcon.colcon_core.environment:checking '/home/risimon/mateEZ/vip1_ws/install/turtlebot3_fake_node/lib'
[2.184s] Level 1:colcon.colcon_core.environment:checking '/home/risimon/mateEZ/vip1_ws/install/turtlebot3_fake_node/bin'
[2.184s] Level 1:colcon.colcon_core.environment:checking '/home/risimon/mateEZ/vip1_ws/install/turtlebot3_fake_node/lib/pkgconfig/turtlebot3_fake_node.pc'
[2.185s] Level 1:colcon.colcon_core.environment:checking '/home/risimon/mateEZ/vip1_ws/install/turtlebot3_fake_node/lib/python3.10/site-packages'
[2.185s] Level 1:colcon.colcon_core.environment:checking '/home/risimon/mateEZ/vip1_ws/install/turtlebot3_fake_node/bin'
[2.198s] INFO:colcon.colcon_core.shell:Creating package script '/home/risimon/mateEZ/vip1_ws/install/turtlebot3_fake_node/share/turtlebot3_fake_node/package.ps1'
[2.199s] INFO:colcon.colcon_core.shell:Creating package descriptor '/home/risimon/mateEZ/vip1_ws/install/turtlebot3_fake_node/share/turtlebot3_fake_node/package.dsv'
[2.199s] INFO:colcon.colcon_core.shell:Creating package script '/home/risimon/mateEZ/vip1_ws/install/turtlebot3_fake_node/share/turtlebot3_fake_node/package.sh'
[2.200s] INFO:colcon.colcon_core.shell:Creating package script '/home/risimon/mateEZ/vip1_ws/install/turtlebot3_fake_node/share/turtlebot3_fake_node/package.bash'
[2.200s] INFO:colcon.colcon_core.shell:Creating package script '/home/risimon/mateEZ/vip1_ws/install/turtlebot3_fake_node/share/turtlebot3_fake_node/package.zsh'
[2.201s] Level 1:colcon.colcon_core.environment:create_file_with_runtime_dependencies(/home/risimon/mateEZ/vip1_ws/install/turtlebot3_fake_node/share/colcon-core/packages/turtlebot3_fake_node)
[2.216s] Level 1:colcon.colcon_core.environment:create_environment_scripts_only(turtlebot3_gazebo)
[2.230s] Level 1:colcon.colcon_core.environment:checking '/home/risimon/mateEZ/vip1_ws/install/turtlebot3_gazebo' for CMake module files
[2.231s] Level 1:colcon.colcon_core.environment:checking '/home/risimon/mateEZ/vip1_ws/install/turtlebot3_gazebo' for CMake config files
[2.231s] Level 1:colcon.colcon_core.shell:create_environment_hook('turtlebot3_gazebo', 'cmake_prefix_path')
[2.245s] INFO:colcon.colcon_core.shell:Creating environment hook '/home/risimon/mateEZ/vip1_ws/install/turtlebot3_gazebo/share/turtlebot3_gazebo/hook/cmake_prefix_path.ps1'
[2.245s] INFO:colcon.colcon_core.shell:Creating environment descriptor '/home/risimon/mateEZ/vip1_ws/install/turtlebot3_gazebo/share/turtlebot3_gazebo/hook/cmake_prefix_path.dsv'
[2.245s] INFO:colcon.colcon_core.shell:Creating environment hook '/home/risimon/mateEZ/vip1_ws/install/turtlebot3_gazebo/share/turtlebot3_gazebo/hook/cmake_prefix_path.sh'
[2.246s] Level 1:colcon.colcon_core.environment:checking '/home/risimon/mateEZ/vip1_ws/install/turtlebot3_gazebo/lib'
[2.246s] Level 1:colcon.colcon_core.environment:checking '/home/risimon/mateEZ/vip1_ws/install/turtlebot3_gazebo/bin'
[2.246s] Level 1:colcon.colcon_core.environment:checking '/home/risimon/mateEZ/vip1_ws/install/turtlebot3_gazebo/lib/pkgconfig/turtlebot3_gazebo.pc'
[2.246s] Level 1:colcon.colcon_core.environment:checking '/home/risimon/mateEZ/vip1_ws/install/turtlebot3_gazebo/lib/python3.10/site-packages'
[2.246s] Level 1:colcon.colcon_core.environment:checking '/home/risimon/mateEZ/vip1_ws/install/turtlebot3_gazebo/bin'
[2.260s] INFO:colcon.colcon_core.shell:Creating package script '/home/risimon/mateEZ/vip1_ws/install/turtlebot3_gazebo/share/turtlebot3_gazebo/package.ps1'
[2.261s] INFO:colcon.colcon_core.shell:Creating package descriptor '/home/risimon/mateEZ/vip1_ws/install/turtlebot3_gazebo/share/turtlebot3_gazebo/package.dsv'
[2.261s] INFO:colcon.colcon_core.shell:Creating package script '/home/risimon/mateEZ/vip1_ws/install/turtlebot3_gazebo/share/turtlebot3_gazebo/package.sh'
[2.261s] INFO:colcon.colcon_core.shell:Creating package script '/home/risimon/mateEZ/vip1_ws/install/turtlebot3_gazebo/share/turtlebot3_gazebo/package.bash'
[2.262s] INFO:colcon.colcon_core.shell:Creating package script '/home/risimon/mateEZ/vip1_ws/install/turtlebot3_gazebo/share/turtlebot3_gazebo/package.zsh'
[2.262s] Level 1:colcon.colcon_core.environment:create_file_with_runtime_dependencies(/home/risimon/mateEZ/vip1_ws/install/turtlebot3_gazebo/share/colcon-core/packages/turtlebot3_gazebo)
[2.262s] INFO:colcon.colcon_ros.task.ament_cmake.build:Building ROS package in '/home/risimon/mateEZ/vip1_ws/src/turtlebot3_simulations/turtlebot3_simulations' with build type 'ament_cmake'
[2.262s] INFO:colcon.colcon_cmake.task.cmake.build:Building CMake package in '/home/risimon/mateEZ/vip1_ws/src/turtlebot3_simulations/turtlebot3_simulations'
[2.277s] INFO:colcon.colcon_core.shell:Skip shell extension 'powershell' for command environment: Not usable outside of PowerShell
[2.277s] DEBUG:colcon.colcon_core.shell:Skip shell extension 'dsv' for command environment
[2.346s] DEBUG:colcon.colcon_core.event_handler.log_command:Invoking command in '/home/risimon/mateEZ/vip1_ws/build/turtlebot3_simulations': AMENT_PREFIX_PATH=/home/risimon/mateEZ/vip1_ws/install/turtlebot3_gazebo:/home/risimon/mateEZ/vip1_ws/install/turtlebot3_fake_node:${AMENT_PREFIX_PATH} CMAKE_PREFIX_PATH=/home/risimon/mateEZ/vip1_ws/install/turtlebot3_gazebo:/home/risimon/mateEZ/vip1_ws/install/turtlebot3_fake_node:/home/risimon/turtlebot3_ws/install/turtlebot3_simulations:/home/risimon/turtlebot3_ws/install/turtlebot3_gazebo:/home/risimon/turtlebot3_ws/install/turtlebot3_fake_node:/home/risimon/turtlebot3_ws/install/turtlebot3_safety:/home/risimon/turtlebot3_ws/install/turtlebot3_battery_status:/home/risimon/tst/install/turtlebot3_safety:/opt/ros/humble /usr/bin/cmake --build /home/risimon/mateEZ/vip1_ws/build/turtlebot3_simulations -- -j8 -l8
[2.416s] DEBUG:colcon.colcon_core.event_handler.log_command:Invoked command in '/home/risimon/mateEZ/vip1_ws/build/turtlebot3_simulations' returned '0': AMENT_PREFIX_PATH=/home/risimon/mateEZ/vip1_ws/install/turtlebot3_gazebo:/home/risimon/mateEZ/vip1_ws/install/turtlebot3_fake_node:${AMENT_PREFIX_PATH} CMAKE_PREFIX_PATH=/home/risimon/mateEZ/vip1_ws/install/turtlebot3_gazebo:/home/risimon/mateEZ/vip1_ws/install/turtlebot3_fake_node:/home/risimon/turtlebot3_ws/install/turtlebot3_simulations:/home/risimon/turtlebot3_ws/install/turtlebot3_gazebo:/home/risimon/turtlebot3_ws/install/turtlebot3_fake_node:/home/risimon/turtlebot3_ws/install/turtlebot3_safety:/home/risimon/turtlebot3_ws/install/turtlebot3_battery_status:/home/risimon/tst/install/turtlebot3_safety:/opt/ros/humble /usr/bin/cmake --build /home/risimon/mateEZ/vip1_ws/build/turtlebot3_simulations -- -j8 -l8
[2.460s] DEBUG:colcon.colcon_core.event_handler.log_command:Invoking command in '/home/risimon/mateEZ/vip1_ws/build/turtlebot3_simulations': AMENT_PREFIX_PATH=/home/risimon/mateEZ/vip1_ws/install/turtlebot3_gazebo:/home/risimon/mateEZ/vip1_ws/install/turtlebot3_fake_node:${AMENT_PREFIX_PATH} CMAKE_PREFIX_PATH=/home/risimon/mateEZ/vip1_ws/install/turtlebot3_gazebo:/home/risimon/mateEZ/vip1_ws/install/turtlebot3_fake_node:/home/risimon/turtlebot3_ws/install/turtlebot3_simulations:/home/risimon/turtlebot3_ws/install/turtlebot3_gazebo:/home/risimon/turtlebot3_ws/install/turtlebot3_fake_node:/home/risimon/turtlebot3_ws/install/turtlebot3_safety:/home/risimon/turtlebot3_ws/install/turtlebot3_battery_status:/home/risimon/tst/install/turtlebot3_safety:/opt/ros/humble /usr/bin/cmake --install /home/risimon/mateEZ/vip1_ws/build/turtlebot3_simulations
[2.473s] Level 1:colcon.colcon_core.environment:create_environment_scripts_only(turtlebot3_simulations)
[2.474s] DEBUG:colcon.colcon_core.event_handler.log_command:Invoked command in '/home/risimon/mateEZ/vip1_ws/build/turtlebot3_simulations' returned '0': AMENT_PREFIX_PATH=/home/risimon/mateEZ/vip1_ws/install/turtlebot3_gazebo:/home/risimon/mateEZ/vip1_ws/install/turtlebot3_fake_node:${AMENT_PREFIX_PATH} CMAKE_PREFIX_PATH=/home/risimon/mateEZ/vip1_ws/install/turtlebot3_gazebo:/home/risimon/mateEZ/vip1_ws/install/turtlebot3_fake_node:/home/risimon/turtlebot3_ws/install/turtlebot3_simulations:/home/risimon/turtlebot3_ws/install/turtlebot3_gazebo:/home/risimon/turtlebot3_ws/install/turtlebot3_fake_node:/home/risimon/turtlebot3_ws/install/turtlebot3_safety:/home/risimon/turtlebot3_ws/install/turtlebot3_battery_status:/home/risimon/tst/install/turtlebot3_safety:/opt/ros/humble /usr/bin/cmake --install /home/risimon/mateEZ/vip1_ws/build/turtlebot3_simulations
[2.502s] Level 1:colcon.colcon_core.environment:checking '/home/risimon/mateEZ/vip1_ws/install/turtlebot3_simulations' for CMake module files
[2.503s] Level 1:colcon.colcon_core.environment:checking '/home/risimon/mateEZ/vip1_ws/install/turtlebot3_simulations' for CMake config files
[2.504s] Level 1:colcon.colcon_core.shell:create_environment_hook('turtlebot3_simulations', 'cmake_prefix_path')
[2.533s] INFO:colcon.colcon_core.shell:Creating environment hook '/home/risimon/mateEZ/vip1_ws/install/turtlebot3_simulations/share/turtlebot3_simulations/hook/cmake_prefix_path.ps1'
[2.534s] INFO:colcon.colcon_core.shell:Creating environment descriptor '/home/risimon/mateEZ/vip1_ws/install/turtlebot3_simulations/share/turtlebot3_simulations/hook/cmake_prefix_path.dsv'
[2.535s] INFO:colcon.colcon_core.shell:Creating environment hook '/home/risimon/mateEZ/vip1_ws/install/turtlebot3_simulations/share/turtlebot3_simulations/hook/cmake_prefix_path.sh'
[2.536s] Level 1:colcon.colcon_core.environment:checking '/home/risimon/mateEZ/vip1_ws/install/turtlebot3_simulations/bin'
[2.536s] Level 1:colcon.colcon_core.environment:checking '/home/risimon/mateEZ/vip1_ws/install/turtlebot3_simulations/lib/pkgconfig/turtlebot3_simulations.pc'
[2.537s] Level 1:colcon.colcon_core.environment:checking '/home/risimon/mateEZ/vip1_ws/install/turtlebot3_simulations/lib/python3.10/site-packages'
[2.537s] Level 1:colcon.colcon_core.environment:checking '/home/risimon/mateEZ/vip1_ws/install/turtlebot3_simulations/bin'
[2.556s] INFO:colcon.colcon_core.shell:Creating package script '/home/risimon/mateEZ/vip1_ws/install/turtlebot3_simulations/share/turtlebot3_simulations/package.ps1'
[2.556s] INFO:colcon.colcon_core.shell:Creating package descriptor '/home/risimon/mateEZ/vip1_ws/install/turtlebot3_simulations/share/turtlebot3_simulations/package.dsv'
[2.557s] INFO:colcon.colcon_core.shell:Creating package script '/home/risimon/mateEZ/vip1_ws/install/turtlebot3_simulations/share/turtlebot3_simulations/package.sh'
[2.557s] INFO:colcon.colcon_core.shell:Creating package script '/home/risimon/mateEZ/vip1_ws/install/turtlebot3_simulations/share/turtlebot3_simulations/package.bash'
[2.557s] INFO:colcon.colcon_core.shell:Creating package script '/home/risimon/mateEZ/vip1_ws/install/turtlebot3_simulations/share/turtlebot3_simulations/package.zsh'
[2.558s] Level 1:colcon.colcon_core.environment:create_file_with_runtime_dependencies(/home/risimon/mateEZ/vip1_ws/install/turtlebot3_simulations/share/colcon-core/packages/turtlebot3_simulations)
[2.626s] Level 1:colcon.colcon_core.environment:create_environment_scripts_only(turtlebot3_simulations)
[2.654s] Level 1:colcon.colcon_core.environment:checking '/home/risimon/mateEZ/vip1_ws/install/turtlebot3_simulations' for CMake module files
[2.654s] Level 1:colcon.colcon_core.environment:checking '/home/risimon/mateEZ/vip1_ws/install/turtlebot3_simulations' for CMake config files
[2.654s] Level 1:colcon.colcon_core.shell:create_environment_hook('turtlebot3_simulations', 'cmake_prefix_path')
[2.668s] INFO:colcon.colcon_core.shell:Creating environment hook '/home/risimon/mateEZ/vip1_ws/install/turtlebot3_simulations/share/turtlebot3_simulations/hook/cmake_prefix_path.ps1'
[2.668s] INFO:colcon.colcon_core.shell:Creating environment descriptor '/home/risimon/mateEZ/vip1_ws/install/turtlebot3_simulations/share/turtlebot3_simulations/hook/cmake_prefix_path.dsv'
[2.668s] INFO:colcon.colcon_core.shell:Creating environment hook '/home/risimon/mateEZ/vip1_ws/install/turtlebot3_simulations/share/turtlebot3_simulations/hook/cmake_prefix_path.sh'
[2.669s] Level 1:colcon.colcon_core.environment:checking '/home/risimon/mateEZ/vip1_ws/install/turtlebot3_simulations/bin'
[2.669s] Level 1:colcon.colcon_core.environment:checking '/home/risimon/mateEZ/vip1_ws/install/turtlebot3_simulations/lib/pkgconfig/turtlebot3_simulations.pc'
[2.669s] Level 1:colcon.colcon_core.environment:checking '/home/risimon/mateEZ/vip1_ws/install/turtlebot3_simulations/lib/python3.10/site-packages'
[2.669s] Level 1:colcon.colcon_core.environment:checking '/home/risimon/mateEZ/vip1_ws/install/turtlebot3_simulations/bin'
[2.683s] INFO:colcon.colcon_core.shell:Creating package script '/home/risimon/mateEZ/vip1_ws/install/turtlebot3_simulations/share/turtlebot3_simulations/package.ps1'
[2.683s] INFO:colcon.colcon_core.shell:Creating package descriptor '/home/risimon/mateEZ/vip1_ws/install/turtlebot3_simulations/share/turtlebot3_simulations/package.dsv'
[2.684s] INFO:colcon.colcon_core.shell:Creating package script '/home/risimon/mateEZ/vip1_ws/install/turtlebot3_simulations/share/turtlebot3_simulations/package.sh'
[2.684s] INFO:colcon.colcon_core.shell:Creating package script '/home/risimon/mateEZ/vip1_ws/install/turtlebot3_simulations/share/turtlebot3_simulations/package.bash'
[2.684s] INFO:colcon.colcon_core.shell:Creating package script '/home/risimon/mateEZ/vip1_ws/install/turtlebot3_simulations/share/turtlebot3_simulations/package.zsh'
[2.685s] Level 1:colcon.colcon_core.environment:create_file_with_runtime_dependencies(/home/risimon/mateEZ/vip1_ws/install/turtlebot3_simulations/share/colcon-core/packages/turtlebot3_simulations)
[2.685s] INFO:colcon.colcon_ros.task.ament_python.build:Building ROS package in '/home/risimon/mateEZ/vip1_ws/src/autonomous_driving' with build type 'ament_python'
[2.685s] Level 1:colcon.colcon_core.shell:create_environment_hook('turtlebot3_safety', 'ament_prefix_path')
[2.699s] INFO:colcon.colcon_core.shell:Creating environment hook '/home/risimon/mateEZ/vip1_ws/install/turtlebot3_safety/share/turtlebot3_safety/hook/ament_prefix_path.ps1'
[2.700s] INFO:colcon.colcon_core.shell:Creating environment descriptor '/home/risimon/mateEZ/vip1_ws/install/turtlebot3_safety/share/turtlebot3_safety/hook/ament_prefix_path.dsv'
[2.700s] INFO:colcon.colcon_core.shell:Creating environment hook '/home/risimon/mateEZ/vip1_ws/install/turtlebot3_safety/share/turtlebot3_safety/hook/ament_prefix_path.sh'
[2.715s] INFO:colcon.colcon_core.shell:Skip shell extension 'powershell' for command environment: Not usable outside of PowerShell
[2.715s] DEBUG:colcon.colcon_core.shell:Skip shell extension 'dsv' for command environment
[3.051s] WARNING:colcon.colcon_ros.task.ament_python.build:Package 'turtlebot3_safety' doesn't explicitly install a marker in the package index (colcon-ros currently does it implicitly but that fallback will be removed in the future)
[3.052s] WARNING:colcon.colcon_ros.task.ament_python.build:Package 'turtlebot3_safety' doesn't explicitly install the 'package.xml' file (colcon-ros currently does it implicitly but that fallback will be removed in the future)
[3.052s] INFO:colcon.colcon_core.task.python.build:Building Python package in '/home/risimon/mateEZ/vip1_ws/src/autonomous_driving'
[3.081s] INFO:colcon.colcon_core.shell:Skip shell extension 'powershell' for command environment: Not usable outside of PowerShell
[3.081s] DEBUG:colcon.colcon_core.shell:Skip shell extension 'dsv' for command environment
[3.496s] DEBUG:colcon.colcon_core.event_handler.log_command:Invoking command in '/home/risimon/mateEZ/vip1_ws/src/autonomous_driving': AMENT_PREFIX_PATH=/home/risimon/mateEZ/vip1_ws/install/turtlebot3_simulations:/home/risimon/mateEZ/vip1_ws/install/turtlebot3_gazebo:/home/risimon/mateEZ/vip1_ws/install/turtlebot3_fake_node:${AMENT_PREFIX_PATH} CMAKE_PREFIX_PATH=/home/risimon/mateEZ/vip1_ws/install/turtlebot3_simulations:/home/risimon/mateEZ/vip1_ws/install/turtlebot3_gazebo:/home/risimon/mateEZ/vip1_ws/install/turtlebot3_fake_node:${CMAKE_PREFIX_PATH} PYTHONPATH=/home/risimon/mateEZ/vip1_ws/build/turtlebot3_safety/prefix_override:/home/risimon/mateEZ/vip1_ws/install/turtlebot3_safety/lib/python3.10/site-packages:${PYTHONPATH} /usr/bin/python3 setup.py egg_info --egg-base ../../build/turtlebot3_safety build --build-base /home/risimon/mateEZ/vip1_ws/build/turtlebot3_safety/build install --record /home/risimon/mateEZ/vip1_ws/build/turtlebot3_safety/install.log --single-version-externally-managed
[3.802s] DEBUG:colcon.colcon_core.event_handler.log_command:Invoked command in '/home/risimon/mateEZ/vip1_ws/src/autonomous_driving' returned '0': AMENT_PREFIX_PATH=/home/risimon/mateEZ/vip1_ws/install/turtlebot3_simulations:/home/risimon/mateEZ/vip1_ws/install/turtlebot3_gazebo:/home/risimon/mateEZ/vip1_ws/install/turtlebot3_fake_node:${AMENT_PREFIX_PATH} CMAKE_PREFIX_PATH=/home/risimon/mateEZ/vip1_ws/install/turtlebot3_simulations:/home/risimon/mateEZ/vip1_ws/install/turtlebot3_gazebo:/home/risimon/mateEZ/vip1_ws/install/turtlebot3_fake_node:${CMAKE_PREFIX_PATH} PYTHONPATH=/home/risimon/mateEZ/vip1_ws/build/turtlebot3_safety/prefix_override:/home/risimon/mateEZ/vip1_ws/install/turtlebot3_safety/lib/python3.10/site-packages:${PYTHONPATH} /usr/bin/python3 setup.py egg_info --egg-base ../../build/turtlebot3_safety build --build-base /home/risimon/mateEZ/vip1_ws/build/turtlebot3_safety/build install --record /home/risimon/mateEZ/vip1_ws/build/turtlebot3_safety/install.log --single-version-externally-managed
[3.816s] Level 1:colcon.colcon_core.environment:checking '/home/risimon/mateEZ/vip1_ws/install/turtlebot3_safety' for CMake module files
[3.816s] Level 1:colcon.colcon_core.environment:checking '/home/risimon/mateEZ/vip1_ws/install/turtlebot3_safety' for CMake config files
[3.817s] Level 1:colcon.colcon_core.environment:checking '/home/risimon/mateEZ/vip1_ws/install/turtlebot3_safety/lib'
[3.817s] Level 1:colcon.colcon_core.environment:checking '/home/risimon/mateEZ/vip1_ws/install/turtlebot3_safety/bin'
[3.817s] Level 1:colcon.colcon_core.environment:checking '/home/risimon/mateEZ/vip1_ws/install/turtlebot3_safety/lib/pkgconfig/turtlebot3_safety.pc'
[3.817s] Level 1:colcon.colcon_core.environment:checking '/home/risimon/mateEZ/vip1_ws/install/turtlebot3_safety/lib/python3.10/site-packages'
[3.817s] Level 1:colcon.colcon_core.shell:create_environment_hook('turtlebot3_safety', 'pythonpath')
[3.831s] INFO:colcon.colcon_core.shell:Creating environment hook '/home/risimon/mateEZ/vip1_ws/install/turtlebot3_safety/share/turtlebot3_safety/hook/pythonpath.ps1'
[3.831s] INFO:colcon.colcon_core.shell:Creating environment descriptor '/home/risimon/mateEZ/vip1_ws/install/turtlebot3_safety/share/turtlebot3_safety/hook/pythonpath.dsv'
[3.832s] INFO:colcon.colcon_core.shell:Creating environment hook '/home/risimon/mateEZ/vip1_ws/install/turtlebot3_safety/share/turtlebot3_safety/hook/pythonpath.sh'
[3.832s] Level 1:colcon.colcon_core.environment:checking '/home/risimon/mateEZ/vip1_ws/install/turtlebot3_safety/bin'
[3.832s] Level 1:colcon.colcon_core.environment:create_environment_scripts_only(turtlebot3_safety)
[3.846s] INFO:colcon.colcon_core.shell:Creating package script '/home/risimon/mateEZ/vip1_ws/install/turtlebot3_safety/share/turtlebot3_safety/package.ps1'
[3.847s] INFO:colcon.colcon_core.shell:Creating package descriptor '/home/risimon/mateEZ/vip1_ws/install/turtlebot3_safety/share/turtlebot3_safety/package.dsv'
[3.847s] INFO:colcon.colcon_core.shell:Creating package script '/home/risimon/mateEZ/vip1_ws/install/turtlebot3_safety/share/turtlebot3_safety/package.sh'
[3.848s] INFO:colcon.colcon_core.shell:Creating package script '/home/risimon/mateEZ/vip1_ws/install/turtlebot3_safety/share/turtlebot3_safety/package.bash'
[3.848s] INFO:colcon.colcon_core.shell:Creating package script '/home/risimon/mateEZ/vip1_ws/install/turtlebot3_safety/share/turtlebot3_safety/package.zsh'
[3.848s] Level 1:colcon.colcon_core.environment:create_file_with_runtime_dependencies(/home/risimon/mateEZ/vip1_ws/install/turtlebot3_safety/share/colcon-core/packages/turtlebot3_safety)
[3.848s] DEBUG:colcon.colcon_parallel_executor.executor.parallel:closing loop
[3.849s] DEBUG:colcon.colcon_parallel_executor.executor.parallel:loop closed
[3.849s] DEBUG:colcon.colcon_parallel_executor.executor.parallel:run_until_complete finished with '0'
[3.849s] DEBUG:colcon.colcon_core.event_reactor:joining thread
[3.868s] INFO:colcon.colcon_core.plugin_system:Skipping extension 'colcon_notification.desktop_notification.terminal_notifier': Not used on non-Darwin systems
[3.868s] INFO:colcon.colcon_core.plugin_system:Skipping extension 'colcon_notification.desktop_notification.win32': Not used on non-Windows systems
[3.868s] INFO:colcon.colcon_notification.desktop_notification:Sending desktop notification using 'notify2'
[3.883s] DEBUG:colcon.colcon_core.event_reactor:joined thread
[3.901s] INFO:colcon.colcon_core.shell:Creating prefix script '/home/risimon/mateEZ/vip1_ws/install/local_setup.ps1'
[3.902s] INFO:colcon.colcon_core.shell:Creating prefix util module '/home/risimon/mateEZ/vip1_ws/install/_local_setup_util_ps1.py'
[3.903s] INFO:colcon.colcon_core.shell:Creating prefix chain script '/home/risimon/mateEZ/vip1_ws/install/setup.ps1'
[3.920s] INFO:colcon.colcon_core.shell:Creating prefix script '/home/risimon/mateEZ/vip1_ws/install/local_setup.sh'
[3.920s] INFO:colcon.colcon_core.shell:Creating prefix util module '/home/risimon/mateEZ/vip1_ws/install/_local_setup_util_sh.py'
[3.920s] INFO:colcon.colcon_core.shell:Creating prefix chain script '/home/risimon/mateEZ/vip1_ws/install/setup.sh'
[3.937s] INFO:colcon.colcon_core.shell:Creating prefix script '/home/risimon/mateEZ/vip1_ws/install/local_setup.bash'
[3.937s] INFO:colcon.colcon_core.shell:Creating prefix chain script '/home/risimon/mateEZ/vip1_ws/install/setup.bash'
[3.954s] INFO:colcon.colcon_core.shell:Creating prefix script '/home/risimon/mateEZ/vip1_ws/install/local_setup.zsh'
[3.954s] INFO:colcon.colcon_core.shell:Creating prefix chain script '/home/risimon/mateEZ/vip1_ws/install/setup.zsh'
