[0.423s] DEBUG:colcon:Command line arguments: ['/usr/bin/colcon', 'build', '--packages-select', 'tutorial_interfaces']
[0.423s] DEBUG:colcon:Parsed command line arguments: Namespace(log_base=None, log_level=None, verb_name='build', build_base='build', install_base='install', merge_install=False, symlink_install=False, test_result_base=None, continue_on_error=False, executor='parallel', parallel_workers=2, event_handlers=None, ignore_user_meta=False, metas=['./colcon.meta'], base_paths=['.'], packages_ignore=None, packages_ignore_regex=None, paths=None, packages_up_to=None, packages_up_to_regex=None, packages_above=None, packages_above_and_dependencies=None, packages_above_depth=None, packages_select_by_dep=None, packages_skip_by_dep=None, packages_skip_up_to=None, packages_select_build_failed=False, packages_skip_build_finished=False, packages_select_test_failures=False, packages_skip_test_passed=False, packages_select=['tutorial_interfaces'], packages_skip=None, packages_select_regex=None, packages_skip_regex=None, packages_start=None, packages_end=None, allow_overriding=[], cmake_args=None, cmake_target=None, cmake_target_skip_unavailable=False, cmake_clean_cache=False, cmake_clean_first=False, cmake_force_configure=False, ament_cmake_args=None, catkin_cmake_args=None, catkin_skip_building_tests=False, verb_parser=<colcon_defaults.argument_parser.defaults.DefaultArgumentsDecorator object at 0xffffa1eb27d0>, verb_extension=<colcon_core.verb.build.BuildVerb object at 0xffffa1e727d0>, main=<bound method BuildVerb.main of <colcon_core.verb.build.BuildVerb object at 0xffffa1e727d0>>)
[0.442s] Level 1:colcon.colcon_core.package_discovery:discover_packages(colcon_meta) check parameters
[0.442s] Level 1:colcon.colcon_core.package_discovery:discover_packages(recursive) check parameters
[0.442s] Level 1:colcon.colcon_core.package_discovery:discover_packages(ignore) check parameters
[0.442s] Level 1:colcon.colcon_core.package_discovery:discover_packages(path) check parameters
[0.442s] Level 1:colcon.colcon_core.package_discovery:discover_packages(colcon_meta) discover
[0.442s] Level 1:colcon.colcon_core.package_discovery:discover_packages(recursive) discover
[0.442s] INFO:colcon.colcon_core.package_discovery:Crawling recursively for packages in '/home/zheka/Smart-Mobility-Engineering-Lab/ros2_ws'
[0.442s] Level 1:colcon.colcon_core.package_identification:_identify(.) by extensions ['ignore', 'ignore_ament_install']
[0.442s] Level 1:colcon.colcon_core.package_identification:_identify(.) by extension 'ignore'
[0.442s] Level 1:colcon.colcon_core.package_identification:_identify(.) by extension 'ignore_ament_install'
[0.442s] Level 1:colcon.colcon_core.package_identification:_identify(.) by extensions ['colcon_pkg']
[0.442s] Level 1:colcon.colcon_core.package_identification:_identify(.) by extension 'colcon_pkg'
[0.442s] Level 1:colcon.colcon_core.package_identification:_identify(.) by extensions ['colcon_meta']
[0.442s] Level 1:colcon.colcon_core.package_identification:_identify(.) by extension 'colcon_meta'
[0.442s] Level 1:colcon.colcon_core.package_identification:_identify(.) by extensions ['ros']
[0.442s] Level 1:colcon.colcon_core.package_identification:_identify(.) by extension 'ros'
[0.448s] Level 1:colcon.colcon_core.package_identification:_identify(.) by extensions ['cmake', 'python']
[0.448s] Level 1:colcon.colcon_core.package_identification:_identify(.) by extension 'cmake'
[0.448s] Level 1:colcon.colcon_core.package_identification:_identify(.) by extension 'python'
[0.448s] Level 1:colcon.colcon_core.package_identification:_identify(.) by extensions ['python_setup_py']
[0.448s] Level 1:colcon.colcon_core.package_identification:_identify(.) by extension 'python_setup_py'
[0.448s] Level 1:colcon.colcon_core.package_identification:_identify(action_tutorials_interfaces) by extensions ['ignore', 'ignore_ament_install']
[0.448s] Level 1:colcon.colcon_core.package_identification:_identify(action_tutorials_interfaces) by extension 'ignore'
[0.448s] Level 1:colcon.colcon_core.package_identification:_identify(action_tutorials_interfaces) by extension 'ignore_ament_install'
[0.448s] Level 1:colcon.colcon_core.package_identification:_identify(action_tutorials_interfaces) by extensions ['colcon_pkg']
[0.448s] Level 1:colcon.colcon_core.package_identification:_identify(action_tutorials_interfaces) by extension 'colcon_pkg'
[0.448s] Level 1:colcon.colcon_core.package_identification:_identify(action_tutorials_interfaces) by extensions ['colcon_meta']
[0.448s] Level 1:colcon.colcon_core.package_identification:_identify(action_tutorials_interfaces) by extension 'colcon_meta'
[0.448s] Level 1:colcon.colcon_core.package_identification:_identify(action_tutorials_interfaces) by extensions ['ros']
[0.448s] Level 1:colcon.colcon_core.package_identification:_identify(action_tutorials_interfaces) by extension 'ros'
[0.449s] DEBUG:colcon.colcon_core.package_identification:Package 'action_tutorials_interfaces' with type 'ros.ament_cmake' and name 'action_tutorials_interfaces'
[0.449s] Level 1:colcon.colcon_core.package_identification:_identify(build) by extensions ['ignore', 'ignore_ament_install']
[0.449s] Level 1:colcon.colcon_core.package_identification:_identify(build) by extension 'ignore'
[0.449s] Level 1:colcon.colcon_core.package_identification:_identify(build) ignored
[0.449s] Level 1:colcon.colcon_core.package_identification:_identify(install) by extensions ['ignore', 'ignore_ament_install']
[0.449s] Level 1:colcon.colcon_core.package_identification:_identify(install) by extension 'ignore'
[0.449s] Level 1:colcon.colcon_core.package_identification:_identify(install) ignored
[0.450s] Level 1:colcon.colcon_core.package_identification:_identify(log) by extensions ['ignore', 'ignore_ament_install']
[0.450s] Level 1:colcon.colcon_core.package_identification:_identify(log) by extension 'ignore'
[0.450s] Level 1:colcon.colcon_core.package_identification:_identify(log) ignored
[0.450s] Level 1:colcon.colcon_core.package_identification:_identify(src) by extensions ['ignore', 'ignore_ament_install']
[0.450s] Level 1:colcon.colcon_core.package_identification:_identify(src) by extension 'ignore'
[0.450s] Level 1:colcon.colcon_core.package_identification:_identify(src) by extension 'ignore_ament_install'
[0.450s] Level 1:colcon.colcon_core.package_identification:_identify(src) by extensions ['colcon_pkg']
[0.450s] Level 1:colcon.colcon_core.package_identification:_identify(src) by extension 'colcon_pkg'
[0.450s] Level 1:colcon.colcon_core.package_identification:_identify(src) by extensions ['colcon_meta']
[0.450s] Level 1:colcon.colcon_core.package_identification:_identify(src) by extension 'colcon_meta'
[0.450s] Level 1:colcon.colcon_core.package_identification:_identify(src) by extensions ['ros']
[0.450s] Level 1:colcon.colcon_core.package_identification:_identify(src) by extension 'ros'
[0.450s] Level 1:colcon.colcon_core.package_identification:_identify(src) by extensions ['cmake', 'python']
[0.450s] Level 1:colcon.colcon_core.package_identification:_identify(src) by extension 'cmake'
[0.450s] Level 1:colcon.colcon_core.package_identification:_identify(src) by extension 'python'
[0.450s] Level 1:colcon.colcon_core.package_identification:_identify(src) by extensions ['python_setup_py']
[0.450s] Level 1:colcon.colcon_core.package_identification:_identify(src) by extension 'python_setup_py'
[0.450s] Level 1:colcon.colcon_core.package_identification:_identify(src/build) by extensions ['ignore', 'ignore_ament_install']
[0.450s] Level 1:colcon.colcon_core.package_identification:_identify(src/build) by extension 'ignore'
[0.450s] Level 1:colcon.colcon_core.package_identification:_identify(src/build) ignored
[0.450s] Level 1:colcon.colcon_core.package_identification:_identify(src/install) by extensions ['ignore', 'ignore_ament_install']
[0.450s] Level 1:colcon.colcon_core.package_identification:_identify(src/install) by extension 'ignore'
[0.450s] Level 1:colcon.colcon_core.package_identification:_identify(src/install) ignored
[0.450s] Level 1:colcon.colcon_core.package_identification:_identify(src/log) by extensions ['ignore', 'ignore_ament_install']
[0.450s] Level 1:colcon.colcon_core.package_identification:_identify(src/log) by extension 'ignore'
[0.450s] Level 1:colcon.colcon_core.package_identification:_identify(src/log) ignored
[0.450s] Level 1:colcon.colcon_core.package_identification:_identify(src/more_interfaces) by extensions ['ignore', 'ignore_ament_install']
[0.450s] Level 1:colcon.colcon_core.package_identification:_identify(src/more_interfaces) by extension 'ignore'
[0.450s] Level 1:colcon.colcon_core.package_identification:_identify(src/more_interfaces) by extension 'ignore_ament_install'
[0.450s] Level 1:colcon.colcon_core.package_identification:_identify(src/more_interfaces) by extensions ['colcon_pkg']
[0.450s] Level 1:colcon.colcon_core.package_identification:_identify(src/more_interfaces) by extension 'colcon_pkg'
[0.450s] Level 1:colcon.colcon_core.package_identification:_identify(src/more_interfaces) by extensions ['colcon_meta']
[0.450s] Level 1:colcon.colcon_core.package_identification:_identify(src/more_interfaces) by extension 'colcon_meta'
[0.450s] Level 1:colcon.colcon_core.package_identification:_identify(src/more_interfaces) by extensions ['ros']
[0.450s] Level 1:colcon.colcon_core.package_identification:_identify(src/more_interfaces) by extension 'ros'
[0.450s] DEBUG:colcon.colcon_core.package_identification:Package 'src/more_interfaces' with type 'ros.ament_cmake' and name 'more_interfaces'
[0.451s] Level 1:colcon.colcon_core.package_identification:_identify(src/py_pubsub) by extensions ['ignore', 'ignore_ament_install']
[0.451s] Level 1:colcon.colcon_core.package_identification:_identify(src/py_pubsub) by extension 'ignore'
[0.451s] Level 1:colcon.colcon_core.package_identification:_identify(src/py_pubsub) by extension 'ignore_ament_install'
[0.451s] Level 1:colcon.colcon_core.package_identification:_identify(src/py_pubsub) by extensions ['colcon_pkg']
[0.451s] Level 1:colcon.colcon_core.package_identification:_identify(src/py_pubsub) by extension 'colcon_pkg'
[0.451s] Level 1:colcon.colcon_core.package_identification:_identify(src/py_pubsub) by extensions ['colcon_meta']
[0.451s] Level 1:colcon.colcon_core.package_identification:_identify(src/py_pubsub) by extension 'colcon_meta'
[0.451s] Level 1:colcon.colcon_core.package_identification:_identify(src/py_pubsub) by extensions ['ros']
[0.451s] Level 1:colcon.colcon_core.package_identification:_identify(src/py_pubsub) by extension 'ros'
[0.451s] DEBUG:colcon.colcon_core.package_identification:Package 'src/py_pubsub' with type 'ros.ament_python' and name 'py_pubsub'
[0.451s] Level 1:colcon.colcon_core.package_identification:_identify(src/py_srvcli) by extensions ['ignore', 'ignore_ament_install']
[0.451s] Level 1:colcon.colcon_core.package_identification:_identify(src/py_srvcli) by extension 'ignore'
[0.451s] Level 1:colcon.colcon_core.package_identification:_identify(src/py_srvcli) by extension 'ignore_ament_install'
[0.451s] Level 1:colcon.colcon_core.package_identification:_identify(src/py_srvcli) by extensions ['colcon_pkg']
[0.451s] Level 1:colcon.colcon_core.package_identification:_identify(src/py_srvcli) by extension 'colcon_pkg'
[0.451s] Level 1:colcon.colcon_core.package_identification:_identify(src/py_srvcli) by extensions ['colcon_meta']
[0.451s] Level 1:colcon.colcon_core.package_identification:_identify(src/py_srvcli) by extension 'colcon_meta'
[0.451s] Level 1:colcon.colcon_core.package_identification:_identify(src/py_srvcli) by extensions ['ros']
[0.451s] Level 1:colcon.colcon_core.package_identification:_identify(src/py_srvcli) by extension 'ros'
[0.451s] DEBUG:colcon.colcon_core.package_identification:Package 'src/py_srvcli' with type 'ros.ament_python' and name 'py_srvcli'
[0.451s] Level 1:colcon.colcon_core.package_identification:_identify(src/python_parameters) by extensions ['ignore', 'ignore_ament_install']
[0.451s] Level 1:colcon.colcon_core.package_identification:_identify(src/python_parameters) by extension 'ignore'
[0.451s] Level 1:colcon.colcon_core.package_identification:_identify(src/python_parameters) by extension 'ignore_ament_install'
[0.451s] Level 1:colcon.colcon_core.package_identification:_identify(src/python_parameters) by extensions ['colcon_pkg']
[0.451s] Level 1:colcon.colcon_core.package_identification:_identify(src/python_parameters) by extension 'colcon_pkg'
[0.452s] Level 1:colcon.colcon_core.package_identification:_identify(src/python_parameters) by extensions ['colcon_meta']
[0.452s] Level 1:colcon.colcon_core.package_identification:_identify(src/python_parameters) by extension 'colcon_meta'
[0.452s] Level 1:colcon.colcon_core.package_identification:_identify(src/python_parameters) by extensions ['ros']
[0.452s] Level 1:colcon.colcon_core.package_identification:_identify(src/python_parameters) by extension 'ros'
[0.452s] DEBUG:colcon.colcon_core.package_identification:Package 'src/python_parameters' with type 'ros.ament_python' and name 'python_parameters'
[0.452s] Level 1:colcon.colcon_core.package_identification:_identify(src/ros_tutorials) by extensions ['ignore', 'ignore_ament_install']
[0.452s] Level 1:colcon.colcon_core.package_identification:_identify(src/ros_tutorials) by extension 'ignore'
[0.452s] Level 1:colcon.colcon_core.package_identification:_identify(src/ros_tutorials) by extension 'ignore_ament_install'
[0.452s] Level 1:colcon.colcon_core.package_identification:_identify(src/ros_tutorials) by extensions ['colcon_pkg']
[0.452s] Level 1:colcon.colcon_core.package_identification:_identify(src/ros_tutorials) by extension 'colcon_pkg'
[0.452s] Level 1:colcon.colcon_core.package_identification:_identify(src/ros_tutorials) by extensions ['colcon_meta']
[0.452s] Level 1:colcon.colcon_core.package_identification:_identify(src/ros_tutorials) by extension 'colcon_meta'
[0.452s] Level 1:colcon.colcon_core.package_identification:_identify(src/ros_tutorials) by extensions ['ros']
[0.452s] Level 1:colcon.colcon_core.package_identification:_identify(src/ros_tutorials) by extension 'ros'
[0.452s] Level 1:colcon.colcon_core.package_identification:_identify(src/ros_tutorials) by extensions ['cmake', 'python']
[0.452s] Level 1:colcon.colcon_core.package_identification:_identify(src/ros_tutorials) by extension 'cmake'
[0.452s] Level 1:colcon.colcon_core.package_identification:_identify(src/ros_tutorials) by extension 'python'
[0.452s] Level 1:colcon.colcon_core.package_identification:_identify(src/ros_tutorials) by extensions ['python_setup_py']
[0.452s] Level 1:colcon.colcon_core.package_identification:_identify(src/ros_tutorials) by extension 'python_setup_py'
[0.452s] Level 1:colcon.colcon_core.package_identification:_identify(src/ros_tutorials/ros_tutorials) by extensions ['ignore', 'ignore_ament_install']
[0.452s] Level 1:colcon.colcon_core.package_identification:_identify(src/ros_tutorials/ros_tutorials) by extension 'ignore'
[0.452s] Level 1:colcon.colcon_core.package_identification:_identify(src/ros_tutorials/ros_tutorials) ignored
[0.452s] Level 1:colcon.colcon_core.package_identification:_identify(src/ros_tutorials/roscpp_tutorials) by extensions ['ignore', 'ignore_ament_install']
[0.452s] Level 1:colcon.colcon_core.package_identification:_identify(src/ros_tutorials/roscpp_tutorials) by extension 'ignore'
[0.452s] Level 1:colcon.colcon_core.package_identification:_identify(src/ros_tutorials/roscpp_tutorials) ignored
[0.452s] Level 1:colcon.colcon_core.package_identification:_identify(src/ros_tutorials/rospy_tutorials) by extensions ['ignore', 'ignore_ament_install']
[0.452s] Level 1:colcon.colcon_core.package_identification:_identify(src/ros_tutorials/rospy_tutorials) by extension 'ignore'
[0.452s] Level 1:colcon.colcon_core.package_identification:_identify(src/ros_tutorials/rospy_tutorials) ignored
[0.452s] Level 1:colcon.colcon_core.package_identification:_identify(src/ros_tutorials/turtlesim) by extensions ['ignore', 'ignore_ament_install']
[0.452s] Level 1:colcon.colcon_core.package_identification:_identify(src/ros_tutorials/turtlesim) by extension 'ignore'
[0.452s] Level 1:colcon.colcon_core.package_identification:_identify(src/ros_tutorials/turtlesim) by extension 'ignore_ament_install'
[0.452s] Level 1:colcon.colcon_core.package_identification:_identify(src/ros_tutorials/turtlesim) by extensions ['colcon_pkg']
[0.452s] Level 1:colcon.colcon_core.package_identification:_identify(src/ros_tutorials/turtlesim) by extension 'colcon_pkg'
[0.453s] Level 1:colcon.colcon_core.package_identification:_identify(src/ros_tutorials/turtlesim) by extensions ['colcon_meta']
[0.453s] Level 1:colcon.colcon_core.package_identification:_identify(src/ros_tutorials/turtlesim) by extension 'colcon_meta'
[0.453s] Level 1:colcon.colcon_core.package_identification:_identify(src/ros_tutorials/turtlesim) by extensions ['ros']
[0.453s] Level 1:colcon.colcon_core.package_identification:_identify(src/ros_tutorials/turtlesim) by extension 'ros'
[0.454s] DEBUG:colcon.colcon_core.package_identification:Package 'src/ros_tutorials/turtlesim' with type 'ros.ament_cmake' and name 'turtlesim'
[0.454s] Level 1:colcon.colcon_core.package_identification:_identify(src/tutorial_interfaces) by extensions ['ignore', 'ignore_ament_install']
[0.454s] Level 1:colcon.colcon_core.package_identification:_identify(src/tutorial_interfaces) by extension 'ignore'
[0.454s] Level 1:colcon.colcon_core.package_identification:_identify(src/tutorial_interfaces) by extension 'ignore_ament_install'
[0.454s] Level 1:colcon.colcon_core.package_identification:_identify(src/tutorial_interfaces) by extensions ['colcon_pkg']
[0.454s] Level 1:colcon.colcon_core.package_identification:_identify(src/tutorial_interfaces) by extension 'colcon_pkg'
[0.454s] Level 1:colcon.colcon_core.package_identification:_identify(src/tutorial_interfaces) by extensions ['colcon_meta']
[0.454s] Level 1:colcon.colcon_core.package_identification:_identify(src/tutorial_interfaces) by extension 'colcon_meta'
[0.454s] Level 1:colcon.colcon_core.package_identification:_identify(src/tutorial_interfaces) by extensions ['ros']
[0.454s] Level 1:colcon.colcon_core.package_identification:_identify(src/tutorial_interfaces) by extension 'ros'
[0.454s] DEBUG:colcon.colcon_core.package_identification:Package 'src/tutorial_interfaces' with type 'ros.ament_cmake' and name 'tutorial_interfaces'
[0.454s] Level 1:colcon.colcon_core.package_discovery:discover_packages(recursive) using defaults
[0.454s] Level 1:colcon.colcon_core.package_discovery:discover_packages(ignore) discover
[0.454s] Level 1:colcon.colcon_core.package_discovery:discover_packages(ignore) using defaults
[0.454s] Level 1:colcon.colcon_core.package_discovery:discover_packages(path) discover
[0.454s] Level 1:colcon.colcon_core.package_discovery:discover_packages(path) using defaults
[0.482s] INFO:colcon.colcon_core.package_selection:Skipping not selected package 'action_tutorials_interfaces' in 'action_tutorials_interfaces'
[0.482s] INFO:colcon.colcon_core.package_selection:Skipping not selected package 'more_interfaces' in 'src/more_interfaces'
[0.482s] INFO:colcon.colcon_core.package_selection:Skipping not selected package 'python_parameters' in 'src/python_parameters'
[0.482s] INFO:colcon.colcon_core.package_selection:Skipping not selected package 'turtlesim' in 'src/ros_tutorials/turtlesim'
[0.482s] INFO:colcon.colcon_core.package_selection:Skipping not selected package 'py_pubsub' in 'src/py_pubsub'
[0.482s] INFO:colcon.colcon_core.package_selection:Skipping not selected package 'py_srvcli' in 'src/py_srvcli'
[0.492s] Level 1:colcon.colcon_core.package_discovery:discover_packages(prefix_path) check parameters
[0.492s] Level 1:colcon.colcon_core.package_discovery:discover_packages(prefix_path) discover
[0.503s] DEBUG:colcon.colcon_installed_package_information.package_discovery:Found 284 installed packages in /opt/ros/humble
[0.504s] Level 1:colcon.colcon_core.package_discovery:discover_packages(prefix_path) using defaults
[0.546s] Level 5:colcon.colcon_core.verb:set package 'tutorial_interfaces' build argument 'cmake_args' from command line to 'None'
[0.546s] Level 5:colcon.colcon_core.verb:set package 'tutorial_interfaces' build argument 'cmake_target' from command line to 'None'
[0.546s] Level 5:colcon.colcon_core.verb:set package 'tutorial_interfaces' build argument 'cmake_target_skip_unavailable' from command line to 'False'
[0.546s] Level 5:colcon.colcon_core.verb:set package 'tutorial_interfaces' build argument 'cmake_clean_cache' from command line to 'False'
[0.546s] Level 5:colcon.colcon_core.verb:set package 'tutorial_interfaces' build argument 'cmake_clean_first' from command line to 'False'
[0.546s] Level 5:colcon.colcon_core.verb:set package 'tutorial_interfaces' build argument 'cmake_force_configure' from command line to 'False'
[0.546s] Level 5:colcon.colcon_core.verb:set package 'tutorial_interfaces' build argument 'ament_cmake_args' from command line to 'None'
[0.546s] Level 5:colcon.colcon_core.verb:set package 'tutorial_interfaces' build argument 'catkin_cmake_args' from command line to 'None'
[0.546s] Level 5:colcon.colcon_core.verb:set package 'tutorial_interfaces' build argument 'catkin_skip_building_tests' from command line to 'False'
[0.546s] DEBUG:colcon.colcon_core.verb:Building package 'tutorial_interfaces' with the following arguments: {'ament_cmake_args': None, 'build_base': '/home/zheka/Smart-Mobility-Engineering-Lab/ros2_ws/build/tutorial_interfaces', 'catkin_cmake_args': None, 'catkin_skip_building_tests': False, 'cmake_args': None, 'cmake_clean_cache': False, 'cmake_clean_first': False, 'cmake_force_configure': False, 'cmake_target': None, 'cmake_target_skip_unavailable': False, 'install_base': '/home/zheka/Smart-Mobility-Engineering-Lab/ros2_ws/install/tutorial_interfaces', 'merge_install': False, 'path': '/home/zheka/Smart-Mobility-Engineering-Lab/ros2_ws/src/tutorial_interfaces', 'symlink_install': False, 'test_result_base': None}
[0.551s] INFO:colcon.colcon_core.executor:Executing jobs using 'parallel' executor
[0.556s] DEBUG:colcon.colcon_parallel_executor.executor.parallel:run_until_complete
[0.557s] INFO:colcon.colcon_ros.task.ament_cmake.build:Building ROS package in '/home/zheka/Smart-Mobility-Engineering-Lab/ros2_ws/src/tutorial_interfaces' with build type 'ament_cmake'
[0.557s] INFO:colcon.colcon_cmake.task.cmake.build:Building CMake package in '/home/zheka/Smart-Mobility-Engineering-Lab/ros2_ws/src/tutorial_interfaces'
[0.563s] INFO:colcon.colcon_core.plugin_system:Skipping extension 'colcon_core.shell.bat': Not used on non-Windows systems
[0.563s] INFO:colcon.colcon_core.shell:Skip shell extension 'powershell' for command environment: Not usable outside of PowerShell
[0.563s] DEBUG:colcon.colcon_core.shell:Skip shell extension 'dsv' for command environment
[0.582s] DEBUG:colcon.colcon_core.event_handler.log_command:Invoking command in '/home/zheka/Smart-Mobility-Engineering-Lab/ros2_ws/build/tutorial_interfaces': CMAKE_PREFIX_PATH=/opt/ros/humble /usr/bin/cmake --build /home/zheka/Smart-Mobility-Engineering-Lab/ros2_ws/build/tutorial_interfaces -- -j2 -l2
[0.951s] DEBUG:colcon.colcon_core.event_handler.log_command:Invoked command in '/home/zheka/Smart-Mobility-Engineering-Lab/ros2_ws/build/tutorial_interfaces' returned '2': CMAKE_PREFIX_PATH=/opt/ros/humble /usr/bin/cmake --build /home/zheka/Smart-Mobility-Engineering-Lab/ros2_ws/build/tutorial_interfaces -- -j2 -l2
[1.028s] Level 1:colcon.colcon_core.environment:create_environment_scripts_only(tutorial_interfaces)
[1.034s] Level 1:colcon.colcon_core.environment:checking '/home/zheka/Smart-Mobility-Engineering-Lab/ros2_ws/install/tutorial_interfaces' for CMake module files
[1.034s] Level 1:colcon.colcon_core.environment:checking '/home/zheka/Smart-Mobility-Engineering-Lab/ros2_ws/install/tutorial_interfaces' for CMake config files
[1.034s] Level 1:colcon.colcon_core.shell:create_environment_hook('tutorial_interfaces', 'cmake_prefix_path')
[1.040s] INFO:colcon.colcon_core.shell:Creating environment hook '/home/zheka/Smart-Mobility-Engineering-Lab/ros2_ws/install/tutorial_interfaces/share/tutorial_interfaces/hook/cmake_prefix_path.ps1'
[1.040s] INFO:colcon.colcon_core.shell:Creating environment descriptor '/home/zheka/Smart-Mobility-Engineering-Lab/ros2_ws/install/tutorial_interfaces/share/tutorial_interfaces/hook/cmake_prefix_path.dsv'
[1.040s] INFO:colcon.colcon_core.shell:Creating environment hook '/home/zheka/Smart-Mobility-Engineering-Lab/ros2_ws/install/tutorial_interfaces/share/tutorial_interfaces/hook/cmake_prefix_path.sh'
[1.040s] Level 1:colcon.colcon_core.environment:checking '/home/zheka/Smart-Mobility-Engineering-Lab/ros2_ws/install/tutorial_interfaces/lib'
[1.040s] Level 1:colcon.colcon_core.shell:create_environment_hook('tutorial_interfaces', 'ld_library_path_lib')
[1.046s] INFO:colcon.colcon_core.shell:Creating environment hook '/home/zheka/Smart-Mobility-Engineering-Lab/ros2_ws/install/tutorial_interfaces/share/tutorial_interfaces/hook/ld_library_path_lib.ps1'
[1.046s] INFO:colcon.colcon_core.shell:Creating environment descriptor '/home/zheka/Smart-Mobility-Engineering-Lab/ros2_ws/install/tutorial_interfaces/share/tutorial_interfaces/hook/ld_library_path_lib.dsv'
[1.046s] INFO:colcon.colcon_core.shell:Creating environment hook '/home/zheka/Smart-Mobility-Engineering-Lab/ros2_ws/install/tutorial_interfaces/share/tutorial_interfaces/hook/ld_library_path_lib.sh'
[1.046s] Level 1:colcon.colcon_core.environment:checking '/home/zheka/Smart-Mobility-Engineering-Lab/ros2_ws/install/tutorial_interfaces/bin'
[1.046s] Level 1:colcon.colcon_core.environment:checking '/home/zheka/Smart-Mobility-Engineering-Lab/ros2_ws/install/tutorial_interfaces/lib/pkgconfig/tutorial_interfaces.pc'
[1.046s] Level 1:colcon.colcon_core.environment:checking '/home/zheka/Smart-Mobility-Engineering-Lab/ros2_ws/install/tutorial_interfaces/lib/python3.10/site-packages'
[1.046s] Level 1:colcon.colcon_core.environment:checking '/home/zheka/Smart-Mobility-Engineering-Lab/ros2_ws/install/tutorial_interfaces/bin'
[1.052s] INFO:colcon.colcon_core.shell:Creating package script '/home/zheka/Smart-Mobility-Engineering-Lab/ros2_ws/install/tutorial_interfaces/share/tutorial_interfaces/package.ps1'
[1.052s] INFO:colcon.colcon_core.shell:Creating package descriptor '/home/zheka/Smart-Mobility-Engineering-Lab/ros2_ws/install/tutorial_interfaces/share/tutorial_interfaces/package.dsv'
[1.052s] INFO:colcon.colcon_core.shell:Creating package script '/home/zheka/Smart-Mobility-Engineering-Lab/ros2_ws/install/tutorial_interfaces/share/tutorial_interfaces/package.sh'
[1.053s] INFO:colcon.colcon_core.shell:Creating package script '/home/zheka/Smart-Mobility-Engineering-Lab/ros2_ws/install/tutorial_interfaces/share/tutorial_interfaces/package.bash'
[1.053s] INFO:colcon.colcon_core.shell:Creating package script '/home/zheka/Smart-Mobility-Engineering-Lab/ros2_ws/install/tutorial_interfaces/share/tutorial_interfaces/package.zsh'
[1.053s] Level 1:colcon.colcon_core.environment:create_file_with_runtime_dependencies(/home/zheka/Smart-Mobility-Engineering-Lab/ros2_ws/install/tutorial_interfaces/share/colcon-core/packages/tutorial_interfaces)
[1.064s] DEBUG:colcon.colcon_parallel_executor.executor.parallel:closing loop
[1.064s] DEBUG:colcon.colcon_parallel_executor.executor.parallel:loop closed
[1.064s] DEBUG:colcon.colcon_parallel_executor.executor.parallel:run_until_complete finished with '2'
[1.064s] DEBUG:colcon.colcon_core.event_reactor:joining thread
[1.073s] INFO:colcon.colcon_core.plugin_system:Skipping extension 'colcon_notification.desktop_notification.terminal_notifier': Not used on non-Darwin systems
[1.073s] INFO:colcon.colcon_core.plugin_system:Skipping extension 'colcon_notification.desktop_notification.win32': Not used on non-Windows systems
[1.073s] INFO:colcon.colcon_notification.desktop_notification:Sending desktop notification using 'notify2'
[1.080s] DEBUG:colcon.colcon_core.event_reactor:joined thread
[1.086s] INFO:colcon.colcon_core.shell:Creating prefix script '/home/zheka/Smart-Mobility-Engineering-Lab/ros2_ws/install/local_setup.ps1'
[1.087s] INFO:colcon.colcon_core.shell:Creating prefix util module '/home/zheka/Smart-Mobility-Engineering-Lab/ros2_ws/install/_local_setup_util_ps1.py'
[1.087s] INFO:colcon.colcon_core.shell:Creating prefix chain script '/home/zheka/Smart-Mobility-Engineering-Lab/ros2_ws/install/setup.ps1'
[1.093s] INFO:colcon.colcon_core.shell:Creating prefix script '/home/zheka/Smart-Mobility-Engineering-Lab/ros2_ws/install/local_setup.sh'
[1.094s] INFO:colcon.colcon_core.shell:Creating prefix util module '/home/zheka/Smart-Mobility-Engineering-Lab/ros2_ws/install/_local_setup_util_sh.py'
[1.094s] INFO:colcon.colcon_core.shell:Creating prefix chain script '/home/zheka/Smart-Mobility-Engineering-Lab/ros2_ws/install/setup.sh'
[1.100s] INFO:colcon.colcon_core.shell:Creating prefix script '/home/zheka/Smart-Mobility-Engineering-Lab/ros2_ws/install/local_setup.bash'
[1.100s] INFO:colcon.colcon_core.shell:Creating prefix chain script '/home/zheka/Smart-Mobility-Engineering-Lab/ros2_ws/install/setup.bash'
[1.106s] INFO:colcon.colcon_core.shell:Creating prefix script '/home/zheka/Smart-Mobility-Engineering-Lab/ros2_ws/install/local_setup.zsh'
[1.106s] INFO:colcon.colcon_core.shell:Creating prefix chain script '/home/zheka/Smart-Mobility-Engineering-Lab/ros2_ws/install/setup.zsh'
