[0.337s] Invoking command in '/home/zheka/Smart-Mobility-Engineering-Lab/ros2_ws/src/py_srvcli': PYTHONPATH=/home/zheka/Smart-Mobility-Engineering-Lab/ros2_ws/build/py_srvcli/prefix_override:/home/zheka/Smart-Mobility-Engineering-Lab/ros2_ws/install/py_srvcli/lib/python3.10/site-packages:${PYTHONPATH} /usr/bin/python3 setup.py egg_info --egg-base ../../build/py_srvcli build --build-base /home/zheka/Smart-Mobility-Engineering-Lab/ros2_ws/build/py_srvcli/build install --record /home/zheka/Smart-Mobility-Engineering-Lab/ros2_ws/build/py_srvcli/install.log --single-version-externally-managed
[0.451s] running egg_info
[0.451s] writing ../../build/py_srvcli/py_srvcli.egg-info/PKG-INFO
[0.451s] writing dependency_links to ../../build/py_srvcli/py_srvcli.egg-info/dependency_links.txt
[0.451s] writing entry points to ../../build/py_srvcli/py_srvcli.egg-info/entry_points.txt
[0.451s] writing requirements to ../../build/py_srvcli/py_srvcli.egg-info/requires.txt
[0.451s] writing top-level names to ../../build/py_srvcli/py_srvcli.egg-info/top_level.txt
[0.452s] reading manifest file '../../build/py_srvcli/py_srvcli.egg-info/SOURCES.txt'
[0.453s] writing manifest file '../../build/py_srvcli/py_srvcli.egg-info/SOURCES.txt'
[0.453s] running build
[0.453s] running build_py
[0.453s] copying py_srvcli/client_member_function.py -> /home/zheka/Smart-Mobility-Engineering-Lab/ros2_ws/build/py_srvcli/build/lib/py_srvcli
[0.453s] copying py_srvcli/service_member_function.py -> /home/zheka/Smart-Mobility-Engineering-Lab/ros2_ws/build/py_srvcli/build/lib/py_srvcli
[0.453s] running install
[0.453s] running install_lib
[0.454s] copying /home/zheka/Smart-Mobility-Engineering-Lab/ros2_ws/build/py_srvcli/build/lib/py_srvcli/client_member_function.py -> /home/zheka/Smart-Mobility-Engineering-Lab/ros2_ws/install/py_srvcli/lib/python3.10/site-packages/py_srvcli
[0.454s] copying /home/zheka/Smart-Mobility-Engineering-Lab/ros2_ws/build/py_srvcli/build/lib/py_srvcli/service_member_function.py -> /home/zheka/Smart-Mobility-Engineering-Lab/ros2_ws/install/py_srvcli/lib/python3.10/site-packages/py_srvcli
[0.454s] byte-compiling /home/zheka/Smart-Mobility-Engineering-Lab/ros2_ws/install/py_srvcli/lib/python3.10/site-packages/py_srvcli/client_member_function.py to client_member_function.cpython-310.pyc
[0.454s] byte-compiling /home/zheka/Smart-Mobility-Engineering-Lab/ros2_ws/install/py_srvcli/lib/python3.10/site-packages/py_srvcli/service_member_function.py to service_member_function.cpython-310.pyc
[0.454s] running install_data
[0.455s] running install_egg_info
[0.455s] removing '/home/zheka/Smart-Mobility-Engineering-Lab/ros2_ws/install/py_srvcli/lib/python3.10/site-packages/py_srvcli-0.0.0-py3.10.egg-info' (and everything under it)
[0.456s] Copying ../../build/py_srvcli/py_srvcli.egg-info to /home/zheka/Smart-Mobility-Engineering-Lab/ros2_ws/install/py_srvcli/lib/python3.10/site-packages/py_srvcli-0.0.0-py3.10.egg-info
[0.456s] running install_scripts
[0.466s] Installing service script to /home/zheka/Smart-Mobility-Engineering-Lab/ros2_ws/install/py_srvcli/lib/py_srvcli
[0.466s] writing list of installed files to '/home/zheka/Smart-Mobility-Engineering-Lab/ros2_ws/build/py_srvcli/install.log'
[0.479s] Invoked command in '/home/zheka/Smart-Mobility-Engineering-Lab/ros2_ws/src/py_srvcli' returned '0': PYTHONPATH=/home/zheka/Smart-Mobility-Engineering-Lab/ros2_ws/build/py_srvcli/prefix_override:/home/zheka/Smart-Mobility-Engineering-Lab/ros2_ws/install/py_srvcli/lib/python3.10/site-packages:${PYTHONPATH} /usr/bin/python3 setup.py egg_info --egg-base ../../build/py_srvcli build --build-base /home/zheka/Smart-Mobility-Engineering-Lab/ros2_ws/build/py_srvcli/build install --record /home/zheka/Smart-Mobility-Engineering-Lab/ros2_ws/build/py_srvcli/install.log --single-version-externally-managed
