[0.025s] Invoking command in '/home/zheka/Smart-Mobility-Engineering-Lab/ros2_ws/src/build/more_interfaces': CMAKE_PREFIX_PATH=/opt/ros/humble /usr/bin/cmake /home/zheka/Smart-Mobility-Engineering-Lab/ros2_ws/src/more_interfaces -DCMAKE_INSTALL_PREFIX=/home/zheka/Smart-Mobility-Engineering-Lab/ros2_ws/src/install/more_interfaces
[0.064s] -- The C compiler identification is GNU 11.4.0
[0.105s] -- The CXX compiler identification is GNU 11.4.0
[0.110s] -- Detecting C compiler ABI info
[0.164s] -- Detecting C compiler ABI info - done
[0.169s] -- Check for working C compiler: /usr/bin/cc - skipped
[0.169s] -- Detecting C compile features
[0.170s] -- Detecting C compile features - done
[0.172s] -- Detecting CXX compiler ABI info
[0.273s] -- Detecting CXX compiler ABI info - done
[0.280s] -- Check for working CXX compiler: /usr/bin/c++ - skipped
[0.281s] -- Detecting CXX compile features
[0.281s] -- Detecting CXX compile features - done
[0.286s] -- Found ament_cmake: 1.3.5 (/opt/ros/humble/share/ament_cmake/cmake)
[0.388s] -- Found Python3: /usr/bin/python3.10 (found version "3.10.12") found components: Interpreter 
[0.482s] -- Found rosidl_default_generators: 1.2.0 (/opt/ros/humble/share/rosidl_default_generators/cmake)
[0.483s] -- Using all available rosidl_typesupport_c: rosidl_typesupport_fastrtps_c;rosidl_typesupport_introspection_c
[0.490s] -- Found rosidl_adapter: 3.1.5 (/opt/ros/humble/share/rosidl_adapter/cmake)
[0.527s] -- Using all available rosidl_typesupport_cpp: rosidl_typesupport_fastrtps_cpp;rosidl_typesupport_introspection_cpp
[0.549s] -- Found ament_lint_auto: 0.12.8 (/opt/ros/humble/share/ament_lint_auto/cmake)
[0.713s] -- Found ament_cmake_ros: 0.10.0 (/opt/ros/humble/share/ament_cmake_ros/cmake)
[0.818s] -- Using all available rosidl_typesupport_c: rosidl_typesupport_fastrtps_c;rosidl_typesupport_introspection_c
[0.958s] -- Using all available rosidl_typesupport_cpp: rosidl_typesupport_fastrtps_cpp;rosidl_typesupport_introspection_cpp
[0.972s] -- Found PythonInterp: /usr/bin/python3 (found suitable version "3.10.12", minimum required is "3.6") 
[0.973s] -- Found python_cmake_module: 0.10.0 (/opt/ros/humble/share/python_cmake_module/cmake)
[0.988s] -- Found PythonLibs: /usr/lib/aarch64-linux-gnu/libpython3.10.so (found suitable version "3.10.12", minimum required is "3.5") 
[0.989s] -- Using PYTHON_EXECUTABLE: /usr/bin/python3
[0.989s] -- Using PYTHON_INCLUDE_DIRS: /usr/include/python3.10
[0.989s] -- Using PYTHON_LIBRARIES: /usr/lib/aarch64-linux-gnu/libpython3.10.so
[1.003s] -- Found PythonExtra: .so  
[1.023s] -- Found rclcpp: 16.0.6 (/opt/ros/humble/share/rclcpp/cmake)
[1.097s] -- Found rmw_implementation_cmake: 6.1.1 (/opt/ros/humble/share/rmw_implementation_cmake/cmake)
[1.099s] -- Found rmw_fastrtps_cpp: 6.2.4 (/opt/ros/humble/share/rmw_fastrtps_cpp/cmake)
[1.174s] -- Found OpenSSL: /usr/lib/aarch64-linux-gnu/libcrypto.so (found version "3.0.2")  
[1.199s] -- Found FastRTPS: /opt/ros/humble/include  
[1.229s] -- Using RMW implementation 'rmw_fastrtps_cpp' as default
[1.238s] -- Looking for pthread.h
[1.313s] -- Looking for pthread.h - found
[1.313s] -- Performing Test CMAKE_HAVE_LIBC_PTHREAD
[1.366s] -- Performing Test CMAKE_HAVE_LIBC_PTHREAD - Success
[1.367s] -- Found Threads: TRUE  
[1.526s] -- Added test 'cppcheck' to perform static code analysis on C / C++ code
[1.527s] -- Configured cppcheck include dirs: 
[1.527s] -- Configured cppcheck exclude dirs and/or files: 
[1.528s] -- Added test 'lint_cmake' to check CMake code style
[1.528s] -- Added test 'uncrustify' to check C / C++ code style
[1.528s] -- Configured uncrustify additional arguments: 
[1.529s] -- Added test 'xmllint' to check XML markup files
[1.531s] -- Configuring done
[1.549s] -- Generating done
[1.551s] -- Build files have been written to: /home/zheka/Smart-Mobility-Engineering-Lab/ros2_ws/src/build/more_interfaces
[1.557s] Invoked command in '/home/zheka/Smart-Mobility-Engineering-Lab/ros2_ws/src/build/more_interfaces' returned '0': CMAKE_PREFIX_PATH=/opt/ros/humble /usr/bin/cmake /home/zheka/Smart-Mobility-Engineering-Lab/ros2_ws/src/more_interfaces -DCMAKE_INSTALL_PREFIX=/home/zheka/Smart-Mobility-Engineering-Lab/ros2_ws/src/install/more_interfaces
[1.558s] Invoking command in '/home/zheka/Smart-Mobility-Engineering-Lab/ros2_ws/src/build/more_interfaces': CMAKE_PREFIX_PATH=/opt/ros/humble /usr/bin/cmake --build /home/zheka/Smart-Mobility-Engineering-Lab/ros2_ws/src/build/more_interfaces -- -j2 -l2
[1.617s] [  3%] [34m[1mGenerating C code for ROS interfaces[0m
[1.630s] [  6%] [34m[1mGenerating C++ code for ROS interfaces[0m
[1.831s] [  6%] Built target more_interfaces__cpp
[1.833s] [  9%] [32mBuilding C object CMakeFiles/more_interfaces__rosidl_generator_c.dir/rosidl_generator_c/more_interfaces/msg/detail/address_book__functions.c.o[0m
[1.867s] [ 12%] [32m[1mLinking C shared library libmore_interfaces__rosidl_generator_c.so[0m
[1.894s] [ 12%] Built target ament_cmake_python_copy_more_interfaces
[1.901s] [ 15%] [34m[1mGenerating C++ type support dispatch for ROS interfaces[0m
[1.908s] [ 15%] Built target more_interfaces__rosidl_generator_c
[1.937s] [ 18%] [34m[1mGenerating C++ type support for eProsima Fast-RTPS[0m
[2.069s] [ 21%] [32mBuilding CXX object CMakeFiles/more_interfaces__rosidl_typesupport_cpp.dir/rosidl_typesupport_cpp/more_interfaces/msg/address_book__type_support.cpp.o[0m
[2.227s] [ 24%] [32mBuilding CXX object CMakeFiles/more_interfaces__rosidl_typesupport_fastrtps_cpp.dir/rosidl_typesupport_fastrtps_cpp/more_interfaces/msg/detail/dds_fastrtps/address_book__type_support.cpp.o[0m
[2.298s] [ 27%] [32m[1mLinking CXX shared library libmore_interfaces__rosidl_typesupport_cpp.so[0m
[2.357s] [ 27%] Built target more_interfaces__rosidl_typesupport_cpp
[2.372s] [ 30%] [34m[1mGenerating C++ introspection for ROS interfaces[0m
[2.479s] [ 33%] [32m[1mLinking CXX shared library libmore_interfaces__rosidl_typesupport_fastrtps_cpp.so[0m
[2.529s] [ 33%] Built target more_interfaces__rosidl_typesupport_fastrtps_cpp
[2.585s] [ 36%] [32mBuilding CXX object CMakeFiles/more_interfaces__rosidl_typesupport_introspection_cpp.dir/rosidl_typesupport_introspection_cpp/more_interfaces/msg/detail/address_book__type_support.cpp.o[0m
[2.678s] running egg_info
[2.679s] creating more_interfaces.egg-info
[2.679s] writing more_interfaces.egg-info/PKG-INFO
[2.679s] writing dependency_links to more_interfaces.egg-info/dependency_links.txt
[2.679s] writing top-level names to more_interfaces.egg-info/top_level.txt
[2.679s] writing manifest file 'more_interfaces.egg-info/SOURCES.txt'
[2.680s] reading manifest file 'more_interfaces.egg-info/SOURCES.txt'
[2.680s] writing manifest file 'more_interfaces.egg-info/SOURCES.txt'
[2.701s] [ 36%] Built target ament_cmake_python_build_more_interfaces_egg
[2.718s] [ 39%] [32mBuilding CXX object CMakeFiles/publish_address_book.dir/src/publish_address_book.cpp.o[0m
[2.908s] [ 42%] [32m[1mLinking CXX shared library libmore_interfaces__rosidl_typesupport_introspection_cpp.so[0m
[2.946s] [ 42%] Built target more_interfaces__rosidl_typesupport_introspection_cpp
[2.954s] [ 45%] [34m[1mGenerating C type support for eProsima Fast-RTPS[0m
[3.143s] [ 48%] [32mBuilding CXX object CMakeFiles/more_interfaces__rosidl_typesupport_fastrtps_c.dir/rosidl_typesupport_fastrtps_c/more_interfaces/msg/detail/address_book__type_support_c.cpp.o[0m
[3.504s] [ 51%] [32m[1mLinking CXX shared library libmore_interfaces__rosidl_typesupport_fastrtps_c.so[0m
[3.545s] [ 51%] Built target more_interfaces__rosidl_typesupport_fastrtps_c
[3.554s] [ 54%] [34m[1mGenerating C introspection for ROS interfaces[0m
[3.874s] [ 57%] [32mBuilding C object CMakeFiles/more_interfaces__rosidl_typesupport_introspection_c.dir/rosidl_typesupport_introspection_c/more_interfaces/msg/detail/address_book__type_support.c.o[0m
[3.905s] [ 60%] [32m[1mLinking C shared library libmore_interfaces__rosidl_typesupport_introspection_c.so[0m
[3.988s] [ 60%] Built target more_interfaces__rosidl_typesupport_introspection_c
[4.025s] [ 63%] [34m[1mGenerating C type support dispatch for ROS interfaces[0m
[4.392s] [ 66%] [32mBuilding CXX object CMakeFiles/more_interfaces__rosidl_typesupport_c.dir/rosidl_typesupport_c/more_interfaces/msg/address_book__type_support.cpp.o[0m
[4.533s] [ 69%] [32m[1mLinking CXX shared library libmore_interfaces__rosidl_typesupport_c.so[0m
[4.655s] [ 69%] Built target more_interfaces__rosidl_typesupport_c
[4.731s] [ 69%] Built target more_interfaces
[4.819s] [ 72%] [34m[1mGenerating Python code for ROS interfaces[0m
[5.175s] [ 72%] Built target more_interfaces__py
[5.206s] [ 75%] [32mBuilding C object CMakeFiles/more_interfaces__rosidl_generator_py.dir/rosidl_generator_py/more_interfaces/msg/_address_book_s.c.o[0m
[5.349s] [ 78%] [32m[1mLinking C shared library rosidl_generator_py/more_interfaces/libmore_interfaces__rosidl_generator_py.so[0m
[5.411s] [ 78%] Built target more_interfaces__rosidl_generator_py
[5.461s] [ 81%] [32mBuilding C object CMakeFiles/more_interfaces__rosidl_typesupport_fastrtps_c__pyext.dir/rosidl_generator_py/more_interfaces/_more_interfaces_s.ep.rosidl_typesupport_fastrtps_c.c.o[0m
[5.607s] [ 84%] [32m[1mLinking C shared library rosidl_generator_py/more_interfaces/more_interfaces_s__rosidl_typesupport_fastrtps_c.cpython-310-aarch64-linux-gnu.so[0m
[5.717s] [ 84%] Built target more_interfaces__rosidl_typesupport_fastrtps_c__pyext
[5.818s] [ 87%] [32mBuilding C object CMakeFiles/more_interfaces__rosidl_typesupport_introspection_c__pyext.dir/rosidl_generator_py/more_interfaces/_more_interfaces_s.ep.rosidl_typesupport_introspection_c.c.o[0m
[5.960s] [ 90%] [32m[1mLinking C shared library rosidl_generator_py/more_interfaces/more_interfaces_s__rosidl_typesupport_introspection_c.cpython-310-aarch64-linux-gnu.so[0m
[6.040s] [ 90%] Built target more_interfaces__rosidl_typesupport_introspection_c__pyext
[6.100s] [ 93%] [32mBuilding C object CMakeFiles/more_interfaces__rosidl_typesupport_c__pyext.dir/rosidl_generator_py/more_interfaces/_more_interfaces_s.ep.rosidl_typesupport_c.c.o[0m
[6.220s] [ 96%] [32m[1mLinking C shared library rosidl_generator_py/more_interfaces/more_interfaces_s__rosidl_typesupport_c.cpython-310-aarch64-linux-gnu.so[0m
[6.309s] [ 96%] Built target more_interfaces__rosidl_typesupport_c__pyext
[6.753s] [100%] [32m[1mLinking CXX executable publish_address_book[0m
[6.971s] [100%] Built target publish_address_book
[7.002s] Invoked command in '/home/zheka/Smart-Mobility-Engineering-Lab/ros2_ws/src/build/more_interfaces' returned '0': CMAKE_PREFIX_PATH=/opt/ros/humble /usr/bin/cmake --build /home/zheka/Smart-Mobility-Engineering-Lab/ros2_ws/src/build/more_interfaces -- -j2 -l2
[7.319s] Invoking command in '/home/zheka/Smart-Mobility-Engineering-Lab/ros2_ws/src/build/more_interfaces': CMAKE_PREFIX_PATH=/opt/ros/humble /usr/bin/cmake --install /home/zheka/Smart-Mobility-Engineering-Lab/ros2_ws/src/build/more_interfaces
[7.326s] -- Install configuration: ""
[7.329s] -- Installing: /home/zheka/Smart-Mobility-Engineering-Lab/ros2_ws/src/install/more_interfaces/share/ament_index/resource_index/rosidl_interfaces/more_interfaces
[7.329s] -- Installing: /home/zheka/Smart-Mobility-Engineering-Lab/ros2_ws/src/install/more_interfaces/include/more_interfaces/more_interfaces
[7.329s] -- Installing: /home/zheka/Smart-Mobility-Engineering-Lab/ros2_ws/src/install/more_interfaces/include/more_interfaces/more_interfaces/msg
[7.330s] -- Installing: /home/zheka/Smart-Mobility-Engineering-Lab/ros2_ws/src/install/more_interfaces/include/more_interfaces/more_interfaces/msg/rosidl_generator_c__visibility_control.h
[7.330s] -- Installing: /home/zheka/Smart-Mobility-Engineering-Lab/ros2_ws/src/install/more_interfaces/include/more_interfaces/more_interfaces/msg/detail
[7.330s] -- Installing: /home/zheka/Smart-Mobility-Engineering-Lab/ros2_ws/src/install/more_interfaces/include/more_interfaces/more_interfaces/msg/detail/address_book__functions.h
[7.330s] -- Installing: /home/zheka/Smart-Mobility-Engineering-Lab/ros2_ws/src/install/more_interfaces/include/more_interfaces/more_interfaces/msg/detail/address_book__struct.h
[7.330s] -- Installing: /home/zheka/Smart-Mobility-Engineering-Lab/ros2_ws/src/install/more_interfaces/include/more_interfaces/more_interfaces/msg/detail/address_book__type_support.h
[7.330s] -- Installing: /home/zheka/Smart-Mobility-Engineering-Lab/ros2_ws/src/install/more_interfaces/include/more_interfaces/more_interfaces/msg/detail/address_book__functions.c
[7.330s] -- Installing: /home/zheka/Smart-Mobility-Engineering-Lab/ros2_ws/src/install/more_interfaces/include/more_interfaces/more_interfaces/msg/address_book.h
[7.330s] -- Installing: /home/zheka/Smart-Mobility-Engineering-Lab/ros2_ws/src/install/more_interfaces/share/more_interfaces/environment/library_path.sh
[7.330s] -- Installing: /home/zheka/Smart-Mobility-Engineering-Lab/ros2_ws/src/install/more_interfaces/share/more_interfaces/environment/library_path.dsv
[7.330s] -- Installing: /home/zheka/Smart-Mobility-Engineering-Lab/ros2_ws/src/install/more_interfaces/lib/libmore_interfaces__rosidl_generator_c.so
[7.330s] -- Set runtime path of "/home/zheka/Smart-Mobility-Engineering-Lab/ros2_ws/src/install/more_interfaces/lib/libmore_interfaces__rosidl_generator_c.so" to ""
[7.330s] -- Up-to-date: /home/zheka/Smart-Mobility-Engineering-Lab/ros2_ws/src/install/more_interfaces/include/more_interfaces/more_interfaces
[7.330s] -- Up-to-date: /home/zheka/Smart-Mobility-Engineering-Lab/ros2_ws/src/install/more_interfaces/include/more_interfaces/more_interfaces/msg
[7.330s] -- Installing: /home/zheka/Smart-Mobility-Engineering-Lab/ros2_ws/src/install/more_interfaces/include/more_interfaces/more_interfaces/msg/rosidl_typesupport_fastrtps_c__visibility_control.h
[7.331s] -- Up-to-date: /home/zheka/Smart-Mobility-Engineering-Lab/ros2_ws/src/install/more_interfaces/include/more_interfaces/more_interfaces/msg/detail
[7.331s] -- Installing: /home/zheka/Smart-Mobility-Engineering-Lab/ros2_ws/src/install/more_interfaces/include/more_interfaces/more_interfaces/msg/detail/address_book__rosidl_typesupport_fastrtps_c.h
[7.331s] -- Installing: /home/zheka/Smart-Mobility-Engineering-Lab/ros2_ws/src/install/more_interfaces/lib/libmore_interfaces__rosidl_typesupport_fastrtps_c.so
[7.331s] -- Set runtime path of "/home/zheka/Smart-Mobility-Engineering-Lab/ros2_ws/src/install/more_interfaces/lib/libmore_interfaces__rosidl_typesupport_fastrtps_c.so" to ""
[7.331s] -- Up-to-date: /home/zheka/Smart-Mobility-Engineering-Lab/ros2_ws/src/install/more_interfaces/include/more_interfaces/more_interfaces
[7.331s] -- Up-to-date: /home/zheka/Smart-Mobility-Engineering-Lab/ros2_ws/src/install/more_interfaces/include/more_interfaces/more_interfaces/msg
[7.331s] -- Installing: /home/zheka/Smart-Mobility-Engineering-Lab/ros2_ws/src/install/more_interfaces/include/more_interfaces/more_interfaces/msg/rosidl_typesupport_introspection_c__visibility_control.h
[7.331s] -- Up-to-date: /home/zheka/Smart-Mobility-Engineering-Lab/ros2_ws/src/install/more_interfaces/include/more_interfaces/more_interfaces/msg/detail
[7.331s] -- Installing: /home/zheka/Smart-Mobility-Engineering-Lab/ros2_ws/src/install/more_interfaces/include/more_interfaces/more_interfaces/msg/detail/address_book__type_support.c
[7.331s] -- Installing: /home/zheka/Smart-Mobility-Engineering-Lab/ros2_ws/src/install/more_interfaces/include/more_interfaces/more_interfaces/msg/detail/address_book__rosidl_typesupport_introspection_c.h
[7.331s] -- Installing: /home/zheka/Smart-Mobility-Engineering-Lab/ros2_ws/src/install/more_interfaces/lib/libmore_interfaces__rosidl_typesupport_introspection_c.so
[7.331s] -- Set runtime path of "/home/zheka/Smart-Mobility-Engineering-Lab/ros2_ws/src/install/more_interfaces/lib/libmore_interfaces__rosidl_typesupport_introspection_c.so" to ""
[7.331s] -- Installing: /home/zheka/Smart-Mobility-Engineering-Lab/ros2_ws/src/install/more_interfaces/lib/libmore_interfaces__rosidl_typesupport_c.so
[7.331s] -- Set runtime path of "/home/zheka/Smart-Mobility-Engineering-Lab/ros2_ws/src/install/more_interfaces/lib/libmore_interfaces__rosidl_typesupport_c.so" to ""
[7.331s] -- Up-to-date: /home/zheka/Smart-Mobility-Engineering-Lab/ros2_ws/src/install/more_interfaces/include/more_interfaces/more_interfaces
[7.331s] -- Up-to-date: /home/zheka/Smart-Mobility-Engineering-Lab/ros2_ws/src/install/more_interfaces/include/more_interfaces/more_interfaces/msg
[7.331s] -- Installing: /home/zheka/Smart-Mobility-Engineering-Lab/ros2_ws/src/install/more_interfaces/include/more_interfaces/more_interfaces/msg/address_book.hpp
[7.332s] -- Up-to-date: /home/zheka/Smart-Mobility-Engineering-Lab/ros2_ws/src/install/more_interfaces/include/more_interfaces/more_interfaces/msg/detail
[7.332s] -- Installing: /home/zheka/Smart-Mobility-Engineering-Lab/ros2_ws/src/install/more_interfaces/include/more_interfaces/more_interfaces/msg/detail/address_book__traits.hpp
[7.332s] -- Installing: /home/zheka/Smart-Mobility-Engineering-Lab/ros2_ws/src/install/more_interfaces/include/more_interfaces/more_interfaces/msg/detail/address_book__builder.hpp
[7.332s] -- Installing: /home/zheka/Smart-Mobility-Engineering-Lab/ros2_ws/src/install/more_interfaces/include/more_interfaces/more_interfaces/msg/detail/address_book__struct.hpp
[7.332s] -- Up-to-date: /home/zheka/Smart-Mobility-Engineering-Lab/ros2_ws/src/install/more_interfaces/include/more_interfaces/more_interfaces
[7.332s] -- Up-to-date: /home/zheka/Smart-Mobility-Engineering-Lab/ros2_ws/src/install/more_interfaces/include/more_interfaces/more_interfaces/msg
[7.332s] -- Installing: /home/zheka/Smart-Mobility-Engineering-Lab/ros2_ws/src/install/more_interfaces/include/more_interfaces/more_interfaces/msg/rosidl_typesupport_fastrtps_cpp__visibility_control.h
[7.332s] -- Up-to-date: /home/zheka/Smart-Mobility-Engineering-Lab/ros2_ws/src/install/more_interfaces/include/more_interfaces/more_interfaces/msg/detail
[7.332s] -- Installing: /home/zheka/Smart-Mobility-Engineering-Lab/ros2_ws/src/install/more_interfaces/include/more_interfaces/more_interfaces/msg/detail/address_book__rosidl_typesupport_fastrtps_cpp.hpp
[7.332s] -- Installing: /home/zheka/Smart-Mobility-Engineering-Lab/ros2_ws/src/install/more_interfaces/include/more_interfaces/more_interfaces/msg/detail/dds_fastrtps
[7.332s] -- Installing: /home/zheka/Smart-Mobility-Engineering-Lab/ros2_ws/src/install/more_interfaces/lib/libmore_interfaces__rosidl_typesupport_fastrtps_cpp.so
[7.333s] -- Set runtime path of "/home/zheka/Smart-Mobility-Engineering-Lab/ros2_ws/src/install/more_interfaces/lib/libmore_interfaces__rosidl_typesupport_fastrtps_cpp.so" to ""
[7.333s] -- Up-to-date: /home/zheka/Smart-Mobility-Engineering-Lab/ros2_ws/src/install/more_interfaces/include/more_interfaces/more_interfaces
[7.333s] -- Up-to-date: /home/zheka/Smart-Mobility-Engineering-Lab/ros2_ws/src/install/more_interfaces/include/more_interfaces/more_interfaces/msg
[7.333s] -- Up-to-date: /home/zheka/Smart-Mobility-Engineering-Lab/ros2_ws/src/install/more_interfaces/include/more_interfaces/more_interfaces/msg/detail
[7.333s] -- Installing: /home/zheka/Smart-Mobility-Engineering-Lab/ros2_ws/src/install/more_interfaces/include/more_interfaces/more_interfaces/msg/detail/address_book__rosidl_typesupport_introspection_cpp.hpp
[7.333s] -- Installing: /home/zheka/Smart-Mobility-Engineering-Lab/ros2_ws/src/install/more_interfaces/include/more_interfaces/more_interfaces/msg/detail/address_book__type_support.cpp
[7.333s] -- Installing: /home/zheka/Smart-Mobility-Engineering-Lab/ros2_ws/src/install/more_interfaces/lib/libmore_interfaces__rosidl_typesupport_introspection_cpp.so
[7.334s] -- Set runtime path of "/home/zheka/Smart-Mobility-Engineering-Lab/ros2_ws/src/install/more_interfaces/lib/libmore_interfaces__rosidl_typesupport_introspection_cpp.so" to ""
[7.334s] -- Installing: /home/zheka/Smart-Mobility-Engineering-Lab/ros2_ws/src/install/more_interfaces/lib/libmore_interfaces__rosidl_typesupport_cpp.so
[7.334s] -- Set runtime path of "/home/zheka/Smart-Mobility-Engineering-Lab/ros2_ws/src/install/more_interfaces/lib/libmore_interfaces__rosidl_typesupport_cpp.so" to ""
[7.334s] -- Installing: /home/zheka/Smart-Mobility-Engineering-Lab/ros2_ws/src/install/more_interfaces/share/more_interfaces/environment/pythonpath.sh
[7.334s] -- Installing: /home/zheka/Smart-Mobility-Engineering-Lab/ros2_ws/src/install/more_interfaces/share/more_interfaces/environment/pythonpath.dsv
[7.334s] -- Installing: /home/zheka/Smart-Mobility-Engineering-Lab/ros2_ws/src/install/more_interfaces/local/lib/python3.10/dist-packages/more_interfaces-0.0.0-py3.10.egg-info
[7.334s] -- Installing: /home/zheka/Smart-Mobility-Engineering-Lab/ros2_ws/src/install/more_interfaces/local/lib/python3.10/dist-packages/more_interfaces-0.0.0-py3.10.egg-info/top_level.txt
[7.341s] -- Installing: /home/zheka/Smart-Mobility-Engineering-Lab/ros2_ws/src/install/more_interfaces/local/lib/python3.10/dist-packages/more_interfaces-0.0.0-py3.10.egg-info/PKG-INFO
[7.341s] -- Installing: /home/zheka/Smart-Mobility-Engineering-Lab/ros2_ws/src/install/more_interfaces/local/lib/python3.10/dist-packages/more_interfaces-0.0.0-py3.10.egg-info/SOURCES.txt
[7.341s] -- Installing: /home/zheka/Smart-Mobility-Engineering-Lab/ros2_ws/src/install/more_interfaces/local/lib/python3.10/dist-packages/more_interfaces-0.0.0-py3.10.egg-info/dependency_links.txt
[7.341s] -- Installing: /home/zheka/Smart-Mobility-Engineering-Lab/ros2_ws/src/install/more_interfaces/local/lib/python3.10/dist-packages/more_interfaces
[7.342s] -- Installing: /home/zheka/Smart-Mobility-Engineering-Lab/ros2_ws/src/install/more_interfaces/local/lib/python3.10/dist-packages/more_interfaces/__init__.py
[7.342s] -- Installing: /home/zheka/Smart-Mobility-Engineering-Lab/ros2_ws/src/install/more_interfaces/local/lib/python3.10/dist-packages/more_interfaces/_more_interfaces_s.ep.rosidl_typesupport_introspection_c.c
[7.342s] -- Installing: /home/zheka/Smart-Mobility-Engineering-Lab/ros2_ws/src/install/more_interfaces/local/lib/python3.10/dist-packages/more_interfaces/_more_interfaces_s.ep.rosidl_typesupport_fastrtps_c.c
[7.342s] -- Installing: /home/zheka/Smart-Mobility-Engineering-Lab/ros2_ws/src/install/more_interfaces/local/lib/python3.10/dist-packages/more_interfaces/msg
[7.342s] -- Installing: /home/zheka/Smart-Mobility-Engineering-Lab/ros2_ws/src/install/more_interfaces/local/lib/python3.10/dist-packages/more_interfaces/msg/__init__.py
[7.342s] -- Installing: /home/zheka/Smart-Mobility-Engineering-Lab/ros2_ws/src/install/more_interfaces/local/lib/python3.10/dist-packages/more_interfaces/msg/_address_book.py
[7.342s] -- Installing: /home/zheka/Smart-Mobility-Engineering-Lab/ros2_ws/src/install/more_interfaces/local/lib/python3.10/dist-packages/more_interfaces/msg/_address_book_s.c
[7.342s] -- Installing: /home/zheka/Smart-Mobility-Engineering-Lab/ros2_ws/src/install/more_interfaces/local/lib/python3.10/dist-packages/more_interfaces/more_interfaces_s__rosidl_typesupport_c.cpython-310-aarch64-linux-gnu.so
[7.342s] -- Installing: /home/zheka/Smart-Mobility-Engineering-Lab/ros2_ws/src/install/more_interfaces/local/lib/python3.10/dist-packages/more_interfaces/more_interfaces_s__rosidl_typesupport_introspection_c.cpython-310-aarch64-linux-gnu.so
[7.342s] -- Installing: /home/zheka/Smart-Mobility-Engineering-Lab/ros2_ws/src/install/more_interfaces/local/lib/python3.10/dist-packages/more_interfaces/more_interfaces_s__rosidl_typesupport_fastrtps_c.cpython-310-aarch64-linux-gnu.so
[7.342s] -- Installing: /home/zheka/Smart-Mobility-Engineering-Lab/ros2_ws/src/install/more_interfaces/local/lib/python3.10/dist-packages/more_interfaces/_more_interfaces_s.ep.rosidl_typesupport_c.c
[7.342s] -- Installing: /home/zheka/Smart-Mobility-Engineering-Lab/ros2_ws/src/install/more_interfaces/local/lib/python3.10/dist-packages/more_interfaces/libmore_interfaces__rosidl_generator_py.so
[7.361s] Listing '/home/zheka/Smart-Mobility-Engineering-Lab/ros2_ws/src/install/more_interfaces/local/lib/python3.10/dist-packages/more_interfaces'...
[7.361s] Compiling '/home/zheka/Smart-Mobility-Engineering-Lab/ros2_ws/src/install/more_interfaces/local/lib/python3.10/dist-packages/more_interfaces/__init__.py'...
[7.361s] Listing '/home/zheka/Smart-Mobility-Engineering-Lab/ros2_ws/src/install/more_interfaces/local/lib/python3.10/dist-packages/more_interfaces/msg'...
[7.361s] Compiling '/home/zheka/Smart-Mobility-Engineering-Lab/ros2_ws/src/install/more_interfaces/local/lib/python3.10/dist-packages/more_interfaces/msg/__init__.py'...
[7.361s] Compiling '/home/zheka/Smart-Mobility-Engineering-Lab/ros2_ws/src/install/more_interfaces/local/lib/python3.10/dist-packages/more_interfaces/msg/_address_book.py'...
[7.364s] -- Installing: /home/zheka/Smart-Mobility-Engineering-Lab/ros2_ws/src/install/more_interfaces/local/lib/python3.10/dist-packages/more_interfaces/more_interfaces_s__rosidl_typesupport_fastrtps_c.cpython-310-aarch64-linux-gnu.so
[7.364s] -- Set runtime path of "/home/zheka/Smart-Mobility-Engineering-Lab/ros2_ws/src/install/more_interfaces/local/lib/python3.10/dist-packages/more_interfaces/more_interfaces_s__rosidl_typesupport_fastrtps_c.cpython-310-aarch64-linux-gnu.so" to ""
[7.365s] -- Installing: /home/zheka/Smart-Mobility-Engineering-Lab/ros2_ws/src/install/more_interfaces/local/lib/python3.10/dist-packages/more_interfaces/more_interfaces_s__rosidl_typesupport_introspection_c.cpython-310-aarch64-linux-gnu.so
[7.365s] -- Set runtime path of "/home/zheka/Smart-Mobility-Engineering-Lab/ros2_ws/src/install/more_interfaces/local/lib/python3.10/dist-packages/more_interfaces/more_interfaces_s__rosidl_typesupport_introspection_c.cpython-310-aarch64-linux-gnu.so" to ""
[7.365s] -- Installing: /home/zheka/Smart-Mobility-Engineering-Lab/ros2_ws/src/install/more_interfaces/local/lib/python3.10/dist-packages/more_interfaces/more_interfaces_s__rosidl_typesupport_c.cpython-310-aarch64-linux-gnu.so
[7.365s] -- Set runtime path of "/home/zheka/Smart-Mobility-Engineering-Lab/ros2_ws/src/install/more_interfaces/local/lib/python3.10/dist-packages/more_interfaces/more_interfaces_s__rosidl_typesupport_c.cpython-310-aarch64-linux-gnu.so" to ""
[7.365s] -- Installing: /home/zheka/Smart-Mobility-Engineering-Lab/ros2_ws/src/install/more_interfaces/lib/libmore_interfaces__rosidl_generator_py.so
[7.365s] -- Set runtime path of "/home/zheka/Smart-Mobility-Engineering-Lab/ros2_ws/src/install/more_interfaces/lib/libmore_interfaces__rosidl_generator_py.so" to ""
[7.366s] -- Installing: /home/zheka/Smart-Mobility-Engineering-Lab/ros2_ws/src/install/more_interfaces/share/more_interfaces/msg/AddressBook.idl
[7.366s] -- Installing: /home/zheka/Smart-Mobility-Engineering-Lab/ros2_ws/src/install/more_interfaces/share/more_interfaces/msg/AddressBook.msg
[7.366s] -- Installing: /home/zheka/Smart-Mobility-Engineering-Lab/ros2_ws/src/install/more_interfaces/lib/more_interfaces/publish_address_book
[7.366s] -- Set runtime path of "/home/zheka/Smart-Mobility-Engineering-Lab/ros2_ws/src/install/more_interfaces/lib/more_interfaces/publish_address_book" to ""
[7.367s] -- Installing: /home/zheka/Smart-Mobility-Engineering-Lab/ros2_ws/src/install/more_interfaces/share/ament_index/resource_index/package_run_dependencies/more_interfaces
[7.367s] -- Installing: /home/zheka/Smart-Mobility-Engineering-Lab/ros2_ws/src/install/more_interfaces/share/ament_index/resource_index/parent_prefix_path/more_interfaces
[7.367s] -- Installing: /home/zheka/Smart-Mobility-Engineering-Lab/ros2_ws/src/install/more_interfaces/share/more_interfaces/environment/ament_prefix_path.sh
[7.367s] -- Installing: /home/zheka/Smart-Mobility-Engineering-Lab/ros2_ws/src/install/more_interfaces/share/more_interfaces/environment/ament_prefix_path.dsv
[7.367s] -- Installing: /home/zheka/Smart-Mobility-Engineering-Lab/ros2_ws/src/install/more_interfaces/share/more_interfaces/environment/path.sh
[7.367s] -- Installing: /home/zheka/Smart-Mobility-Engineering-Lab/ros2_ws/src/install/more_interfaces/share/more_interfaces/environment/path.dsv
[7.368s] -- Installing: /home/zheka/Smart-Mobility-Engineering-Lab/ros2_ws/src/install/more_interfaces/share/more_interfaces/local_setup.bash
[7.368s] -- Installing: /home/zheka/Smart-Mobility-Engineering-Lab/ros2_ws/src/install/more_interfaces/share/more_interfaces/local_setup.sh
[7.368s] -- Installing: /home/zheka/Smart-Mobility-Engineering-Lab/ros2_ws/src/install/more_interfaces/share/more_interfaces/local_setup.zsh
[7.368s] -- Installing: /home/zheka/Smart-Mobility-Engineering-Lab/ros2_ws/src/install/more_interfaces/share/more_interfaces/local_setup.dsv
[7.368s] -- Installing: /home/zheka/Smart-Mobility-Engineering-Lab/ros2_ws/src/install/more_interfaces/share/more_interfaces/package.dsv
[7.368s] -- Installing: /home/zheka/Smart-Mobility-Engineering-Lab/ros2_ws/src/install/more_interfaces/share/ament_index/resource_index/packages/more_interfaces
[7.368s] -- Installing: /home/zheka/Smart-Mobility-Engineering-Lab/ros2_ws/src/install/more_interfaces/share/more_interfaces/cmake/export_more_interfaces__rosidl_generator_cExport.cmake
[7.369s] -- Installing: /home/zheka/Smart-Mobility-Engineering-Lab/ros2_ws/src/install/more_interfaces/share/more_interfaces/cmake/export_more_interfaces__rosidl_generator_cExport-noconfig.cmake
[7.369s] -- Installing: /home/zheka/Smart-Mobility-Engineering-Lab/ros2_ws/src/install/more_interfaces/share/more_interfaces/cmake/export_more_interfaces__rosidl_typesupport_fastrtps_cExport.cmake
[7.369s] -- Installing: /home/zheka/Smart-Mobility-Engineering-Lab/ros2_ws/src/install/more_interfaces/share/more_interfaces/cmake/export_more_interfaces__rosidl_typesupport_fastrtps_cExport-noconfig.cmake
[7.369s] -- Installing: /home/zheka/Smart-Mobility-Engineering-Lab/ros2_ws/src/install/more_interfaces/share/more_interfaces/cmake/more_interfaces__rosidl_typesupport_introspection_cExport.cmake
[7.369s] -- Installing: /home/zheka/Smart-Mobility-Engineering-Lab/ros2_ws/src/install/more_interfaces/share/more_interfaces/cmake/more_interfaces__rosidl_typesupport_introspection_cExport-noconfig.cmake
[7.370s] -- Installing: /home/zheka/Smart-Mobility-Engineering-Lab/ros2_ws/src/install/more_interfaces/share/more_interfaces/cmake/more_interfaces__rosidl_typesupport_cExport.cmake
[7.370s] -- Installing: /home/zheka/Smart-Mobility-Engineering-Lab/ros2_ws/src/install/more_interfaces/share/more_interfaces/cmake/more_interfaces__rosidl_typesupport_cExport-noconfig.cmake
[7.370s] -- Installing: /home/zheka/Smart-Mobility-Engineering-Lab/ros2_ws/src/install/more_interfaces/share/more_interfaces/cmake/export_more_interfaces__rosidl_generator_cppExport.cmake
[7.370s] -- Installing: /home/zheka/Smart-Mobility-Engineering-Lab/ros2_ws/src/install/more_interfaces/share/more_interfaces/cmake/export_more_interfaces__rosidl_typesupport_fastrtps_cppExport.cmake
[7.370s] -- Installing: /home/zheka/Smart-Mobility-Engineering-Lab/ros2_ws/src/install/more_interfaces/share/more_interfaces/cmake/export_more_interfaces__rosidl_typesupport_fastrtps_cppExport-noconfig.cmake
[7.370s] -- Installing: /home/zheka/Smart-Mobility-Engineering-Lab/ros2_ws/src/install/more_interfaces/share/more_interfaces/cmake/more_interfaces__rosidl_typesupport_introspection_cppExport.cmake
[7.371s] -- Installing: /home/zheka/Smart-Mobility-Engineering-Lab/ros2_ws/src/install/more_interfaces/share/more_interfaces/cmake/more_interfaces__rosidl_typesupport_introspection_cppExport-noconfig.cmake
[7.371s] -- Installing: /home/zheka/Smart-Mobility-Engineering-Lab/ros2_ws/src/install/more_interfaces/share/more_interfaces/cmake/more_interfaces__rosidl_typesupport_cppExport.cmake
[7.371s] -- Installing: /home/zheka/Smart-Mobility-Engineering-Lab/ros2_ws/src/install/more_interfaces/share/more_interfaces/cmake/more_interfaces__rosidl_typesupport_cppExport-noconfig.cmake
[7.371s] -- Installing: /home/zheka/Smart-Mobility-Engineering-Lab/ros2_ws/src/install/more_interfaces/share/more_interfaces/cmake/export_more_interfaces__rosidl_generator_pyExport.cmake
[7.371s] -- Installing: /home/zheka/Smart-Mobility-Engineering-Lab/ros2_ws/src/install/more_interfaces/share/more_interfaces/cmake/export_more_interfaces__rosidl_generator_pyExport-noconfig.cmake
[7.371s] -- Installing: /home/zheka/Smart-Mobility-Engineering-Lab/ros2_ws/src/install/more_interfaces/share/more_interfaces/cmake/rosidl_cmake-extras.cmake
[7.372s] -- Installing: /home/zheka/Smart-Mobility-Engineering-Lab/ros2_ws/src/install/more_interfaces/share/more_interfaces/cmake/ament_cmake_export_include_directories-extras.cmake
[7.372s] -- Installing: /home/zheka/Smart-Mobility-Engineering-Lab/ros2_ws/src/install/more_interfaces/share/more_interfaces/cmake/ament_cmake_export_libraries-extras.cmake
[7.372s] -- Installing: /home/zheka/Smart-Mobility-Engineering-Lab/ros2_ws/src/install/more_interfaces/share/more_interfaces/cmake/ament_cmake_export_targets-extras.cmake
[7.372s] -- Installing: /home/zheka/Smart-Mobility-Engineering-Lab/ros2_ws/src/install/more_interfaces/share/more_interfaces/cmake/rosidl_cmake_export_typesupport_targets-extras.cmake
[7.372s] -- Installing: /home/zheka/Smart-Mobility-Engineering-Lab/ros2_ws/src/install/more_interfaces/share/more_interfaces/cmake/ament_cmake_export_dependencies-extras.cmake
[7.372s] -- Installing: /home/zheka/Smart-Mobility-Engineering-Lab/ros2_ws/src/install/more_interfaces/share/more_interfaces/cmake/rosidl_cmake_export_typesupport_libraries-extras.cmake
[7.373s] -- Installing: /home/zheka/Smart-Mobility-Engineering-Lab/ros2_ws/src/install/more_interfaces/share/more_interfaces/cmake/more_interfacesConfig.cmake
[7.373s] -- Installing: /home/zheka/Smart-Mobility-Engineering-Lab/ros2_ws/src/install/more_interfaces/share/more_interfaces/cmake/more_interfacesConfig-version.cmake
[7.374s] -- Installing: /home/zheka/Smart-Mobility-Engineering-Lab/ros2_ws/src/install/more_interfaces/share/more_interfaces/package.xml
[7.376s] Invoked command in '/home/zheka/Smart-Mobility-Engineering-Lab/ros2_ws/src/build/more_interfaces' returned '0': CMAKE_PREFIX_PATH=/opt/ros/humble /usr/bin/cmake --install /home/zheka/Smart-Mobility-Engineering-Lab/ros2_ws/src/build/more_interfaces
