[0.028s] Invoking command in '/home/zheka/Smart-Mobility-Engineering-Lab/ros2_ws/build/tutorial_interfaces': CMAKE_PREFIX_PATH=${CMAKE_PREFIX_PATH}:/opt/ros/humble /usr/bin/cmake --build /home/zheka/Smart-Mobility-Engineering-Lab/ros2_ws/build/tutorial_interfaces -- -j2 -l2
[0.051s] -- Found ament_cmake: 1.3.5 (/opt/ros/humble/share/ament_cmake/cmake)
[0.130s] -- Found ament_lint_auto: 0.12.8 (/opt/ros/humble/share/ament_lint_auto/cmake)
[0.166s] -- Found geometry_msgs: 4.2.3 (/opt/ros/humble/share/geometry_msgs/cmake)
[0.182s] -- Found rosidl_generator_c: 3.1.5 (/opt/ros/humble/share/rosidl_generator_c/cmake)
[0.184s] -- Found rosidl_adapter: 3.1.5 (/opt/ros/humble/share/rosidl_adapter/cmake)
[0.188s] -- Found rosidl_generator_cpp: 3.1.5 (/opt/ros/humble/share/rosidl_generator_cpp/cmake)
[0.195s] -- Using all available rosidl_typesupport_c: rosidl_typesupport_fastrtps_c;rosidl_typesupport_introspection_c
[0.206s] -- Using all available rosidl_typesupport_cpp: rosidl_typesupport_fastrtps_cpp;rosidl_typesupport_introspection_cpp
[0.296s] -- Found rosidl_default_generators: 1.2.0 (/opt/ros/humble/share/rosidl_default_generators/cmake)
[0.395s] [31mCMake Error at /opt/ros/humble/share/rosidl_adapter/cmake/rosidl_adapt_interfaces.cmake:59 (message):
[0.395s]   execute_process(/usr/bin/python3.10 -m rosidl_adapter --package-name
[0.395s]   tutorial_interfaces --arguments-file
[0.395s]   /home/zheka/Smart-Mobility-Engineering-Lab/ros2_ws/build/tutorial_interfaces/rosidl_adapter__arguments__tutorial_interfaces.json
[0.395s]   --output-dir
[0.395s]   /home/zheka/Smart-Mobility-Engineering-Lab/ros2_ws/build/tutorial_interfaces/rosidl_adapter/tutorial_interfaces
[0.395s]   --output-file
[0.395s]   /home/zheka/Smart-Mobility-Engineering-Lab/ros2_ws/build/tutorial_interfaces/rosidl_adapter/tutorial_interfaces.idls)
[0.395s]   returned error code 1:
[0.395s] 
[0.395s]   Traceback (most recent call last):
[0.395s] 
[0.395s]     File "/usr/lib/python3.10/runpy.py", line 196, in _run_module_as_main
[0.395s]       return _run_code(code, main_globals, None,
[0.395s]     File "/usr/lib/python3.10/runpy.py", line 86, in _run_code
[0.395s]       exec(code, run_globals)
[0.395s]     File "/opt/ros/humble/local/lib/python3.10/dist-packages/rosidl_adapter/__main__.py", line 19, in <module>
[0.395s]       sys.exit(main())
[0.395s]     File "/opt/ros/humble/local/lib/python3.10/dist-packages/rosidl_adapter/main.py", line 53, in main
[0.395s]       abs_idl_file = convert_to_idl(
[0.396s]     File "/opt/ros/humble/local/lib/python3.10/dist-packages/rosidl_adapter/__init__.py", line 19, in convert_to_idl
[0.396s]       return convert_msg_to_idl(
[0.396s]     File "/opt/ros/humble/local/lib/python3.10/dist-packages/rosidl_adapter/msg/__init__.py", line 28, in convert_msg_to_idl
[0.396s]       msg = parse_message_string(package_name, input_file.stem, content)
[0.396s]     File "/opt/ros/humble/local/lib/python3.10/dist-packages/rosidl_adapter/parser.py", line 544, in parse_message_string
[0.396s]       msg = MessageSpecification(pkg_name, msg_name, fields, constants)
[0.396s]     File "/opt/ros/humble/local/lib/python3.10/dist-packages/rosidl_adapter/parser.py", line 403, in __init__
[0.396s]       raise ValueError(
[0.396s] 
[0.396s]   ValueError: the fields iterable contains duplicate names: num
[0.396s] 
[0.396s] Call Stack (most recent call first):
[0.396s]   /opt/ros/humble/share/rosidl_cmake/cmake/rosidl_generate_interfaces.cmake:130 (rosidl_adapt_interfaces)
[0.396s]   CMakeLists.txt:29 (rosidl_generate_interfaces)
[0.396s] 
[0.396s] [0m
[0.396s] -- Configuring incomplete, errors occurred!
[0.396s] See also "/home/zheka/Smart-Mobility-Engineering-Lab/ros2_ws/build/tutorial_interfaces/CMakeFiles/CMakeOutput.log".
[0.398s] gmake: *** [Makefile:1179: cmake_check_build_system] Error 1
[0.400s] Invoked command in '/home/zheka/Smart-Mobility-Engineering-Lab/ros2_ws/build/tutorial_interfaces' returned '2': CMAKE_PREFIX_PATH=${CMAKE_PREFIX_PATH}:/opt/ros/humble /usr/bin/cmake --build /home/zheka/Smart-Mobility-Engineering-Lab/ros2_ws/build/tutorial_interfaces -- -j2 -l2
