[0.086s] Invoking command in '/home/risimon/mateEZ/vip1_ws/build/turtlebot3_simulations': AMENT_PREFIX_PATH=/home/risimon/mateEZ/vip1_ws/install/turtlebot3_gazebo:/home/risimon/mateEZ/vip1_ws/install/turtlebot3_fake_node:${AMENT_PREFIX_PATH} CMAKE_PREFIX_PATH=/home/risimon/mateEZ/vip1_ws/install/turtlebot3_gazebo:/home/risimon/mateEZ/vip1_ws/install/turtlebot3_fake_node:/home/risimon/turtlebot3_ws/install/turtlebot3_simulations:/home/risimon/turtlebot3_ws/install/turtlebot3_gazebo:/home/risimon/turtlebot3_ws/install/turtlebot3_fake_node:/home/risimon/turtlebot3_ws/install/turtlebot3_safety:/home/risimon/turtlebot3_ws/install/turtlebot3_battery_status:/home/risimon/tst/install/turtlebot3_safety:/opt/ros/humble /usr/bin/cmake /home/risimon/mateEZ/vip1_ws/src/turtlebot3_simulations/turtlebot3_simulations -DCMAKE_INSTALL_PREFIX=/home/risimon/mateEZ/vip1_ws/install/turtlebot3_simulations
[0.179s] -- The C compiler identification is GNU 11.4.0
[0.249s] -- The CXX compiler identification is GNU 11.4.0
[0.259s] -- Detecting C compiler ABI info
[0.373s] -- Detecting C compiler ABI info - done
[0.380s] -- Check for working C compiler: /usr/bin/cc - skipped
[0.380s] -- Detecting C compile features
[0.380s] -- Detecting C compile features - done
[0.384s] -- Detecting CXX compiler ABI info
[0.522s] -- Detecting CXX compiler ABI info - done
[0.529s] -- Check for working CXX compiler: /usr/bin/c++ - skipped
[0.530s] -- Detecting CXX compile features
[0.530s] -- Detecting CXX compile features - done
[0.534s] -- Found ament_cmake: 1.3.6 (/opt/ros/humble/share/ament_cmake/cmake)
[0.793s] -- Found Python3: /usr/bin/python3.10 (found version "3.10.12") found components: Interpreter 
[1.045s] -- Configuring done
[1.049s] -- Generating done
[1.049s] -- Build files have been written to: /home/risimon/mateEZ/vip1_ws/build/turtlebot3_simulations
[1.055s] Invoked command in '/home/risimon/mateEZ/vip1_ws/build/turtlebot3_simulations' returned '0': AMENT_PREFIX_PATH=/home/risimon/mateEZ/vip1_ws/install/turtlebot3_gazebo:/home/risimon/mateEZ/vip1_ws/install/turtlebot3_fake_node:${AMENT_PREFIX_PATH} CMAKE_PREFIX_PATH=/home/risimon/mateEZ/vip1_ws/install/turtlebot3_gazebo:/home/risimon/mateEZ/vip1_ws/install/turtlebot3_fake_node:/home/risimon/turtlebot3_ws/install/turtlebot3_simulations:/home/risimon/turtlebot3_ws/install/turtlebot3_gazebo:/home/risimon/turtlebot3_ws/install/turtlebot3_fake_node:/home/risimon/turtlebot3_ws/install/turtlebot3_safety:/home/risimon/turtlebot3_ws/install/turtlebot3_battery_status:/home/risimon/tst/install/turtlebot3_safety:/opt/ros/humble /usr/bin/cmake /home/risimon/mateEZ/vip1_ws/src/turtlebot3_simulations/turtlebot3_simulations -DCMAKE_INSTALL_PREFIX=/home/risimon/mateEZ/vip1_ws/install/turtlebot3_simulations
[1.058s] Invoking command in '/home/risimon/mateEZ/vip1_ws/build/turtlebot3_simulations': AMENT_PREFIX_PATH=/home/risimon/mateEZ/vip1_ws/install/turtlebot3_gazebo:/home/risimon/mateEZ/vip1_ws/install/turtlebot3_fake_node:${AMENT_PREFIX_PATH} CMAKE_PREFIX_PATH=/home/risimon/mateEZ/vip1_ws/install/turtlebot3_gazebo:/home/risimon/mateEZ/vip1_ws/install/turtlebot3_fake_node:/home/risimon/turtlebot3_ws/install/turtlebot3_simulations:/home/risimon/turtlebot3_ws/install/turtlebot3_gazebo:/home/risimon/turtlebot3_ws/install/turtlebot3_fake_node:/home/risimon/turtlebot3_ws/install/turtlebot3_safety:/home/risimon/turtlebot3_ws/install/turtlebot3_battery_status:/home/risimon/tst/install/turtlebot3_safety:/opt/ros/humble /usr/bin/cmake --build /home/risimon/mateEZ/vip1_ws/build/turtlebot3_simulations -- -j8 -l8
[1.122s] Invoked command in '/home/risimon/mateEZ/vip1_ws/build/turtlebot3_simulations' returned '0': AMENT_PREFIX_PATH=/home/risimon/mateEZ/vip1_ws/install/turtlebot3_gazebo:/home/risimon/mateEZ/vip1_ws/install/turtlebot3_fake_node:${AMENT_PREFIX_PATH} CMAKE_PREFIX_PATH=/home/risimon/mateEZ/vip1_ws/install/turtlebot3_gazebo:/home/risimon/mateEZ/vip1_ws/install/turtlebot3_fake_node:/home/risimon/turtlebot3_ws/install/turtlebot3_simulations:/home/risimon/turtlebot3_ws/install/turtlebot3_gazebo:/home/risimon/turtlebot3_ws/install/turtlebot3_fake_node:/home/risimon/turtlebot3_ws/install/turtlebot3_safety:/home/risimon/turtlebot3_ws/install/turtlebot3_battery_status:/home/risimon/tst/install/turtlebot3_safety:/opt/ros/humble /usr/bin/cmake --build /home/risimon/mateEZ/vip1_ws/build/turtlebot3_simulations -- -j8 -l8
[1.163s] Invoking command in '/home/risimon/mateEZ/vip1_ws/build/turtlebot3_simulations': AMENT_PREFIX_PATH=/home/risimon/mateEZ/vip1_ws/install/turtlebot3_gazebo:/home/risimon/mateEZ/vip1_ws/install/turtlebot3_fake_node:${AMENT_PREFIX_PATH} CMAKE_PREFIX_PATH=/home/risimon/mateEZ/vip1_ws/install/turtlebot3_gazebo:/home/risimon/mateEZ/vip1_ws/install/turtlebot3_fake_node:/home/risimon/turtlebot3_ws/install/turtlebot3_simulations:/home/risimon/turtlebot3_ws/install/turtlebot3_gazebo:/home/risimon/turtlebot3_ws/install/turtlebot3_fake_node:/home/risimon/turtlebot3_ws/install/turtlebot3_safety:/home/risimon/turtlebot3_ws/install/turtlebot3_battery_status:/home/risimon/tst/install/turtlebot3_safety:/opt/ros/humble /usr/bin/cmake --install /home/risimon/mateEZ/vip1_ws/build/turtlebot3_simulations
[1.171s] -- Install configuration: ""
[1.171s] -- Installing: /home/risimon/mateEZ/vip1_ws/install/turtlebot3_simulations/share/ament_index/resource_index/package_run_dependencies/turtlebot3_simulations
[1.172s] -- Installing: /home/risimon/mateEZ/vip1_ws/install/turtlebot3_simulations/share/ament_index/resource_index/parent_prefix_path/turtlebot3_simulations
[1.172s] -- Installing: /home/risimon/mateEZ/vip1_ws/install/turtlebot3_simulations/share/turtlebot3_simulations/environment/ament_prefix_path.sh
[1.172s] -- Installing: /home/risimon/mateEZ/vip1_ws/install/turtlebot3_simulations/share/turtlebot3_simulations/environment/ament_prefix_path.dsv
[1.172s] -- Installing: /home/risimon/mateEZ/vip1_ws/install/turtlebot3_simulations/share/turtlebot3_simulations/environment/path.sh
[1.172s] -- Installing: /home/risimon/mateEZ/vip1_ws/install/turtlebot3_simulations/share/turtlebot3_simulations/environment/path.dsv
[1.172s] -- Installing: /home/risimon/mateEZ/vip1_ws/install/turtlebot3_simulations/share/turtlebot3_simulations/local_setup.bash
[1.173s] -- Installing: /home/risimon/mateEZ/vip1_ws/install/turtlebot3_simulations/share/turtlebot3_simulations/local_setup.sh
[1.173s] -- Installing: /home/risimon/mateEZ/vip1_ws/install/turtlebot3_simulations/share/turtlebot3_simulations/local_setup.zsh
[1.173s] -- Installing: /home/risimon/mateEZ/vip1_ws/install/turtlebot3_simulations/share/turtlebot3_simulations/local_setup.dsv
[1.173s] -- Installing: /home/risimon/mateEZ/vip1_ws/install/turtlebot3_simulations/share/turtlebot3_simulations/package.dsv
[1.173s] -- Installing: /home/risimon/mateEZ/vip1_ws/install/turtlebot3_simulations/share/ament_index/resource_index/packages/turtlebot3_simulations
[1.174s] -- Installing: /home/risimon/mateEZ/vip1_ws/install/turtlebot3_simulations/share/turtlebot3_simulations/cmake/turtlebot3_simulationsConfig.cmake
[1.174s] -- Installing: /home/risimon/mateEZ/vip1_ws/install/turtlebot3_simulations/share/turtlebot3_simulations/cmake/turtlebot3_simulationsConfig-version.cmake
[1.174s] -- Installing: /home/risimon/mateEZ/vip1_ws/install/turtlebot3_simulations/share/turtlebot3_simulations/package.xml
[1.177s] Invoked command in '/home/risimon/mateEZ/vip1_ws/build/turtlebot3_simulations' returned '0': AMENT_PREFIX_PATH=/home/risimon/mateEZ/vip1_ws/install/turtlebot3_gazebo:/home/risimon/mateEZ/vip1_ws/install/turtlebot3_fake_node:${AMENT_PREFIX_PATH} CMAKE_PREFIX_PATH=/home/risimon/mateEZ/vip1_ws/install/turtlebot3_gazebo:/home/risimon/mateEZ/vip1_ws/install/turtlebot3_fake_node:/home/risimon/turtlebot3_ws/install/turtlebot3_simulations:/home/risimon/turtlebot3_ws/install/turtlebot3_gazebo:/home/risimon/turtlebot3_ws/install/turtlebot3_fake_node:/home/risimon/turtlebot3_ws/install/turtlebot3_safety:/home/risimon/turtlebot3_ws/install/turtlebot3_battery_status:/home/risimon/tst/install/turtlebot3_safety:/opt/ros/humble /usr/bin/cmake --install /home/risimon/mateEZ/vip1_ws/build/turtlebot3_simulations
