[0.043s] Invoking command in '/home/zheka/Smart-Mobility-Engineering-Lab/ros2_ws/build/tutorial_interfaces': CMAKE_PREFIX_PATH=/opt/ros/humble /usr/bin/cmake --build /home/zheka/Smart-Mobility-Engineering-Lab/ros2_ws/build/tutorial_interfaces -- -j2 -l2
[0.090s] [ 10%] Built target tutorial_interfaces__rosidl_generator_c
[0.090s] [ 12%] Built target tutorial_interfaces__cpp
[0.113s] [ 23%] Built target tutorial_interfaces__rosidl_typesupport_fastrtps_cpp
[0.128s] [ 23%] Built target ament_cmake_python_copy_tutorial_interfaces
[0.133s] [ 34%] Built target tutorial_interfaces__rosidl_typesupport_introspection_c
[0.154s] [ 44%] Built target tutorial_interfaces__rosidl_typesupport_introspection_cpp
[0.161s] [ 55%] Built target tutorial_interfaces__rosidl_typesupport_c
[0.174s] [ 65%] Built target tutorial_interfaces__rosidl_typesupport_cpp
[0.183s] [ 76%] Built target tutorial_interfaces__rosidl_typesupport_fastrtps_c
[0.204s] [ 76%] Built target tutorial_interfaces
[0.222s] [ 78%] Built target tutorial_interfaces__py
[0.246s] [ 87%] Built target tutorial_interfaces__rosidl_generator_py
[0.269s] [ 91%] Built target tutorial_interfaces__rosidl_typesupport_fastrtps_c__pyext
[0.282s] [ 95%] Built target tutorial_interfaces__rosidl_typesupport_introspection_c__pyext
[0.315s] [100%] Built target tutorial_interfaces__rosidl_typesupport_c__pyext
[0.361s] running egg_info
[0.362s] writing tutorial_interfaces.egg-info/PKG-INFO
[0.362s] writing dependency_links to tutorial_interfaces.egg-info/dependency_links.txt
[0.362s] writing top-level names to tutorial_interfaces.egg-info/top_level.txt
[0.363s] reading manifest file 'tutorial_interfaces.egg-info/SOURCES.txt'
[0.363s] writing manifest file 'tutorial_interfaces.egg-info/SOURCES.txt'
[0.378s] [100%] Built target ament_cmake_python_build_tutorial_interfaces_egg
