[0.045s] Invoking command in '/home/zheka/Smart-Mobility-Engineering-Lab/ros2_ws/build/tutorial_interfaces': CMAKE_PREFIX_PATH=/opt/ros/humble /usr/bin/cmake --build /home/zheka/Smart-Mobility-Engineering-Lab/ros2_ws/build/tutorial_interfaces -- -j2 -l2
[0.074s] -- Found ament_cmake: 1.3.5 (/opt/ros/humble/share/ament_cmake/cmake)
[0.161s] -- Found ament_lint_auto: 0.12.8 (/opt/ros/humble/share/ament_lint_auto/cmake)
[0.202s] -- Found geometry_msgs: 4.2.3 (/opt/ros/humble/share/geometry_msgs/cmake)
[0.228s] -- Found rosidl_generator_c: 3.1.5 (/opt/ros/humble/share/rosidl_generator_c/cmake)
[0.230s] -- Found rosidl_adapter: 3.1.5 (/opt/ros/humble/share/rosidl_adapter/cmake)
[0.236s] -- Found rosidl_generator_cpp: 3.1.5 (/opt/ros/humble/share/rosidl_generator_cpp/cmake)
[0.250s] -- Using all available rosidl_typesupport_c: rosidl_typesupport_fastrtps_c;rosidl_typesupport_introspection_c
[0.259s] -- Using all available rosidl_typesupport_cpp: rosidl_typesupport_fastrtps_cpp;rosidl_typesupport_introspection_cpp
[0.349s] -- Found rosidl_default_generators: 1.2.0 (/opt/ros/humble/share/rosidl_default_generators/cmake)
[0.484s] -- Found ament_cmake_ros: 0.10.0 (/opt/ros/humble/share/ament_cmake_ros/cmake)
[0.732s] -- Using all available rosidl_typesupport_c: rosidl_typesupport_fastrtps_c;rosidl_typesupport_introspection_c
[0.828s] -- Using all available rosidl_typesupport_cpp: rosidl_typesupport_fastrtps_cpp;rosidl_typesupport_introspection_cpp
[0.843s] -- Found python_cmake_module: 0.10.0 (/opt/ros/humble/share/python_cmake_module/cmake)
[0.858s] -- Using PYTHON_EXECUTABLE: /usr/bin/python3
[0.858s] -- Using PYTHON_INCLUDE_DIRS: /usr/include/python3.10
[0.858s] -- Using PYTHON_LIBRARIES: /usr/lib/aarch64-linux-gnu/libpython3.10.so
[0.884s] -- Added test 'lint_cmake' to check CMake code style
[0.884s] -- Added test 'xmllint' to check XML markup files
[0.888s] -- Configuring done
[0.923s] -- Generating done
[0.925s] -- Build files have been written to: /home/zheka/Smart-Mobility-Engineering-Lab/ros2_ws/build/tutorial_interfaces
[0.947s] [35m[1mConsolidate compiler generated dependencies of target tutorial_interfaces__rosidl_generator_c[0m
[0.954s] [  2%] Built target tutorial_interfaces__cpp
[0.955s] [ 12%] Built target tutorial_interfaces__rosidl_generator_c
[0.965s] [35m[1mConsolidate compiler generated dependencies of target tutorial_interfaces__rosidl_typesupport_fastrtps_cpp[0m
[0.976s] [ 23%] Built target tutorial_interfaces__rosidl_typesupport_fastrtps_cpp
[0.979s] [ 23%] Built target ament_cmake_python_copy_tutorial_interfaces
[0.986s] [35m[1mConsolidate compiler generated dependencies of target tutorial_interfaces__rosidl_typesupport_introspection_c[0m
[0.988s] [35m[1mConsolidate compiler generated dependencies of target tutorial_interfaces__rosidl_typesupport_c[0m
[0.995s] [ 34%] Built target tutorial_interfaces__rosidl_typesupport_introspection_c
[0.996s] [ 44%] Built target tutorial_interfaces__rosidl_typesupport_c
[1.005s] [35m[1mConsolidate compiler generated dependencies of target tutorial_interfaces__rosidl_typesupport_cpp[0m
[1.005s] [35m[1mConsolidate compiler generated dependencies of target tutorial_interfaces__rosidl_typesupport_introspection_cpp[0m
[1.016s] [ 55%] Built target tutorial_interfaces__rosidl_typesupport_cpp
[1.016s] [ 65%] Built target tutorial_interfaces__rosidl_typesupport_introspection_cpp
[1.025s] [35m[1mConsolidate compiler generated dependencies of target tutorial_interfaces__rosidl_typesupport_fastrtps_c[0m
[1.037s] [ 76%] Built target tutorial_interfaces__rosidl_typesupport_fastrtps_c
[1.056s] [ 76%] Built target tutorial_interfaces
[1.073s] [ 78%] Built target tutorial_interfaces__py
[1.082s] [35m[1mConsolidate compiler generated dependencies of target tutorial_interfaces__rosidl_generator_py[0m
[1.093s] [ 87%] Built target tutorial_interfaces__rosidl_generator_py
[1.102s] [35m[1mConsolidate compiler generated dependencies of target tutorial_interfaces__rosidl_typesupport_fastrtps_c__pyext[0m
[1.111s] [ 91%] Built target tutorial_interfaces__rosidl_typesupport_fastrtps_c__pyext
[1.120s] [35m[1mConsolidate compiler generated dependencies of target tutorial_interfaces__rosidl_typesupport_introspection_c__pyext[0m
[1.131s] [ 95%] Built target tutorial_interfaces__rosidl_typesupport_introspection_c__pyext
[1.140s] [35m[1mConsolidate compiler generated dependencies of target tutorial_interfaces__rosidl_typesupport_c__pyext[0m
[1.151s] [100%] Built target tutorial_interfaces__rosidl_typesupport_c__pyext
[1.155s] running egg_info
[1.155s] writing tutorial_interfaces.egg-info/PKG-INFO
[1.155s] writing dependency_links to tutorial_interfaces.egg-info/dependency_links.txt
[1.155s] writing top-level names to tutorial_interfaces.egg-info/top_level.txt
[1.156s] reading manifest file 'tutorial_interfaces.egg-info/SOURCES.txt'
[1.157s] writing manifest file 'tutorial_interfaces.egg-info/SOURCES.txt'
[1.172s] [100%] Built target ament_cmake_python_build_tutorial_interfaces_egg
