[0.024s] Invoking command in '/home/zheka/Smart-Mobility-Engineering-Lab/ros2_ws/src/build/action_tutorials_interfaces': CMAKE_PREFIX_PATH=/opt/ros/humble /usr/bin/cmake /home/zheka/Smart-Mobility-Engineering-Lab/ros2_ws/src/action_tutorials_interfaces -DCMAKE_INSTALL_PREFIX=/home/zheka/Smart-Mobility-Engineering-Lab/ros2_ws/src/install/action_tutorials_interfaces
[0.141s] -- The C compiler identification is GNU 11.4.0
[0.223s] -- The CXX compiler identification is GNU 11.4.0
[0.231s] -- Detecting C compiler ABI info
[0.284s] -- Detecting C compiler ABI info - done
[0.289s] -- Check for working C compiler: /usr/bin/cc - skipped
[0.289s] -- Detecting C compile features
[0.290s] -- Detecting C compile features - done
[0.292s] -- Detecting CXX compiler ABI info
[0.355s] -- Detecting CXX compiler ABI info - done
[0.360s] -- Check for working CXX compiler: /usr/bin/c++ - skipped
[0.360s] -- Detecting CXX compile features
[0.360s] -- Detecting CXX compile features - done
[0.365s] -- Found ament_cmake: 1.3.5 (/opt/ros/humble/share/ament_cmake/cmake)
[0.470s] -- Found Python3: /usr/bin/python3.10 (found version "3.10.12") found components: Interpreter 
[0.530s] -- Found ament_lint_auto: 0.12.8 (/opt/ros/humble/share/ament_lint_auto/cmake)
[0.575s] -- Found rosidl_default_generators: 1.2.0 (/opt/ros/humble/share/rosidl_default_generators/cmake)
[0.579s] -- Using all available rosidl_typesupport_c: rosidl_typesupport_fastrtps_c;rosidl_typesupport_introspection_c
[0.585s] -- Found rosidl_adapter: 3.1.5 (/opt/ros/humble/share/rosidl_adapter/cmake)
[0.622s] -- Using all available rosidl_typesupport_cpp: rosidl_typesupport_fastrtps_cpp;rosidl_typesupport_introspection_cpp
[0.834s] -- Found ament_cmake_ros: 0.10.0 (/opt/ros/humble/share/ament_cmake_ros/cmake)
[0.953s] -- Using all available rosidl_typesupport_c: rosidl_typesupport_fastrtps_c;rosidl_typesupport_introspection_c
[1.114s] -- Using all available rosidl_typesupport_cpp: rosidl_typesupport_fastrtps_cpp;rosidl_typesupport_introspection_cpp
[1.129s] -- Found PythonInterp: /usr/bin/python3 (found suitable version "3.10.12", minimum required is "3.6") 
[1.130s] -- Found python_cmake_module: 0.10.0 (/opt/ros/humble/share/python_cmake_module/cmake)
[1.147s] -- Found PythonLibs: /usr/lib/aarch64-linux-gnu/libpython3.10.so (found suitable version "3.10.12", minimum required is "3.5") 
[1.147s] -- Using PYTHON_EXECUTABLE: /usr/bin/python3
[1.147s] -- Using PYTHON_INCLUDE_DIRS: /usr/include/python3.10
[1.147s] -- Using PYTHON_LIBRARIES: /usr/lib/aarch64-linux-gnu/libpython3.10.so
[1.160s] -- Found PythonExtra: .so  
[1.187s] -- Added test 'lint_cmake' to check CMake code style
[1.188s] -- Added test 'xmllint' to check XML markup files
[1.192s] -- Configuring done
[1.211s] -- Generating done
[1.213s] -- Build files have been written to: /home/zheka/Smart-Mobility-Engineering-Lab/ros2_ws/src/build/action_tutorials_interfaces
[1.218s] Invoked command in '/home/zheka/Smart-Mobility-Engineering-Lab/ros2_ws/src/build/action_tutorials_interfaces' returned '0': CMAKE_PREFIX_PATH=/opt/ros/humble /usr/bin/cmake /home/zheka/Smart-Mobility-Engineering-Lab/ros2_ws/src/action_tutorials_interfaces -DCMAKE_INSTALL_PREFIX=/home/zheka/Smart-Mobility-Engineering-Lab/ros2_ws/src/install/action_tutorials_interfaces
[1.219s] Invoking command in '/home/zheka/Smart-Mobility-Engineering-Lab/ros2_ws/src/build/action_tutorials_interfaces': CMAKE_PREFIX_PATH=/opt/ros/humble /usr/bin/cmake --build /home/zheka/Smart-Mobility-Engineering-Lab/ros2_ws/src/build/action_tutorials_interfaces -- -j2 -l2
[1.262s] [  3%] [34m[1mGenerating C++ code for ROS interfaces[0m
[1.263s] [  6%] [34m[1mGenerating C code for ROS interfaces[0m
[1.800s] [  6%] Built target action_tutorials_interfaces__cpp
[1.887s] [  6%] Built target ament_cmake_python_copy_action_tutorials_interfaces
[1.900s] [  9%] [34m[1mGenerating C++ type support dispatch for ROS interfaces[0m
[1.942s] [ 12%] [32mBuilding C object CMakeFiles/action_tutorials_interfaces__rosidl_generator_c.dir/rosidl_generator_c/action_tutorials_interfaces/action/detail/fibonacci__functions.c.o[0m
[2.160s] [ 16%] [32m[1mLinking C shared library libaction_tutorials_interfaces__rosidl_generator_c.so[0m
[2.193s] [ 19%] [32mBuilding CXX object CMakeFiles/action_tutorials_interfaces__rosidl_typesupport_cpp.dir/rosidl_typesupport_cpp/action_tutorials_interfaces/action/fibonacci__type_support.cpp.o[0m
[2.207s] [ 19%] Built target action_tutorials_interfaces__rosidl_generator_c
[2.234s] [ 22%] [34m[1mGenerating C++ type support for eProsima Fast-RTPS[0m
[2.650s] [ 25%] [32m[1mLinking CXX shared library libaction_tutorials_interfaces__rosidl_typesupport_cpp.so[0m
[2.687s] [ 25%] Built target action_tutorials_interfaces__rosidl_typesupport_cpp
[2.695s] [ 29%] [34m[1mGenerating C++ introspection for ROS interfaces[0m
[2.722s] [ 32%] [32mBuilding CXX object CMakeFiles/action_tutorials_interfaces__rosidl_typesupport_fastrtps_cpp.dir/rosidl_typesupport_fastrtps_cpp/action_tutorials_interfaces/action/detail/dds_fastrtps/fibonacci__type_support.cpp.o[0m
[3.032s] [ 35%] [32mBuilding CXX object CMakeFiles/action_tutorials_interfaces__rosidl_typesupport_introspection_cpp.dir/rosidl_typesupport_introspection_cpp/action_tutorials_interfaces/action/detail/fibonacci__type_support.cpp.o[0m
[3.387s] [ 38%] [32m[1mLinking CXX shared library libaction_tutorials_interfaces__rosidl_typesupport_fastrtps_cpp.so[0m
[3.525s] [ 38%] Built target action_tutorials_interfaces__rosidl_typesupport_fastrtps_cpp
[3.624s] [ 41%] [32m[1mLinking CXX shared library libaction_tutorials_interfaces__rosidl_typesupport_introspection_cpp.so[0m
[3.760s] [ 41%] Built target action_tutorials_interfaces__rosidl_typesupport_introspection_cpp
[3.791s] [ 45%] [34m[1mGenerating C type support for eProsima Fast-RTPS[0m
[3.801s] running egg_info
[3.801s] creating action_tutorials_interfaces.egg-info
[3.801s] writing action_tutorials_interfaces.egg-info/PKG-INFO
[3.801s] writing dependency_links to action_tutorials_interfaces.egg-info/dependency_links.txt
[3.802s] writing top-level names to action_tutorials_interfaces.egg-info/top_level.txt
[3.802s] writing manifest file 'action_tutorials_interfaces.egg-info/SOURCES.txt'
[3.803s] reading manifest file 'action_tutorials_interfaces.egg-info/SOURCES.txt'
[3.804s] writing manifest file 'action_tutorials_interfaces.egg-info/SOURCES.txt'
[3.848s] [ 45%] Built target ament_cmake_python_build_action_tutorials_interfaces_egg
[3.886s] [ 48%] [34m[1mGenerating C introspection for ROS interfaces[0m
[4.182s] [ 51%] [32mBuilding CXX object CMakeFiles/action_tutorials_interfaces__rosidl_typesupport_fastrtps_c.dir/rosidl_typesupport_fastrtps_c/action_tutorials_interfaces/action/detail/fibonacci__type_support_c.cpp.o[0m
[4.243s] [ 54%] [32mBuilding C object CMakeFiles/action_tutorials_interfaces__rosidl_typesupport_introspection_c.dir/rosidl_typesupport_introspection_c/action_tutorials_interfaces/action/detail/fibonacci__type_support.c.o[0m
[4.332s] [ 58%] [32m[1mLinking C shared library libaction_tutorials_interfaces__rosidl_typesupport_introspection_c.so[0m
[4.384s] [ 58%] Built target action_tutorials_interfaces__rosidl_typesupport_introspection_c
[4.393s] [ 61%] [34m[1mGenerating C type support dispatch for ROS interfaces[0m
[4.515s] [ 64%] [32m[1mLinking CXX shared library libaction_tutorials_interfaces__rosidl_typesupport_fastrtps_c.so[0m
[4.630s] [ 64%] Built target action_tutorials_interfaces__rosidl_typesupport_fastrtps_c
[4.668s] [ 67%] [32mBuilding CXX object CMakeFiles/action_tutorials_interfaces__rosidl_typesupport_c.dir/rosidl_typesupport_c/action_tutorials_interfaces/action/fibonacci__type_support.cpp.o[0m
[4.741s] [ 70%] [32m[1mLinking CXX shared library libaction_tutorials_interfaces__rosidl_typesupport_c.so[0m
[4.789s] [ 70%] Built target action_tutorials_interfaces__rosidl_typesupport_c
[4.812s] [ 70%] Built target action_tutorials_interfaces
[4.833s] [ 74%] [34m[1mGenerating Python code for ROS interfaces[0m
[5.532s] [ 74%] Built target action_tutorials_interfaces__py
[5.574s] [ 77%] [32mBuilding C object CMakeFiles/action_tutorials_interfaces__rosidl_generator_py.dir/rosidl_generator_py/action_tutorials_interfaces/action/_fibonacci_s.c.o[0m
[5.710s] [ 80%] [32m[1mLinking C shared library rosidl_generator_py/action_tutorials_interfaces/libaction_tutorials_interfaces__rosidl_generator_py.so[0m
[5.744s] [ 80%] Built target action_tutorials_interfaces__rosidl_generator_py
[5.769s] [ 83%] [32mBuilding C object CMakeFiles/action_tutorials_interfaces__rosidl_typesupport_fastrtps_c__pyext.dir/rosidl_generator_py/action_tutorials_interfaces/_action_tutorials_interfaces_s.ep.rosidl_typesupport_fastrtps_c.c.o[0m
[5.777s] [ 87%] [32mBuilding C object CMakeFiles/action_tutorials_interfaces__rosidl_typesupport_introspection_c__pyext.dir/rosidl_generator_py/action_tutorials_interfaces/_action_tutorials_interfaces_s.ep.rosidl_typesupport_introspection_c.c.o[0m
[5.852s] [ 90%] [32m[1mLinking C shared library rosidl_generator_py/action_tutorials_interfaces/action_tutorials_interfaces_s__rosidl_typesupport_fastrtps_c.cpython-310-aarch64-linux-gnu.so[0m
[5.886s] [ 90%] Built target action_tutorials_interfaces__rosidl_typesupport_fastrtps_c__pyext
[5.903s] [ 93%] [32mBuilding C object CMakeFiles/action_tutorials_interfaces__rosidl_typesupport_c__pyext.dir/rosidl_generator_py/action_tutorials_interfaces/_action_tutorials_interfaces_s.ep.rosidl_typesupport_c.c.o[0m
[5.938s] [ 96%] [32m[1mLinking C shared library rosidl_generator_py/action_tutorials_interfaces/action_tutorials_interfaces_s__rosidl_typesupport_introspection_c.cpython-310-aarch64-linux-gnu.so[0m
[5.969s] [ 96%] Built target action_tutorials_interfaces__rosidl_typesupport_introspection_c__pyext
[5.989s] [100%] [32m[1mLinking C shared library rosidl_generator_py/action_tutorials_interfaces/action_tutorials_interfaces_s__rosidl_typesupport_c.cpython-310-aarch64-linux-gnu.so[0m
[6.021s] [100%] Built target action_tutorials_interfaces__rosidl_typesupport_c__pyext
[6.029s] Invoked command in '/home/zheka/Smart-Mobility-Engineering-Lab/ros2_ws/src/build/action_tutorials_interfaces' returned '0': CMAKE_PREFIX_PATH=/opt/ros/humble /usr/bin/cmake --build /home/zheka/Smart-Mobility-Engineering-Lab/ros2_ws/src/build/action_tutorials_interfaces -- -j2 -l2
[6.078s] Invoking command in '/home/zheka/Smart-Mobility-Engineering-Lab/ros2_ws/src/build/action_tutorials_interfaces': CMAKE_PREFIX_PATH=/opt/ros/humble /usr/bin/cmake --install /home/zheka/Smart-Mobility-Engineering-Lab/ros2_ws/src/build/action_tutorials_interfaces
[6.084s] -- Install configuration: ""
[6.084s] -- Installing: /home/zheka/Smart-Mobility-Engineering-Lab/ros2_ws/src/install/action_tutorials_interfaces/share/ament_index/resource_index/rosidl_interfaces/action_tutorials_interfaces
[6.085s] -- Installing: /home/zheka/Smart-Mobility-Engineering-Lab/ros2_ws/src/install/action_tutorials_interfaces/include/action_tutorials_interfaces/action_tutorials_interfaces
[6.085s] -- Installing: /home/zheka/Smart-Mobility-Engineering-Lab/ros2_ws/src/install/action_tutorials_interfaces/include/action_tutorials_interfaces/action_tutorials_interfaces/action
[6.085s] -- Installing: /home/zheka/Smart-Mobility-Engineering-Lab/ros2_ws/src/install/action_tutorials_interfaces/include/action_tutorials_interfaces/action_tutorials_interfaces/action/fibonacci.h
[6.085s] -- Installing: /home/zheka/Smart-Mobility-Engineering-Lab/ros2_ws/src/install/action_tutorials_interfaces/include/action_tutorials_interfaces/action_tutorials_interfaces/action/detail
[6.085s] -- Installing: /home/zheka/Smart-Mobility-Engineering-Lab/ros2_ws/src/install/action_tutorials_interfaces/include/action_tutorials_interfaces/action_tutorials_interfaces/action/detail/fibonacci__functions.c
[6.085s] -- Installing: /home/zheka/Smart-Mobility-Engineering-Lab/ros2_ws/src/install/action_tutorials_interfaces/include/action_tutorials_interfaces/action_tutorials_interfaces/action/detail/fibonacci__type_support.h
[6.085s] -- Installing: /home/zheka/Smart-Mobility-Engineering-Lab/ros2_ws/src/install/action_tutorials_interfaces/include/action_tutorials_interfaces/action_tutorials_interfaces/action/detail/fibonacci__struct.h
[6.085s] -- Installing: /home/zheka/Smart-Mobility-Engineering-Lab/ros2_ws/src/install/action_tutorials_interfaces/include/action_tutorials_interfaces/action_tutorials_interfaces/action/detail/fibonacci__functions.h
[6.085s] -- Installing: /home/zheka/Smart-Mobility-Engineering-Lab/ros2_ws/src/install/action_tutorials_interfaces/include/action_tutorials_interfaces/action_tutorials_interfaces/msg
[6.085s] -- Installing: /home/zheka/Smart-Mobility-Engineering-Lab/ros2_ws/src/install/action_tutorials_interfaces/include/action_tutorials_interfaces/action_tutorials_interfaces/msg/rosidl_generator_c__visibility_control.h
[6.085s] -- Installing: /home/zheka/Smart-Mobility-Engineering-Lab/ros2_ws/src/install/action_tutorials_interfaces/share/action_tutorials_interfaces/environment/library_path.sh
[6.085s] -- Installing: /home/zheka/Smart-Mobility-Engineering-Lab/ros2_ws/src/install/action_tutorials_interfaces/share/action_tutorials_interfaces/environment/library_path.dsv
[6.085s] -- Installing: /home/zheka/Smart-Mobility-Engineering-Lab/ros2_ws/src/install/action_tutorials_interfaces/lib/libaction_tutorials_interfaces__rosidl_generator_c.so
[6.086s] -- Set runtime path of "/home/zheka/Smart-Mobility-Engineering-Lab/ros2_ws/src/install/action_tutorials_interfaces/lib/libaction_tutorials_interfaces__rosidl_generator_c.so" to ""
[6.086s] -- Up-to-date: /home/zheka/Smart-Mobility-Engineering-Lab/ros2_ws/src/install/action_tutorials_interfaces/include/action_tutorials_interfaces/action_tutorials_interfaces
[6.086s] -- Up-to-date: /home/zheka/Smart-Mobility-Engineering-Lab/ros2_ws/src/install/action_tutorials_interfaces/include/action_tutorials_interfaces/action_tutorials_interfaces/action
[6.086s] -- Up-to-date: /home/zheka/Smart-Mobility-Engineering-Lab/ros2_ws/src/install/action_tutorials_interfaces/include/action_tutorials_interfaces/action_tutorials_interfaces/action/detail
[6.086s] -- Installing: /home/zheka/Smart-Mobility-Engineering-Lab/ros2_ws/src/install/action_tutorials_interfaces/include/action_tutorials_interfaces/action_tutorials_interfaces/action/detail/fibonacci__rosidl_typesupport_fastrtps_c.h
[6.086s] -- Up-to-date: /home/zheka/Smart-Mobility-Engineering-Lab/ros2_ws/src/install/action_tutorials_interfaces/include/action_tutorials_interfaces/action_tutorials_interfaces/msg
[6.086s] -- Installing: /home/zheka/Smart-Mobility-Engineering-Lab/ros2_ws/src/install/action_tutorials_interfaces/include/action_tutorials_interfaces/action_tutorials_interfaces/msg/rosidl_typesupport_fastrtps_c__visibility_control.h
[6.086s] -- Installing: /home/zheka/Smart-Mobility-Engineering-Lab/ros2_ws/src/install/action_tutorials_interfaces/lib/libaction_tutorials_interfaces__rosidl_typesupport_fastrtps_c.so
[6.086s] -- Set runtime path of "/home/zheka/Smart-Mobility-Engineering-Lab/ros2_ws/src/install/action_tutorials_interfaces/lib/libaction_tutorials_interfaces__rosidl_typesupport_fastrtps_c.so" to ""
[6.086s] -- Up-to-date: /home/zheka/Smart-Mobility-Engineering-Lab/ros2_ws/src/install/action_tutorials_interfaces/include/action_tutorials_interfaces/action_tutorials_interfaces
[6.086s] -- Up-to-date: /home/zheka/Smart-Mobility-Engineering-Lab/ros2_ws/src/install/action_tutorials_interfaces/include/action_tutorials_interfaces/action_tutorials_interfaces/action
[6.086s] -- Up-to-date: /home/zheka/Smart-Mobility-Engineering-Lab/ros2_ws/src/install/action_tutorials_interfaces/include/action_tutorials_interfaces/action_tutorials_interfaces/action/detail
[6.086s] -- Installing: /home/zheka/Smart-Mobility-Engineering-Lab/ros2_ws/src/install/action_tutorials_interfaces/include/action_tutorials_interfaces/action_tutorials_interfaces/action/detail/fibonacci__type_support.c
[6.086s] -- Installing: /home/zheka/Smart-Mobility-Engineering-Lab/ros2_ws/src/install/action_tutorials_interfaces/include/action_tutorials_interfaces/action_tutorials_interfaces/action/detail/fibonacci__rosidl_typesupport_introspection_c.h
[6.086s] -- Up-to-date: /home/zheka/Smart-Mobility-Engineering-Lab/ros2_ws/src/install/action_tutorials_interfaces/include/action_tutorials_interfaces/action_tutorials_interfaces/msg
[6.086s] -- Installing: /home/zheka/Smart-Mobility-Engineering-Lab/ros2_ws/src/install/action_tutorials_interfaces/include/action_tutorials_interfaces/action_tutorials_interfaces/msg/rosidl_typesupport_introspection_c__visibility_control.h
[6.086s] -- Installing: /home/zheka/Smart-Mobility-Engineering-Lab/ros2_ws/src/install/action_tutorials_interfaces/lib/libaction_tutorials_interfaces__rosidl_typesupport_introspection_c.so
[6.087s] -- Set runtime path of "/home/zheka/Smart-Mobility-Engineering-Lab/ros2_ws/src/install/action_tutorials_interfaces/lib/libaction_tutorials_interfaces__rosidl_typesupport_introspection_c.so" to ""
[6.087s] -- Installing: /home/zheka/Smart-Mobility-Engineering-Lab/ros2_ws/src/install/action_tutorials_interfaces/lib/libaction_tutorials_interfaces__rosidl_typesupport_c.so
[6.087s] -- Set runtime path of "/home/zheka/Smart-Mobility-Engineering-Lab/ros2_ws/src/install/action_tutorials_interfaces/lib/libaction_tutorials_interfaces__rosidl_typesupport_c.so" to ""
[6.087s] -- Up-to-date: /home/zheka/Smart-Mobility-Engineering-Lab/ros2_ws/src/install/action_tutorials_interfaces/include/action_tutorials_interfaces/action_tutorials_interfaces
[6.087s] -- Up-to-date: /home/zheka/Smart-Mobility-Engineering-Lab/ros2_ws/src/install/action_tutorials_interfaces/include/action_tutorials_interfaces/action_tutorials_interfaces/action
[6.087s] -- Up-to-date: /home/zheka/Smart-Mobility-Engineering-Lab/ros2_ws/src/install/action_tutorials_interfaces/include/action_tutorials_interfaces/action_tutorials_interfaces/action/detail
[6.087s] -- Installing: /home/zheka/Smart-Mobility-Engineering-Lab/ros2_ws/src/install/action_tutorials_interfaces/include/action_tutorials_interfaces/action_tutorials_interfaces/action/detail/fibonacci__struct.hpp
[6.087s] -- Installing: /home/zheka/Smart-Mobility-Engineering-Lab/ros2_ws/src/install/action_tutorials_interfaces/include/action_tutorials_interfaces/action_tutorials_interfaces/action/detail/fibonacci__builder.hpp
[6.087s] -- Installing: /home/zheka/Smart-Mobility-Engineering-Lab/ros2_ws/src/install/action_tutorials_interfaces/include/action_tutorials_interfaces/action_tutorials_interfaces/action/detail/fibonacci__traits.hpp
[6.087s] -- Installing: /home/zheka/Smart-Mobility-Engineering-Lab/ros2_ws/src/install/action_tutorials_interfaces/include/action_tutorials_interfaces/action_tutorials_interfaces/action/fibonacci.hpp
[6.087s] -- Up-to-date: /home/zheka/Smart-Mobility-Engineering-Lab/ros2_ws/src/install/action_tutorials_interfaces/include/action_tutorials_interfaces/action_tutorials_interfaces
[6.087s] -- Up-to-date: /home/zheka/Smart-Mobility-Engineering-Lab/ros2_ws/src/install/action_tutorials_interfaces/include/action_tutorials_interfaces/action_tutorials_interfaces/action
[6.087s] -- Up-to-date: /home/zheka/Smart-Mobility-Engineering-Lab/ros2_ws/src/install/action_tutorials_interfaces/include/action_tutorials_interfaces/action_tutorials_interfaces/action/detail
[6.087s] -- Installing: /home/zheka/Smart-Mobility-Engineering-Lab/ros2_ws/src/install/action_tutorials_interfaces/include/action_tutorials_interfaces/action_tutorials_interfaces/action/detail/dds_fastrtps
[6.087s] -- Installing: /home/zheka/Smart-Mobility-Engineering-Lab/ros2_ws/src/install/action_tutorials_interfaces/include/action_tutorials_interfaces/action_tutorials_interfaces/action/detail/fibonacci__rosidl_typesupport_fastrtps_cpp.hpp
[6.087s] -- Up-to-date: /home/zheka/Smart-Mobility-Engineering-Lab/ros2_ws/src/install/action_tutorials_interfaces/include/action_tutorials_interfaces/action_tutorials_interfaces/msg
[6.087s] -- Installing: /home/zheka/Smart-Mobility-Engineering-Lab/ros2_ws/src/install/action_tutorials_interfaces/include/action_tutorials_interfaces/action_tutorials_interfaces/msg/rosidl_typesupport_fastrtps_cpp__visibility_control.h
[6.087s] -- Installing: /home/zheka/Smart-Mobility-Engineering-Lab/ros2_ws/src/install/action_tutorials_interfaces/lib/libaction_tutorials_interfaces__rosidl_typesupport_fastrtps_cpp.so
[6.087s] -- Set runtime path of "/home/zheka/Smart-Mobility-Engineering-Lab/ros2_ws/src/install/action_tutorials_interfaces/lib/libaction_tutorials_interfaces__rosidl_typesupport_fastrtps_cpp.so" to ""
[6.088s] -- Up-to-date: /home/zheka/Smart-Mobility-Engineering-Lab/ros2_ws/src/install/action_tutorials_interfaces/include/action_tutorials_interfaces/action_tutorials_interfaces
[6.088s] -- Up-to-date: /home/zheka/Smart-Mobility-Engineering-Lab/ros2_ws/src/install/action_tutorials_interfaces/include/action_tutorials_interfaces/action_tutorials_interfaces/action
[6.088s] -- Up-to-date: /home/zheka/Smart-Mobility-Engineering-Lab/ros2_ws/src/install/action_tutorials_interfaces/include/action_tutorials_interfaces/action_tutorials_interfaces/action/detail
[6.088s] -- Installing: /home/zheka/Smart-Mobility-Engineering-Lab/ros2_ws/src/install/action_tutorials_interfaces/include/action_tutorials_interfaces/action_tutorials_interfaces/action/detail/fibonacci__type_support.cpp
[6.088s] -- Installing: /home/zheka/Smart-Mobility-Engineering-Lab/ros2_ws/src/install/action_tutorials_interfaces/include/action_tutorials_interfaces/action_tutorials_interfaces/action/detail/fibonacci__rosidl_typesupport_introspection_cpp.hpp
[6.088s] -- Installing: /home/zheka/Smart-Mobility-Engineering-Lab/ros2_ws/src/install/action_tutorials_interfaces/lib/libaction_tutorials_interfaces__rosidl_typesupport_introspection_cpp.so
[6.088s] -- Set runtime path of "/home/zheka/Smart-Mobility-Engineering-Lab/ros2_ws/src/install/action_tutorials_interfaces/lib/libaction_tutorials_interfaces__rosidl_typesupport_introspection_cpp.so" to ""
[6.088s] -- Installing: /home/zheka/Smart-Mobility-Engineering-Lab/ros2_ws/src/install/action_tutorials_interfaces/lib/libaction_tutorials_interfaces__rosidl_typesupport_cpp.so
[6.088s] -- Set runtime path of "/home/zheka/Smart-Mobility-Engineering-Lab/ros2_ws/src/install/action_tutorials_interfaces/lib/libaction_tutorials_interfaces__rosidl_typesupport_cpp.so" to ""
[6.088s] -- Installing: /home/zheka/Smart-Mobility-Engineering-Lab/ros2_ws/src/install/action_tutorials_interfaces/share/action_tutorials_interfaces/environment/pythonpath.sh
[6.088s] -- Installing: /home/zheka/Smart-Mobility-Engineering-Lab/ros2_ws/src/install/action_tutorials_interfaces/share/action_tutorials_interfaces/environment/pythonpath.dsv
[6.088s] -- Installing: /home/zheka/Smart-Mobility-Engineering-Lab/ros2_ws/src/install/action_tutorials_interfaces/local/lib/python3.10/dist-packages/action_tutorials_interfaces-0.0.0-py3.10.egg-info
[6.088s] -- Installing: /home/zheka/Smart-Mobility-Engineering-Lab/ros2_ws/src/install/action_tutorials_interfaces/local/lib/python3.10/dist-packages/action_tutorials_interfaces-0.0.0-py3.10.egg-info/top_level.txt
[6.088s] -- Installing: /home/zheka/Smart-Mobility-Engineering-Lab/ros2_ws/src/install/action_tutorials_interfaces/local/lib/python3.10/dist-packages/action_tutorials_interfaces-0.0.0-py3.10.egg-info/PKG-INFO
[6.088s] -- Installing: /home/zheka/Smart-Mobility-Engineering-Lab/ros2_ws/src/install/action_tutorials_interfaces/local/lib/python3.10/dist-packages/action_tutorials_interfaces-0.0.0-py3.10.egg-info/SOURCES.txt
[6.088s] -- Installing: /home/zheka/Smart-Mobility-Engineering-Lab/ros2_ws/src/install/action_tutorials_interfaces/local/lib/python3.10/dist-packages/action_tutorials_interfaces-0.0.0-py3.10.egg-info/dependency_links.txt
[6.088s] -- Installing: /home/zheka/Smart-Mobility-Engineering-Lab/ros2_ws/src/install/action_tutorials_interfaces/local/lib/python3.10/dist-packages/action_tutorials_interfaces
[6.088s] -- Installing: /home/zheka/Smart-Mobility-Engineering-Lab/ros2_ws/src/install/action_tutorials_interfaces/local/lib/python3.10/dist-packages/action_tutorials_interfaces/_action_tutorials_interfaces_s.ep.rosidl_typesupport_c.c
[6.089s] -- Installing: /home/zheka/Smart-Mobility-Engineering-Lab/ros2_ws/src/install/action_tutorials_interfaces/local/lib/python3.10/dist-packages/action_tutorials_interfaces/__init__.py
[6.089s] -- Installing: /home/zheka/Smart-Mobility-Engineering-Lab/ros2_ws/src/install/action_tutorials_interfaces/local/lib/python3.10/dist-packages/action_tutorials_interfaces/action
[6.089s] -- Installing: /home/zheka/Smart-Mobility-Engineering-Lab/ros2_ws/src/install/action_tutorials_interfaces/local/lib/python3.10/dist-packages/action_tutorials_interfaces/action/__init__.py
[6.089s] -- Installing: /home/zheka/Smart-Mobility-Engineering-Lab/ros2_ws/src/install/action_tutorials_interfaces/local/lib/python3.10/dist-packages/action_tutorials_interfaces/action/_fibonacci.py
[6.089s] -- Installing: /home/zheka/Smart-Mobility-Engineering-Lab/ros2_ws/src/install/action_tutorials_interfaces/local/lib/python3.10/dist-packages/action_tutorials_interfaces/action/_fibonacci_s.c
[6.089s] -- Installing: /home/zheka/Smart-Mobility-Engineering-Lab/ros2_ws/src/install/action_tutorials_interfaces/local/lib/python3.10/dist-packages/action_tutorials_interfaces/libaction_tutorials_interfaces__rosidl_generator_py.so
[6.089s] -- Installing: /home/zheka/Smart-Mobility-Engineering-Lab/ros2_ws/src/install/action_tutorials_interfaces/local/lib/python3.10/dist-packages/action_tutorials_interfaces/_action_tutorials_interfaces_s.ep.rosidl_typesupport_introspection_c.c
[6.089s] -- Installing: /home/zheka/Smart-Mobility-Engineering-Lab/ros2_ws/src/install/action_tutorials_interfaces/local/lib/python3.10/dist-packages/action_tutorials_interfaces/action_tutorials_interfaces_s__rosidl_typesupport_c.cpython-310-aarch64-linux-gnu.so
[6.089s] -- Installing: /home/zheka/Smart-Mobility-Engineering-Lab/ros2_ws/src/install/action_tutorials_interfaces/local/lib/python3.10/dist-packages/action_tutorials_interfaces/action_tutorials_interfaces_s__rosidl_typesupport_fastrtps_c.cpython-310-aarch64-linux-gnu.so
[6.089s] -- Installing: /home/zheka/Smart-Mobility-Engineering-Lab/ros2_ws/src/install/action_tutorials_interfaces/local/lib/python3.10/dist-packages/action_tutorials_interfaces/_action_tutorials_interfaces_s.ep.rosidl_typesupport_fastrtps_c.c
[6.089s] -- Installing: /home/zheka/Smart-Mobility-Engineering-Lab/ros2_ws/src/install/action_tutorials_interfaces/local/lib/python3.10/dist-packages/action_tutorials_interfaces/action_tutorials_interfaces_s__rosidl_typesupport_introspection_c.cpython-310-aarch64-linux-gnu.so
[6.112s] Listing '/home/zheka/Smart-Mobility-Engineering-Lab/ros2_ws/src/install/action_tutorials_interfaces/local/lib/python3.10/dist-packages/action_tutorials_interfaces'...
[6.112s] Compiling '/home/zheka/Smart-Mobility-Engineering-Lab/ros2_ws/src/install/action_tutorials_interfaces/local/lib/python3.10/dist-packages/action_tutorials_interfaces/__init__.py'...
[6.112s] Listing '/home/zheka/Smart-Mobility-Engineering-Lab/ros2_ws/src/install/action_tutorials_interfaces/local/lib/python3.10/dist-packages/action_tutorials_interfaces/action'...
[6.112s] Compiling '/home/zheka/Smart-Mobility-Engineering-Lab/ros2_ws/src/install/action_tutorials_interfaces/local/lib/python3.10/dist-packages/action_tutorials_interfaces/action/__init__.py'...
[6.112s] Compiling '/home/zheka/Smart-Mobility-Engineering-Lab/ros2_ws/src/install/action_tutorials_interfaces/local/lib/python3.10/dist-packages/action_tutorials_interfaces/action/_fibonacci.py'...
[6.118s] -- Installing: /home/zheka/Smart-Mobility-Engineering-Lab/ros2_ws/src/install/action_tutorials_interfaces/local/lib/python3.10/dist-packages/action_tutorials_interfaces/action_tutorials_interfaces_s__rosidl_typesupport_fastrtps_c.cpython-310-aarch64-linux-gnu.so
[6.119s] -- Set runtime path of "/home/zheka/Smart-Mobility-Engineering-Lab/ros2_ws/src/install/action_tutorials_interfaces/local/lib/python3.10/dist-packages/action_tutorials_interfaces/action_tutorials_interfaces_s__rosidl_typesupport_fastrtps_c.cpython-310-aarch64-linux-gnu.so" to ""
[6.119s] -- Installing: /home/zheka/Smart-Mobility-Engineering-Lab/ros2_ws/src/install/action_tutorials_interfaces/local/lib/python3.10/dist-packages/action_tutorials_interfaces/action_tutorials_interfaces_s__rosidl_typesupport_introspection_c.cpython-310-aarch64-linux-gnu.so
[6.119s] -- Set runtime path of "/home/zheka/Smart-Mobility-Engineering-Lab/ros2_ws/src/install/action_tutorials_interfaces/local/lib/python3.10/dist-packages/action_tutorials_interfaces/action_tutorials_interfaces_s__rosidl_typesupport_introspection_c.cpython-310-aarch64-linux-gnu.so" to ""
[6.119s] -- Installing: /home/zheka/Smart-Mobility-Engineering-Lab/ros2_ws/src/install/action_tutorials_interfaces/local/lib/python3.10/dist-packages/action_tutorials_interfaces/action_tutorials_interfaces_s__rosidl_typesupport_c.cpython-310-aarch64-linux-gnu.so
[6.119s] -- Set runtime path of "/home/zheka/Smart-Mobility-Engineering-Lab/ros2_ws/src/install/action_tutorials_interfaces/local/lib/python3.10/dist-packages/action_tutorials_interfaces/action_tutorials_interfaces_s__rosidl_typesupport_c.cpython-310-aarch64-linux-gnu.so" to ""
[6.119s] -- Installing: /home/zheka/Smart-Mobility-Engineering-Lab/ros2_ws/src/install/action_tutorials_interfaces/lib/libaction_tutorials_interfaces__rosidl_generator_py.so
[6.119s] -- Set runtime path of "/home/zheka/Smart-Mobility-Engineering-Lab/ros2_ws/src/install/action_tutorials_interfaces/lib/libaction_tutorials_interfaces__rosidl_generator_py.so" to ""
[6.119s] -- Installing: /home/zheka/Smart-Mobility-Engineering-Lab/ros2_ws/src/install/action_tutorials_interfaces/share/action_tutorials_interfaces/action/Fibonacci.idl
[6.119s] -- Installing: /home/zheka/Smart-Mobility-Engineering-Lab/ros2_ws/src/install/action_tutorials_interfaces/share/action_tutorials_interfaces/action/Fibonacci.action
[6.119s] -- Installing: /home/zheka/Smart-Mobility-Engineering-Lab/ros2_ws/src/install/action_tutorials_interfaces/share/ament_index/resource_index/package_run_dependencies/action_tutorials_interfaces
[6.119s] -- Installing: /home/zheka/Smart-Mobility-Engineering-Lab/ros2_ws/src/install/action_tutorials_interfaces/share/ament_index/resource_index/parent_prefix_path/action_tutorials_interfaces
[6.119s] -- Installing: /home/zheka/Smart-Mobility-Engineering-Lab/ros2_ws/src/install/action_tutorials_interfaces/share/action_tutorials_interfaces/environment/ament_prefix_path.sh
[6.119s] -- Installing: /home/zheka/Smart-Mobility-Engineering-Lab/ros2_ws/src/install/action_tutorials_interfaces/share/action_tutorials_interfaces/environment/ament_prefix_path.dsv
[6.119s] -- Installing: /home/zheka/Smart-Mobility-Engineering-Lab/ros2_ws/src/install/action_tutorials_interfaces/share/action_tutorials_interfaces/environment/path.sh
[6.119s] -- Installing: /home/zheka/Smart-Mobility-Engineering-Lab/ros2_ws/src/install/action_tutorials_interfaces/share/action_tutorials_interfaces/environment/path.dsv
[6.119s] -- Installing: /home/zheka/Smart-Mobility-Engineering-Lab/ros2_ws/src/install/action_tutorials_interfaces/share/action_tutorials_interfaces/local_setup.bash
[6.119s] -- Installing: /home/zheka/Smart-Mobility-Engineering-Lab/ros2_ws/src/install/action_tutorials_interfaces/share/action_tutorials_interfaces/local_setup.sh
[6.119s] -- Installing: /home/zheka/Smart-Mobility-Engineering-Lab/ros2_ws/src/install/action_tutorials_interfaces/share/action_tutorials_interfaces/local_setup.zsh
[6.119s] -- Installing: /home/zheka/Smart-Mobility-Engineering-Lab/ros2_ws/src/install/action_tutorials_interfaces/share/action_tutorials_interfaces/local_setup.dsv
[6.119s] -- Installing: /home/zheka/Smart-Mobility-Engineering-Lab/ros2_ws/src/install/action_tutorials_interfaces/share/action_tutorials_interfaces/package.dsv
[6.119s] -- Installing: /home/zheka/Smart-Mobility-Engineering-Lab/ros2_ws/src/install/action_tutorials_interfaces/share/ament_index/resource_index/packages/action_tutorials_interfaces
[6.119s] -- Installing: /home/zheka/Smart-Mobility-Engineering-Lab/ros2_ws/src/install/action_tutorials_interfaces/share/action_tutorials_interfaces/cmake/export_action_tutorials_interfaces__rosidl_generator_cExport.cmake
[6.119s] -- Installing: /home/zheka/Smart-Mobility-Engineering-Lab/ros2_ws/src/install/action_tutorials_interfaces/share/action_tutorials_interfaces/cmake/export_action_tutorials_interfaces__rosidl_generator_cExport-noconfig.cmake
[6.119s] -- Installing: /home/zheka/Smart-Mobility-Engineering-Lab/ros2_ws/src/install/action_tutorials_interfaces/share/action_tutorials_interfaces/cmake/export_action_tutorials_interfaces__rosidl_typesupport_fastrtps_cExport.cmake
[6.119s] -- Installing: /home/zheka/Smart-Mobility-Engineering-Lab/ros2_ws/src/install/action_tutorials_interfaces/share/action_tutorials_interfaces/cmake/export_action_tutorials_interfaces__rosidl_typesupport_fastrtps_cExport-noconfig.cmake
[6.119s] -- Installing: /home/zheka/Smart-Mobility-Engineering-Lab/ros2_ws/src/install/action_tutorials_interfaces/share/action_tutorials_interfaces/cmake/action_tutorials_interfaces__rosidl_typesupport_introspection_cExport.cmake
[6.119s] -- Installing: /home/zheka/Smart-Mobility-Engineering-Lab/ros2_ws/src/install/action_tutorials_interfaces/share/action_tutorials_interfaces/cmake/action_tutorials_interfaces__rosidl_typesupport_introspection_cExport-noconfig.cmake
[6.119s] -- Installing: /home/zheka/Smart-Mobility-Engineering-Lab/ros2_ws/src/install/action_tutorials_interfaces/share/action_tutorials_interfaces/cmake/action_tutorials_interfaces__rosidl_typesupport_cExport.cmake
[6.119s] -- Installing: /home/zheka/Smart-Mobility-Engineering-Lab/ros2_ws/src/install/action_tutorials_interfaces/share/action_tutorials_interfaces/cmake/action_tutorials_interfaces__rosidl_typesupport_cExport-noconfig.cmake
[6.119s] -- Installing: /home/zheka/Smart-Mobility-Engineering-Lab/ros2_ws/src/install/action_tutorials_interfaces/share/action_tutorials_interfaces/cmake/export_action_tutorials_interfaces__rosidl_generator_cppExport.cmake
[6.119s] -- Installing: /home/zheka/Smart-Mobility-Engineering-Lab/ros2_ws/src/install/action_tutorials_interfaces/share/action_tutorials_interfaces/cmake/export_action_tutorials_interfaces__rosidl_typesupport_fastrtps_cppExport.cmake
[6.119s] -- Installing: /home/zheka/Smart-Mobility-Engineering-Lab/ros2_ws/src/install/action_tutorials_interfaces/share/action_tutorials_interfaces/cmake/export_action_tutorials_interfaces__rosidl_typesupport_fastrtps_cppExport-noconfig.cmake
[6.119s] -- Installing: /home/zheka/Smart-Mobility-Engineering-Lab/ros2_ws/src/install/action_tutorials_interfaces/share/action_tutorials_interfaces/cmake/action_tutorials_interfaces__rosidl_typesupport_introspection_cppExport.cmake
[6.120s] -- Installing: /home/zheka/Smart-Mobility-Engineering-Lab/ros2_ws/src/install/action_tutorials_interfaces/share/action_tutorials_interfaces/cmake/action_tutorials_interfaces__rosidl_typesupport_introspection_cppExport-noconfig.cmake
[6.120s] -- Installing: /home/zheka/Smart-Mobility-Engineering-Lab/ros2_ws/src/install/action_tutorials_interfaces/share/action_tutorials_interfaces/cmake/action_tutorials_interfaces__rosidl_typesupport_cppExport.cmake
[6.120s] -- Installing: /home/zheka/Smart-Mobility-Engineering-Lab/ros2_ws/src/install/action_tutorials_interfaces/share/action_tutorials_interfaces/cmake/action_tutorials_interfaces__rosidl_typesupport_cppExport-noconfig.cmake
[6.120s] -- Installing: /home/zheka/Smart-Mobility-Engineering-Lab/ros2_ws/src/install/action_tutorials_interfaces/share/action_tutorials_interfaces/cmake/export_action_tutorials_interfaces__rosidl_generator_pyExport.cmake
[6.120s] -- Installing: /home/zheka/Smart-Mobility-Engineering-Lab/ros2_ws/src/install/action_tutorials_interfaces/share/action_tutorials_interfaces/cmake/export_action_tutorials_interfaces__rosidl_generator_pyExport-noconfig.cmake
[6.120s] -- Installing: /home/zheka/Smart-Mobility-Engineering-Lab/ros2_ws/src/install/action_tutorials_interfaces/share/action_tutorials_interfaces/cmake/rosidl_cmake-extras.cmake
[6.120s] -- Installing: /home/zheka/Smart-Mobility-Engineering-Lab/ros2_ws/src/install/action_tutorials_interfaces/share/action_tutorials_interfaces/cmake/ament_cmake_export_dependencies-extras.cmake
[6.120s] -- Installing: /home/zheka/Smart-Mobility-Engineering-Lab/ros2_ws/src/install/action_tutorials_interfaces/share/action_tutorials_interfaces/cmake/ament_cmake_export_include_directories-extras.cmake
[6.120s] -- Installing: /home/zheka/Smart-Mobility-Engineering-Lab/ros2_ws/src/install/action_tutorials_interfaces/share/action_tutorials_interfaces/cmake/ament_cmake_export_libraries-extras.cmake
[6.120s] -- Installing: /home/zheka/Smart-Mobility-Engineering-Lab/ros2_ws/src/install/action_tutorials_interfaces/share/action_tutorials_interfaces/cmake/ament_cmake_export_targets-extras.cmake
[6.120s] -- Installing: /home/zheka/Smart-Mobility-Engineering-Lab/ros2_ws/src/install/action_tutorials_interfaces/share/action_tutorials_interfaces/cmake/rosidl_cmake_export_typesupport_targets-extras.cmake
[6.120s] -- Installing: /home/zheka/Smart-Mobility-Engineering-Lab/ros2_ws/src/install/action_tutorials_interfaces/share/action_tutorials_interfaces/cmake/rosidl_cmake_export_typesupport_libraries-extras.cmake
[6.120s] -- Installing: /home/zheka/Smart-Mobility-Engineering-Lab/ros2_ws/src/install/action_tutorials_interfaces/share/action_tutorials_interfaces/cmake/action_tutorials_interfacesConfig.cmake
[6.120s] -- Installing: /home/zheka/Smart-Mobility-Engineering-Lab/ros2_ws/src/install/action_tutorials_interfaces/share/action_tutorials_interfaces/cmake/action_tutorials_interfacesConfig-version.cmake
[6.127s] -- Installing: /home/zheka/Smart-Mobility-Engineering-Lab/ros2_ws/src/install/action_tutorials_interfaces/share/action_tutorials_interfaces/package.xml
[6.127s] Invoked command in '/home/zheka/Smart-Mobility-Engineering-Lab/ros2_ws/src/build/action_tutorials_interfaces' returned '0': CMAKE_PREFIX_PATH=/opt/ros/humble /usr/bin/cmake --install /home/zheka/Smart-Mobility-Engineering-Lab/ros2_ws/src/build/action_tutorials_interfaces
