running egg_info
creating ../../build/turtlebot3_safety/autonomous_driving.egg-info
writing ../../build/turtlebot3_safety/autonomous_driving.egg-info/PKG-INFO
writing dependency_links to ../../build/turtlebot3_safety/autonomous_driving.egg-info/dependency_links.txt
writing entry points to ../../build/turtlebot3_safety/autonomous_driving.egg-info/entry_points.txt
writing requirements to ../../build/turtlebot3_safety/autonomous_driving.egg-info/requires.txt
writing top-level names to ../../build/turtlebot3_safety/autonomous_driving.egg-info/top_level.txt
writing manifest file '../../build/turtlebot3_safety/autonomous_driving.egg-info/SOURCES.txt'
reading manifest file '../../build/turtlebot3_safety/autonomous_driving.egg-info/SOURCES.txt'
writing manifest file '../../build/turtlebot3_safety/autonomous_driving.egg-info/SOURCES.txt'
running build
running build_py
creating /home/risimon/mateEZ/vip1_ws/build/turtlebot3_safety/build
creating /home/risimon/mateEZ/vip1_ws/build/turtlebot3_safety/build/lib
creating /home/risimon/mateEZ/vip1_ws/build/turtlebot3_safety/build/lib/autonomous_driving
copying autonomous_driving/__init__.py -> /home/risimon/mateEZ/vip1_ws/build/turtlebot3_safety/build/lib/autonomous_driving
running install
/usr/lib/python3/dist-packages/setuptools/command/install.py:34: SetuptoolsDeprecationWarning: setup.py install is deprecated. Use build and pip and other standards-based tools.
  warnings.warn(
running install_lib
creating /home/risimon/mateEZ/vip1_ws/install/turtlebot3_safety/lib/python3.10/site-packages/autonomous_driving
copying /home/risimon/mateEZ/vip1_ws/build/turtlebot3_safety/build/lib/autonomous_driving/__init__.py -> /home/risimon/mateEZ/vip1_ws/install/turtlebot3_safety/lib/python3.10/site-packages/autonomous_driving
byte-compiling /home/risimon/mateEZ/vip1_ws/install/turtlebot3_safety/lib/python3.10/site-packages/autonomous_driving/__init__.py to __init__.cpython-310.pyc
running install_data
copying resource/autonomous_driving -> /home/risimon/mateEZ/vip1_ws/install/turtlebot3_safety/share/ament_index/resource_index/packages
creating /home/risimon/mateEZ/vip1_ws/install/turtlebot3_safety/share/autonomous_driving
copying package.xml -> /home/risimon/mateEZ/vip1_ws/install/turtlebot3_safety/share/autonomous_driving
creating /home/risimon/mateEZ/vip1_ws/install/turtlebot3_safety/share/autonomous_driving/launch
creating /home/risimon/mateEZ/vip1_ws/install/turtlebot3_safety/share/autonomous_driving/rviz
creating /home/risimon/mateEZ/vip1_ws/install/turtlebot3_safety/share/autonomous_driving/worlds
running install_egg_info
Copying ../../build/turtlebot3_safety/autonomous_driving.egg-info to /home/risimon/mateEZ/vip1_ws/install/turtlebot3_safety/lib/python3.10/site-packages/autonomous_driving-0.1.0-py3.10.egg-info
running install_scripts
Installing obstacle_avoidance script to /home/risimon/mateEZ/vip1_ws/install/turtlebot3_safety/lib/autonomous_driving
Installing wall_following script to /home/risimon/mateEZ/vip1_ws/install/turtlebot3_safety/lib/autonomous_driving
writing list of installed files to '/home/risimon/mateEZ/vip1_ws/build/turtlebot3_safety/install.log'
