[0.023s] Invoking command in '/home/zheka/Smart-Mobility-Engineering-Lab/ros2_ws/src/build/urdf_tutorial': CMAKE_PREFIX_PATH=/opt/ros/humble /usr/bin/cmake /home/zheka/Smart-Mobility-Engineering-Lab/ros2_ws/src/urdf_tutorial -DCMAKE_INSTALL_PREFIX=/home/zheka/Smart-Mobility-Engineering-Lab/ros2_ws/src/install/urdf_tutorial
[0.048s] -- Found ament_cmake: 1.3.5 (/opt/ros/humble/share/ament_cmake/cmake)
[0.163s] -- Found Python3: /usr/bin/python3.10 (found version "3.10.12") found components: Interpreter 
[0.236s] -- Found ament_lint_auto: 0.12.8 (/opt/ros/humble/share/ament_lint_auto/cmake)
[0.282s] -- Configuring done
[0.283s] -- Generating done
[0.284s] -- Build files have been written to: /home/zheka/Smart-Mobility-Engineering-Lab/ros2_ws/src/build/urdf_tutorial
[0.286s] Invoked command in '/home/zheka/Smart-Mobility-Engineering-Lab/ros2_ws/src/build/urdf_tutorial' returned '0': CMAKE_PREFIX_PATH=/opt/ros/humble /usr/bin/cmake /home/zheka/Smart-Mobility-Engineering-Lab/ros2_ws/src/urdf_tutorial -DCMAKE_INSTALL_PREFIX=/home/zheka/Smart-Mobility-Engineering-Lab/ros2_ws/src/install/urdf_tutorial
[0.289s] Invoking command in '/home/zheka/Smart-Mobility-Engineering-Lab/ros2_ws/src/build/urdf_tutorial': CMAKE_PREFIX_PATH=/opt/ros/humble /usr/bin/cmake --build /home/zheka/Smart-Mobility-Engineering-Lab/ros2_ws/src/build/urdf_tutorial -- -j2 -l2
[0.349s] Invoked command in '/home/zheka/Smart-Mobility-Engineering-Lab/ros2_ws/src/build/urdf_tutorial' returned '0': CMAKE_PREFIX_PATH=/opt/ros/humble /usr/bin/cmake --build /home/zheka/Smart-Mobility-Engineering-Lab/ros2_ws/src/build/urdf_tutorial -- -j2 -l2
[0.398s] Invoking command in '/home/zheka/Smart-Mobility-Engineering-Lab/ros2_ws/src/build/urdf_tutorial': CMAKE_PREFIX_PATH=/opt/ros/humble /usr/bin/cmake --install /home/zheka/Smart-Mobility-Engineering-Lab/ros2_ws/src/build/urdf_tutorial
[0.404s] -- Install configuration: ""
[0.405s] -- Installing: /home/zheka/Smart-Mobility-Engineering-Lab/ros2_ws/src/install/urdf_tutorial/share/urdf_tutorial/images
[0.405s] -- Installing: /home/zheka/Smart-Mobility-Engineering-Lab/ros2_ws/src/install/urdf_tutorial/share/urdf_tutorial/images/multipleshapes.png
[0.405s] -- Installing: /home/zheka/Smart-Mobility-Engineering-Lab/ros2_ws/src/install/urdf_tutorial/share/urdf_tutorial/images/flexible.png
[0.405s] -- Installing: /home/zheka/Smart-Mobility-Engineering-Lab/ros2_ws/src/install/urdf_tutorial/share/urdf_tutorial/images/visual.png
[0.405s] -- Installing: /home/zheka/Smart-Mobility-Engineering-Lab/ros2_ws/src/install/urdf_tutorial/share/urdf_tutorial/images/materials.png
[0.405s] -- Installing: /home/zheka/Smart-Mobility-Engineering-Lab/ros2_ws/src/install/urdf_tutorial/share/urdf_tutorial/images/origins.png
[0.406s] -- Installing: /home/zheka/Smart-Mobility-Engineering-Lab/ros2_ws/src/install/urdf_tutorial/share/urdf_tutorial/images/myfirst.png
[0.406s] -- Installing: /home/zheka/Smart-Mobility-Engineering-Lab/ros2_ws/src/install/urdf_tutorial/share/urdf_tutorial/launch
[0.406s] -- Installing: /home/zheka/Smart-Mobility-Engineering-Lab/ros2_ws/src/install/urdf_tutorial/share/urdf_tutorial/launch/display.launch.py
[0.406s] -- Installing: /home/zheka/Smart-Mobility-Engineering-Lab/ros2_ws/src/install/urdf_tutorial/share/urdf_tutorial/meshes
[0.406s] -- Installing: /home/zheka/Smart-Mobility-Engineering-Lab/ros2_ws/src/install/urdf_tutorial/share/urdf_tutorial/meshes/l_finger_color.png
[0.406s] -- Installing: /home/zheka/Smart-Mobility-Engineering-Lab/ros2_ws/src/install/urdf_tutorial/share/urdf_tutorial/meshes/l_finger_tip_color.png
[0.406s] -- Installing: /home/zheka/Smart-Mobility-Engineering-Lab/ros2_ws/src/install/urdf_tutorial/share/urdf_tutorial/meshes/l_finger.dae
[0.406s] -- Installing: /home/zheka/Smart-Mobility-Engineering-Lab/ros2_ws/src/install/urdf_tutorial/share/urdf_tutorial/meshes/l_finger_tip.dae
[0.406s] -- Installing: /home/zheka/Smart-Mobility-Engineering-Lab/ros2_ws/src/install/urdf_tutorial/share/urdf_tutorial/rviz
[0.406s] -- Installing: /home/zheka/Smart-Mobility-Engineering-Lab/ros2_ws/src/install/urdf_tutorial/share/urdf_tutorial/rviz/urdf.rviz
[0.407s] -- Installing: /home/zheka/Smart-Mobility-Engineering-Lab/ros2_ws/src/install/urdf_tutorial/share/urdf_tutorial/urdf
[0.407s] -- Installing: /home/zheka/Smart-Mobility-Engineering-Lab/ros2_ws/src/install/urdf_tutorial/share/urdf_tutorial/urdf/05-visual.urdf
[0.407s] -- Installing: /home/zheka/Smart-Mobility-Engineering-Lab/ros2_ws/src/install/urdf_tutorial/share/urdf_tutorial/urdf/07-physics.urdf
[0.407s] -- Installing: /home/zheka/Smart-Mobility-Engineering-Lab/ros2_ws/src/install/urdf_tutorial/share/urdf_tutorial/urdf/01-myfirst.urdf
[0.407s] -- Installing: /home/zheka/Smart-Mobility-Engineering-Lab/ros2_ws/src/install/urdf_tutorial/share/urdf_tutorial/urdf/08-macroed.urdf.xacro
[0.407s] -- Installing: /home/zheka/Smart-Mobility-Engineering-Lab/ros2_ws/src/install/urdf_tutorial/share/urdf_tutorial/urdf/02-multipleshapes.urdf
[0.407s] -- Installing: /home/zheka/Smart-Mobility-Engineering-Lab/ros2_ws/src/install/urdf_tutorial/share/urdf_tutorial/urdf/03-origins.urdf
[0.407s] -- Installing: /home/zheka/Smart-Mobility-Engineering-Lab/ros2_ws/src/install/urdf_tutorial/share/urdf_tutorial/urdf/06-flexible.urdf
[0.407s] -- Installing: /home/zheka/Smart-Mobility-Engineering-Lab/ros2_ws/src/install/urdf_tutorial/share/urdf_tutorial/urdf/04-materials.urdf
[0.407s] -- Installing: /home/zheka/Smart-Mobility-Engineering-Lab/ros2_ws/src/install/urdf_tutorial/share/ament_index/resource_index/package_run_dependencies/urdf_tutorial
[0.408s] -- Installing: /home/zheka/Smart-Mobility-Engineering-Lab/ros2_ws/src/install/urdf_tutorial/share/ament_index/resource_index/parent_prefix_path/urdf_tutorial
[0.408s] -- Installing: /home/zheka/Smart-Mobility-Engineering-Lab/ros2_ws/src/install/urdf_tutorial/share/urdf_tutorial/environment/ament_prefix_path.sh
[0.408s] -- Installing: /home/zheka/Smart-Mobility-Engineering-Lab/ros2_ws/src/install/urdf_tutorial/share/urdf_tutorial/environment/ament_prefix_path.dsv
[0.408s] -- Installing: /home/zheka/Smart-Mobility-Engineering-Lab/ros2_ws/src/install/urdf_tutorial/share/urdf_tutorial/environment/path.sh
[0.408s] -- Installing: /home/zheka/Smart-Mobility-Engineering-Lab/ros2_ws/src/install/urdf_tutorial/share/urdf_tutorial/environment/path.dsv
[0.408s] -- Installing: /home/zheka/Smart-Mobility-Engineering-Lab/ros2_ws/src/install/urdf_tutorial/share/urdf_tutorial/local_setup.bash
[0.408s] -- Installing: /home/zheka/Smart-Mobility-Engineering-Lab/ros2_ws/src/install/urdf_tutorial/share/urdf_tutorial/local_setup.sh
[0.408s] -- Installing: /home/zheka/Smart-Mobility-Engineering-Lab/ros2_ws/src/install/urdf_tutorial/share/urdf_tutorial/local_setup.zsh
[0.408s] -- Installing: /home/zheka/Smart-Mobility-Engineering-Lab/ros2_ws/src/install/urdf_tutorial/share/urdf_tutorial/local_setup.dsv
[0.409s] -- Installing: /home/zheka/Smart-Mobility-Engineering-Lab/ros2_ws/src/install/urdf_tutorial/share/urdf_tutorial/package.dsv
[0.409s] -- Installing: /home/zheka/Smart-Mobility-Engineering-Lab/ros2_ws/src/install/urdf_tutorial/share/ament_index/resource_index/packages/urdf_tutorial
[0.409s] -- Installing: /home/zheka/Smart-Mobility-Engineering-Lab/ros2_ws/src/install/urdf_tutorial/share/urdf_tutorial/cmake/urdf_tutorialConfig.cmake
[0.409s] -- Installing: /home/zheka/Smart-Mobility-Engineering-Lab/ros2_ws/src/install/urdf_tutorial/share/urdf_tutorial/cmake/urdf_tutorialConfig-version.cmake
[0.409s] -- Installing: /home/zheka/Smart-Mobility-Engineering-Lab/ros2_ws/src/install/urdf_tutorial/share/urdf_tutorial/package.xml
[0.412s] Invoked command in '/home/zheka/Smart-Mobility-Engineering-Lab/ros2_ws/src/build/urdf_tutorial' returned '0': CMAKE_PREFIX_PATH=/opt/ros/humble /usr/bin/cmake --install /home/zheka/Smart-Mobility-Engineering-Lab/ros2_ws/src/build/urdf_tutorial
