[0.025s] Invoking command in '/home/zheka/Smart-Mobility-Engineering-Lab/ros2_ws/src/build/turtlesim': CMAKE_PREFIX_PATH=/opt/ros/humble /usr/bin/cmake --build /home/zheka/Smart-Mobility-Engineering-Lab/ros2_ws/src/build/turtlesim -- -j2 -l2
[0.094s] [35m[1mConsolidate compiler generated dependencies of target turtlesim__rosidl_generator_c[0m
[0.101s] [  1%] Built target turtlesim__cpp
[0.122s] [ 11%] Built target turtlesim__rosidl_generator_c
[0.130s] [ 11%] Built target ament_cmake_python_copy_turtlesim
[0.142s] [35m[1mConsolidate compiler generated dependencies of target turtlesim__rosidl_typesupport_cpp[0m
[0.153s] [35m[1mConsolidate compiler generated dependencies of target turtlesim__rosidl_typesupport_fastrtps_c[0m
[0.166s] [ 21%] Built target turtlesim__rosidl_typesupport_cpp
[0.171s] [ 31%] Built target turtlesim__rosidl_typesupport_fastrtps_c
[0.192s] [35m[1mConsolidate compiler generated dependencies of target turtlesim__rosidl_typesupport_fastrtps_cpp[0m
[0.198s] [35m[1mConsolidate compiler generated dependencies of target turtlesim__rosidl_typesupport_introspection_c[0m
[0.218s] [ 41%] Built target turtlesim__rosidl_typesupport_fastrtps_cpp
[0.222s] [ 51%] Built target turtlesim__rosidl_typesupport_introspection_c
[0.237s] [35m[1mConsolidate compiler generated dependencies of target turtlesim__rosidl_typesupport_c[0m
[0.239s] [35m[1mConsolidate compiler generated dependencies of target turtlesim__rosidl_typesupport_introspection_cpp[0m
[0.253s] [ 61%] Built target turtlesim__rosidl_typesupport_c
[0.261s] [ 71%] Built target turtlesim__rosidl_typesupport_introspection_cpp
[0.283s] [35m[1mConsolidate compiler generated dependencies of target turtlesim_node[0m
[0.311s] [ 77%] Built target turtlesim_node
[0.349s] [35m[1mConsolidate compiler generated dependencies of target turtle_teleop_key[0m
[0.376s] [ 79%] Built target turtle_teleop_key
[0.391s] [35m[1mConsolidate compiler generated dependencies of target draw_square[0m
[0.413s] [ 81%] Built target draw_square
[0.414s] [35m[1mConsolidate compiler generated dependencies of target mimic[0m
[0.427s] [ 83%] Built target mimic
[0.435s] running egg_info
[0.436s] writing turtlesim.egg-info/PKG-INFO
[0.436s] writing dependency_links to turtlesim.egg-info/dependency_links.txt
[0.436s] writing top-level names to turtlesim.egg-info/top_level.txt
[0.437s] reading manifest file 'turtlesim.egg-info/SOURCES.txt'
[0.438s] writing manifest file 'turtlesim.egg-info/SOURCES.txt'
[0.445s] [ 83%] Built target turtlesim
[0.455s] [ 83%] Built target ament_cmake_python_build_turtlesim_egg
[0.463s] [ 84%] Built target turtlesim__py
[0.472s] [35m[1mConsolidate compiler generated dependencies of target turtlesim__rosidl_generator_py[0m
[0.485s] [ 93%] Built target turtlesim__rosidl_generator_py
[0.495s] [35m[1mConsolidate compiler generated dependencies of target turtlesim__rosidl_typesupport_fastrtps_c__pyext[0m
[0.504s] [35m[1mConsolidate compiler generated dependencies of target turtlesim__rosidl_typesupport_introspection_c__pyext[0m
[0.516s] [ 95%] Built target turtlesim__rosidl_typesupport_introspection_c__pyext
[0.516s] [ 97%] Built target turtlesim__rosidl_typesupport_fastrtps_c__pyext
[0.525s] [35m[1mConsolidate compiler generated dependencies of target turtlesim__rosidl_typesupport_c__pyext[0m
[0.534s] [100%] Built target turtlesim__rosidl_typesupport_c__pyext
[0.577s] Invoked command in '/home/zheka/Smart-Mobility-Engineering-Lab/ros2_ws/src/build/turtlesim' returned '0': CMAKE_PREFIX_PATH=/opt/ros/humble /usr/bin/cmake --build /home/zheka/Smart-Mobility-Engineering-Lab/ros2_ws/src/build/turtlesim -- -j2 -l2
[0.752s] Invoking command in '/home/zheka/Smart-Mobility-Engineering-Lab/ros2_ws/src/build/turtlesim': CMAKE_PREFIX_PATH=/opt/ros/humble /usr/bin/cmake --install /home/zheka/Smart-Mobility-Engineering-Lab/ros2_ws/src/build/turtlesim
[0.760s] -- Install configuration: ""
[0.760s] -- Installing: /home/zheka/Smart-Mobility-Engineering-Lab/ros2_ws/src/install/turtlesim/share/ament_index/resource_index/rosidl_interfaces/turtlesim
[0.760s] -- Installing: /home/zheka/Smart-Mobility-Engineering-Lab/ros2_ws/src/install/turtlesim/include/turtlesim/turtlesim
[0.760s] -- Installing: /home/zheka/Smart-Mobility-Engineering-Lab/ros2_ws/src/install/turtlesim/include/turtlesim/turtlesim/action
[0.760s] -- Installing: /home/zheka/Smart-Mobility-Engineering-Lab/ros2_ws/src/install/turtlesim/include/turtlesim/turtlesim/action/rotate_absolute.h
[0.760s] -- Installing: /home/zheka/Smart-Mobility-Engineering-Lab/ros2_ws/src/install/turtlesim/include/turtlesim/turtlesim/action/detail
[0.761s] -- Installing: /home/zheka/Smart-Mobility-Engineering-Lab/ros2_ws/src/install/turtlesim/include/turtlesim/turtlesim/action/detail/rotate_absolute__functions.c
[0.761s] -- Installing: /home/zheka/Smart-Mobility-Engineering-Lab/ros2_ws/src/install/turtlesim/include/turtlesim/turtlesim/action/detail/rotate_absolute__struct.h
[0.761s] -- Installing: /home/zheka/Smart-Mobility-Engineering-Lab/ros2_ws/src/install/turtlesim/include/turtlesim/turtlesim/action/detail/rotate_absolute__functions.h
[0.762s] -- Installing: /home/zheka/Smart-Mobility-Engineering-Lab/ros2_ws/src/install/turtlesim/include/turtlesim/turtlesim/action/detail/rotate_absolute__type_support.h
[0.762s] -- Installing: /home/zheka/Smart-Mobility-Engineering-Lab/ros2_ws/src/install/turtlesim/include/turtlesim/turtlesim/msg
[0.762s] -- Installing: /home/zheka/Smart-Mobility-Engineering-Lab/ros2_ws/src/install/turtlesim/include/turtlesim/turtlesim/msg/pose.h
[0.762s] -- Installing: /home/zheka/Smart-Mobility-Engineering-Lab/ros2_ws/src/install/turtlesim/include/turtlesim/turtlesim/msg/rosidl_generator_c__visibility_control.h
[0.762s] -- Installing: /home/zheka/Smart-Mobility-Engineering-Lab/ros2_ws/src/install/turtlesim/include/turtlesim/turtlesim/msg/detail
[0.762s] -- Installing: /home/zheka/Smart-Mobility-Engineering-Lab/ros2_ws/src/install/turtlesim/include/turtlesim/turtlesim/msg/detail/pose__functions.c
[0.762s] -- Installing: /home/zheka/Smart-Mobility-Engineering-Lab/ros2_ws/src/install/turtlesim/include/turtlesim/turtlesim/msg/detail/color__functions.h
[0.762s] -- Installing: /home/zheka/Smart-Mobility-Engineering-Lab/ros2_ws/src/install/turtlesim/include/turtlesim/turtlesim/msg/detail/color__struct.h
[0.762s] -- Installing: /home/zheka/Smart-Mobility-Engineering-Lab/ros2_ws/src/install/turtlesim/include/turtlesim/turtlesim/msg/detail/pose__struct.h
[0.763s] -- Installing: /home/zheka/Smart-Mobility-Engineering-Lab/ros2_ws/src/install/turtlesim/include/turtlesim/turtlesim/msg/detail/color__functions.c
[0.763s] -- Installing: /home/zheka/Smart-Mobility-Engineering-Lab/ros2_ws/src/install/turtlesim/include/turtlesim/turtlesim/msg/detail/color__type_support.h
[0.763s] -- Installing: /home/zheka/Smart-Mobility-Engineering-Lab/ros2_ws/src/install/turtlesim/include/turtlesim/turtlesim/msg/detail/pose__functions.h
[0.763s] -- Installing: /home/zheka/Smart-Mobility-Engineering-Lab/ros2_ws/src/install/turtlesim/include/turtlesim/turtlesim/msg/detail/pose__type_support.h
[0.763s] -- Installing: /home/zheka/Smart-Mobility-Engineering-Lab/ros2_ws/src/install/turtlesim/include/turtlesim/turtlesim/msg/color.h
[0.763s] -- Installing: /home/zheka/Smart-Mobility-Engineering-Lab/ros2_ws/src/install/turtlesim/include/turtlesim/turtlesim/srv
[0.763s] -- Installing: /home/zheka/Smart-Mobility-Engineering-Lab/ros2_ws/src/install/turtlesim/include/turtlesim/turtlesim/srv/kill.h
[0.764s] -- Installing: /home/zheka/Smart-Mobility-Engineering-Lab/ros2_ws/src/install/turtlesim/include/turtlesim/turtlesim/srv/teleport_absolute.h
[0.764s] -- Installing: /home/zheka/Smart-Mobility-Engineering-Lab/ros2_ws/src/install/turtlesim/include/turtlesim/turtlesim/srv/set_pen.h
[0.764s] -- Installing: /home/zheka/Smart-Mobility-Engineering-Lab/ros2_ws/src/install/turtlesim/include/turtlesim/turtlesim/srv/spawn.h
[0.764s] -- Installing: /home/zheka/Smart-Mobility-Engineering-Lab/ros2_ws/src/install/turtlesim/include/turtlesim/turtlesim/srv/detail
[0.764s] -- Installing: /home/zheka/Smart-Mobility-Engineering-Lab/ros2_ws/src/install/turtlesim/include/turtlesim/turtlesim/srv/detail/kill__functions.c
[0.764s] -- Installing: /home/zheka/Smart-Mobility-Engineering-Lab/ros2_ws/src/install/turtlesim/include/turtlesim/turtlesim/srv/detail/spawn__struct.h
[0.764s] -- Installing: /home/zheka/Smart-Mobility-Engineering-Lab/ros2_ws/src/install/turtlesim/include/turtlesim/turtlesim/srv/detail/teleport_absolute__functions.h
[0.764s] -- Installing: /home/zheka/Smart-Mobility-Engineering-Lab/ros2_ws/src/install/turtlesim/include/turtlesim/turtlesim/srv/detail/kill__functions.h
[0.765s] -- Installing: /home/zheka/Smart-Mobility-Engineering-Lab/ros2_ws/src/install/turtlesim/include/turtlesim/turtlesim/srv/detail/spawn__functions.c
[0.765s] -- Installing: /home/zheka/Smart-Mobility-Engineering-Lab/ros2_ws/src/install/turtlesim/include/turtlesim/turtlesim/srv/detail/set_pen__struct.h
[0.765s] -- Installing: /home/zheka/Smart-Mobility-Engineering-Lab/ros2_ws/src/install/turtlesim/include/turtlesim/turtlesim/srv/detail/teleport_absolute__struct.h
[0.765s] -- Installing: /home/zheka/Smart-Mobility-Engineering-Lab/ros2_ws/src/install/turtlesim/include/turtlesim/turtlesim/srv/detail/kill__struct.h
[0.765s] -- Installing: /home/zheka/Smart-Mobility-Engineering-Lab/ros2_ws/src/install/turtlesim/include/turtlesim/turtlesim/srv/detail/teleport_relative__functions.h
[0.765s] -- Installing: /home/zheka/Smart-Mobility-Engineering-Lab/ros2_ws/src/install/turtlesim/include/turtlesim/turtlesim/srv/detail/kill__type_support.h
[0.765s] -- Installing: /home/zheka/Smart-Mobility-Engineering-Lab/ros2_ws/src/install/turtlesim/include/turtlesim/turtlesim/srv/detail/teleport_relative__struct.h
[0.765s] -- Installing: /home/zheka/Smart-Mobility-Engineering-Lab/ros2_ws/src/install/turtlesim/include/turtlesim/turtlesim/srv/detail/teleport_relative__functions.c
[0.766s] -- Installing: /home/zheka/Smart-Mobility-Engineering-Lab/ros2_ws/src/install/turtlesim/include/turtlesim/turtlesim/srv/detail/spawn__functions.h
[0.766s] -- Installing: /home/zheka/Smart-Mobility-Engineering-Lab/ros2_ws/src/install/turtlesim/include/turtlesim/turtlesim/srv/detail/spawn__type_support.h
[0.766s] -- Installing: /home/zheka/Smart-Mobility-Engineering-Lab/ros2_ws/src/install/turtlesim/include/turtlesim/turtlesim/srv/detail/teleport_absolute__type_support.h
[0.766s] -- Installing: /home/zheka/Smart-Mobility-Engineering-Lab/ros2_ws/src/install/turtlesim/include/turtlesim/turtlesim/srv/detail/set_pen__functions.h
[0.766s] -- Installing: /home/zheka/Smart-Mobility-Engineering-Lab/ros2_ws/src/install/turtlesim/include/turtlesim/turtlesim/srv/detail/teleport_absolute__functions.c
[0.766s] -- Installing: /home/zheka/Smart-Mobility-Engineering-Lab/ros2_ws/src/install/turtlesim/include/turtlesim/turtlesim/srv/detail/set_pen__type_support.h
[0.766s] -- Installing: /home/zheka/Smart-Mobility-Engineering-Lab/ros2_ws/src/install/turtlesim/include/turtlesim/turtlesim/srv/detail/set_pen__functions.c
[0.766s] -- Installing: /home/zheka/Smart-Mobility-Engineering-Lab/ros2_ws/src/install/turtlesim/include/turtlesim/turtlesim/srv/detail/teleport_relative__type_support.h
[0.767s] -- Installing: /home/zheka/Smart-Mobility-Engineering-Lab/ros2_ws/src/install/turtlesim/include/turtlesim/turtlesim/srv/teleport_relative.h
[0.767s] -- Installing: /home/zheka/Smart-Mobility-Engineering-Lab/ros2_ws/src/install/turtlesim/share/turtlesim/environment/library_path.sh
[0.767s] -- Installing: /home/zheka/Smart-Mobility-Engineering-Lab/ros2_ws/src/install/turtlesim/share/turtlesim/environment/library_path.dsv
[0.767s] -- Installing: /home/zheka/Smart-Mobility-Engineering-Lab/ros2_ws/src/install/turtlesim/lib/libturtlesim__rosidl_generator_c.so
[0.767s] -- Set runtime path of "/home/zheka/Smart-Mobility-Engineering-Lab/ros2_ws/src/install/turtlesim/lib/libturtlesim__rosidl_generator_c.so" to ""
[0.767s] -- Up-to-date: /home/zheka/Smart-Mobility-Engineering-Lab/ros2_ws/src/install/turtlesim/include/turtlesim/turtlesim
[0.768s] -- Up-to-date: /home/zheka/Smart-Mobility-Engineering-Lab/ros2_ws/src/install/turtlesim/include/turtlesim/turtlesim/action
[0.768s] -- Up-to-date: /home/zheka/Smart-Mobility-Engineering-Lab/ros2_ws/src/install/turtlesim/include/turtlesim/turtlesim/action/detail
[0.768s] -- Installing: /home/zheka/Smart-Mobility-Engineering-Lab/ros2_ws/src/install/turtlesim/include/turtlesim/turtlesim/action/detail/rotate_absolute__rosidl_typesupport_fastrtps_c.h
[0.768s] -- Up-to-date: /home/zheka/Smart-Mobility-Engineering-Lab/ros2_ws/src/install/turtlesim/include/turtlesim/turtlesim/msg
[0.768s] -- Installing: /home/zheka/Smart-Mobility-Engineering-Lab/ros2_ws/src/install/turtlesim/include/turtlesim/turtlesim/msg/rosidl_typesupport_fastrtps_c__visibility_control.h
[0.768s] -- Up-to-date: /home/zheka/Smart-Mobility-Engineering-Lab/ros2_ws/src/install/turtlesim/include/turtlesim/turtlesim/msg/detail
[0.768s] -- Installing: /home/zheka/Smart-Mobility-Engineering-Lab/ros2_ws/src/install/turtlesim/include/turtlesim/turtlesim/msg/detail/pose__rosidl_typesupport_fastrtps_c.h
[0.768s] -- Installing: /home/zheka/Smart-Mobility-Engineering-Lab/ros2_ws/src/install/turtlesim/include/turtlesim/turtlesim/msg/detail/color__rosidl_typesupport_fastrtps_c.h
[0.768s] -- Up-to-date: /home/zheka/Smart-Mobility-Engineering-Lab/ros2_ws/src/install/turtlesim/include/turtlesim/turtlesim/srv
[0.768s] -- Up-to-date: /home/zheka/Smart-Mobility-Engineering-Lab/ros2_ws/src/install/turtlesim/include/turtlesim/turtlesim/srv/detail
[0.768s] -- Installing: /home/zheka/Smart-Mobility-Engineering-Lab/ros2_ws/src/install/turtlesim/include/turtlesim/turtlesim/srv/detail/spawn__rosidl_typesupport_fastrtps_c.h
[0.768s] -- Installing: /home/zheka/Smart-Mobility-Engineering-Lab/ros2_ws/src/install/turtlesim/include/turtlesim/turtlesim/srv/detail/teleport_relative__rosidl_typesupport_fastrtps_c.h
[0.768s] -- Installing: /home/zheka/Smart-Mobility-Engineering-Lab/ros2_ws/src/install/turtlesim/include/turtlesim/turtlesim/srv/detail/set_pen__rosidl_typesupport_fastrtps_c.h
[0.769s] -- Installing: /home/zheka/Smart-Mobility-Engineering-Lab/ros2_ws/src/install/turtlesim/include/turtlesim/turtlesim/srv/detail/kill__rosidl_typesupport_fastrtps_c.h
[0.769s] -- Installing: /home/zheka/Smart-Mobility-Engineering-Lab/ros2_ws/src/install/turtlesim/include/turtlesim/turtlesim/srv/detail/teleport_absolute__rosidl_typesupport_fastrtps_c.h
[0.769s] -- Installing: /home/zheka/Smart-Mobility-Engineering-Lab/ros2_ws/src/install/turtlesim/lib/libturtlesim__rosidl_typesupport_fastrtps_c.so
[0.769s] -- Set runtime path of "/home/zheka/Smart-Mobility-Engineering-Lab/ros2_ws/src/install/turtlesim/lib/libturtlesim__rosidl_typesupport_fastrtps_c.so" to ""
[0.769s] -- Up-to-date: /home/zheka/Smart-Mobility-Engineering-Lab/ros2_ws/src/install/turtlesim/include/turtlesim/turtlesim
[0.769s] -- Up-to-date: /home/zheka/Smart-Mobility-Engineering-Lab/ros2_ws/src/install/turtlesim/include/turtlesim/turtlesim/action
[0.769s] -- Installing: /home/zheka/Smart-Mobility-Engineering-Lab/ros2_ws/src/install/turtlesim/include/turtlesim/turtlesim/action/rotate_absolute.hpp
[0.769s] -- Up-to-date: /home/zheka/Smart-Mobility-Engineering-Lab/ros2_ws/src/install/turtlesim/include/turtlesim/turtlesim/action/detail
[0.769s] -- Installing: /home/zheka/Smart-Mobility-Engineering-Lab/ros2_ws/src/install/turtlesim/include/turtlesim/turtlesim/action/detail/rotate_absolute__traits.hpp
[0.770s] -- Installing: /home/zheka/Smart-Mobility-Engineering-Lab/ros2_ws/src/install/turtlesim/include/turtlesim/turtlesim/action/detail/rotate_absolute__struct.hpp
[0.770s] -- Installing: /home/zheka/Smart-Mobility-Engineering-Lab/ros2_ws/src/install/turtlesim/include/turtlesim/turtlesim/action/detail/rotate_absolute__builder.hpp
[0.770s] -- Up-to-date: /home/zheka/Smart-Mobility-Engineering-Lab/ros2_ws/src/install/turtlesim/include/turtlesim/turtlesim/msg
[0.770s] -- Installing: /home/zheka/Smart-Mobility-Engineering-Lab/ros2_ws/src/install/turtlesim/include/turtlesim/turtlesim/msg/pose.hpp
[0.770s] -- Installing: /home/zheka/Smart-Mobility-Engineering-Lab/ros2_ws/src/install/turtlesim/include/turtlesim/turtlesim/msg/color.hpp
[0.770s] -- Up-to-date: /home/zheka/Smart-Mobility-Engineering-Lab/ros2_ws/src/install/turtlesim/include/turtlesim/turtlesim/msg/detail
[0.770s] -- Installing: /home/zheka/Smart-Mobility-Engineering-Lab/ros2_ws/src/install/turtlesim/include/turtlesim/turtlesim/msg/detail/pose__builder.hpp
[0.770s] -- Installing: /home/zheka/Smart-Mobility-Engineering-Lab/ros2_ws/src/install/turtlesim/include/turtlesim/turtlesim/msg/detail/color__traits.hpp
[0.770s] -- Installing: /home/zheka/Smart-Mobility-Engineering-Lab/ros2_ws/src/install/turtlesim/include/turtlesim/turtlesim/msg/detail/pose__struct.hpp
[0.770s] -- Installing: /home/zheka/Smart-Mobility-Engineering-Lab/ros2_ws/src/install/turtlesim/include/turtlesim/turtlesim/msg/detail/color__struct.hpp
[0.770s] -- Installing: /home/zheka/Smart-Mobility-Engineering-Lab/ros2_ws/src/install/turtlesim/include/turtlesim/turtlesim/msg/detail/pose__traits.hpp
[0.770s] -- Installing: /home/zheka/Smart-Mobility-Engineering-Lab/ros2_ws/src/install/turtlesim/include/turtlesim/turtlesim/msg/detail/color__builder.hpp
[0.771s] -- Up-to-date: /home/zheka/Smart-Mobility-Engineering-Lab/ros2_ws/src/install/turtlesim/include/turtlesim/turtlesim/srv
[0.771s] -- Installing: /home/zheka/Smart-Mobility-Engineering-Lab/ros2_ws/src/install/turtlesim/include/turtlesim/turtlesim/srv/teleport_relative.hpp
[0.771s] -- Installing: /home/zheka/Smart-Mobility-Engineering-Lab/ros2_ws/src/install/turtlesim/include/turtlesim/turtlesim/srv/spawn.hpp
[0.771s] -- Installing: /home/zheka/Smart-Mobility-Engineering-Lab/ros2_ws/src/install/turtlesim/include/turtlesim/turtlesim/srv/teleport_absolute.hpp
[0.771s] -- Up-to-date: /home/zheka/Smart-Mobility-Engineering-Lab/ros2_ws/src/install/turtlesim/include/turtlesim/turtlesim/srv/detail
[0.771s] -- Installing: /home/zheka/Smart-Mobility-Engineering-Lab/ros2_ws/src/install/turtlesim/include/turtlesim/turtlesim/srv/detail/set_pen__traits.hpp
[0.771s] -- Installing: /home/zheka/Smart-Mobility-Engineering-Lab/ros2_ws/src/install/turtlesim/include/turtlesim/turtlesim/srv/detail/set_pen__builder.hpp
[0.771s] -- Installing: /home/zheka/Smart-Mobility-Engineering-Lab/ros2_ws/src/install/turtlesim/include/turtlesim/turtlesim/srv/detail/set_pen__struct.hpp
[0.771s] -- Installing: /home/zheka/Smart-Mobility-Engineering-Lab/ros2_ws/src/install/turtlesim/include/turtlesim/turtlesim/srv/detail/kill__struct.hpp
[0.771s] -- Installing: /home/zheka/Smart-Mobility-Engineering-Lab/ros2_ws/src/install/turtlesim/include/turtlesim/turtlesim/srv/detail/kill__traits.hpp
[0.771s] -- Installing: /home/zheka/Smart-Mobility-Engineering-Lab/ros2_ws/src/install/turtlesim/include/turtlesim/turtlesim/srv/detail/teleport_relative__builder.hpp
[0.772s] -- Installing: /home/zheka/Smart-Mobility-Engineering-Lab/ros2_ws/src/install/turtlesim/include/turtlesim/turtlesim/srv/detail/teleport_absolute__builder.hpp
[0.772s] -- Installing: /home/zheka/Smart-Mobility-Engineering-Lab/ros2_ws/src/install/turtlesim/include/turtlesim/turtlesim/srv/detail/teleport_absolute__traits.hpp
[0.772s] -- Installing: /home/zheka/Smart-Mobility-Engineering-Lab/ros2_ws/src/install/turtlesim/include/turtlesim/turtlesim/srv/detail/spawn__builder.hpp
[0.772s] -- Installing: /home/zheka/Smart-Mobility-Engineering-Lab/ros2_ws/src/install/turtlesim/include/turtlesim/turtlesim/srv/detail/teleport_absolute__struct.hpp
[0.772s] -- Installing: /home/zheka/Smart-Mobility-Engineering-Lab/ros2_ws/src/install/turtlesim/include/turtlesim/turtlesim/srv/detail/spawn__struct.hpp
[0.772s] -- Installing: /home/zheka/Smart-Mobility-Engineering-Lab/ros2_ws/src/install/turtlesim/include/turtlesim/turtlesim/srv/detail/teleport_relative__traits.hpp
[0.772s] -- Installing: /home/zheka/Smart-Mobility-Engineering-Lab/ros2_ws/src/install/turtlesim/include/turtlesim/turtlesim/srv/detail/teleport_relative__struct.hpp
[0.772s] -- Installing: /home/zheka/Smart-Mobility-Engineering-Lab/ros2_ws/src/install/turtlesim/include/turtlesim/turtlesim/srv/detail/spawn__traits.hpp
[0.772s] -- Installing: /home/zheka/Smart-Mobility-Engineering-Lab/ros2_ws/src/install/turtlesim/include/turtlesim/turtlesim/srv/detail/kill__builder.hpp
[0.772s] -- Installing: /home/zheka/Smart-Mobility-Engineering-Lab/ros2_ws/src/install/turtlesim/include/turtlesim/turtlesim/srv/set_pen.hpp
[0.772s] -- Installing: /home/zheka/Smart-Mobility-Engineering-Lab/ros2_ws/src/install/turtlesim/include/turtlesim/turtlesim/srv/kill.hpp
[0.773s] -- Up-to-date: /home/zheka/Smart-Mobility-Engineering-Lab/ros2_ws/src/install/turtlesim/include/turtlesim/turtlesim
[0.773s] -- Up-to-date: /home/zheka/Smart-Mobility-Engineering-Lab/ros2_ws/src/install/turtlesim/include/turtlesim/turtlesim/action
[0.773s] -- Up-to-date: /home/zheka/Smart-Mobility-Engineering-Lab/ros2_ws/src/install/turtlesim/include/turtlesim/turtlesim/action/detail
[0.773s] -- Installing: /home/zheka/Smart-Mobility-Engineering-Lab/ros2_ws/src/install/turtlesim/include/turtlesim/turtlesim/action/detail/rotate_absolute__rosidl_typesupport_fastrtps_cpp.hpp
[0.773s] -- Installing: /home/zheka/Smart-Mobility-Engineering-Lab/ros2_ws/src/install/turtlesim/include/turtlesim/turtlesim/action/detail/dds_fastrtps
[0.773s] -- Up-to-date: /home/zheka/Smart-Mobility-Engineering-Lab/ros2_ws/src/install/turtlesim/include/turtlesim/turtlesim/msg
[0.773s] -- Installing: /home/zheka/Smart-Mobility-Engineering-Lab/ros2_ws/src/install/turtlesim/include/turtlesim/turtlesim/msg/rosidl_typesupport_fastrtps_cpp__visibility_control.h
[0.774s] -- Up-to-date: /home/zheka/Smart-Mobility-Engineering-Lab/ros2_ws/src/install/turtlesim/include/turtlesim/turtlesim/msg/detail
[0.774s] -- Installing: /home/zheka/Smart-Mobility-Engineering-Lab/ros2_ws/src/install/turtlesim/include/turtlesim/turtlesim/msg/detail/pose__rosidl_typesupport_fastrtps_cpp.hpp
[0.774s] -- Installing: /home/zheka/Smart-Mobility-Engineering-Lab/ros2_ws/src/install/turtlesim/include/turtlesim/turtlesim/msg/detail/color__rosidl_typesupport_fastrtps_cpp.hpp
[0.774s] -- Installing: /home/zheka/Smart-Mobility-Engineering-Lab/ros2_ws/src/install/turtlesim/include/turtlesim/turtlesim/msg/detail/dds_fastrtps
[0.774s] -- Up-to-date: /home/zheka/Smart-Mobility-Engineering-Lab/ros2_ws/src/install/turtlesim/include/turtlesim/turtlesim/srv
[0.774s] -- Up-to-date: /home/zheka/Smart-Mobility-Engineering-Lab/ros2_ws/src/install/turtlesim/include/turtlesim/turtlesim/srv/detail
[0.774s] -- Installing: /home/zheka/Smart-Mobility-Engineering-Lab/ros2_ws/src/install/turtlesim/include/turtlesim/turtlesim/srv/detail/set_pen__rosidl_typesupport_fastrtps_cpp.hpp
[0.774s] -- Installing: /home/zheka/Smart-Mobility-Engineering-Lab/ros2_ws/src/install/turtlesim/include/turtlesim/turtlesim/srv/detail/teleport_absolute__rosidl_typesupport_fastrtps_cpp.hpp
[0.775s] -- Installing: /home/zheka/Smart-Mobility-Engineering-Lab/ros2_ws/src/install/turtlesim/include/turtlesim/turtlesim/srv/detail/dds_fastrtps
[0.775s] -- Installing: /home/zheka/Smart-Mobility-Engineering-Lab/ros2_ws/src/install/turtlesim/include/turtlesim/turtlesim/srv/detail/spawn__rosidl_typesupport_fastrtps_cpp.hpp
[0.775s] -- Installing: /home/zheka/Smart-Mobility-Engineering-Lab/ros2_ws/src/install/turtlesim/include/turtlesim/turtlesim/srv/detail/teleport_relative__rosidl_typesupport_fastrtps_cpp.hpp
[0.775s] -- Installing: /home/zheka/Smart-Mobility-Engineering-Lab/ros2_ws/src/install/turtlesim/include/turtlesim/turtlesim/srv/detail/kill__rosidl_typesupport_fastrtps_cpp.hpp
[0.775s] -- Installing: /home/zheka/Smart-Mobility-Engineering-Lab/ros2_ws/src/install/turtlesim/lib/libturtlesim__rosidl_typesupport_fastrtps_cpp.so
[0.776s] -- Set runtime path of "/home/zheka/Smart-Mobility-Engineering-Lab/ros2_ws/src/install/turtlesim/lib/libturtlesim__rosidl_typesupport_fastrtps_cpp.so" to ""
[0.776s] -- Up-to-date: /home/zheka/Smart-Mobility-Engineering-Lab/ros2_ws/src/install/turtlesim/include/turtlesim/turtlesim
[0.776s] -- Up-to-date: /home/zheka/Smart-Mobility-Engineering-Lab/ros2_ws/src/install/turtlesim/include/turtlesim/turtlesim/action
[0.777s] -- Up-to-date: /home/zheka/Smart-Mobility-Engineering-Lab/ros2_ws/src/install/turtlesim/include/turtlesim/turtlesim/action/detail
[0.777s] -- Installing: /home/zheka/Smart-Mobility-Engineering-Lab/ros2_ws/src/install/turtlesim/include/turtlesim/turtlesim/action/detail/rotate_absolute__rosidl_typesupport_introspection_c.h
[0.777s] -- Installing: /home/zheka/Smart-Mobility-Engineering-Lab/ros2_ws/src/install/turtlesim/include/turtlesim/turtlesim/action/detail/rotate_absolute__type_support.c
[0.778s] -- Up-to-date: /home/zheka/Smart-Mobility-Engineering-Lab/ros2_ws/src/install/turtlesim/include/turtlesim/turtlesim/msg
[0.778s] -- Installing: /home/zheka/Smart-Mobility-Engineering-Lab/ros2_ws/src/install/turtlesim/include/turtlesim/turtlesim/msg/rosidl_typesupport_introspection_c__visibility_control.h
[0.778s] -- Up-to-date: /home/zheka/Smart-Mobility-Engineering-Lab/ros2_ws/src/install/turtlesim/include/turtlesim/turtlesim/msg/detail
[0.778s] -- Installing: /home/zheka/Smart-Mobility-Engineering-Lab/ros2_ws/src/install/turtlesim/include/turtlesim/turtlesim/msg/detail/pose__type_support.c
[0.778s] -- Installing: /home/zheka/Smart-Mobility-Engineering-Lab/ros2_ws/src/install/turtlesim/include/turtlesim/turtlesim/msg/detail/color__type_support.c
[0.778s] -- Installing: /home/zheka/Smart-Mobility-Engineering-Lab/ros2_ws/src/install/turtlesim/include/turtlesim/turtlesim/msg/detail/color__rosidl_typesupport_introspection_c.h
[0.778s] -- Installing: /home/zheka/Smart-Mobility-Engineering-Lab/ros2_ws/src/install/turtlesim/include/turtlesim/turtlesim/msg/detail/pose__rosidl_typesupport_introspection_c.h
[0.778s] -- Up-to-date: /home/zheka/Smart-Mobility-Engineering-Lab/ros2_ws/src/install/turtlesim/include/turtlesim/turtlesim/srv
[0.778s] -- Up-to-date: /home/zheka/Smart-Mobility-Engineering-Lab/ros2_ws/src/install/turtlesim/include/turtlesim/turtlesim/srv/detail
[0.778s] -- Installing: /home/zheka/Smart-Mobility-Engineering-Lab/ros2_ws/src/install/turtlesim/include/turtlesim/turtlesim/srv/detail/set_pen__rosidl_typesupport_introspection_c.h
[0.779s] -- Installing: /home/zheka/Smart-Mobility-Engineering-Lab/ros2_ws/src/install/turtlesim/include/turtlesim/turtlesim/srv/detail/set_pen__type_support.c
[0.779s] -- Installing: /home/zheka/Smart-Mobility-Engineering-Lab/ros2_ws/src/install/turtlesim/include/turtlesim/turtlesim/srv/detail/kill__type_support.c
[0.779s] -- Installing: /home/zheka/Smart-Mobility-Engineering-Lab/ros2_ws/src/install/turtlesim/include/turtlesim/turtlesim/srv/detail/teleport_absolute__type_support.c
[0.779s] -- Installing: /home/zheka/Smart-Mobility-Engineering-Lab/ros2_ws/src/install/turtlesim/include/turtlesim/turtlesim/srv/detail/teleport_absolute__rosidl_typesupport_introspection_c.h
[0.779s] -- Installing: /home/zheka/Smart-Mobility-Engineering-Lab/ros2_ws/src/install/turtlesim/include/turtlesim/turtlesim/srv/detail/teleport_relative__type_support.c
[0.779s] -- Installing: /home/zheka/Smart-Mobility-Engineering-Lab/ros2_ws/src/install/turtlesim/include/turtlesim/turtlesim/srv/detail/spawn__rosidl_typesupport_introspection_c.h
[0.780s] -- Installing: /home/zheka/Smart-Mobility-Engineering-Lab/ros2_ws/src/install/turtlesim/include/turtlesim/turtlesim/srv/detail/teleport_relative__rosidl_typesupport_introspection_c.h
[0.780s] -- Installing: /home/zheka/Smart-Mobility-Engineering-Lab/ros2_ws/src/install/turtlesim/include/turtlesim/turtlesim/srv/detail/spawn__type_support.c
[0.780s] -- Installing: /home/zheka/Smart-Mobility-Engineering-Lab/ros2_ws/src/install/turtlesim/include/turtlesim/turtlesim/srv/detail/kill__rosidl_typesupport_introspection_c.h
[0.780s] -- Installing: /home/zheka/Smart-Mobility-Engineering-Lab/ros2_ws/src/install/turtlesim/lib/libturtlesim__rosidl_typesupport_introspection_c.so
[0.780s] -- Set runtime path of "/home/zheka/Smart-Mobility-Engineering-Lab/ros2_ws/src/install/turtlesim/lib/libturtlesim__rosidl_typesupport_introspection_c.so" to ""
[0.780s] -- Installing: /home/zheka/Smart-Mobility-Engineering-Lab/ros2_ws/src/install/turtlesim/lib/libturtlesim__rosidl_typesupport_c.so
[0.781s] -- Set runtime path of "/home/zheka/Smart-Mobility-Engineering-Lab/ros2_ws/src/install/turtlesim/lib/libturtlesim__rosidl_typesupport_c.so" to ""
[0.781s] -- Up-to-date: /home/zheka/Smart-Mobility-Engineering-Lab/ros2_ws/src/install/turtlesim/include/turtlesim/turtlesim
[0.781s] -- Up-to-date: /home/zheka/Smart-Mobility-Engineering-Lab/ros2_ws/src/install/turtlesim/include/turtlesim/turtlesim/action
[0.781s] -- Up-to-date: /home/zheka/Smart-Mobility-Engineering-Lab/ros2_ws/src/install/turtlesim/include/turtlesim/turtlesim/action/detail
[0.781s] -- Installing: /home/zheka/Smart-Mobility-Engineering-Lab/ros2_ws/src/install/turtlesim/include/turtlesim/turtlesim/action/detail/rotate_absolute__rosidl_typesupport_introspection_cpp.hpp
[0.781s] -- Installing: /home/zheka/Smart-Mobility-Engineering-Lab/ros2_ws/src/install/turtlesim/include/turtlesim/turtlesim/action/detail/rotate_absolute__type_support.cpp
[0.782s] -- Up-to-date: /home/zheka/Smart-Mobility-Engineering-Lab/ros2_ws/src/install/turtlesim/include/turtlesim/turtlesim/msg
[0.782s] -- Up-to-date: /home/zheka/Smart-Mobility-Engineering-Lab/ros2_ws/src/install/turtlesim/include/turtlesim/turtlesim/msg/detail
[0.782s] -- Installing: /home/zheka/Smart-Mobility-Engineering-Lab/ros2_ws/src/install/turtlesim/include/turtlesim/turtlesim/msg/detail/pose__type_support.cpp
[0.782s] -- Installing: /home/zheka/Smart-Mobility-Engineering-Lab/ros2_ws/src/install/turtlesim/include/turtlesim/turtlesim/msg/detail/color__type_support.cpp
[0.782s] -- Installing: /home/zheka/Smart-Mobility-Engineering-Lab/ros2_ws/src/install/turtlesim/include/turtlesim/turtlesim/msg/detail/pose__rosidl_typesupport_introspection_cpp.hpp
[0.782s] -- Installing: /home/zheka/Smart-Mobility-Engineering-Lab/ros2_ws/src/install/turtlesim/include/turtlesim/turtlesim/msg/detail/color__rosidl_typesupport_introspection_cpp.hpp
[0.782s] -- Up-to-date: /home/zheka/Smart-Mobility-Engineering-Lab/ros2_ws/src/install/turtlesim/include/turtlesim/turtlesim/srv
[0.782s] -- Up-to-date: /home/zheka/Smart-Mobility-Engineering-Lab/ros2_ws/src/install/turtlesim/include/turtlesim/turtlesim/srv/detail
[0.782s] -- Installing: /home/zheka/Smart-Mobility-Engineering-Lab/ros2_ws/src/install/turtlesim/include/turtlesim/turtlesim/srv/detail/teleport_absolute__type_support.cpp
[0.783s] -- Installing: /home/zheka/Smart-Mobility-Engineering-Lab/ros2_ws/src/install/turtlesim/include/turtlesim/turtlesim/srv/detail/teleport_absolute__rosidl_typesupport_introspection_cpp.hpp
[0.783s] -- Installing: /home/zheka/Smart-Mobility-Engineering-Lab/ros2_ws/src/install/turtlesim/include/turtlesim/turtlesim/srv/detail/teleport_relative__rosidl_typesupport_introspection_cpp.hpp
[0.783s] -- Installing: /home/zheka/Smart-Mobility-Engineering-Lab/ros2_ws/src/install/turtlesim/include/turtlesim/turtlesim/srv/detail/teleport_relative__type_support.cpp
[0.783s] -- Installing: /home/zheka/Smart-Mobility-Engineering-Lab/ros2_ws/src/install/turtlesim/include/turtlesim/turtlesim/srv/detail/kill__rosidl_typesupport_introspection_cpp.hpp
[0.783s] -- Installing: /home/zheka/Smart-Mobility-Engineering-Lab/ros2_ws/src/install/turtlesim/include/turtlesim/turtlesim/srv/detail/set_pen__rosidl_typesupport_introspection_cpp.hpp
[0.783s] -- Installing: /home/zheka/Smart-Mobility-Engineering-Lab/ros2_ws/src/install/turtlesim/include/turtlesim/turtlesim/srv/detail/spawn__type_support.cpp
[0.783s] -- Installing: /home/zheka/Smart-Mobility-Engineering-Lab/ros2_ws/src/install/turtlesim/include/turtlesim/turtlesim/srv/detail/spawn__rosidl_typesupport_introspection_cpp.hpp
[0.784s] -- Installing: /home/zheka/Smart-Mobility-Engineering-Lab/ros2_ws/src/install/turtlesim/include/turtlesim/turtlesim/srv/detail/set_pen__type_support.cpp
[0.784s] -- Installing: /home/zheka/Smart-Mobility-Engineering-Lab/ros2_ws/src/install/turtlesim/include/turtlesim/turtlesim/srv/detail/kill__type_support.cpp
[0.784s] -- Installing: /home/zheka/Smart-Mobility-Engineering-Lab/ros2_ws/src/install/turtlesim/lib/libturtlesim__rosidl_typesupport_introspection_cpp.so
[0.784s] -- Set runtime path of "/home/zheka/Smart-Mobility-Engineering-Lab/ros2_ws/src/install/turtlesim/lib/libturtlesim__rosidl_typesupport_introspection_cpp.so" to ""
[0.784s] -- Installing: /home/zheka/Smart-Mobility-Engineering-Lab/ros2_ws/src/install/turtlesim/lib/libturtlesim__rosidl_typesupport_cpp.so
[0.785s] -- Set runtime path of "/home/zheka/Smart-Mobility-Engineering-Lab/ros2_ws/src/install/turtlesim/lib/libturtlesim__rosidl_typesupport_cpp.so" to ""
[0.785s] -- Installing: /home/zheka/Smart-Mobility-Engineering-Lab/ros2_ws/src/install/turtlesim/share/turtlesim/environment/pythonpath.sh
[0.785s] -- Installing: /home/zheka/Smart-Mobility-Engineering-Lab/ros2_ws/src/install/turtlesim/share/turtlesim/environment/pythonpath.dsv
[0.785s] -- Installing: /home/zheka/Smart-Mobility-Engineering-Lab/ros2_ws/src/install/turtlesim/local/lib/python3.10/dist-packages/turtlesim-1.4.2-py3.10.egg-info
[0.785s] -- Installing: /home/zheka/Smart-Mobility-Engineering-Lab/ros2_ws/src/install/turtlesim/local/lib/python3.10/dist-packages/turtlesim-1.4.2-py3.10.egg-info/top_level.txt
[0.786s] -- Installing: /home/zheka/Smart-Mobility-Engineering-Lab/ros2_ws/src/install/turtlesim/local/lib/python3.10/dist-packages/turtlesim-1.4.2-py3.10.egg-info/PKG-INFO
[0.786s] -- Installing: /home/zheka/Smart-Mobility-Engineering-Lab/ros2_ws/src/install/turtlesim/local/lib/python3.10/dist-packages/turtlesim-1.4.2-py3.10.egg-info/SOURCES.txt
[0.786s] -- Installing: /home/zheka/Smart-Mobility-Engineering-Lab/ros2_ws/src/install/turtlesim/local/lib/python3.10/dist-packages/turtlesim-1.4.2-py3.10.egg-info/dependency_links.txt
[0.786s] -- Installing: /home/zheka/Smart-Mobility-Engineering-Lab/ros2_ws/src/install/turtlesim/local/lib/python3.10/dist-packages/turtlesim
[0.786s] -- Installing: /home/zheka/Smart-Mobility-Engineering-Lab/ros2_ws/src/install/turtlesim/local/lib/python3.10/dist-packages/turtlesim/__init__.py
[0.786s] -- Installing: /home/zheka/Smart-Mobility-Engineering-Lab/ros2_ws/src/install/turtlesim/local/lib/python3.10/dist-packages/turtlesim/_turtlesim_s.ep.rosidl_typesupport_fastrtps_c.c
[0.786s] -- Installing: /home/zheka/Smart-Mobility-Engineering-Lab/ros2_ws/src/install/turtlesim/local/lib/python3.10/dist-packages/turtlesim/action
[0.786s] -- Installing: /home/zheka/Smart-Mobility-Engineering-Lab/ros2_ws/src/install/turtlesim/local/lib/python3.10/dist-packages/turtlesim/action/_rotate_absolute_s.c
[0.786s] -- Installing: /home/zheka/Smart-Mobility-Engineering-Lab/ros2_ws/src/install/turtlesim/local/lib/python3.10/dist-packages/turtlesim/action/__init__.py
[0.786s] -- Installing: /home/zheka/Smart-Mobility-Engineering-Lab/ros2_ws/src/install/turtlesim/local/lib/python3.10/dist-packages/turtlesim/action/_rotate_absolute.py
[0.787s] -- Installing: /home/zheka/Smart-Mobility-Engineering-Lab/ros2_ws/src/install/turtlesim/local/lib/python3.10/dist-packages/turtlesim/_turtlesim_s.ep.rosidl_typesupport_c.c
[0.787s] -- Installing: /home/zheka/Smart-Mobility-Engineering-Lab/ros2_ws/src/install/turtlesim/local/lib/python3.10/dist-packages/turtlesim/turtlesim_s__rosidl_typesupport_fastrtps_c.cpython-310-aarch64-linux-gnu.so
[0.787s] -- Installing: /home/zheka/Smart-Mobility-Engineering-Lab/ros2_ws/src/install/turtlesim/local/lib/python3.10/dist-packages/turtlesim/msg
[0.787s] -- Installing: /home/zheka/Smart-Mobility-Engineering-Lab/ros2_ws/src/install/turtlesim/local/lib/python3.10/dist-packages/turtlesim/msg/__init__.py
[0.787s] -- Installing: /home/zheka/Smart-Mobility-Engineering-Lab/ros2_ws/src/install/turtlesim/local/lib/python3.10/dist-packages/turtlesim/msg/_color.py
[0.787s] -- Installing: /home/zheka/Smart-Mobility-Engineering-Lab/ros2_ws/src/install/turtlesim/local/lib/python3.10/dist-packages/turtlesim/msg/_pose_s.c
[0.787s] -- Installing: /home/zheka/Smart-Mobility-Engineering-Lab/ros2_ws/src/install/turtlesim/local/lib/python3.10/dist-packages/turtlesim/msg/_color_s.c
[0.787s] -- Installing: /home/zheka/Smart-Mobility-Engineering-Lab/ros2_ws/src/install/turtlesim/local/lib/python3.10/dist-packages/turtlesim/msg/_pose.py
[0.787s] -- Installing: /home/zheka/Smart-Mobility-Engineering-Lab/ros2_ws/src/install/turtlesim/local/lib/python3.10/dist-packages/turtlesim/turtlesim_s__rosidl_typesupport_c.cpython-310-aarch64-linux-gnu.so
[0.788s] -- Installing: /home/zheka/Smart-Mobility-Engineering-Lab/ros2_ws/src/install/turtlesim/local/lib/python3.10/dist-packages/turtlesim/turtlesim_s__rosidl_typesupport_introspection_c.cpython-310-aarch64-linux-gnu.so
[0.788s] -- Installing: /home/zheka/Smart-Mobility-Engineering-Lab/ros2_ws/src/install/turtlesim/local/lib/python3.10/dist-packages/turtlesim/_turtlesim_s.ep.rosidl_typesupport_introspection_c.c
[0.788s] -- Installing: /home/zheka/Smart-Mobility-Engineering-Lab/ros2_ws/src/install/turtlesim/local/lib/python3.10/dist-packages/turtlesim/libturtlesim__rosidl_generator_py.so
[0.788s] -- Installing: /home/zheka/Smart-Mobility-Engineering-Lab/ros2_ws/src/install/turtlesim/local/lib/python3.10/dist-packages/turtlesim/srv
[0.788s] -- Installing: /home/zheka/Smart-Mobility-Engineering-Lab/ros2_ws/src/install/turtlesim/local/lib/python3.10/dist-packages/turtlesim/srv/_spawn.py
[0.788s] -- Installing: /home/zheka/Smart-Mobility-Engineering-Lab/ros2_ws/src/install/turtlesim/local/lib/python3.10/dist-packages/turtlesim/srv/__init__.py
[0.788s] -- Installing: /home/zheka/Smart-Mobility-Engineering-Lab/ros2_ws/src/install/turtlesim/local/lib/python3.10/dist-packages/turtlesim/srv/_kill.py
[0.788s] -- Installing: /home/zheka/Smart-Mobility-Engineering-Lab/ros2_ws/src/install/turtlesim/local/lib/python3.10/dist-packages/turtlesim/srv/_spawn_s.c
[0.788s] -- Installing: /home/zheka/Smart-Mobility-Engineering-Lab/ros2_ws/src/install/turtlesim/local/lib/python3.10/dist-packages/turtlesim/srv/_kill_s.c
[0.788s] -- Installing: /home/zheka/Smart-Mobility-Engineering-Lab/ros2_ws/src/install/turtlesim/local/lib/python3.10/dist-packages/turtlesim/srv/_teleport_relative.py
[0.789s] -- Installing: /home/zheka/Smart-Mobility-Engineering-Lab/ros2_ws/src/install/turtlesim/local/lib/python3.10/dist-packages/turtlesim/srv/_teleport_absolute.py
[0.789s] -- Installing: /home/zheka/Smart-Mobility-Engineering-Lab/ros2_ws/src/install/turtlesim/local/lib/python3.10/dist-packages/turtlesim/srv/_teleport_absolute_s.c
[0.789s] -- Installing: /home/zheka/Smart-Mobility-Engineering-Lab/ros2_ws/src/install/turtlesim/local/lib/python3.10/dist-packages/turtlesim/srv/_set_pen.py
[0.789s] -- Installing: /home/zheka/Smart-Mobility-Engineering-Lab/ros2_ws/src/install/turtlesim/local/lib/python3.10/dist-packages/turtlesim/srv/_set_pen_s.c
[0.789s] -- Installing: /home/zheka/Smart-Mobility-Engineering-Lab/ros2_ws/src/install/turtlesim/local/lib/python3.10/dist-packages/turtlesim/srv/_teleport_relative_s.c
[0.821s] Listing '/home/zheka/Smart-Mobility-Engineering-Lab/ros2_ws/src/install/turtlesim/local/lib/python3.10/dist-packages/turtlesim'...
[0.821s] Compiling '/home/zheka/Smart-Mobility-Engineering-Lab/ros2_ws/src/install/turtlesim/local/lib/python3.10/dist-packages/turtlesim/__init__.py'...
[0.821s] Listing '/home/zheka/Smart-Mobility-Engineering-Lab/ros2_ws/src/install/turtlesim/local/lib/python3.10/dist-packages/turtlesim/action'...
[0.821s] Compiling '/home/zheka/Smart-Mobility-Engineering-Lab/ros2_ws/src/install/turtlesim/local/lib/python3.10/dist-packages/turtlesim/action/__init__.py'...
[0.821s] Compiling '/home/zheka/Smart-Mobility-Engineering-Lab/ros2_ws/src/install/turtlesim/local/lib/python3.10/dist-packages/turtlesim/action/_rotate_absolute.py'...
[0.821s] Listing '/home/zheka/Smart-Mobility-Engineering-Lab/ros2_ws/src/install/turtlesim/local/lib/python3.10/dist-packages/turtlesim/msg'...
[0.821s] Compiling '/home/zheka/Smart-Mobility-Engineering-Lab/ros2_ws/src/install/turtlesim/local/lib/python3.10/dist-packages/turtlesim/msg/__init__.py'...
[0.821s] Compiling '/home/zheka/Smart-Mobility-Engineering-Lab/ros2_ws/src/install/turtlesim/local/lib/python3.10/dist-packages/turtlesim/msg/_color.py'...
[0.821s] Compiling '/home/zheka/Smart-Mobility-Engineering-Lab/ros2_ws/src/install/turtlesim/local/lib/python3.10/dist-packages/turtlesim/msg/_pose.py'...
[0.821s] Listing '/home/zheka/Smart-Mobility-Engineering-Lab/ros2_ws/src/install/turtlesim/local/lib/python3.10/dist-packages/turtlesim/srv'...
[0.821s] Compiling '/home/zheka/Smart-Mobility-Engineering-Lab/ros2_ws/src/install/turtlesim/local/lib/python3.10/dist-packages/turtlesim/srv/__init__.py'...
[0.821s] Compiling '/home/zheka/Smart-Mobility-Engineering-Lab/ros2_ws/src/install/turtlesim/local/lib/python3.10/dist-packages/turtlesim/srv/_kill.py'...
[0.821s] Compiling '/home/zheka/Smart-Mobility-Engineering-Lab/ros2_ws/src/install/turtlesim/local/lib/python3.10/dist-packages/turtlesim/srv/_set_pen.py'...
[0.821s] Compiling '/home/zheka/Smart-Mobility-Engineering-Lab/ros2_ws/src/install/turtlesim/local/lib/python3.10/dist-packages/turtlesim/srv/_spawn.py'...
[0.821s] Compiling '/home/zheka/Smart-Mobility-Engineering-Lab/ros2_ws/src/install/turtlesim/local/lib/python3.10/dist-packages/turtlesim/srv/_teleport_absolute.py'...
[0.821s] Compiling '/home/zheka/Smart-Mobility-Engineering-Lab/ros2_ws/src/install/turtlesim/local/lib/python3.10/dist-packages/turtlesim/srv/_teleport_relative.py'...
[0.824s] -- Installing: /home/zheka/Smart-Mobility-Engineering-Lab/ros2_ws/src/install/turtlesim/local/lib/python3.10/dist-packages/turtlesim/turtlesim_s__rosidl_typesupport_fastrtps_c.cpython-310-aarch64-linux-gnu.so
[0.824s] -- Set runtime path of "/home/zheka/Smart-Mobility-Engineering-Lab/ros2_ws/src/install/turtlesim/local/lib/python3.10/dist-packages/turtlesim/turtlesim_s__rosidl_typesupport_fastrtps_c.cpython-310-aarch64-linux-gnu.so" to ""
[0.824s] -- Installing: /home/zheka/Smart-Mobility-Engineering-Lab/ros2_ws/src/install/turtlesim/local/lib/python3.10/dist-packages/turtlesim/turtlesim_s__rosidl_typesupport_introspection_c.cpython-310-aarch64-linux-gnu.so
[0.824s] -- Set runtime path of "/home/zheka/Smart-Mobility-Engineering-Lab/ros2_ws/src/install/turtlesim/local/lib/python3.10/dist-packages/turtlesim/turtlesim_s__rosidl_typesupport_introspection_c.cpython-310-aarch64-linux-gnu.so" to ""
[0.824s] -- Installing: /home/zheka/Smart-Mobility-Engineering-Lab/ros2_ws/src/install/turtlesim/local/lib/python3.10/dist-packages/turtlesim/turtlesim_s__rosidl_typesupport_c.cpython-310-aarch64-linux-gnu.so
[0.825s] -- Set runtime path of "/home/zheka/Smart-Mobility-Engineering-Lab/ros2_ws/src/install/turtlesim/local/lib/python3.10/dist-packages/turtlesim/turtlesim_s__rosidl_typesupport_c.cpython-310-aarch64-linux-gnu.so" to ""
[0.825s] -- Installing: /home/zheka/Smart-Mobility-Engineering-Lab/ros2_ws/src/install/turtlesim/lib/libturtlesim__rosidl_generator_py.so
[0.825s] -- Set runtime path of "/home/zheka/Smart-Mobility-Engineering-Lab/ros2_ws/src/install/turtlesim/lib/libturtlesim__rosidl_generator_py.so" to ""
[0.825s] -- Installing: /home/zheka/Smart-Mobility-Engineering-Lab/ros2_ws/src/install/turtlesim/share/turtlesim/action/RotateAbsolute.idl
[0.825s] -- Installing: /home/zheka/Smart-Mobility-Engineering-Lab/ros2_ws/src/install/turtlesim/share/turtlesim/msg/Color.idl
[0.825s] -- Installing: /home/zheka/Smart-Mobility-Engineering-Lab/ros2_ws/src/install/turtlesim/share/turtlesim/msg/Pose.idl
[0.825s] -- Installing: /home/zheka/Smart-Mobility-Engineering-Lab/ros2_ws/src/install/turtlesim/share/turtlesim/srv/Kill.idl
[0.825s] -- Installing: /home/zheka/Smart-Mobility-Engineering-Lab/ros2_ws/src/install/turtlesim/share/turtlesim/srv/SetPen.idl
[0.825s] -- Installing: /home/zheka/Smart-Mobility-Engineering-Lab/ros2_ws/src/install/turtlesim/share/turtlesim/srv/Spawn.idl
[0.825s] -- Installing: /home/zheka/Smart-Mobility-Engineering-Lab/ros2_ws/src/install/turtlesim/share/turtlesim/srv/TeleportAbsolute.idl
[0.825s] -- Installing: /home/zheka/Smart-Mobility-Engineering-Lab/ros2_ws/src/install/turtlesim/share/turtlesim/srv/TeleportRelative.idl
[0.826s] -- Installing: /home/zheka/Smart-Mobility-Engineering-Lab/ros2_ws/src/install/turtlesim/share/turtlesim/action/RotateAbsolute.action
[0.826s] -- Installing: /home/zheka/Smart-Mobility-Engineering-Lab/ros2_ws/src/install/turtlesim/share/turtlesim/msg/Color.msg
[0.827s] -- Installing: /home/zheka/Smart-Mobility-Engineering-Lab/ros2_ws/src/install/turtlesim/share/turtlesim/msg/Pose.msg
[0.827s] -- Installing: /home/zheka/Smart-Mobility-Engineering-Lab/ros2_ws/src/install/turtlesim/share/turtlesim/srv/Kill.srv
[0.827s] -- Installing: /home/zheka/Smart-Mobility-Engineering-Lab/ros2_ws/src/install/turtlesim/share/turtlesim/srv/Kill_Request.msg
[0.827s] -- Installing: /home/zheka/Smart-Mobility-Engineering-Lab/ros2_ws/src/install/turtlesim/share/turtlesim/srv/Kill_Response.msg
[0.827s] -- Installing: /home/zheka/Smart-Mobility-Engineering-Lab/ros2_ws/src/install/turtlesim/share/turtlesim/srv/SetPen.srv
[0.827s] -- Installing: /home/zheka/Smart-Mobility-Engineering-Lab/ros2_ws/src/install/turtlesim/share/turtlesim/srv/SetPen_Request.msg
[0.828s] -- Installing: /home/zheka/Smart-Mobility-Engineering-Lab/ros2_ws/src/install/turtlesim/share/turtlesim/srv/SetPen_Response.msg
[0.828s] -- Installing: /home/zheka/Smart-Mobility-Engineering-Lab/ros2_ws/src/install/turtlesim/share/turtlesim/srv/Spawn.srv
[0.828s] -- Installing: /home/zheka/Smart-Mobility-Engineering-Lab/ros2_ws/src/install/turtlesim/share/turtlesim/srv/Spawn_Request.msg
[0.828s] -- Installing: /home/zheka/Smart-Mobility-Engineering-Lab/ros2_ws/src/install/turtlesim/share/turtlesim/srv/Spawn_Response.msg
[0.828s] -- Installing: /home/zheka/Smart-Mobility-Engineering-Lab/ros2_ws/src/install/turtlesim/share/turtlesim/srv/TeleportAbsolute.srv
[0.828s] -- Installing: /home/zheka/Smart-Mobility-Engineering-Lab/ros2_ws/src/install/turtlesim/share/turtlesim/srv/TeleportAbsolute_Request.msg
[0.828s] -- Installing: /home/zheka/Smart-Mobility-Engineering-Lab/ros2_ws/src/install/turtlesim/share/turtlesim/srv/TeleportAbsolute_Response.msg
[0.829s] -- Installing: /home/zheka/Smart-Mobility-Engineering-Lab/ros2_ws/src/install/turtlesim/share/turtlesim/srv/TeleportRelative.srv
[0.829s] -- Installing: /home/zheka/Smart-Mobility-Engineering-Lab/ros2_ws/src/install/turtlesim/share/turtlesim/srv/TeleportRelative_Request.msg
[0.829s] -- Installing: /home/zheka/Smart-Mobility-Engineering-Lab/ros2_ws/src/install/turtlesim/share/turtlesim/srv/TeleportRelative_Response.msg
[0.829s] -- Installing: /home/zheka/Smart-Mobility-Engineering-Lab/ros2_ws/src/install/turtlesim/lib/turtlesim/turtlesim_node
[0.833s] -- Set runtime path of "/home/zheka/Smart-Mobility-Engineering-Lab/ros2_ws/src/install/turtlesim/lib/turtlesim/turtlesim_node" to ""
[0.833s] -- Installing: /home/zheka/Smart-Mobility-Engineering-Lab/ros2_ws/src/install/turtlesim/lib/turtlesim/turtle_teleop_key
[0.836s] -- Set runtime path of "/home/zheka/Smart-Mobility-Engineering-Lab/ros2_ws/src/install/turtlesim/lib/turtlesim/turtle_teleop_key" to ""
[0.836s] -- Installing: /home/zheka/Smart-Mobility-Engineering-Lab/ros2_ws/src/install/turtlesim/lib/turtlesim/draw_square
[0.838s] -- Set runtime path of "/home/zheka/Smart-Mobility-Engineering-Lab/ros2_ws/src/install/turtlesim/lib/turtlesim/draw_square" to ""
[0.838s] -- Installing: /home/zheka/Smart-Mobility-Engineering-Lab/ros2_ws/src/install/turtlesim/lib/turtlesim/mimic
[0.839s] -- Set runtime path of "/home/zheka/Smart-Mobility-Engineering-Lab/ros2_ws/src/install/turtlesim/lib/turtlesim/mimic" to ""
[0.840s] -- Installing: /home/zheka/Smart-Mobility-Engineering-Lab/ros2_ws/src/install/turtlesim/share/turtlesim/images
[0.840s] -- Installing: /home/zheka/Smart-Mobility-Engineering-Lab/ros2_ws/src/install/turtlesim/share/turtlesim/images/crystal.png
[0.840s] -- Installing: /home/zheka/Smart-Mobility-Engineering-Lab/ros2_ws/src/install/turtlesim/share/turtlesim/images/rolling.png
[0.840s] -- Installing: /home/zheka/Smart-Mobility-Engineering-Lab/ros2_ws/src/install/turtlesim/share/turtlesim/images/dashing.png
[0.840s] -- Installing: /home/zheka/Smart-Mobility-Engineering-Lab/ros2_ws/src/install/turtlesim/share/turtlesim/images/foxy.png
[0.841s] -- Installing: /home/zheka/Smart-Mobility-Engineering-Lab/ros2_ws/src/install/turtlesim/share/turtlesim/images/bouncy.png
[0.841s] -- Installing: /home/zheka/Smart-Mobility-Engineering-Lab/ros2_ws/src/install/turtlesim/share/turtlesim/images/eloquent.png
[0.841s] -- Installing: /home/zheka/Smart-Mobility-Engineering-Lab/ros2_ws/src/install/turtlesim/share/turtlesim/images/galactic.png
[0.841s] -- Installing: /home/zheka/Smart-Mobility-Engineering-Lab/ros2_ws/src/install/turtlesim/share/turtlesim/images/ardent.png
[0.841s] -- Installing: /home/zheka/Smart-Mobility-Engineering-Lab/ros2_ws/src/install/turtlesim/share/turtlesim/images/humble.png
[0.841s] -- Installing: /home/zheka/Smart-Mobility-Engineering-Lab/ros2_ws/src/install/turtlesim/share/turtlesim/launch
[0.841s] -- Installing: /home/zheka/Smart-Mobility-Engineering-Lab/ros2_ws/src/install/turtlesim/share/turtlesim/launch/multisim.launch.py
[0.841s] -- Installing: /home/zheka/Smart-Mobility-Engineering-Lab/ros2_ws/src/install/turtlesim/share/ament_index/resource_index/package_run_dependencies/turtlesim
[0.841s] -- Installing: /home/zheka/Smart-Mobility-Engineering-Lab/ros2_ws/src/install/turtlesim/share/ament_index/resource_index/parent_prefix_path/turtlesim
[0.841s] -- Installing: /home/zheka/Smart-Mobility-Engineering-Lab/ros2_ws/src/install/turtlesim/share/turtlesim/environment/ament_prefix_path.sh
[0.842s] -- Installing: /home/zheka/Smart-Mobility-Engineering-Lab/ros2_ws/src/install/turtlesim/share/turtlesim/environment/ament_prefix_path.dsv
[0.842s] -- Installing: /home/zheka/Smart-Mobility-Engineering-Lab/ros2_ws/src/install/turtlesim/share/turtlesim/environment/path.sh
[0.842s] -- Installing: /home/zheka/Smart-Mobility-Engineering-Lab/ros2_ws/src/install/turtlesim/share/turtlesim/environment/path.dsv
[0.842s] -- Installing: /home/zheka/Smart-Mobility-Engineering-Lab/ros2_ws/src/install/turtlesim/share/turtlesim/local_setup.bash
[0.842s] -- Installing: /home/zheka/Smart-Mobility-Engineering-Lab/ros2_ws/src/install/turtlesim/share/turtlesim/local_setup.sh
[0.843s] -- Installing: /home/zheka/Smart-Mobility-Engineering-Lab/ros2_ws/src/install/turtlesim/share/turtlesim/local_setup.zsh
[0.843s] -- Installing: /home/zheka/Smart-Mobility-Engineering-Lab/ros2_ws/src/install/turtlesim/share/turtlesim/local_setup.dsv
[0.843s] -- Installing: /home/zheka/Smart-Mobility-Engineering-Lab/ros2_ws/src/install/turtlesim/share/turtlesim/package.dsv
[0.843s] -- Installing: /home/zheka/Smart-Mobility-Engineering-Lab/ros2_ws/src/install/turtlesim/share/ament_index/resource_index/packages/turtlesim
[0.843s] -- Installing: /home/zheka/Smart-Mobility-Engineering-Lab/ros2_ws/src/install/turtlesim/share/turtlesim/cmake/export_turtlesim__rosidl_generator_cExport.cmake
[0.843s] -- Installing: /home/zheka/Smart-Mobility-Engineering-Lab/ros2_ws/src/install/turtlesim/share/turtlesim/cmake/export_turtlesim__rosidl_generator_cExport-noconfig.cmake
[0.843s] -- Installing: /home/zheka/Smart-Mobility-Engineering-Lab/ros2_ws/src/install/turtlesim/share/turtlesim/cmake/export_turtlesim__rosidl_typesupport_fastrtps_cExport.cmake
[0.843s] -- Installing: /home/zheka/Smart-Mobility-Engineering-Lab/ros2_ws/src/install/turtlesim/share/turtlesim/cmake/export_turtlesim__rosidl_typesupport_fastrtps_cExport-noconfig.cmake
[0.843s] -- Installing: /home/zheka/Smart-Mobility-Engineering-Lab/ros2_ws/src/install/turtlesim/share/turtlesim/cmake/export_turtlesim__rosidl_generator_cppExport.cmake
[0.844s] -- Installing: /home/zheka/Smart-Mobility-Engineering-Lab/ros2_ws/src/install/turtlesim/share/turtlesim/cmake/export_turtlesim__rosidl_typesupport_fastrtps_cppExport.cmake
[0.844s] -- Installing: /home/zheka/Smart-Mobility-Engineering-Lab/ros2_ws/src/install/turtlesim/share/turtlesim/cmake/export_turtlesim__rosidl_typesupport_fastrtps_cppExport-noconfig.cmake
[0.844s] -- Installing: /home/zheka/Smart-Mobility-Engineering-Lab/ros2_ws/src/install/turtlesim/share/turtlesim/cmake/turtlesim__rosidl_typesupport_introspection_cExport.cmake
[0.844s] -- Installing: /home/zheka/Smart-Mobility-Engineering-Lab/ros2_ws/src/install/turtlesim/share/turtlesim/cmake/turtlesim__rosidl_typesupport_introspection_cExport-noconfig.cmake
[0.844s] -- Installing: /home/zheka/Smart-Mobility-Engineering-Lab/ros2_ws/src/install/turtlesim/share/turtlesim/cmake/turtlesim__rosidl_typesupport_cExport.cmake
[0.844s] -- Installing: /home/zheka/Smart-Mobility-Engineering-Lab/ros2_ws/src/install/turtlesim/share/turtlesim/cmake/turtlesim__rosidl_typesupport_cExport-noconfig.cmake
[0.844s] -- Installing: /home/zheka/Smart-Mobility-Engineering-Lab/ros2_ws/src/install/turtlesim/share/turtlesim/cmake/turtlesim__rosidl_typesupport_introspection_cppExport.cmake
[0.844s] -- Installing: /home/zheka/Smart-Mobility-Engineering-Lab/ros2_ws/src/install/turtlesim/share/turtlesim/cmake/turtlesim__rosidl_typesupport_introspection_cppExport-noconfig.cmake
[0.844s] -- Installing: /home/zheka/Smart-Mobility-Engineering-Lab/ros2_ws/src/install/turtlesim/share/turtlesim/cmake/turtlesim__rosidl_typesupport_cppExport.cmake
[0.844s] -- Installing: /home/zheka/Smart-Mobility-Engineering-Lab/ros2_ws/src/install/turtlesim/share/turtlesim/cmake/turtlesim__rosidl_typesupport_cppExport-noconfig.cmake
[0.845s] -- Installing: /home/zheka/Smart-Mobility-Engineering-Lab/ros2_ws/src/install/turtlesim/share/turtlesim/cmake/export_turtlesim__rosidl_generator_pyExport.cmake
[0.845s] -- Installing: /home/zheka/Smart-Mobility-Engineering-Lab/ros2_ws/src/install/turtlesim/share/turtlesim/cmake/export_turtlesim__rosidl_generator_pyExport-noconfig.cmake
[0.845s] -- Installing: /home/zheka/Smart-Mobility-Engineering-Lab/ros2_ws/src/install/turtlesim/share/turtlesim/cmake/rosidl_cmake-extras.cmake
[0.845s] -- Installing: /home/zheka/Smart-Mobility-Engineering-Lab/ros2_ws/src/install/turtlesim/share/turtlesim/cmake/ament_cmake_export_dependencies-extras.cmake
[0.845s] -- Installing: /home/zheka/Smart-Mobility-Engineering-Lab/ros2_ws/src/install/turtlesim/share/turtlesim/cmake/ament_cmake_export_include_directories-extras.cmake
[0.845s] -- Installing: /home/zheka/Smart-Mobility-Engineering-Lab/ros2_ws/src/install/turtlesim/share/turtlesim/cmake/ament_cmake_export_libraries-extras.cmake
[0.845s] -- Installing: /home/zheka/Smart-Mobility-Engineering-Lab/ros2_ws/src/install/turtlesim/share/turtlesim/cmake/ament_cmake_export_targets-extras.cmake
[0.845s] -- Installing: /home/zheka/Smart-Mobility-Engineering-Lab/ros2_ws/src/install/turtlesim/share/turtlesim/cmake/rosidl_cmake_export_typesupport_targets-extras.cmake
[0.845s] -- Installing: /home/zheka/Smart-Mobility-Engineering-Lab/ros2_ws/src/install/turtlesim/share/turtlesim/cmake/rosidl_cmake_export_typesupport_libraries-extras.cmake
[0.846s] -- Installing: /home/zheka/Smart-Mobility-Engineering-Lab/ros2_ws/src/install/turtlesim/share/turtlesim/cmake/turtlesimConfig.cmake
[0.846s] -- Installing: /home/zheka/Smart-Mobility-Engineering-Lab/ros2_ws/src/install/turtlesim/share/turtlesim/cmake/turtlesimConfig-version.cmake
[0.846s] -- Installing: /home/zheka/Smart-Mobility-Engineering-Lab/ros2_ws/src/install/turtlesim/share/turtlesim/package.xml
[0.848s] Invoked command in '/home/zheka/Smart-Mobility-Engineering-Lab/ros2_ws/src/build/turtlesim' returned '0': CMAKE_PREFIX_PATH=/opt/ros/humble /usr/bin/cmake --install /home/zheka/Smart-Mobility-Engineering-Lab/ros2_ws/src/build/turtlesim
