[0.404s] DEBUG:colcon:Command line arguments: ['/usr/bin/colcon', 'build']
[0.404s] DEBUG:colcon:Parsed command line arguments: Namespace(log_base=None, log_level=None, verb_name='build', build_base='build', install_base='install', merge_install=False, symlink_install=False, test_result_base=None, continue_on_error=False, executor='parallel', parallel_workers=2, event_handlers=None, ignore_user_meta=False, metas=['./colcon.meta'], base_paths=['.'], packages_ignore=None, packages_ignore_regex=None, paths=None, packages_up_to=None, packages_up_to_regex=None, packages_above=None, packages_above_and_dependencies=None, packages_above_depth=None, packages_select_by_dep=None, packages_skip_by_dep=None, packages_skip_up_to=None, packages_select_build_failed=False, packages_skip_build_finished=False, packages_select_test_failures=False, packages_skip_test_passed=False, packages_select=None, packages_skip=None, packages_select_regex=None, packages_skip_regex=None, packages_start=None, packages_end=None, allow_overriding=[], cmake_args=None, cmake_target=None, cmake_target_skip_unavailable=False, cmake_clean_cache=False, cmake_clean_first=False, cmake_force_configure=False, ament_cmake_args=None, catkin_cmake_args=None, catkin_skip_building_tests=False, verb_parser=<colcon_defaults.argument_parser.defaults.DefaultArgumentsDecorator object at 0xffffb7797040>, verb_extension=<colcon_core.verb.build.BuildVerb object at 0xffffb7752f20>, main=<bound method BuildVerb.main of <colcon_core.verb.build.BuildVerb object at 0xffffb7752f20>>)
[0.424s] Level 1:colcon.colcon_core.package_discovery:discover_packages(colcon_meta) check parameters
[0.424s] Level 1:colcon.colcon_core.package_discovery:discover_packages(recursive) check parameters
[0.424s] Level 1:colcon.colcon_core.package_discovery:discover_packages(ignore) check parameters
[0.424s] Level 1:colcon.colcon_core.package_discovery:discover_packages(path) check parameters
[0.424s] Level 1:colcon.colcon_core.package_discovery:discover_packages(colcon_meta) discover
[0.424s] Level 1:colcon.colcon_core.package_discovery:discover_packages(recursive) discover
[0.424s] INFO:colcon.colcon_core.package_discovery:Crawling recursively for packages in '/home/zheka/Smart-Mobility-Engineering-Lab/ros2_ws'
[0.424s] Level 1:colcon.colcon_core.package_identification:_identify(.) by extensions ['ignore', 'ignore_ament_install']
[0.424s] Level 1:colcon.colcon_core.package_identification:_identify(.) by extension 'ignore'
[0.424s] Level 1:colcon.colcon_core.package_identification:_identify(.) by extension 'ignore_ament_install'
[0.424s] Level 1:colcon.colcon_core.package_identification:_identify(.) by extensions ['colcon_pkg']
[0.424s] Level 1:colcon.colcon_core.package_identification:_identify(.) by extension 'colcon_pkg'
[0.424s] Level 1:colcon.colcon_core.package_identification:_identify(.) by extensions ['colcon_meta']
[0.424s] Level 1:colcon.colcon_core.package_identification:_identify(.) by extension 'colcon_meta'
[0.424s] Level 1:colcon.colcon_core.package_identification:_identify(.) by extensions ['ros']
[0.424s] Level 1:colcon.colcon_core.package_identification:_identify(.) by extension 'ros'
[0.430s] Level 1:colcon.colcon_core.package_identification:_identify(.) by extensions ['cmake', 'python']
[0.430s] Level 1:colcon.colcon_core.package_identification:_identify(.) by extension 'cmake'
[0.430s] Level 1:colcon.colcon_core.package_identification:_identify(.) by extension 'python'
[0.430s] Level 1:colcon.colcon_core.package_identification:_identify(.) by extensions ['python_setup_py']
[0.430s] Level 1:colcon.colcon_core.package_identification:_identify(.) by extension 'python_setup_py'
[0.430s] Level 1:colcon.colcon_core.package_identification:_identify(action_tutorials_interfaces) by extensions ['ignore', 'ignore_ament_install']
[0.430s] Level 1:colcon.colcon_core.package_identification:_identify(action_tutorials_interfaces) by extension 'ignore'
[0.430s] Level 1:colcon.colcon_core.package_identification:_identify(action_tutorials_interfaces) by extension 'ignore_ament_install'
[0.430s] Level 1:colcon.colcon_core.package_identification:_identify(action_tutorials_interfaces) by extensions ['colcon_pkg']
[0.430s] Level 1:colcon.colcon_core.package_identification:_identify(action_tutorials_interfaces) by extension 'colcon_pkg'
[0.430s] Level 1:colcon.colcon_core.package_identification:_identify(action_tutorials_interfaces) by extensions ['colcon_meta']
[0.430s] Level 1:colcon.colcon_core.package_identification:_identify(action_tutorials_interfaces) by extension 'colcon_meta'
[0.430s] Level 1:colcon.colcon_core.package_identification:_identify(action_tutorials_interfaces) by extensions ['ros']
[0.430s] Level 1:colcon.colcon_core.package_identification:_identify(action_tutorials_interfaces) by extension 'ros'
[0.431s] DEBUG:colcon.colcon_core.package_identification:Package 'action_tutorials_interfaces' with type 'ros.ament_cmake' and name 'action_tutorials_interfaces'
[0.431s] Level 1:colcon.colcon_core.package_identification:_identify(build) by extensions ['ignore', 'ignore_ament_install']
[0.431s] Level 1:colcon.colcon_core.package_identification:_identify(build) by extension 'ignore'
[0.431s] Level 1:colcon.colcon_core.package_identification:_identify(build) ignored
[0.431s] Level 1:colcon.colcon_core.package_identification:_identify(install) by extensions ['ignore', 'ignore_ament_install']
[0.431s] Level 1:colcon.colcon_core.package_identification:_identify(install) by extension 'ignore'
[0.431s] Level 1:colcon.colcon_core.package_identification:_identify(install) ignored
[0.431s] Level 1:colcon.colcon_core.package_identification:_identify(log) by extensions ['ignore', 'ignore_ament_install']
[0.431s] Level 1:colcon.colcon_core.package_identification:_identify(log) by extension 'ignore'
[0.431s] Level 1:colcon.colcon_core.package_identification:_identify(log) ignored
[0.432s] Level 1:colcon.colcon_core.package_identification:_identify(src) by extensions ['ignore', 'ignore_ament_install']
[0.432s] Level 1:colcon.colcon_core.package_identification:_identify(src) by extension 'ignore'
[0.432s] Level 1:colcon.colcon_core.package_identification:_identify(src) by extension 'ignore_ament_install'
[0.432s] Level 1:colcon.colcon_core.package_identification:_identify(src) by extensions ['colcon_pkg']
[0.432s] Level 1:colcon.colcon_core.package_identification:_identify(src) by extension 'colcon_pkg'
[0.432s] Level 1:colcon.colcon_core.package_identification:_identify(src) by extensions ['colcon_meta']
[0.432s] Level 1:colcon.colcon_core.package_identification:_identify(src) by extension 'colcon_meta'
[0.432s] Level 1:colcon.colcon_core.package_identification:_identify(src) by extensions ['ros']
[0.432s] Level 1:colcon.colcon_core.package_identification:_identify(src) by extension 'ros'
[0.432s] Level 1:colcon.colcon_core.package_identification:_identify(src) by extensions ['cmake', 'python']
[0.432s] Level 1:colcon.colcon_core.package_identification:_identify(src) by extension 'cmake'
[0.432s] Level 1:colcon.colcon_core.package_identification:_identify(src) by extension 'python'
[0.432s] Level 1:colcon.colcon_core.package_identification:_identify(src) by extensions ['python_setup_py']
[0.432s] Level 1:colcon.colcon_core.package_identification:_identify(src) by extension 'python_setup_py'
[0.432s] Level 1:colcon.colcon_core.package_identification:_identify(src/build) by extensions ['ignore', 'ignore_ament_install']
[0.432s] Level 1:colcon.colcon_core.package_identification:_identify(src/build) by extension 'ignore'
[0.432s] Level 1:colcon.colcon_core.package_identification:_identify(src/build) ignored
[0.432s] Level 1:colcon.colcon_core.package_identification:_identify(src/install) by extensions ['ignore', 'ignore_ament_install']
[0.432s] Level 1:colcon.colcon_core.package_identification:_identify(src/install) by extension 'ignore'
[0.432s] Level 1:colcon.colcon_core.package_identification:_identify(src/install) ignored
[0.432s] Level 1:colcon.colcon_core.package_identification:_identify(src/log) by extensions ['ignore', 'ignore_ament_install']
[0.432s] Level 1:colcon.colcon_core.package_identification:_identify(src/log) by extension 'ignore'
[0.432s] Level 1:colcon.colcon_core.package_identification:_identify(src/log) ignored
[0.432s] Level 1:colcon.colcon_core.package_identification:_identify(src/more_interfaces) by extensions ['ignore', 'ignore_ament_install']
[0.432s] Level 1:colcon.colcon_core.package_identification:_identify(src/more_interfaces) by extension 'ignore'
[0.432s] Level 1:colcon.colcon_core.package_identification:_identify(src/more_interfaces) by extension 'ignore_ament_install'
[0.432s] Level 1:colcon.colcon_core.package_identification:_identify(src/more_interfaces) by extensions ['colcon_pkg']
[0.432s] Level 1:colcon.colcon_core.package_identification:_identify(src/more_interfaces) by extension 'colcon_pkg'
[0.432s] Level 1:colcon.colcon_core.package_identification:_identify(src/more_interfaces) by extensions ['colcon_meta']
[0.432s] Level 1:colcon.colcon_core.package_identification:_identify(src/more_interfaces) by extension 'colcon_meta'
[0.432s] Level 1:colcon.colcon_core.package_identification:_identify(src/more_interfaces) by extensions ['ros']
[0.432s] Level 1:colcon.colcon_core.package_identification:_identify(src/more_interfaces) by extension 'ros'
[0.432s] DEBUG:colcon.colcon_core.package_identification:Package 'src/more_interfaces' with type 'ros.ament_cmake' and name 'more_interfaces'
[0.432s] Level 1:colcon.colcon_core.package_identification:_identify(src/py_pubsub) by extensions ['ignore', 'ignore_ament_install']
[0.432s] Level 1:colcon.colcon_core.package_identification:_identify(src/py_pubsub) by extension 'ignore'
[0.432s] Level 1:colcon.colcon_core.package_identification:_identify(src/py_pubsub) by extension 'ignore_ament_install'
[0.433s] Level 1:colcon.colcon_core.package_identification:_identify(src/py_pubsub) by extensions ['colcon_pkg']
[0.433s] Level 1:colcon.colcon_core.package_identification:_identify(src/py_pubsub) by extension 'colcon_pkg'
[0.433s] Level 1:colcon.colcon_core.package_identification:_identify(src/py_pubsub) by extensions ['colcon_meta']
[0.433s] Level 1:colcon.colcon_core.package_identification:_identify(src/py_pubsub) by extension 'colcon_meta'
[0.433s] Level 1:colcon.colcon_core.package_identification:_identify(src/py_pubsub) by extensions ['ros']
[0.433s] Level 1:colcon.colcon_core.package_identification:_identify(src/py_pubsub) by extension 'ros'
[0.433s] DEBUG:colcon.colcon_core.package_identification:Package 'src/py_pubsub' with type 'ros.ament_python' and name 'py_pubsub'
[0.433s] Level 1:colcon.colcon_core.package_identification:_identify(src/py_srvcli) by extensions ['ignore', 'ignore_ament_install']
[0.433s] Level 1:colcon.colcon_core.package_identification:_identify(src/py_srvcli) by extension 'ignore'
[0.433s] Level 1:colcon.colcon_core.package_identification:_identify(src/py_srvcli) by extension 'ignore_ament_install'
[0.433s] Level 1:colcon.colcon_core.package_identification:_identify(src/py_srvcli) by extensions ['colcon_pkg']
[0.433s] Level 1:colcon.colcon_core.package_identification:_identify(src/py_srvcli) by extension 'colcon_pkg'
[0.433s] Level 1:colcon.colcon_core.package_identification:_identify(src/py_srvcli) by extensions ['colcon_meta']
[0.433s] Level 1:colcon.colcon_core.package_identification:_identify(src/py_srvcli) by extension 'colcon_meta'
[0.433s] Level 1:colcon.colcon_core.package_identification:_identify(src/py_srvcli) by extensions ['ros']
[0.433s] Level 1:colcon.colcon_core.package_identification:_identify(src/py_srvcli) by extension 'ros'
[0.433s] DEBUG:colcon.colcon_core.package_identification:Package 'src/py_srvcli' with type 'ros.ament_python' and name 'py_srvcli'
[0.433s] Level 1:colcon.colcon_core.package_identification:_identify(src/python_parameters) by extensions ['ignore', 'ignore_ament_install']
[0.433s] Level 1:colcon.colcon_core.package_identification:_identify(src/python_parameters) by extension 'ignore'
[0.433s] Level 1:colcon.colcon_core.package_identification:_identify(src/python_parameters) by extension 'ignore_ament_install'
[0.433s] Level 1:colcon.colcon_core.package_identification:_identify(src/python_parameters) by extensions ['colcon_pkg']
[0.433s] Level 1:colcon.colcon_core.package_identification:_identify(src/python_parameters) by extension 'colcon_pkg'
[0.433s] Level 1:colcon.colcon_core.package_identification:_identify(src/python_parameters) by extensions ['colcon_meta']
[0.433s] Level 1:colcon.colcon_core.package_identification:_identify(src/python_parameters) by extension 'colcon_meta'
[0.434s] Level 1:colcon.colcon_core.package_identification:_identify(src/python_parameters) by extensions ['ros']
[0.434s] Level 1:colcon.colcon_core.package_identification:_identify(src/python_parameters) by extension 'ros'
[0.434s] DEBUG:colcon.colcon_core.package_identification:Package 'src/python_parameters' with type 'ros.ament_python' and name 'python_parameters'
[0.434s] Level 1:colcon.colcon_core.package_identification:_identify(src/ros_tutorials) by extensions ['ignore', 'ignore_ament_install']
[0.434s] Level 1:colcon.colcon_core.package_identification:_identify(src/ros_tutorials) by extension 'ignore'
[0.434s] Level 1:colcon.colcon_core.package_identification:_identify(src/ros_tutorials) by extension 'ignore_ament_install'
[0.434s] Level 1:colcon.colcon_core.package_identification:_identify(src/ros_tutorials) by extensions ['colcon_pkg']
[0.434s] Level 1:colcon.colcon_core.package_identification:_identify(src/ros_tutorials) by extension 'colcon_pkg'
[0.434s] Level 1:colcon.colcon_core.package_identification:_identify(src/ros_tutorials) by extensions ['colcon_meta']
[0.434s] Level 1:colcon.colcon_core.package_identification:_identify(src/ros_tutorials) by extension 'colcon_meta'
[0.434s] Level 1:colcon.colcon_core.package_identification:_identify(src/ros_tutorials) by extensions ['ros']
[0.434s] Level 1:colcon.colcon_core.package_identification:_identify(src/ros_tutorials) by extension 'ros'
[0.434s] Level 1:colcon.colcon_core.package_identification:_identify(src/ros_tutorials) by extensions ['cmake', 'python']
[0.434s] Level 1:colcon.colcon_core.package_identification:_identify(src/ros_tutorials) by extension 'cmake'
[0.434s] Level 1:colcon.colcon_core.package_identification:_identify(src/ros_tutorials) by extension 'python'
[0.434s] Level 1:colcon.colcon_core.package_identification:_identify(src/ros_tutorials) by extensions ['python_setup_py']
[0.434s] Level 1:colcon.colcon_core.package_identification:_identify(src/ros_tutorials) by extension 'python_setup_py'
[0.434s] Level 1:colcon.colcon_core.package_identification:_identify(src/ros_tutorials/ros_tutorials) by extensions ['ignore', 'ignore_ament_install']
[0.434s] Level 1:colcon.colcon_core.package_identification:_identify(src/ros_tutorials/ros_tutorials) by extension 'ignore'
[0.434s] Level 1:colcon.colcon_core.package_identification:_identify(src/ros_tutorials/ros_tutorials) ignored
[0.434s] Level 1:colcon.colcon_core.package_identification:_identify(src/ros_tutorials/roscpp_tutorials) by extensions ['ignore', 'ignore_ament_install']
[0.434s] Level 1:colcon.colcon_core.package_identification:_identify(src/ros_tutorials/roscpp_tutorials) by extension 'ignore'
[0.434s] Level 1:colcon.colcon_core.package_identification:_identify(src/ros_tutorials/roscpp_tutorials) ignored
[0.434s] Level 1:colcon.colcon_core.package_identification:_identify(src/ros_tutorials/rospy_tutorials) by extensions ['ignore', 'ignore_ament_install']
[0.434s] Level 1:colcon.colcon_core.package_identification:_identify(src/ros_tutorials/rospy_tutorials) by extension 'ignore'
[0.434s] Level 1:colcon.colcon_core.package_identification:_identify(src/ros_tutorials/rospy_tutorials) ignored
[0.434s] Level 1:colcon.colcon_core.package_identification:_identify(src/ros_tutorials/turtlesim) by extensions ['ignore', 'ignore_ament_install']
[0.434s] Level 1:colcon.colcon_core.package_identification:_identify(src/ros_tutorials/turtlesim) by extension 'ignore'
[0.434s] Level 1:colcon.colcon_core.package_identification:_identify(src/ros_tutorials/turtlesim) by extension 'ignore_ament_install'
[0.434s] Level 1:colcon.colcon_core.package_identification:_identify(src/ros_tutorials/turtlesim) by extensions ['colcon_pkg']
[0.434s] Level 1:colcon.colcon_core.package_identification:_identify(src/ros_tutorials/turtlesim) by extension 'colcon_pkg'
[0.434s] Level 1:colcon.colcon_core.package_identification:_identify(src/ros_tutorials/turtlesim) by extensions ['colcon_meta']
[0.434s] Level 1:colcon.colcon_core.package_identification:_identify(src/ros_tutorials/turtlesim) by extension 'colcon_meta'
[0.434s] Level 1:colcon.colcon_core.package_identification:_identify(src/ros_tutorials/turtlesim) by extensions ['ros']
[0.434s] Level 1:colcon.colcon_core.package_identification:_identify(src/ros_tutorials/turtlesim) by extension 'ros'
[0.435s] DEBUG:colcon.colcon_core.package_identification:Package 'src/ros_tutorials/turtlesim' with type 'ros.ament_cmake' and name 'turtlesim'
[0.435s] Level 1:colcon.colcon_core.package_identification:_identify(src/tutorial_interfaces) by extensions ['ignore', 'ignore_ament_install']
[0.435s] Level 1:colcon.colcon_core.package_identification:_identify(src/tutorial_interfaces) by extension 'ignore'
[0.435s] Level 1:colcon.colcon_core.package_identification:_identify(src/tutorial_interfaces) by extension 'ignore_ament_install'
[0.435s] Level 1:colcon.colcon_core.package_identification:_identify(src/tutorial_interfaces) by extensions ['colcon_pkg']
[0.435s] Level 1:colcon.colcon_core.package_identification:_identify(src/tutorial_interfaces) by extension 'colcon_pkg'
[0.435s] Level 1:colcon.colcon_core.package_identification:_identify(src/tutorial_interfaces) by extensions ['colcon_meta']
[0.435s] Level 1:colcon.colcon_core.package_identification:_identify(src/tutorial_interfaces) by extension 'colcon_meta'
[0.435s] Level 1:colcon.colcon_core.package_identification:_identify(src/tutorial_interfaces) by extensions ['ros']
[0.435s] Level 1:colcon.colcon_core.package_identification:_identify(src/tutorial_interfaces) by extension 'ros'
[0.435s] DEBUG:colcon.colcon_core.package_identification:Package 'src/tutorial_interfaces' with type 'ros.ament_cmake' and name 'tutorial_interfaces'
[0.435s] Level 1:colcon.colcon_core.package_discovery:discover_packages(recursive) using defaults
[0.435s] Level 1:colcon.colcon_core.package_discovery:discover_packages(ignore) discover
[0.435s] Level 1:colcon.colcon_core.package_discovery:discover_packages(ignore) using defaults
[0.435s] Level 1:colcon.colcon_core.package_discovery:discover_packages(path) discover
[0.435s] Level 1:colcon.colcon_core.package_discovery:discover_packages(path) using defaults
[0.472s] Level 1:colcon.colcon_core.package_discovery:discover_packages(prefix_path) check parameters
[0.472s] Level 1:colcon.colcon_core.package_discovery:discover_packages(prefix_path) discover
[0.484s] DEBUG:colcon.colcon_installed_package_information.package_discovery:Found 284 installed packages in /opt/ros/humble
[0.484s] Level 1:colcon.colcon_core.package_discovery:discover_packages(prefix_path) using defaults
[0.522s] WARNING:colcon.colcon_core.package_selection:Some selected packages are already built in one or more underlay workspaces:
	'turtlesim' is in: /opt/ros/humble
	'action_tutorials_interfaces' is in: /opt/ros/humble
If a package in a merged underlay workspace is overridden and it installs headers, then all packages in the overlay must sort their include directories by workspace order. Failure to do so may result in build failures or undefined behavior at run time.
If the overridden package is used by another package in any underlay, then the overriding package in the overlay must be API and ABI compatible or undefined behavior at run time may occur.

If you understand the risks and want to override a package anyways, add the following to the command line:
	--allow-overriding action_tutorials_interfaces turtlesim

This may be promoted to an error in a future release of colcon-override-check.
[0.527s] Level 5:colcon.colcon_core.verb:set package 'action_tutorials_interfaces' build argument 'cmake_args' from command line to 'None'
[0.527s] Level 5:colcon.colcon_core.verb:set package 'action_tutorials_interfaces' build argument 'cmake_target' from command line to 'None'
[0.527s] Level 5:colcon.colcon_core.verb:set package 'action_tutorials_interfaces' build argument 'cmake_target_skip_unavailable' from command line to 'False'
[0.527s] Level 5:colcon.colcon_core.verb:set package 'action_tutorials_interfaces' build argument 'cmake_clean_cache' from command line to 'False'
[0.527s] Level 5:colcon.colcon_core.verb:set package 'action_tutorials_interfaces' build argument 'cmake_clean_first' from command line to 'False'
[0.527s] Level 5:colcon.colcon_core.verb:set package 'action_tutorials_interfaces' build argument 'cmake_force_configure' from command line to 'False'
[0.527s] Level 5:colcon.colcon_core.verb:set package 'action_tutorials_interfaces' build argument 'ament_cmake_args' from command line to 'None'
[0.527s] Level 5:colcon.colcon_core.verb:set package 'action_tutorials_interfaces' build argument 'catkin_cmake_args' from command line to 'None'
[0.528s] Level 5:colcon.colcon_core.verb:set package 'action_tutorials_interfaces' build argument 'catkin_skip_building_tests' from command line to 'False'
[0.528s] DEBUG:colcon.colcon_core.verb:Building package 'action_tutorials_interfaces' with the following arguments: {'ament_cmake_args': None, 'build_base': '/home/zheka/Smart-Mobility-Engineering-Lab/ros2_ws/build/action_tutorials_interfaces', 'catkin_cmake_args': None, 'catkin_skip_building_tests': False, 'cmake_args': None, 'cmake_clean_cache': False, 'cmake_clean_first': False, 'cmake_force_configure': False, 'cmake_target': None, 'cmake_target_skip_unavailable': False, 'install_base': '/home/zheka/Smart-Mobility-Engineering-Lab/ros2_ws/install/action_tutorials_interfaces', 'merge_install': False, 'path': '/home/zheka/Smart-Mobility-Engineering-Lab/ros2_ws/action_tutorials_interfaces', 'symlink_install': False, 'test_result_base': None}
[0.533s] Level 5:colcon.colcon_core.verb:set package 'more_interfaces' build argument 'cmake_args' from command line to 'None'
[0.533s] Level 5:colcon.colcon_core.verb:set package 'more_interfaces' build argument 'cmake_target' from command line to 'None'
[0.533s] Level 5:colcon.colcon_core.verb:set package 'more_interfaces' build argument 'cmake_target_skip_unavailable' from command line to 'False'
[0.533s] Level 5:colcon.colcon_core.verb:set package 'more_interfaces' build argument 'cmake_clean_cache' from command line to 'False'
[0.533s] Level 5:colcon.colcon_core.verb:set package 'more_interfaces' build argument 'cmake_clean_first' from command line to 'False'
[0.533s] Level 5:colcon.colcon_core.verb:set package 'more_interfaces' build argument 'cmake_force_configure' from command line to 'False'
[0.533s] Level 5:colcon.colcon_core.verb:set package 'more_interfaces' build argument 'ament_cmake_args' from command line to 'None'
[0.533s] Level 5:colcon.colcon_core.verb:set package 'more_interfaces' build argument 'catkin_cmake_args' from command line to 'None'
[0.533s] Level 5:colcon.colcon_core.verb:set package 'more_interfaces' build argument 'catkin_skip_building_tests' from command line to 'False'
[0.533s] DEBUG:colcon.colcon_core.verb:Building package 'more_interfaces' with the following arguments: {'ament_cmake_args': None, 'build_base': '/home/zheka/Smart-Mobility-Engineering-Lab/ros2_ws/build/more_interfaces', 'catkin_cmake_args': None, 'catkin_skip_building_tests': False, 'cmake_args': None, 'cmake_clean_cache': False, 'cmake_clean_first': False, 'cmake_force_configure': False, 'cmake_target': None, 'cmake_target_skip_unavailable': False, 'install_base': '/home/zheka/Smart-Mobility-Engineering-Lab/ros2_ws/install/more_interfaces', 'merge_install': False, 'path': '/home/zheka/Smart-Mobility-Engineering-Lab/ros2_ws/src/more_interfaces', 'symlink_install': False, 'test_result_base': None}
[0.539s] Level 5:colcon.colcon_core.verb:set package 'python_parameters' build argument 'cmake_args' from command line to 'None'
[0.539s] Level 5:colcon.colcon_core.verb:set package 'python_parameters' build argument 'cmake_target' from command line to 'None'
[0.539s] Level 5:colcon.colcon_core.verb:set package 'python_parameters' build argument 'cmake_target_skip_unavailable' from command line to 'False'
[0.539s] Level 5:colcon.colcon_core.verb:set package 'python_parameters' build argument 'cmake_clean_cache' from command line to 'False'
[0.539s] Level 5:colcon.colcon_core.verb:set package 'python_parameters' build argument 'cmake_clean_first' from command line to 'False'
[0.539s] Level 5:colcon.colcon_core.verb:set package 'python_parameters' build argument 'cmake_force_configure' from command line to 'False'
[0.539s] Level 5:colcon.colcon_core.verb:set package 'python_parameters' build argument 'ament_cmake_args' from command line to 'None'
[0.539s] Level 5:colcon.colcon_core.verb:set package 'python_parameters' build argument 'catkin_cmake_args' from command line to 'None'
[0.539s] Level 5:colcon.colcon_core.verb:set package 'python_parameters' build argument 'catkin_skip_building_tests' from command line to 'False'
[0.539s] DEBUG:colcon.colcon_core.verb:Building package 'python_parameters' with the following arguments: {'ament_cmake_args': None, 'build_base': '/home/zheka/Smart-Mobility-Engineering-Lab/ros2_ws/build/python_parameters', 'catkin_cmake_args': None, 'catkin_skip_building_tests': False, 'cmake_args': None, 'cmake_clean_cache': False, 'cmake_clean_first': False, 'cmake_force_configure': False, 'cmake_target': None, 'cmake_target_skip_unavailable': False, 'install_base': '/home/zheka/Smart-Mobility-Engineering-Lab/ros2_ws/install/python_parameters', 'merge_install': False, 'path': '/home/zheka/Smart-Mobility-Engineering-Lab/ros2_ws/src/python_parameters', 'symlink_install': False, 'test_result_base': None}
[0.544s] Level 5:colcon.colcon_core.verb:set package 'turtlesim' build argument 'cmake_args' from command line to 'None'
[0.545s] Level 5:colcon.colcon_core.verb:set package 'turtlesim' build argument 'cmake_target' from command line to 'None'
[0.545s] Level 5:colcon.colcon_core.verb:set package 'turtlesim' build argument 'cmake_target_skip_unavailable' from command line to 'False'
[0.545s] Level 5:colcon.colcon_core.verb:set package 'turtlesim' build argument 'cmake_clean_cache' from command line to 'False'
[0.545s] Level 5:colcon.colcon_core.verb:set package 'turtlesim' build argument 'cmake_clean_first' from command line to 'False'
[0.545s] Level 5:colcon.colcon_core.verb:set package 'turtlesim' build argument 'cmake_force_configure' from command line to 'False'
[0.545s] Level 5:colcon.colcon_core.verb:set package 'turtlesim' build argument 'ament_cmake_args' from command line to 'None'
[0.545s] Level 5:colcon.colcon_core.verb:set package 'turtlesim' build argument 'catkin_cmake_args' from command line to 'None'
[0.545s] Level 5:colcon.colcon_core.verb:set package 'turtlesim' build argument 'catkin_skip_building_tests' from command line to 'False'
[0.545s] DEBUG:colcon.colcon_core.verb:Building package 'turtlesim' with the following arguments: {'ament_cmake_args': None, 'build_base': '/home/zheka/Smart-Mobility-Engineering-Lab/ros2_ws/build/turtlesim', 'catkin_cmake_args': None, 'catkin_skip_building_tests': False, 'cmake_args': None, 'cmake_clean_cache': False, 'cmake_clean_first': False, 'cmake_force_configure': False, 'cmake_target': None, 'cmake_target_skip_unavailable': False, 'install_base': '/home/zheka/Smart-Mobility-Engineering-Lab/ros2_ws/install/turtlesim', 'merge_install': False, 'path': '/home/zheka/Smart-Mobility-Engineering-Lab/ros2_ws/src/ros_tutorials/turtlesim', 'symlink_install': False, 'test_result_base': None}
[0.551s] Level 5:colcon.colcon_core.verb:set package 'tutorial_interfaces' build argument 'cmake_args' from command line to 'None'
[0.551s] Level 5:colcon.colcon_core.verb:set package 'tutorial_interfaces' build argument 'cmake_target' from command line to 'None'
[0.551s] Level 5:colcon.colcon_core.verb:set package 'tutorial_interfaces' build argument 'cmake_target_skip_unavailable' from command line to 'False'
[0.551s] Level 5:colcon.colcon_core.verb:set package 'tutorial_interfaces' build argument 'cmake_clean_cache' from command line to 'False'
[0.551s] Level 5:colcon.colcon_core.verb:set package 'tutorial_interfaces' build argument 'cmake_clean_first' from command line to 'False'
[0.551s] Level 5:colcon.colcon_core.verb:set package 'tutorial_interfaces' build argument 'cmake_force_configure' from command line to 'False'
[0.551s] Level 5:colcon.colcon_core.verb:set package 'tutorial_interfaces' build argument 'ament_cmake_args' from command line to 'None'
[0.551s] Level 5:colcon.colcon_core.verb:set package 'tutorial_interfaces' build argument 'catkin_cmake_args' from command line to 'None'
[0.551s] Level 5:colcon.colcon_core.verb:set package 'tutorial_interfaces' build argument 'catkin_skip_building_tests' from command line to 'False'
[0.551s] DEBUG:colcon.colcon_core.verb:Building package 'tutorial_interfaces' with the following arguments: {'ament_cmake_args': None, 'build_base': '/home/zheka/Smart-Mobility-Engineering-Lab/ros2_ws/build/tutorial_interfaces', 'catkin_cmake_args': None, 'catkin_skip_building_tests': False, 'cmake_args': None, 'cmake_clean_cache': False, 'cmake_clean_first': False, 'cmake_force_configure': False, 'cmake_target': None, 'cmake_target_skip_unavailable': False, 'install_base': '/home/zheka/Smart-Mobility-Engineering-Lab/ros2_ws/install/tutorial_interfaces', 'merge_install': False, 'path': '/home/zheka/Smart-Mobility-Engineering-Lab/ros2_ws/src/tutorial_interfaces', 'symlink_install': False, 'test_result_base': None}
[0.557s] Level 5:colcon.colcon_core.verb:set package 'py_pubsub' build argument 'cmake_args' from command line to 'None'
[0.557s] Level 5:colcon.colcon_core.verb:set package 'py_pubsub' build argument 'cmake_target' from command line to 'None'
[0.557s] Level 5:colcon.colcon_core.verb:set package 'py_pubsub' build argument 'cmake_target_skip_unavailable' from command line to 'False'
[0.557s] Level 5:colcon.colcon_core.verb:set package 'py_pubsub' build argument 'cmake_clean_cache' from command line to 'False'
[0.557s] Level 5:colcon.colcon_core.verb:set package 'py_pubsub' build argument 'cmake_clean_first' from command line to 'False'
[0.557s] Level 5:colcon.colcon_core.verb:set package 'py_pubsub' build argument 'cmake_force_configure' from command line to 'False'
[0.557s] Level 5:colcon.colcon_core.verb:set package 'py_pubsub' build argument 'ament_cmake_args' from command line to 'None'
[0.557s] Level 5:colcon.colcon_core.verb:set package 'py_pubsub' build argument 'catkin_cmake_args' from command line to 'None'
[0.557s] Level 5:colcon.colcon_core.verb:set package 'py_pubsub' build argument 'catkin_skip_building_tests' from command line to 'False'
[0.557s] DEBUG:colcon.colcon_core.verb:Building package 'py_pubsub' with the following arguments: {'ament_cmake_args': None, 'build_base': '/home/zheka/Smart-Mobility-Engineering-Lab/ros2_ws/build/py_pubsub', 'catkin_cmake_args': None, 'catkin_skip_building_tests': False, 'cmake_args': None, 'cmake_clean_cache': False, 'cmake_clean_first': False, 'cmake_force_configure': False, 'cmake_target': None, 'cmake_target_skip_unavailable': False, 'install_base': '/home/zheka/Smart-Mobility-Engineering-Lab/ros2_ws/install/py_pubsub', 'merge_install': False, 'path': '/home/zheka/Smart-Mobility-Engineering-Lab/ros2_ws/src/py_pubsub', 'symlink_install': False, 'test_result_base': None}
[0.563s] Level 5:colcon.colcon_core.verb:set package 'py_srvcli' build argument 'cmake_args' from command line to 'None'
[0.564s] Level 5:colcon.colcon_core.verb:set package 'py_srvcli' build argument 'cmake_target' from command line to 'None'
[0.564s] Level 5:colcon.colcon_core.verb:set package 'py_srvcli' build argument 'cmake_target_skip_unavailable' from command line to 'False'
[0.564s] Level 5:colcon.colcon_core.verb:set package 'py_srvcli' build argument 'cmake_clean_cache' from command line to 'False'
[0.564s] Level 5:colcon.colcon_core.verb:set package 'py_srvcli' build argument 'cmake_clean_first' from command line to 'False'
[0.564s] Level 5:colcon.colcon_core.verb:set package 'py_srvcli' build argument 'cmake_force_configure' from command line to 'False'
[0.564s] Level 5:colcon.colcon_core.verb:set package 'py_srvcli' build argument 'ament_cmake_args' from command line to 'None'
[0.564s] Level 5:colcon.colcon_core.verb:set package 'py_srvcli' build argument 'catkin_cmake_args' from command line to 'None'
[0.564s] Level 5:colcon.colcon_core.verb:set package 'py_srvcli' build argument 'catkin_skip_building_tests' from command line to 'False'
[0.564s] DEBUG:colcon.colcon_core.verb:Building package 'py_srvcli' with the following arguments: {'ament_cmake_args': None, 'build_base': '/home/zheka/Smart-Mobility-Engineering-Lab/ros2_ws/build/py_srvcli', 'catkin_cmake_args': None, 'catkin_skip_building_tests': False, 'cmake_args': None, 'cmake_clean_cache': False, 'cmake_clean_first': False, 'cmake_force_configure': False, 'cmake_target': None, 'cmake_target_skip_unavailable': False, 'install_base': '/home/zheka/Smart-Mobility-Engineering-Lab/ros2_ws/install/py_srvcli', 'merge_install': False, 'path': '/home/zheka/Smart-Mobility-Engineering-Lab/ros2_ws/src/py_srvcli', 'symlink_install': False, 'test_result_base': None}
[0.569s] INFO:colcon.colcon_core.executor:Executing jobs using 'parallel' executor
[0.575s] DEBUG:colcon.colcon_parallel_executor.executor.parallel:run_until_complete
[0.575s] INFO:colcon.colcon_ros.task.ament_cmake.build:Building ROS package in '/home/zheka/Smart-Mobility-Engineering-Lab/ros2_ws/src/tutorial_interfaces' with build type 'ament_cmake'
[0.575s] INFO:colcon.colcon_cmake.task.cmake.build:Building CMake package in '/home/zheka/Smart-Mobility-Engineering-Lab/ros2_ws/src/tutorial_interfaces'
[0.582s] INFO:colcon.colcon_core.plugin_system:Skipping extension 'colcon_core.shell.bat': Not used on non-Windows systems
[0.582s] INFO:colcon.colcon_core.shell:Skip shell extension 'powershell' for command environment: Not usable outside of PowerShell
[0.582s] DEBUG:colcon.colcon_core.shell:Skip shell extension 'dsv' for command environment
[0.596s] INFO:colcon.colcon_ros.task.ament_cmake.build:Building ROS package in '/home/zheka/Smart-Mobility-Engineering-Lab/ros2_ws/action_tutorials_interfaces' with build type 'ament_cmake'
[0.596s] INFO:colcon.colcon_cmake.task.cmake.build:Building CMake package in '/home/zheka/Smart-Mobility-Engineering-Lab/ros2_ws/action_tutorials_interfaces'
[0.603s] INFO:colcon.colcon_core.shell:Skip shell extension 'powershell' for command environment: Not usable outside of PowerShell
[0.603s] DEBUG:colcon.colcon_core.shell:Skip shell extension 'dsv' for command environment
[0.618s] DEBUG:colcon.colcon_core.event_handler.log_command:Invoking command in '/home/zheka/Smart-Mobility-Engineering-Lab/ros2_ws/build/tutorial_interfaces': CMAKE_PREFIX_PATH=/opt/ros/humble /usr/bin/cmake --build /home/zheka/Smart-Mobility-Engineering-Lab/ros2_ws/build/tutorial_interfaces -- -j2 -l2
[0.621s] DEBUG:colcon.colcon_core.event_handler.log_command:Invoking command in '/home/zheka/Smart-Mobility-Engineering-Lab/ros2_ws/build/action_tutorials_interfaces': CMAKE_PREFIX_PATH=/opt/ros/humble /usr/bin/cmake /home/zheka/Smart-Mobility-Engineering-Lab/ros2_ws/action_tutorials_interfaces -DCMAKE_INSTALL_PREFIX=/home/zheka/Smart-Mobility-Engineering-Lab/ros2_ws/install/action_tutorials_interfaces
[1.097s] DEBUG:colcon.colcon_core.event_handler.log_command:Invoked command in '/home/zheka/Smart-Mobility-Engineering-Lab/ros2_ws/build/tutorial_interfaces' returned '0': CMAKE_PREFIX_PATH=/opt/ros/humble /usr/bin/cmake --build /home/zheka/Smart-Mobility-Engineering-Lab/ros2_ws/build/tutorial_interfaces -- -j2 -l2
[1.196s] DEBUG:colcon.colcon_core.event_handler.log_command:Invoking command in '/home/zheka/Smart-Mobility-Engineering-Lab/ros2_ws/build/tutorial_interfaces': CMAKE_PREFIX_PATH=/opt/ros/humble /usr/bin/cmake --install /home/zheka/Smart-Mobility-Engineering-Lab/ros2_ws/build/tutorial_interfaces
[1.255s] Level 1:colcon.colcon_core.environment:create_environment_scripts_only(tutorial_interfaces)
[1.262s] Level 1:colcon.colcon_core.environment:checking '/home/zheka/Smart-Mobility-Engineering-Lab/ros2_ws/install/tutorial_interfaces' for CMake module files
[1.262s] DEBUG:colcon.colcon_core.event_handler.log_command:Invoked command in '/home/zheka/Smart-Mobility-Engineering-Lab/ros2_ws/build/tutorial_interfaces' returned '0': CMAKE_PREFIX_PATH=/opt/ros/humble /usr/bin/cmake --install /home/zheka/Smart-Mobility-Engineering-Lab/ros2_ws/build/tutorial_interfaces
[1.262s] Level 1:colcon.colcon_core.environment:checking '/home/zheka/Smart-Mobility-Engineering-Lab/ros2_ws/install/tutorial_interfaces' for CMake config files
[1.263s] Level 1:colcon.colcon_core.shell:create_environment_hook('tutorial_interfaces', 'cmake_prefix_path')
[1.268s] INFO:colcon.colcon_core.shell:Creating environment hook '/home/zheka/Smart-Mobility-Engineering-Lab/ros2_ws/install/tutorial_interfaces/share/tutorial_interfaces/hook/cmake_prefix_path.ps1'
[1.269s] INFO:colcon.colcon_core.shell:Creating environment descriptor '/home/zheka/Smart-Mobility-Engineering-Lab/ros2_ws/install/tutorial_interfaces/share/tutorial_interfaces/hook/cmake_prefix_path.dsv'
[1.269s] INFO:colcon.colcon_core.shell:Creating environment hook '/home/zheka/Smart-Mobility-Engineering-Lab/ros2_ws/install/tutorial_interfaces/share/tutorial_interfaces/hook/cmake_prefix_path.sh'
[1.270s] Level 1:colcon.colcon_core.environment:checking '/home/zheka/Smart-Mobility-Engineering-Lab/ros2_ws/install/tutorial_interfaces/lib'
[1.270s] Level 1:colcon.colcon_core.shell:create_environment_hook('tutorial_interfaces', 'ld_library_path_lib')
[1.275s] INFO:colcon.colcon_core.shell:Creating environment hook '/home/zheka/Smart-Mobility-Engineering-Lab/ros2_ws/install/tutorial_interfaces/share/tutorial_interfaces/hook/ld_library_path_lib.ps1'
[1.276s] INFO:colcon.colcon_core.shell:Creating environment descriptor '/home/zheka/Smart-Mobility-Engineering-Lab/ros2_ws/install/tutorial_interfaces/share/tutorial_interfaces/hook/ld_library_path_lib.dsv'
[1.276s] INFO:colcon.colcon_core.shell:Creating environment hook '/home/zheka/Smart-Mobility-Engineering-Lab/ros2_ws/install/tutorial_interfaces/share/tutorial_interfaces/hook/ld_library_path_lib.sh'
[1.276s] Level 1:colcon.colcon_core.environment:checking '/home/zheka/Smart-Mobility-Engineering-Lab/ros2_ws/install/tutorial_interfaces/bin'
[1.276s] Level 1:colcon.colcon_core.environment:checking '/home/zheka/Smart-Mobility-Engineering-Lab/ros2_ws/install/tutorial_interfaces/lib/pkgconfig/tutorial_interfaces.pc'
[1.276s] Level 1:colcon.colcon_core.environment:checking '/home/zheka/Smart-Mobility-Engineering-Lab/ros2_ws/install/tutorial_interfaces/lib/python3.10/site-packages'
[1.276s] Level 1:colcon.colcon_core.environment:checking '/home/zheka/Smart-Mobility-Engineering-Lab/ros2_ws/install/tutorial_interfaces/bin'
[1.282s] INFO:colcon.colcon_core.shell:Creating package script '/home/zheka/Smart-Mobility-Engineering-Lab/ros2_ws/install/tutorial_interfaces/share/tutorial_interfaces/package.ps1'
[1.283s] INFO:colcon.colcon_core.shell:Creating package descriptor '/home/zheka/Smart-Mobility-Engineering-Lab/ros2_ws/install/tutorial_interfaces/share/tutorial_interfaces/package.dsv'
[1.283s] INFO:colcon.colcon_core.shell:Creating package script '/home/zheka/Smart-Mobility-Engineering-Lab/ros2_ws/install/tutorial_interfaces/share/tutorial_interfaces/package.sh'
[1.283s] INFO:colcon.colcon_core.shell:Creating package script '/home/zheka/Smart-Mobility-Engineering-Lab/ros2_ws/install/tutorial_interfaces/share/tutorial_interfaces/package.bash'
[1.284s] INFO:colcon.colcon_core.shell:Creating package script '/home/zheka/Smart-Mobility-Engineering-Lab/ros2_ws/install/tutorial_interfaces/share/tutorial_interfaces/package.zsh'
[1.284s] Level 1:colcon.colcon_core.environment:create_file_with_runtime_dependencies(/home/zheka/Smart-Mobility-Engineering-Lab/ros2_ws/install/tutorial_interfaces/share/colcon-core/packages/tutorial_interfaces)
[1.462s] Level 1:colcon.colcon_core.environment:create_environment_scripts_only(tutorial_interfaces)
[1.470s] Level 1:colcon.colcon_core.environment:checking '/home/zheka/Smart-Mobility-Engineering-Lab/ros2_ws/install/tutorial_interfaces' for CMake module files
[1.471s] Level 1:colcon.colcon_core.environment:checking '/home/zheka/Smart-Mobility-Engineering-Lab/ros2_ws/install/tutorial_interfaces' for CMake config files
[1.471s] Level 1:colcon.colcon_core.shell:create_environment_hook('tutorial_interfaces', 'cmake_prefix_path')
[1.477s] INFO:colcon.colcon_core.shell:Creating environment hook '/home/zheka/Smart-Mobility-Engineering-Lab/ros2_ws/install/tutorial_interfaces/share/tutorial_interfaces/hook/cmake_prefix_path.ps1'
[1.478s] INFO:colcon.colcon_core.shell:Creating environment descriptor '/home/zheka/Smart-Mobility-Engineering-Lab/ros2_ws/install/tutorial_interfaces/share/tutorial_interfaces/hook/cmake_prefix_path.dsv'
[1.478s] INFO:colcon.colcon_core.shell:Creating environment hook '/home/zheka/Smart-Mobility-Engineering-Lab/ros2_ws/install/tutorial_interfaces/share/tutorial_interfaces/hook/cmake_prefix_path.sh'
[1.478s] Level 1:colcon.colcon_core.environment:checking '/home/zheka/Smart-Mobility-Engineering-Lab/ros2_ws/install/tutorial_interfaces/lib'
[1.478s] Level 1:colcon.colcon_core.shell:create_environment_hook('tutorial_interfaces', 'ld_library_path_lib')
[1.484s] INFO:colcon.colcon_core.shell:Creating environment hook '/home/zheka/Smart-Mobility-Engineering-Lab/ros2_ws/install/tutorial_interfaces/share/tutorial_interfaces/hook/ld_library_path_lib.ps1'
[1.484s] INFO:colcon.colcon_core.shell:Creating environment descriptor '/home/zheka/Smart-Mobility-Engineering-Lab/ros2_ws/install/tutorial_interfaces/share/tutorial_interfaces/hook/ld_library_path_lib.dsv'
[1.485s] INFO:colcon.colcon_core.shell:Creating environment hook '/home/zheka/Smart-Mobility-Engineering-Lab/ros2_ws/install/tutorial_interfaces/share/tutorial_interfaces/hook/ld_library_path_lib.sh'
[1.485s] Level 1:colcon.colcon_core.environment:checking '/home/zheka/Smart-Mobility-Engineering-Lab/ros2_ws/install/tutorial_interfaces/bin'
[1.485s] Level 1:colcon.colcon_core.environment:checking '/home/zheka/Smart-Mobility-Engineering-Lab/ros2_ws/install/tutorial_interfaces/lib/pkgconfig/tutorial_interfaces.pc'
[1.485s] Level 1:colcon.colcon_core.environment:checking '/home/zheka/Smart-Mobility-Engineering-Lab/ros2_ws/install/tutorial_interfaces/lib/python3.10/site-packages'
[1.485s] Level 1:colcon.colcon_core.environment:checking '/home/zheka/Smart-Mobility-Engineering-Lab/ros2_ws/install/tutorial_interfaces/bin'
[1.498s] INFO:colcon.colcon_core.shell:Creating package script '/home/zheka/Smart-Mobility-Engineering-Lab/ros2_ws/install/tutorial_interfaces/share/tutorial_interfaces/package.ps1'
[1.498s] INFO:colcon.colcon_core.shell:Creating package descriptor '/home/zheka/Smart-Mobility-Engineering-Lab/ros2_ws/install/tutorial_interfaces/share/tutorial_interfaces/package.dsv'
[1.498s] INFO:colcon.colcon_core.shell:Creating package script '/home/zheka/Smart-Mobility-Engineering-Lab/ros2_ws/install/tutorial_interfaces/share/tutorial_interfaces/package.sh'
[1.499s] INFO:colcon.colcon_core.shell:Creating package script '/home/zheka/Smart-Mobility-Engineering-Lab/ros2_ws/install/tutorial_interfaces/share/tutorial_interfaces/package.bash'
[1.499s] INFO:colcon.colcon_core.shell:Creating package script '/home/zheka/Smart-Mobility-Engineering-Lab/ros2_ws/install/tutorial_interfaces/share/tutorial_interfaces/package.zsh'
[1.499s] Level 1:colcon.colcon_core.environment:create_file_with_runtime_dependencies(/home/zheka/Smart-Mobility-Engineering-Lab/ros2_ws/install/tutorial_interfaces/share/colcon-core/packages/tutorial_interfaces)
[1.499s] INFO:colcon.colcon_ros.task.ament_cmake.build:Building ROS package in '/home/zheka/Smart-Mobility-Engineering-Lab/ros2_ws/src/more_interfaces' with build type 'ament_cmake'
[1.499s] INFO:colcon.colcon_cmake.task.cmake.build:Building CMake package in '/home/zheka/Smart-Mobility-Engineering-Lab/ros2_ws/src/more_interfaces'
[1.515s] INFO:colcon.colcon_core.shell:Skip shell extension 'powershell' for command environment: Not usable outside of PowerShell
[1.515s] DEBUG:colcon.colcon_core.shell:Skip shell extension 'dsv' for command environment
[1.551s] DEBUG:colcon.colcon_core.event_handler.log_command:Invoking command in '/home/zheka/Smart-Mobility-Engineering-Lab/ros2_ws/build/more_interfaces': CMAKE_PREFIX_PATH=/opt/ros/humble /usr/bin/cmake --build /home/zheka/Smart-Mobility-Engineering-Lab/ros2_ws/build/more_interfaces -- -j2 -l2
[2.090s] DEBUG:colcon.colcon_core.event_handler.log_command:Invoked command in '/home/zheka/Smart-Mobility-Engineering-Lab/ros2_ws/build/action_tutorials_interfaces' returned '0': CMAKE_PREFIX_PATH=/opt/ros/humble /usr/bin/cmake /home/zheka/Smart-Mobility-Engineering-Lab/ros2_ws/action_tutorials_interfaces -DCMAKE_INSTALL_PREFIX=/home/zheka/Smart-Mobility-Engineering-Lab/ros2_ws/install/action_tutorials_interfaces
[2.091s] DEBUG:colcon.colcon_core.event_handler.log_command:Invoking command in '/home/zheka/Smart-Mobility-Engineering-Lab/ros2_ws/build/action_tutorials_interfaces': CMAKE_PREFIX_PATH=/opt/ros/humble /usr/bin/cmake --build /home/zheka/Smart-Mobility-Engineering-Lab/ros2_ws/build/action_tutorials_interfaces -- -j2 -l2
[2.619s] DEBUG:colcon.colcon_core.event_handler.log_command:Invoked command in '/home/zheka/Smart-Mobility-Engineering-Lab/ros2_ws/build/more_interfaces' returned '0': CMAKE_PREFIX_PATH=/opt/ros/humble /usr/bin/cmake --build /home/zheka/Smart-Mobility-Engineering-Lab/ros2_ws/build/more_interfaces -- -j2 -l2
[2.988s] DEBUG:colcon.colcon_core.event_handler.log_command:Invoking command in '/home/zheka/Smart-Mobility-Engineering-Lab/ros2_ws/build/more_interfaces': CMAKE_PREFIX_PATH=/opt/ros/humble /usr/bin/cmake --install /home/zheka/Smart-Mobility-Engineering-Lab/ros2_ws/build/more_interfaces
[3.110s] Level 1:colcon.colcon_core.environment:create_environment_scripts_only(more_interfaces)
[3.110s] DEBUG:colcon.colcon_core.event_handler.log_command:Invoked command in '/home/zheka/Smart-Mobility-Engineering-Lab/ros2_ws/build/more_interfaces' returned '0': CMAKE_PREFIX_PATH=/opt/ros/humble /usr/bin/cmake --install /home/zheka/Smart-Mobility-Engineering-Lab/ros2_ws/build/more_interfaces
[3.130s] Level 1:colcon.colcon_core.environment:checking '/home/zheka/Smart-Mobility-Engineering-Lab/ros2_ws/install/more_interfaces' for CMake module files
[3.131s] Level 1:colcon.colcon_core.environment:checking '/home/zheka/Smart-Mobility-Engineering-Lab/ros2_ws/install/more_interfaces' for CMake config files
[3.131s] Level 1:colcon.colcon_core.shell:create_environment_hook('more_interfaces', 'cmake_prefix_path')
[3.149s] INFO:colcon.colcon_core.shell:Creating environment hook '/home/zheka/Smart-Mobility-Engineering-Lab/ros2_ws/install/more_interfaces/share/more_interfaces/hook/cmake_prefix_path.ps1'
[3.149s] INFO:colcon.colcon_core.shell:Creating environment descriptor '/home/zheka/Smart-Mobility-Engineering-Lab/ros2_ws/install/more_interfaces/share/more_interfaces/hook/cmake_prefix_path.dsv'
[3.153s] INFO:colcon.colcon_core.shell:Creating environment hook '/home/zheka/Smart-Mobility-Engineering-Lab/ros2_ws/install/more_interfaces/share/more_interfaces/hook/cmake_prefix_path.sh'
[3.153s] Level 1:colcon.colcon_core.environment:checking '/home/zheka/Smart-Mobility-Engineering-Lab/ros2_ws/install/more_interfaces/lib'
[3.153s] Level 1:colcon.colcon_core.shell:create_environment_hook('more_interfaces', 'ld_library_path_lib')
[3.184s] INFO:colcon.colcon_core.shell:Creating environment hook '/home/zheka/Smart-Mobility-Engineering-Lab/ros2_ws/install/more_interfaces/share/more_interfaces/hook/ld_library_path_lib.ps1'
[3.185s] INFO:colcon.colcon_core.shell:Creating environment descriptor '/home/zheka/Smart-Mobility-Engineering-Lab/ros2_ws/install/more_interfaces/share/more_interfaces/hook/ld_library_path_lib.dsv'
[3.189s] INFO:colcon.colcon_core.shell:Creating environment hook '/home/zheka/Smart-Mobility-Engineering-Lab/ros2_ws/install/more_interfaces/share/more_interfaces/hook/ld_library_path_lib.sh'
[3.199s] Level 1:colcon.colcon_core.environment:checking '/home/zheka/Smart-Mobility-Engineering-Lab/ros2_ws/install/more_interfaces/bin'
[3.199s] Level 1:colcon.colcon_core.environment:checking '/home/zheka/Smart-Mobility-Engineering-Lab/ros2_ws/install/more_interfaces/lib/pkgconfig/more_interfaces.pc'
[3.199s] Level 1:colcon.colcon_core.environment:checking '/home/zheka/Smart-Mobility-Engineering-Lab/ros2_ws/install/more_interfaces/lib/python3.10/site-packages'
[3.199s] Level 1:colcon.colcon_core.environment:checking '/home/zheka/Smart-Mobility-Engineering-Lab/ros2_ws/install/more_interfaces/bin'
[3.223s] INFO:colcon.colcon_core.shell:Creating package script '/home/zheka/Smart-Mobility-Engineering-Lab/ros2_ws/install/more_interfaces/share/more_interfaces/package.ps1'
[3.223s] INFO:colcon.colcon_core.shell:Creating package descriptor '/home/zheka/Smart-Mobility-Engineering-Lab/ros2_ws/install/more_interfaces/share/more_interfaces/package.dsv'
[3.223s] INFO:colcon.colcon_core.shell:Creating package script '/home/zheka/Smart-Mobility-Engineering-Lab/ros2_ws/install/more_interfaces/share/more_interfaces/package.sh'
[3.228s] INFO:colcon.colcon_core.shell:Creating package script '/home/zheka/Smart-Mobility-Engineering-Lab/ros2_ws/install/more_interfaces/share/more_interfaces/package.bash'
[3.228s] INFO:colcon.colcon_core.shell:Creating package script '/home/zheka/Smart-Mobility-Engineering-Lab/ros2_ws/install/more_interfaces/share/more_interfaces/package.zsh'
[3.229s] Level 1:colcon.colcon_core.environment:create_file_with_runtime_dependencies(/home/zheka/Smart-Mobility-Engineering-Lab/ros2_ws/install/more_interfaces/share/colcon-core/packages/more_interfaces)
[3.377s] Level 1:colcon.colcon_core.environment:create_environment_scripts_only(more_interfaces)
[3.391s] Level 1:colcon.colcon_core.environment:checking '/home/zheka/Smart-Mobility-Engineering-Lab/ros2_ws/install/more_interfaces' for CMake module files
[3.391s] Level 1:colcon.colcon_core.environment:checking '/home/zheka/Smart-Mobility-Engineering-Lab/ros2_ws/install/more_interfaces' for CMake config files
[3.391s] Level 1:colcon.colcon_core.shell:create_environment_hook('more_interfaces', 'cmake_prefix_path')
[3.401s] INFO:colcon.colcon_core.shell:Creating environment hook '/home/zheka/Smart-Mobility-Engineering-Lab/ros2_ws/install/more_interfaces/share/more_interfaces/hook/cmake_prefix_path.ps1'
[3.402s] INFO:colcon.colcon_core.shell:Creating environment descriptor '/home/zheka/Smart-Mobility-Engineering-Lab/ros2_ws/install/more_interfaces/share/more_interfaces/hook/cmake_prefix_path.dsv'
[3.406s] INFO:colcon.colcon_core.shell:Creating environment hook '/home/zheka/Smart-Mobility-Engineering-Lab/ros2_ws/install/more_interfaces/share/more_interfaces/hook/cmake_prefix_path.sh'
[3.406s] Level 1:colcon.colcon_core.environment:checking '/home/zheka/Smart-Mobility-Engineering-Lab/ros2_ws/install/more_interfaces/lib'
[3.406s] Level 1:colcon.colcon_core.shell:create_environment_hook('more_interfaces', 'ld_library_path_lib')
[3.417s] INFO:colcon.colcon_core.shell:Creating environment hook '/home/zheka/Smart-Mobility-Engineering-Lab/ros2_ws/install/more_interfaces/share/more_interfaces/hook/ld_library_path_lib.ps1'
[3.417s] INFO:colcon.colcon_core.shell:Creating environment descriptor '/home/zheka/Smart-Mobility-Engineering-Lab/ros2_ws/install/more_interfaces/share/more_interfaces/hook/ld_library_path_lib.dsv'
[3.417s] INFO:colcon.colcon_core.shell:Creating environment hook '/home/zheka/Smart-Mobility-Engineering-Lab/ros2_ws/install/more_interfaces/share/more_interfaces/hook/ld_library_path_lib.sh'
[3.417s] Level 1:colcon.colcon_core.environment:checking '/home/zheka/Smart-Mobility-Engineering-Lab/ros2_ws/install/more_interfaces/bin'
[3.417s] Level 1:colcon.colcon_core.environment:checking '/home/zheka/Smart-Mobility-Engineering-Lab/ros2_ws/install/more_interfaces/lib/pkgconfig/more_interfaces.pc'
[3.417s] Level 1:colcon.colcon_core.environment:checking '/home/zheka/Smart-Mobility-Engineering-Lab/ros2_ws/install/more_interfaces/lib/python3.10/site-packages'
[3.418s] Level 1:colcon.colcon_core.environment:checking '/home/zheka/Smart-Mobility-Engineering-Lab/ros2_ws/install/more_interfaces/bin'
[3.458s] INFO:colcon.colcon_core.shell:Creating package script '/home/zheka/Smart-Mobility-Engineering-Lab/ros2_ws/install/more_interfaces/share/more_interfaces/package.ps1'
[3.459s] INFO:colcon.colcon_core.shell:Creating package descriptor '/home/zheka/Smart-Mobility-Engineering-Lab/ros2_ws/install/more_interfaces/share/more_interfaces/package.dsv'
[3.459s] INFO:colcon.colcon_core.shell:Creating package script '/home/zheka/Smart-Mobility-Engineering-Lab/ros2_ws/install/more_interfaces/share/more_interfaces/package.sh'
[3.459s] INFO:colcon.colcon_core.shell:Creating package script '/home/zheka/Smart-Mobility-Engineering-Lab/ros2_ws/install/more_interfaces/share/more_interfaces/package.bash'
[3.460s] INFO:colcon.colcon_core.shell:Creating package script '/home/zheka/Smart-Mobility-Engineering-Lab/ros2_ws/install/more_interfaces/share/more_interfaces/package.zsh'
[3.460s] Level 1:colcon.colcon_core.environment:create_file_with_runtime_dependencies(/home/zheka/Smart-Mobility-Engineering-Lab/ros2_ws/install/more_interfaces/share/colcon-core/packages/more_interfaces)
[3.460s] INFO:colcon.colcon_ros.task.ament_python.build:Building ROS package in '/home/zheka/Smart-Mobility-Engineering-Lab/ros2_ws/src/python_parameters' with build type 'ament_python'
[3.470s] Level 1:colcon.colcon_core.shell:create_environment_hook('python_parameters', 'ament_prefix_path')
[3.491s] INFO:colcon.colcon_core.shell:Creating environment hook '/home/zheka/Smart-Mobility-Engineering-Lab/ros2_ws/install/python_parameters/share/python_parameters/hook/ament_prefix_path.ps1'
[3.491s] INFO:colcon.colcon_core.shell:Creating environment descriptor '/home/zheka/Smart-Mobility-Engineering-Lab/ros2_ws/install/python_parameters/share/python_parameters/hook/ament_prefix_path.dsv'
[3.491s] INFO:colcon.colcon_core.shell:Creating environment hook '/home/zheka/Smart-Mobility-Engineering-Lab/ros2_ws/install/python_parameters/share/python_parameters/hook/ament_prefix_path.sh'
[3.509s] INFO:colcon.colcon_core.shell:Skip shell extension 'powershell' for command environment: Not usable outside of PowerShell
[3.509s] DEBUG:colcon.colcon_core.shell:Skip shell extension 'dsv' for command environment
[3.788s] INFO:colcon.colcon_core.task.python.build:Building Python package in '/home/zheka/Smart-Mobility-Engineering-Lab/ros2_ws/src/python_parameters'
[3.793s] INFO:colcon.colcon_core.shell:Skip shell extension 'powershell' for command environment: Not usable outside of PowerShell
[3.793s] DEBUG:colcon.colcon_core.shell:Skip shell extension 'dsv' for command environment
[4.262s] DEBUG:colcon.colcon_core.event_handler.log_command:Invoking command in '/home/zheka/Smart-Mobility-Engineering-Lab/ros2_ws/src/python_parameters': PYTHONPATH=/home/zheka/Smart-Mobility-Engineering-Lab/ros2_ws/build/python_parameters/prefix_override:/home/zheka/Smart-Mobility-Engineering-Lab/ros2_ws/install/python_parameters/lib/python3.10/site-packages:${PYTHONPATH} /usr/bin/python3 setup.py egg_info --egg-base ../../build/python_parameters build --build-base /home/zheka/Smart-Mobility-Engineering-Lab/ros2_ws/build/python_parameters/build install --record /home/zheka/Smart-Mobility-Engineering-Lab/ros2_ws/build/python_parameters/install.log --single-version-externally-managed
[4.680s] Level 1:colcon.colcon_core.environment:checking '/home/zheka/Smart-Mobility-Engineering-Lab/ros2_ws/install/python_parameters' for CMake module files
[4.681s] Level 1:colcon.colcon_core.environment:checking '/home/zheka/Smart-Mobility-Engineering-Lab/ros2_ws/install/python_parameters' for CMake config files
[4.681s] Level 1:colcon.colcon_core.environment:checking '/home/zheka/Smart-Mobility-Engineering-Lab/ros2_ws/install/python_parameters/lib'
[4.681s] Level 1:colcon.colcon_core.environment:checking '/home/zheka/Smart-Mobility-Engineering-Lab/ros2_ws/install/python_parameters/bin'
[4.681s] Level 1:colcon.colcon_core.environment:checking '/home/zheka/Smart-Mobility-Engineering-Lab/ros2_ws/install/python_parameters/lib/pkgconfig/python_parameters.pc'
[4.681s] Level 1:colcon.colcon_core.environment:checking '/home/zheka/Smart-Mobility-Engineering-Lab/ros2_ws/install/python_parameters/lib/python3.10/site-packages'
[4.681s] Level 1:colcon.colcon_core.shell:create_environment_hook('python_parameters', 'pythonpath')
[4.687s] DEBUG:colcon.colcon_core.event_handler.log_command:Invoked command in '/home/zheka/Smart-Mobility-Engineering-Lab/ros2_ws/src/python_parameters' returned '0': PYTHONPATH=/home/zheka/Smart-Mobility-Engineering-Lab/ros2_ws/build/python_parameters/prefix_override:/home/zheka/Smart-Mobility-Engineering-Lab/ros2_ws/install/python_parameters/lib/python3.10/site-packages:${PYTHONPATH} /usr/bin/python3 setup.py egg_info --egg-base ../../build/python_parameters build --build-base /home/zheka/Smart-Mobility-Engineering-Lab/ros2_ws/build/python_parameters/build install --record /home/zheka/Smart-Mobility-Engineering-Lab/ros2_ws/build/python_parameters/install.log --single-version-externally-managed
[4.692s] INFO:colcon.colcon_core.shell:Creating environment hook '/home/zheka/Smart-Mobility-Engineering-Lab/ros2_ws/install/python_parameters/share/python_parameters/hook/pythonpath.ps1'
[4.693s] INFO:colcon.colcon_core.shell:Creating environment descriptor '/home/zheka/Smart-Mobility-Engineering-Lab/ros2_ws/install/python_parameters/share/python_parameters/hook/pythonpath.dsv'
[4.702s] INFO:colcon.colcon_core.shell:Creating environment hook '/home/zheka/Smart-Mobility-Engineering-Lab/ros2_ws/install/python_parameters/share/python_parameters/hook/pythonpath.sh'
[4.702s] Level 1:colcon.colcon_core.environment:checking '/home/zheka/Smart-Mobility-Engineering-Lab/ros2_ws/install/python_parameters/bin'
[4.702s] Level 1:colcon.colcon_core.environment:create_environment_scripts_only(python_parameters)
[4.708s] INFO:colcon.colcon_core.shell:Creating package script '/home/zheka/Smart-Mobility-Engineering-Lab/ros2_ws/install/python_parameters/share/python_parameters/package.ps1'
[4.708s] INFO:colcon.colcon_core.shell:Creating package descriptor '/home/zheka/Smart-Mobility-Engineering-Lab/ros2_ws/install/python_parameters/share/python_parameters/package.dsv'
[4.709s] INFO:colcon.colcon_core.shell:Creating package script '/home/zheka/Smart-Mobility-Engineering-Lab/ros2_ws/install/python_parameters/share/python_parameters/package.sh'
[4.709s] INFO:colcon.colcon_core.shell:Creating package script '/home/zheka/Smart-Mobility-Engineering-Lab/ros2_ws/install/python_parameters/share/python_parameters/package.bash'
[4.709s] INFO:colcon.colcon_core.shell:Creating package script '/home/zheka/Smart-Mobility-Engineering-Lab/ros2_ws/install/python_parameters/share/python_parameters/package.zsh'
[4.709s] Level 1:colcon.colcon_core.environment:create_file_with_runtime_dependencies(/home/zheka/Smart-Mobility-Engineering-Lab/ros2_ws/install/python_parameters/share/colcon-core/packages/python_parameters)
[4.709s] INFO:colcon.colcon_ros.task.ament_cmake.build:Building ROS package in '/home/zheka/Smart-Mobility-Engineering-Lab/ros2_ws/src/ros_tutorials/turtlesim' with build type 'ament_cmake'
[4.714s] INFO:colcon.colcon_cmake.task.cmake.build:Building CMake package in '/home/zheka/Smart-Mobility-Engineering-Lab/ros2_ws/src/ros_tutorials/turtlesim'
[4.720s] INFO:colcon.colcon_core.shell:Skip shell extension 'powershell' for command environment: Not usable outside of PowerShell
[4.720s] DEBUG:colcon.colcon_core.shell:Skip shell extension 'dsv' for command environment
[4.794s] DEBUG:colcon.colcon_core.event_handler.log_command:Invoking command in '/home/zheka/Smart-Mobility-Engineering-Lab/ros2_ws/build/turtlesim': CMAKE_PREFIX_PATH=/opt/ros/humble /usr/bin/cmake --build /home/zheka/Smart-Mobility-Engineering-Lab/ros2_ws/build/turtlesim -- -j2 -l2
[7.300s] DEBUG:colcon.colcon_core.event_handler.log_command:Invoked command in '/home/zheka/Smart-Mobility-Engineering-Lab/ros2_ws/build/action_tutorials_interfaces' returned '0': CMAKE_PREFIX_PATH=/opt/ros/humble /usr/bin/cmake --build /home/zheka/Smart-Mobility-Engineering-Lab/ros2_ws/build/action_tutorials_interfaces -- -j2 -l2
[7.345s] DEBUG:colcon.colcon_core.event_handler.log_command:Invoking command in '/home/zheka/Smart-Mobility-Engineering-Lab/ros2_ws/build/action_tutorials_interfaces': CMAKE_PREFIX_PATH=/opt/ros/humble /usr/bin/cmake --install /home/zheka/Smart-Mobility-Engineering-Lab/ros2_ws/build/action_tutorials_interfaces
[7.407s] Level 1:colcon.colcon_core.environment:create_environment_scripts_only(action_tutorials_interfaces)
[7.407s] DEBUG:colcon.colcon_core.event_handler.log_command:Invoked command in '/home/zheka/Smart-Mobility-Engineering-Lab/ros2_ws/build/action_tutorials_interfaces' returned '0': CMAKE_PREFIX_PATH=/opt/ros/humble /usr/bin/cmake --install /home/zheka/Smart-Mobility-Engineering-Lab/ros2_ws/build/action_tutorials_interfaces
[7.414s] Level 1:colcon.colcon_core.environment:checking '/home/zheka/Smart-Mobility-Engineering-Lab/ros2_ws/install/action_tutorials_interfaces' for CMake module files
[7.414s] Level 1:colcon.colcon_core.environment:checking '/home/zheka/Smart-Mobility-Engineering-Lab/ros2_ws/install/action_tutorials_interfaces' for CMake config files
[7.414s] Level 1:colcon.colcon_core.shell:create_environment_hook('action_tutorials_interfaces', 'cmake_prefix_path')
[7.420s] INFO:colcon.colcon_core.shell:Creating environment hook '/home/zheka/Smart-Mobility-Engineering-Lab/ros2_ws/install/action_tutorials_interfaces/share/action_tutorials_interfaces/hook/cmake_prefix_path.ps1'
[7.421s] INFO:colcon.colcon_core.shell:Creating environment descriptor '/home/zheka/Smart-Mobility-Engineering-Lab/ros2_ws/install/action_tutorials_interfaces/share/action_tutorials_interfaces/hook/cmake_prefix_path.dsv'
[7.421s] INFO:colcon.colcon_core.shell:Creating environment hook '/home/zheka/Smart-Mobility-Engineering-Lab/ros2_ws/install/action_tutorials_interfaces/share/action_tutorials_interfaces/hook/cmake_prefix_path.sh'
[7.421s] Level 1:colcon.colcon_core.environment:checking '/home/zheka/Smart-Mobility-Engineering-Lab/ros2_ws/install/action_tutorials_interfaces/lib'
[7.421s] Level 1:colcon.colcon_core.shell:create_environment_hook('action_tutorials_interfaces', 'ld_library_path_lib')
[7.428s] INFO:colcon.colcon_core.shell:Creating environment hook '/home/zheka/Smart-Mobility-Engineering-Lab/ros2_ws/install/action_tutorials_interfaces/share/action_tutorials_interfaces/hook/ld_library_path_lib.ps1'
[7.428s] INFO:colcon.colcon_core.shell:Creating environment descriptor '/home/zheka/Smart-Mobility-Engineering-Lab/ros2_ws/install/action_tutorials_interfaces/share/action_tutorials_interfaces/hook/ld_library_path_lib.dsv'
[7.428s] INFO:colcon.colcon_core.shell:Creating environment hook '/home/zheka/Smart-Mobility-Engineering-Lab/ros2_ws/install/action_tutorials_interfaces/share/action_tutorials_interfaces/hook/ld_library_path_lib.sh'
[7.428s] Level 1:colcon.colcon_core.environment:checking '/home/zheka/Smart-Mobility-Engineering-Lab/ros2_ws/install/action_tutorials_interfaces/bin'
[7.428s] Level 1:colcon.colcon_core.environment:checking '/home/zheka/Smart-Mobility-Engineering-Lab/ros2_ws/install/action_tutorials_interfaces/lib/pkgconfig/action_tutorials_interfaces.pc'
[7.428s] Level 1:colcon.colcon_core.environment:checking '/home/zheka/Smart-Mobility-Engineering-Lab/ros2_ws/install/action_tutorials_interfaces/lib/python3.10/site-packages'
[7.428s] Level 1:colcon.colcon_core.environment:checking '/home/zheka/Smart-Mobility-Engineering-Lab/ros2_ws/install/action_tutorials_interfaces/bin'
[7.434s] INFO:colcon.colcon_core.shell:Creating package script '/home/zheka/Smart-Mobility-Engineering-Lab/ros2_ws/install/action_tutorials_interfaces/share/action_tutorials_interfaces/package.ps1'
[7.434s] INFO:colcon.colcon_core.shell:Creating package descriptor '/home/zheka/Smart-Mobility-Engineering-Lab/ros2_ws/install/action_tutorials_interfaces/share/action_tutorials_interfaces/package.dsv'
[7.435s] INFO:colcon.colcon_core.shell:Creating package script '/home/zheka/Smart-Mobility-Engineering-Lab/ros2_ws/install/action_tutorials_interfaces/share/action_tutorials_interfaces/package.sh'
[7.435s] INFO:colcon.colcon_core.shell:Creating package script '/home/zheka/Smart-Mobility-Engineering-Lab/ros2_ws/install/action_tutorials_interfaces/share/action_tutorials_interfaces/package.bash'
[7.435s] INFO:colcon.colcon_core.shell:Creating package script '/home/zheka/Smart-Mobility-Engineering-Lab/ros2_ws/install/action_tutorials_interfaces/share/action_tutorials_interfaces/package.zsh'
[7.435s] Level 1:colcon.colcon_core.environment:create_file_with_runtime_dependencies(/home/zheka/Smart-Mobility-Engineering-Lab/ros2_ws/install/action_tutorials_interfaces/share/colcon-core/packages/action_tutorials_interfaces)
[7.503s] Level 1:colcon.colcon_core.environment:create_environment_scripts_only(action_tutorials_interfaces)
[7.511s] Level 1:colcon.colcon_core.environment:checking '/home/zheka/Smart-Mobility-Engineering-Lab/ros2_ws/install/action_tutorials_interfaces' for CMake module files
[7.511s] Level 1:colcon.colcon_core.environment:checking '/home/zheka/Smart-Mobility-Engineering-Lab/ros2_ws/install/action_tutorials_interfaces' for CMake config files
[7.512s] Level 1:colcon.colcon_core.shell:create_environment_hook('action_tutorials_interfaces', 'cmake_prefix_path')
[7.518s] INFO:colcon.colcon_core.shell:Creating environment hook '/home/zheka/Smart-Mobility-Engineering-Lab/ros2_ws/install/action_tutorials_interfaces/share/action_tutorials_interfaces/hook/cmake_prefix_path.ps1'
[7.518s] INFO:colcon.colcon_core.shell:Creating environment descriptor '/home/zheka/Smart-Mobility-Engineering-Lab/ros2_ws/install/action_tutorials_interfaces/share/action_tutorials_interfaces/hook/cmake_prefix_path.dsv'
[7.518s] INFO:colcon.colcon_core.shell:Creating environment hook '/home/zheka/Smart-Mobility-Engineering-Lab/ros2_ws/install/action_tutorials_interfaces/share/action_tutorials_interfaces/hook/cmake_prefix_path.sh'
[7.519s] Level 1:colcon.colcon_core.environment:checking '/home/zheka/Smart-Mobility-Engineering-Lab/ros2_ws/install/action_tutorials_interfaces/lib'
[7.519s] Level 1:colcon.colcon_core.shell:create_environment_hook('action_tutorials_interfaces', 'ld_library_path_lib')
[7.525s] INFO:colcon.colcon_core.shell:Creating environment hook '/home/zheka/Smart-Mobility-Engineering-Lab/ros2_ws/install/action_tutorials_interfaces/share/action_tutorials_interfaces/hook/ld_library_path_lib.ps1'
[7.525s] INFO:colcon.colcon_core.shell:Creating environment descriptor '/home/zheka/Smart-Mobility-Engineering-Lab/ros2_ws/install/action_tutorials_interfaces/share/action_tutorials_interfaces/hook/ld_library_path_lib.dsv'
[7.525s] INFO:colcon.colcon_core.shell:Creating environment hook '/home/zheka/Smart-Mobility-Engineering-Lab/ros2_ws/install/action_tutorials_interfaces/share/action_tutorials_interfaces/hook/ld_library_path_lib.sh'
[7.525s] Level 1:colcon.colcon_core.environment:checking '/home/zheka/Smart-Mobility-Engineering-Lab/ros2_ws/install/action_tutorials_interfaces/bin'
[7.525s] Level 1:colcon.colcon_core.environment:checking '/home/zheka/Smart-Mobility-Engineering-Lab/ros2_ws/install/action_tutorials_interfaces/lib/pkgconfig/action_tutorials_interfaces.pc'
[7.525s] Level 1:colcon.colcon_core.environment:checking '/home/zheka/Smart-Mobility-Engineering-Lab/ros2_ws/install/action_tutorials_interfaces/lib/python3.10/site-packages'
[7.526s] Level 1:colcon.colcon_core.environment:checking '/home/zheka/Smart-Mobility-Engineering-Lab/ros2_ws/install/action_tutorials_interfaces/bin'
[7.532s] INFO:colcon.colcon_core.shell:Creating package script '/home/zheka/Smart-Mobility-Engineering-Lab/ros2_ws/install/action_tutorials_interfaces/share/action_tutorials_interfaces/package.ps1'
[7.532s] INFO:colcon.colcon_core.shell:Creating package descriptor '/home/zheka/Smart-Mobility-Engineering-Lab/ros2_ws/install/action_tutorials_interfaces/share/action_tutorials_interfaces/package.dsv'
[7.532s] INFO:colcon.colcon_core.shell:Creating package script '/home/zheka/Smart-Mobility-Engineering-Lab/ros2_ws/install/action_tutorials_interfaces/share/action_tutorials_interfaces/package.sh'
[7.533s] INFO:colcon.colcon_core.shell:Creating package script '/home/zheka/Smart-Mobility-Engineering-Lab/ros2_ws/install/action_tutorials_interfaces/share/action_tutorials_interfaces/package.bash'
[7.533s] INFO:colcon.colcon_core.shell:Creating package script '/home/zheka/Smart-Mobility-Engineering-Lab/ros2_ws/install/action_tutorials_interfaces/share/action_tutorials_interfaces/package.zsh'
[7.533s] Level 1:colcon.colcon_core.environment:create_file_with_runtime_dependencies(/home/zheka/Smart-Mobility-Engineering-Lab/ros2_ws/install/action_tutorials_interfaces/share/colcon-core/packages/action_tutorials_interfaces)
[7.533s] INFO:colcon.colcon_ros.task.ament_python.build:Building ROS package in '/home/zheka/Smart-Mobility-Engineering-Lab/ros2_ws/src/py_pubsub' with build type 'ament_python'
[7.533s] Level 1:colcon.colcon_core.shell:create_environment_hook('py_pubsub', 'ament_prefix_path')
[7.540s] INFO:colcon.colcon_core.shell:Creating environment hook '/home/zheka/Smart-Mobility-Engineering-Lab/ros2_ws/install/py_pubsub/share/py_pubsub/hook/ament_prefix_path.ps1'
[7.540s] INFO:colcon.colcon_core.shell:Creating environment descriptor '/home/zheka/Smart-Mobility-Engineering-Lab/ros2_ws/install/py_pubsub/share/py_pubsub/hook/ament_prefix_path.dsv'
[7.541s] INFO:colcon.colcon_core.shell:Creating environment hook '/home/zheka/Smart-Mobility-Engineering-Lab/ros2_ws/install/py_pubsub/share/py_pubsub/hook/ament_prefix_path.sh'
[7.547s] INFO:colcon.colcon_core.shell:Skip shell extension 'powershell' for command environment: Not usable outside of PowerShell
[7.547s] DEBUG:colcon.colcon_core.shell:Skip shell extension 'dsv' for command environment
[7.771s] INFO:colcon.colcon_core.task.python.build:Building Python package in '/home/zheka/Smart-Mobility-Engineering-Lab/ros2_ws/src/py_pubsub'
[7.777s] INFO:colcon.colcon_core.shell:Skip shell extension 'powershell' for command environment: Not usable outside of PowerShell
[7.777s] DEBUG:colcon.colcon_core.shell:Skip shell extension 'dsv' for command environment
[8.014s] DEBUG:colcon.colcon_core.event_handler.log_command:Invoking command in '/home/zheka/Smart-Mobility-Engineering-Lab/ros2_ws/src/py_pubsub': AMENT_PREFIX_PATH=/home/zheka/Smart-Mobility-Engineering-Lab/ros2_ws/install/tutorial_interfaces:${AMENT_PREFIX_PATH} CMAKE_PREFIX_PATH=/home/zheka/Smart-Mobility-Engineering-Lab/ros2_ws/install/tutorial_interfaces LD_LIBRARY_PATH=/home/zheka/Smart-Mobility-Engineering-Lab/ros2_ws/install/tutorial_interfaces/lib:${LD_LIBRARY_PATH} PYTHONPATH=/home/zheka/Smart-Mobility-Engineering-Lab/ros2_ws/build/py_pubsub/prefix_override:/home/zheka/Smart-Mobility-Engineering-Lab/ros2_ws/install/py_pubsub/lib/python3.10/site-packages:/home/zheka/Smart-Mobility-Engineering-Lab/ros2_ws/install/tutorial_interfaces/local/lib/python3.10/dist-packages:${PYTHONPATH} /usr/bin/python3 setup.py egg_info --egg-base ../../build/py_pubsub build --build-base /home/zheka/Smart-Mobility-Engineering-Lab/ros2_ws/build/py_pubsub/build install --record /home/zheka/Smart-Mobility-Engineering-Lab/ros2_ws/build/py_pubsub/install.log --single-version-externally-managed
[8.181s] Level 1:colcon.colcon_core.environment:checking '/home/zheka/Smart-Mobility-Engineering-Lab/ros2_ws/install/py_pubsub' for CMake module files
[8.181s] DEBUG:colcon.colcon_core.event_handler.log_command:Invoked command in '/home/zheka/Smart-Mobility-Engineering-Lab/ros2_ws/src/py_pubsub' returned '0': AMENT_PREFIX_PATH=/home/zheka/Smart-Mobility-Engineering-Lab/ros2_ws/install/tutorial_interfaces:${AMENT_PREFIX_PATH} CMAKE_PREFIX_PATH=/home/zheka/Smart-Mobility-Engineering-Lab/ros2_ws/install/tutorial_interfaces LD_LIBRARY_PATH=/home/zheka/Smart-Mobility-Engineering-Lab/ros2_ws/install/tutorial_interfaces/lib:${LD_LIBRARY_PATH} PYTHONPATH=/home/zheka/Smart-Mobility-Engineering-Lab/ros2_ws/build/py_pubsub/prefix_override:/home/zheka/Smart-Mobility-Engineering-Lab/ros2_ws/install/py_pubsub/lib/python3.10/site-packages:/home/zheka/Smart-Mobility-Engineering-Lab/ros2_ws/install/tutorial_interfaces/local/lib/python3.10/dist-packages:${PYTHONPATH} /usr/bin/python3 setup.py egg_info --egg-base ../../build/py_pubsub build --build-base /home/zheka/Smart-Mobility-Engineering-Lab/ros2_ws/build/py_pubsub/build install --record /home/zheka/Smart-Mobility-Engineering-Lab/ros2_ws/build/py_pubsub/install.log --single-version-externally-managed
[8.181s] Level 1:colcon.colcon_core.environment:checking '/home/zheka/Smart-Mobility-Engineering-Lab/ros2_ws/install/py_pubsub' for CMake config files
[8.182s] Level 1:colcon.colcon_core.environment:checking '/home/zheka/Smart-Mobility-Engineering-Lab/ros2_ws/install/py_pubsub/lib'
[8.182s] Level 1:colcon.colcon_core.environment:checking '/home/zheka/Smart-Mobility-Engineering-Lab/ros2_ws/install/py_pubsub/bin'
[8.182s] Level 1:colcon.colcon_core.environment:checking '/home/zheka/Smart-Mobility-Engineering-Lab/ros2_ws/install/py_pubsub/lib/pkgconfig/py_pubsub.pc'
[8.182s] Level 1:colcon.colcon_core.environment:checking '/home/zheka/Smart-Mobility-Engineering-Lab/ros2_ws/install/py_pubsub/lib/python3.10/site-packages'
[8.182s] Level 1:colcon.colcon_core.shell:create_environment_hook('py_pubsub', 'pythonpath')
[8.202s] INFO:colcon.colcon_core.shell:Creating environment hook '/home/zheka/Smart-Mobility-Engineering-Lab/ros2_ws/install/py_pubsub/share/py_pubsub/hook/pythonpath.ps1'
[8.202s] INFO:colcon.colcon_core.shell:Creating environment descriptor '/home/zheka/Smart-Mobility-Engineering-Lab/ros2_ws/install/py_pubsub/share/py_pubsub/hook/pythonpath.dsv'
[8.203s] INFO:colcon.colcon_core.shell:Creating environment hook '/home/zheka/Smart-Mobility-Engineering-Lab/ros2_ws/install/py_pubsub/share/py_pubsub/hook/pythonpath.sh'
[8.203s] Level 1:colcon.colcon_core.environment:checking '/home/zheka/Smart-Mobility-Engineering-Lab/ros2_ws/install/py_pubsub/bin'
[8.203s] Level 1:colcon.colcon_core.environment:create_environment_scripts_only(py_pubsub)
[8.209s] INFO:colcon.colcon_core.shell:Creating package script '/home/zheka/Smart-Mobility-Engineering-Lab/ros2_ws/install/py_pubsub/share/py_pubsub/package.ps1'
[8.210s] INFO:colcon.colcon_core.shell:Creating package descriptor '/home/zheka/Smart-Mobility-Engineering-Lab/ros2_ws/install/py_pubsub/share/py_pubsub/package.dsv'
[8.210s] INFO:colcon.colcon_core.shell:Creating package script '/home/zheka/Smart-Mobility-Engineering-Lab/ros2_ws/install/py_pubsub/share/py_pubsub/package.sh'
[8.210s] INFO:colcon.colcon_core.shell:Creating package script '/home/zheka/Smart-Mobility-Engineering-Lab/ros2_ws/install/py_pubsub/share/py_pubsub/package.bash'
[8.210s] INFO:colcon.colcon_core.shell:Creating package script '/home/zheka/Smart-Mobility-Engineering-Lab/ros2_ws/install/py_pubsub/share/py_pubsub/package.zsh'
[8.210s] Level 1:colcon.colcon_core.environment:create_file_with_runtime_dependencies(/home/zheka/Smart-Mobility-Engineering-Lab/ros2_ws/install/py_pubsub/share/colcon-core/packages/py_pubsub)
[8.211s] INFO:colcon.colcon_ros.task.ament_python.build:Building ROS package in '/home/zheka/Smart-Mobility-Engineering-Lab/ros2_ws/src/py_srvcli' with build type 'ament_python'
[8.211s] Level 1:colcon.colcon_core.shell:create_environment_hook('py_srvcli', 'ament_prefix_path')
[8.226s] INFO:colcon.colcon_core.shell:Creating environment hook '/home/zheka/Smart-Mobility-Engineering-Lab/ros2_ws/install/py_srvcli/share/py_srvcli/hook/ament_prefix_path.ps1'
[8.229s] INFO:colcon.colcon_core.shell:Creating environment descriptor '/home/zheka/Smart-Mobility-Engineering-Lab/ros2_ws/install/py_srvcli/share/py_srvcli/hook/ament_prefix_path.dsv'
[8.229s] INFO:colcon.colcon_core.shell:Creating environment hook '/home/zheka/Smart-Mobility-Engineering-Lab/ros2_ws/install/py_srvcli/share/py_srvcli/hook/ament_prefix_path.sh'
[8.236s] INFO:colcon.colcon_core.shell:Skip shell extension 'powershell' for command environment: Not usable outside of PowerShell
[8.236s] DEBUG:colcon.colcon_core.shell:Skip shell extension 'dsv' for command environment
[8.449s] INFO:colcon.colcon_core.task.python.build:Building Python package in '/home/zheka/Smart-Mobility-Engineering-Lab/ros2_ws/src/py_srvcli'
[8.456s] INFO:colcon.colcon_core.shell:Skip shell extension 'powershell' for command environment: Not usable outside of PowerShell
[8.456s] DEBUG:colcon.colcon_core.shell:Skip shell extension 'dsv' for command environment
[8.685s] DEBUG:colcon.colcon_core.event_handler.log_command:Invoking command in '/home/zheka/Smart-Mobility-Engineering-Lab/ros2_ws/src/py_srvcli': AMENT_PREFIX_PATH=/home/zheka/Smart-Mobility-Engineering-Lab/ros2_ws/install/tutorial_interfaces:${AMENT_PREFIX_PATH} CMAKE_PREFIX_PATH=/home/zheka/Smart-Mobility-Engineering-Lab/ros2_ws/install/tutorial_interfaces LD_LIBRARY_PATH=/home/zheka/Smart-Mobility-Engineering-Lab/ros2_ws/install/tutorial_interfaces/lib:${LD_LIBRARY_PATH} PYTHONPATH=/home/zheka/Smart-Mobility-Engineering-Lab/ros2_ws/build/py_srvcli/prefix_override:/home/zheka/Smart-Mobility-Engineering-Lab/ros2_ws/install/py_srvcli/lib/python3.10/site-packages:/home/zheka/Smart-Mobility-Engineering-Lab/ros2_ws/install/tutorial_interfaces/local/lib/python3.10/dist-packages:${PYTHONPATH} /usr/bin/python3 setup.py egg_info --egg-base ../../build/py_srvcli build --build-base /home/zheka/Smart-Mobility-Engineering-Lab/ros2_ws/build/py_srvcli/build install --record /home/zheka/Smart-Mobility-Engineering-Lab/ros2_ws/build/py_srvcli/install.log --single-version-externally-managed
[8.894s] DEBUG:colcon.colcon_core.event_handler.log_command:Invoked command in '/home/zheka/Smart-Mobility-Engineering-Lab/ros2_ws/src/py_srvcli' returned '0': AMENT_PREFIX_PATH=/home/zheka/Smart-Mobility-Engineering-Lab/ros2_ws/install/tutorial_interfaces:${AMENT_PREFIX_PATH} CMAKE_PREFIX_PATH=/home/zheka/Smart-Mobility-Engineering-Lab/ros2_ws/install/tutorial_interfaces LD_LIBRARY_PATH=/home/zheka/Smart-Mobility-Engineering-Lab/ros2_ws/install/tutorial_interfaces/lib:${LD_LIBRARY_PATH} PYTHONPATH=/home/zheka/Smart-Mobility-Engineering-Lab/ros2_ws/build/py_srvcli/prefix_override:/home/zheka/Smart-Mobility-Engineering-Lab/ros2_ws/install/py_srvcli/lib/python3.10/site-packages:/home/zheka/Smart-Mobility-Engineering-Lab/ros2_ws/install/tutorial_interfaces/local/lib/python3.10/dist-packages:${PYTHONPATH} /usr/bin/python3 setup.py egg_info --egg-base ../../build/py_srvcli build --build-base /home/zheka/Smart-Mobility-Engineering-Lab/ros2_ws/build/py_srvcli/build install --record /home/zheka/Smart-Mobility-Engineering-Lab/ros2_ws/build/py_srvcli/install.log --single-version-externally-managed
[8.899s] Level 1:colcon.colcon_core.environment:checking '/home/zheka/Smart-Mobility-Engineering-Lab/ros2_ws/install/py_srvcli' for CMake module files
[8.900s] Level 1:colcon.colcon_core.environment:checking '/home/zheka/Smart-Mobility-Engineering-Lab/ros2_ws/install/py_srvcli' for CMake config files
[8.901s] Level 1:colcon.colcon_core.environment:checking '/home/zheka/Smart-Mobility-Engineering-Lab/ros2_ws/install/py_srvcli/lib'
[8.901s] Level 1:colcon.colcon_core.environment:checking '/home/zheka/Smart-Mobility-Engineering-Lab/ros2_ws/install/py_srvcli/bin'
[8.901s] Level 1:colcon.colcon_core.environment:checking '/home/zheka/Smart-Mobility-Engineering-Lab/ros2_ws/install/py_srvcli/lib/pkgconfig/py_srvcli.pc'
[8.901s] Level 1:colcon.colcon_core.environment:checking '/home/zheka/Smart-Mobility-Engineering-Lab/ros2_ws/install/py_srvcli/lib/python3.10/site-packages'
[8.901s] Level 1:colcon.colcon_core.shell:create_environment_hook('py_srvcli', 'pythonpath')
[8.908s] INFO:colcon.colcon_core.shell:Creating environment hook '/home/zheka/Smart-Mobility-Engineering-Lab/ros2_ws/install/py_srvcli/share/py_srvcli/hook/pythonpath.ps1'
[8.908s] INFO:colcon.colcon_core.shell:Creating environment descriptor '/home/zheka/Smart-Mobility-Engineering-Lab/ros2_ws/install/py_srvcli/share/py_srvcli/hook/pythonpath.dsv'
[8.908s] INFO:colcon.colcon_core.shell:Creating environment hook '/home/zheka/Smart-Mobility-Engineering-Lab/ros2_ws/install/py_srvcli/share/py_srvcli/hook/pythonpath.sh'
[8.909s] Level 1:colcon.colcon_core.environment:checking '/home/zheka/Smart-Mobility-Engineering-Lab/ros2_ws/install/py_srvcli/bin'
[8.909s] Level 1:colcon.colcon_core.environment:create_environment_scripts_only(py_srvcli)
[8.915s] INFO:colcon.colcon_core.shell:Creating package script '/home/zheka/Smart-Mobility-Engineering-Lab/ros2_ws/install/py_srvcli/share/py_srvcli/package.ps1'
[8.915s] INFO:colcon.colcon_core.shell:Creating package descriptor '/home/zheka/Smart-Mobility-Engineering-Lab/ros2_ws/install/py_srvcli/share/py_srvcli/package.dsv'
[8.915s] INFO:colcon.colcon_core.shell:Creating package script '/home/zheka/Smart-Mobility-Engineering-Lab/ros2_ws/install/py_srvcli/share/py_srvcli/package.sh'
[8.915s] INFO:colcon.colcon_core.shell:Creating package script '/home/zheka/Smart-Mobility-Engineering-Lab/ros2_ws/install/py_srvcli/share/py_srvcli/package.bash'
[8.916s] INFO:colcon.colcon_core.shell:Creating package script '/home/zheka/Smart-Mobility-Engineering-Lab/ros2_ws/install/py_srvcli/share/py_srvcli/package.zsh'
[8.916s] Level 1:colcon.colcon_core.environment:create_file_with_runtime_dependencies(/home/zheka/Smart-Mobility-Engineering-Lab/ros2_ws/install/py_srvcli/share/colcon-core/packages/py_srvcli)
[14.477s] DEBUG:colcon.colcon_core.event_handler.log_command:Invoked command in '/home/zheka/Smart-Mobility-Engineering-Lab/ros2_ws/build/turtlesim' returned '0': CMAKE_PREFIX_PATH=/opt/ros/humble /usr/bin/cmake --build /home/zheka/Smart-Mobility-Engineering-Lab/ros2_ws/build/turtlesim -- -j2 -l2
[14.632s] DEBUG:colcon.colcon_core.event_handler.log_command:Invoking command in '/home/zheka/Smart-Mobility-Engineering-Lab/ros2_ws/build/turtlesim': CMAKE_PREFIX_PATH=/opt/ros/humble /usr/bin/cmake --install /home/zheka/Smart-Mobility-Engineering-Lab/ros2_ws/build/turtlesim
[14.692s] Level 1:colcon.colcon_core.environment:create_environment_scripts_only(turtlesim)
[14.692s] DEBUG:colcon.colcon_core.event_handler.log_command:Invoked command in '/home/zheka/Smart-Mobility-Engineering-Lab/ros2_ws/build/turtlesim' returned '0': CMAKE_PREFIX_PATH=/opt/ros/humble /usr/bin/cmake --install /home/zheka/Smart-Mobility-Engineering-Lab/ros2_ws/build/turtlesim
[14.699s] Level 1:colcon.colcon_core.environment:checking '/home/zheka/Smart-Mobility-Engineering-Lab/ros2_ws/install/turtlesim' for CMake module files
[14.699s] Level 1:colcon.colcon_core.environment:checking '/home/zheka/Smart-Mobility-Engineering-Lab/ros2_ws/install/turtlesim' for CMake config files
[14.700s] Level 1:colcon.colcon_core.shell:create_environment_hook('turtlesim', 'cmake_prefix_path')
[14.705s] INFO:colcon.colcon_core.shell:Creating environment hook '/home/zheka/Smart-Mobility-Engineering-Lab/ros2_ws/install/turtlesim/share/turtlesim/hook/cmake_prefix_path.ps1'
[14.705s] INFO:colcon.colcon_core.shell:Creating environment descriptor '/home/zheka/Smart-Mobility-Engineering-Lab/ros2_ws/install/turtlesim/share/turtlesim/hook/cmake_prefix_path.dsv'
[14.706s] INFO:colcon.colcon_core.shell:Creating environment hook '/home/zheka/Smart-Mobility-Engineering-Lab/ros2_ws/install/turtlesim/share/turtlesim/hook/cmake_prefix_path.sh'
[14.706s] Level 1:colcon.colcon_core.environment:checking '/home/zheka/Smart-Mobility-Engineering-Lab/ros2_ws/install/turtlesim/lib'
[14.706s] Level 1:colcon.colcon_core.shell:create_environment_hook('turtlesim', 'ld_library_path_lib')
[14.712s] INFO:colcon.colcon_core.shell:Creating environment hook '/home/zheka/Smart-Mobility-Engineering-Lab/ros2_ws/install/turtlesim/share/turtlesim/hook/ld_library_path_lib.ps1'
[14.713s] INFO:colcon.colcon_core.shell:Creating environment descriptor '/home/zheka/Smart-Mobility-Engineering-Lab/ros2_ws/install/turtlesim/share/turtlesim/hook/ld_library_path_lib.dsv'
[14.713s] INFO:colcon.colcon_core.shell:Creating environment hook '/home/zheka/Smart-Mobility-Engineering-Lab/ros2_ws/install/turtlesim/share/turtlesim/hook/ld_library_path_lib.sh'
[14.713s] Level 1:colcon.colcon_core.environment:checking '/home/zheka/Smart-Mobility-Engineering-Lab/ros2_ws/install/turtlesim/bin'
[14.713s] Level 1:colcon.colcon_core.environment:checking '/home/zheka/Smart-Mobility-Engineering-Lab/ros2_ws/install/turtlesim/lib/pkgconfig/turtlesim.pc'
[14.713s] Level 1:colcon.colcon_core.environment:checking '/home/zheka/Smart-Mobility-Engineering-Lab/ros2_ws/install/turtlesim/lib/python3.10/site-packages'
[14.713s] Level 1:colcon.colcon_core.environment:checking '/home/zheka/Smart-Mobility-Engineering-Lab/ros2_ws/install/turtlesim/bin'
[14.720s] INFO:colcon.colcon_core.shell:Creating package script '/home/zheka/Smart-Mobility-Engineering-Lab/ros2_ws/install/turtlesim/share/turtlesim/package.ps1'
[14.720s] INFO:colcon.colcon_core.shell:Creating package descriptor '/home/zheka/Smart-Mobility-Engineering-Lab/ros2_ws/install/turtlesim/share/turtlesim/package.dsv'
[14.720s] INFO:colcon.colcon_core.shell:Creating package script '/home/zheka/Smart-Mobility-Engineering-Lab/ros2_ws/install/turtlesim/share/turtlesim/package.sh'
[14.720s] INFO:colcon.colcon_core.shell:Creating package script '/home/zheka/Smart-Mobility-Engineering-Lab/ros2_ws/install/turtlesim/share/turtlesim/package.bash'
[14.721s] INFO:colcon.colcon_core.shell:Creating package script '/home/zheka/Smart-Mobility-Engineering-Lab/ros2_ws/install/turtlesim/share/turtlesim/package.zsh'
[14.721s] Level 1:colcon.colcon_core.environment:create_file_with_runtime_dependencies(/home/zheka/Smart-Mobility-Engineering-Lab/ros2_ws/install/turtlesim/share/colcon-core/packages/turtlesim)
[14.887s] Level 1:colcon.colcon_core.environment:create_environment_scripts_only(turtlesim)
[14.893s] Level 1:colcon.colcon_core.environment:checking '/home/zheka/Smart-Mobility-Engineering-Lab/ros2_ws/install/turtlesim' for CMake module files
[14.893s] Level 1:colcon.colcon_core.environment:checking '/home/zheka/Smart-Mobility-Engineering-Lab/ros2_ws/install/turtlesim' for CMake config files
[14.894s] Level 1:colcon.colcon_core.shell:create_environment_hook('turtlesim', 'cmake_prefix_path')
[14.899s] INFO:colcon.colcon_core.shell:Creating environment hook '/home/zheka/Smart-Mobility-Engineering-Lab/ros2_ws/install/turtlesim/share/turtlesim/hook/cmake_prefix_path.ps1'
[14.899s] INFO:colcon.colcon_core.shell:Creating environment descriptor '/home/zheka/Smart-Mobility-Engineering-Lab/ros2_ws/install/turtlesim/share/turtlesim/hook/cmake_prefix_path.dsv'
[14.899s] INFO:colcon.colcon_core.shell:Creating environment hook '/home/zheka/Smart-Mobility-Engineering-Lab/ros2_ws/install/turtlesim/share/turtlesim/hook/cmake_prefix_path.sh'
[14.899s] Level 1:colcon.colcon_core.environment:checking '/home/zheka/Smart-Mobility-Engineering-Lab/ros2_ws/install/turtlesim/lib'
[14.899s] Level 1:colcon.colcon_core.shell:create_environment_hook('turtlesim', 'ld_library_path_lib')
[14.905s] INFO:colcon.colcon_core.shell:Creating environment hook '/home/zheka/Smart-Mobility-Engineering-Lab/ros2_ws/install/turtlesim/share/turtlesim/hook/ld_library_path_lib.ps1'
[14.905s] INFO:colcon.colcon_core.shell:Creating environment descriptor '/home/zheka/Smart-Mobility-Engineering-Lab/ros2_ws/install/turtlesim/share/turtlesim/hook/ld_library_path_lib.dsv'
[14.905s] INFO:colcon.colcon_core.shell:Creating environment hook '/home/zheka/Smart-Mobility-Engineering-Lab/ros2_ws/install/turtlesim/share/turtlesim/hook/ld_library_path_lib.sh'
[14.905s] Level 1:colcon.colcon_core.environment:checking '/home/zheka/Smart-Mobility-Engineering-Lab/ros2_ws/install/turtlesim/bin'
[14.905s] Level 1:colcon.colcon_core.environment:checking '/home/zheka/Smart-Mobility-Engineering-Lab/ros2_ws/install/turtlesim/lib/pkgconfig/turtlesim.pc'
[14.905s] Level 1:colcon.colcon_core.environment:checking '/home/zheka/Smart-Mobility-Engineering-Lab/ros2_ws/install/turtlesim/lib/python3.10/site-packages'
[14.905s] Level 1:colcon.colcon_core.environment:checking '/home/zheka/Smart-Mobility-Engineering-Lab/ros2_ws/install/turtlesim/bin'
[14.911s] INFO:colcon.colcon_core.shell:Creating package script '/home/zheka/Smart-Mobility-Engineering-Lab/ros2_ws/install/turtlesim/share/turtlesim/package.ps1'
[14.911s] INFO:colcon.colcon_core.shell:Creating package descriptor '/home/zheka/Smart-Mobility-Engineering-Lab/ros2_ws/install/turtlesim/share/turtlesim/package.dsv'
[14.911s] INFO:colcon.colcon_core.shell:Creating package script '/home/zheka/Smart-Mobility-Engineering-Lab/ros2_ws/install/turtlesim/share/turtlesim/package.sh'
[14.911s] INFO:colcon.colcon_core.shell:Creating package script '/home/zheka/Smart-Mobility-Engineering-Lab/ros2_ws/install/turtlesim/share/turtlesim/package.bash'
[14.912s] INFO:colcon.colcon_core.shell:Creating package script '/home/zheka/Smart-Mobility-Engineering-Lab/ros2_ws/install/turtlesim/share/turtlesim/package.zsh'
[14.912s] Level 1:colcon.colcon_core.environment:create_file_with_runtime_dependencies(/home/zheka/Smart-Mobility-Engineering-Lab/ros2_ws/install/turtlesim/share/colcon-core/packages/turtlesim)
[14.912s] DEBUG:colcon.colcon_parallel_executor.executor.parallel:closing loop
[14.912s] DEBUG:colcon.colcon_parallel_executor.executor.parallel:loop closed
[14.912s] DEBUG:colcon.colcon_parallel_executor.executor.parallel:run_until_complete finished with '0'
[14.912s] DEBUG:colcon.colcon_core.event_reactor:joining thread
[14.923s] INFO:colcon.colcon_core.plugin_system:Skipping extension 'colcon_notification.desktop_notification.terminal_notifier': Not used on non-Darwin systems
[14.923s] INFO:colcon.colcon_core.plugin_system:Skipping extension 'colcon_notification.desktop_notification.win32': Not used on non-Windows systems
[14.923s] INFO:colcon.colcon_notification.desktop_notification:Sending desktop notification using 'notify2'
[14.946s] DEBUG:colcon.colcon_core.event_reactor:joined thread
[14.952s] INFO:colcon.colcon_core.shell:Creating prefix script '/home/zheka/Smart-Mobility-Engineering-Lab/ros2_ws/install/local_setup.ps1'
[14.953s] INFO:colcon.colcon_core.shell:Creating prefix util module '/home/zheka/Smart-Mobility-Engineering-Lab/ros2_ws/install/_local_setup_util_ps1.py'
[14.954s] INFO:colcon.colcon_core.shell:Creating prefix chain script '/home/zheka/Smart-Mobility-Engineering-Lab/ros2_ws/install/setup.ps1'
[14.961s] INFO:colcon.colcon_core.shell:Creating prefix script '/home/zheka/Smart-Mobility-Engineering-Lab/ros2_ws/install/local_setup.sh'
[14.961s] INFO:colcon.colcon_core.shell:Creating prefix util module '/home/zheka/Smart-Mobility-Engineering-Lab/ros2_ws/install/_local_setup_util_sh.py'
[14.961s] INFO:colcon.colcon_core.shell:Creating prefix chain script '/home/zheka/Smart-Mobility-Engineering-Lab/ros2_ws/install/setup.sh'
[14.967s] INFO:colcon.colcon_core.shell:Creating prefix script '/home/zheka/Smart-Mobility-Engineering-Lab/ros2_ws/install/local_setup.bash'
[14.968s] INFO:colcon.colcon_core.shell:Creating prefix chain script '/home/zheka/Smart-Mobility-Engineering-Lab/ros2_ws/install/setup.bash'
[14.974s] INFO:colcon.colcon_core.shell:Creating prefix script '/home/zheka/Smart-Mobility-Engineering-Lab/ros2_ws/install/local_setup.zsh'
[14.974s] INFO:colcon.colcon_core.shell:Creating prefix chain script '/home/zheka/Smart-Mobility-Engineering-Lab/ros2_ws/install/setup.zsh'
