[0.024s] Invoking command in '/home/zheka/Smart-Mobility-Engineering-Lab/ros2_ws/build/action_tutorials_interfaces': CMAKE_PREFIX_PATH=/opt/ros/humble /usr/bin/cmake /home/zheka/Smart-Mobility-Engineering-Lab/ros2_ws/action_tutorials_interfaces -DCMAKE_INSTALL_PREFIX=/home/zheka/Smart-Mobility-Engineering-Lab/ros2_ws/install/action_tutorials_interfaces
[0.085s] -- The C compiler identification is GNU 11.4.0
[0.156s] -- The CXX compiler identification is GNU 11.4.0
[0.161s] -- Detecting C compiler ABI info
[0.244s] -- Detecting C compiler ABI info - done
[0.249s] -- Check for working C compiler: /usr/bin/cc - skipped
[0.249s] -- Detecting C compile features
[0.250s] -- Detecting C compile features - done
[0.252s] -- Detecting CXX compiler ABI info
[0.336s] -- Detecting CXX compiler ABI info - done
[0.342s] -- Check for working CXX compiler: /usr/bin/c++ - skipped
[0.342s] -- Detecting CXX compile features
[0.343s] -- Detecting CXX compile features - done
[0.345s] -- Found ament_cmake: 1.3.5 (/opt/ros/humble/share/ament_cmake/cmake)
[0.495s] -- Found Python3: /usr/bin/python3.10 (found version "3.10.12") found components: Interpreter 
[0.547s] -- Found ament_lint_auto: 0.12.8 (/opt/ros/humble/share/ament_lint_auto/cmake)
[0.590s] -- Found rosidl_default_generators: 1.2.0 (/opt/ros/humble/share/rosidl_default_generators/cmake)
[0.593s] -- Using all available rosidl_typesupport_c: rosidl_typesupport_fastrtps_c;rosidl_typesupport_introspection_c
[0.597s] -- Found rosidl_adapter: 3.1.5 (/opt/ros/humble/share/rosidl_adapter/cmake)
[0.625s] -- Using all available rosidl_typesupport_cpp: rosidl_typesupport_fastrtps_cpp;rosidl_typesupport_introspection_cpp
[0.876s] -- Found ament_cmake_ros: 0.10.0 (/opt/ros/humble/share/ament_cmake_ros/cmake)
[1.023s] -- Using all available rosidl_typesupport_c: rosidl_typesupport_fastrtps_c;rosidl_typesupport_introspection_c
[1.267s] -- Using all available rosidl_typesupport_cpp: rosidl_typesupport_fastrtps_cpp;rosidl_typesupport_introspection_cpp
[1.303s] -- Found PythonInterp: /usr/bin/python3 (found suitable version "3.10.12", minimum required is "3.6") 
[1.304s] -- Found python_cmake_module: 0.10.0 (/opt/ros/humble/share/python_cmake_module/cmake)
[1.343s] -- Found PythonLibs: /usr/lib/aarch64-linux-gnu/libpython3.10.so (found suitable version "3.10.12", minimum required is "3.5") 
[1.343s] -- Using PYTHON_EXECUTABLE: /usr/bin/python3
[1.343s] -- Using PYTHON_INCLUDE_DIRS: /usr/include/python3.10
[1.343s] -- Using PYTHON_LIBRARIES: /usr/lib/aarch64-linux-gnu/libpython3.10.so
[1.374s] -- Found PythonExtra: .so  
[1.409s] -- Added test 'lint_cmake' to check CMake code style
[1.410s] -- Added test 'xmllint' to check XML markup files
[1.426s] -- Configuring done
[1.456s] -- Generating done
[1.457s] -- Build files have been written to: /home/zheka/Smart-Mobility-Engineering-Lab/ros2_ws/build/action_tutorials_interfaces
[1.494s] Invoked command in '/home/zheka/Smart-Mobility-Engineering-Lab/ros2_ws/build/action_tutorials_interfaces' returned '0': CMAKE_PREFIX_PATH=/opt/ros/humble /usr/bin/cmake /home/zheka/Smart-Mobility-Engineering-Lab/ros2_ws/action_tutorials_interfaces -DCMAKE_INSTALL_PREFIX=/home/zheka/Smart-Mobility-Engineering-Lab/ros2_ws/install/action_tutorials_interfaces
[1.494s] Invoking command in '/home/zheka/Smart-Mobility-Engineering-Lab/ros2_ws/build/action_tutorials_interfaces': CMAKE_PREFIX_PATH=/opt/ros/humble /usr/bin/cmake --build /home/zheka/Smart-Mobility-Engineering-Lab/ros2_ws/build/action_tutorials_interfaces -- -j2 -l2
[1.586s] [  3%] [34m[1mGenerating C code for ROS interfaces[0m
[1.607s] [  6%] [34m[1mGenerating C++ code for ROS interfaces[0m
[2.225s] [  9%] [32mBuilding C object CMakeFiles/action_tutorials_interfaces__rosidl_generator_c.dir/rosidl_generator_c/action_tutorials_interfaces/action/detail/fibonacci__functions.c.o[0m
[2.287s] [  9%] Built target action_tutorials_interfaces__cpp
[2.327s] [  9%] Built target ament_cmake_python_copy_action_tutorials_interfaces
[2.347s] [ 12%] [34m[1mGenerating C++ type support dispatch for ROS interfaces[0m
[2.535s] [ 16%] [32m[1mLinking C shared library libaction_tutorials_interfaces__rosidl_generator_c.so[0m
[2.627s] [ 16%] Built target action_tutorials_interfaces__rosidl_generator_c
[2.650s] [ 19%] [34m[1mGenerating C++ type support for eProsima Fast-RTPS[0m
[2.723s] [ 22%] [32mBuilding CXX object CMakeFiles/action_tutorials_interfaces__rosidl_typesupport_cpp.dir/rosidl_typesupport_cpp/action_tutorials_interfaces/action/fibonacci__type_support.cpp.o[0m
[3.083s] [ 25%] [32mBuilding CXX object CMakeFiles/action_tutorials_interfaces__rosidl_typesupport_fastrtps_cpp.dir/rosidl_typesupport_fastrtps_cpp/action_tutorials_interfaces/action/detail/dds_fastrtps/fibonacci__type_support.cpp.o[0m
[3.089s] [ 29%] [32m[1mLinking CXX shared library libaction_tutorials_interfaces__rosidl_typesupport_cpp.so[0m
[3.146s] [ 29%] Built target action_tutorials_interfaces__rosidl_typesupport_cpp
[3.179s] [ 32%] [34m[1mGenerating C++ introspection for ROS interfaces[0m
[3.763s] [ 35%] [32mBuilding CXX object CMakeFiles/action_tutorials_interfaces__rosidl_typesupport_introspection_cpp.dir/rosidl_typesupport_introspection_cpp/action_tutorials_interfaces/action/detail/fibonacci__type_support.cpp.o[0m
[3.774s] [ 38%] [32m[1mLinking CXX shared library libaction_tutorials_interfaces__rosidl_typesupport_fastrtps_cpp.so[0m
[3.924s] [ 38%] Built target action_tutorials_interfaces__rosidl_typesupport_fastrtps_cpp
[4.225s] running egg_info
[4.226s] creating action_tutorials_interfaces.egg-info
[4.226s] writing action_tutorials_interfaces.egg-info/PKG-INFO
[4.226s] writing dependency_links to action_tutorials_interfaces.egg-info/dependency_links.txt
[4.226s] writing top-level names to action_tutorials_interfaces.egg-info/top_level.txt
[4.226s] writing manifest file 'action_tutorials_interfaces.egg-info/SOURCES.txt'
[4.227s] reading manifest file 'action_tutorials_interfaces.egg-info/SOURCES.txt'
[4.227s] writing manifest file 'action_tutorials_interfaces.egg-info/SOURCES.txt'
[4.249s] [ 38%] Built target ament_cmake_python_build_action_tutorials_interfaces_egg
[4.255s] [ 41%] [32m[1mLinking CXX shared library libaction_tutorials_interfaces__rosidl_typesupport_introspection_cpp.so[0m
[4.258s] [ 45%] [34m[1mGenerating C type support for eProsima Fast-RTPS[0m
[4.315s] [ 45%] Built target action_tutorials_interfaces__rosidl_typesupport_introspection_cpp
[4.334s] [ 48%] [34m[1mGenerating C introspection for ROS interfaces[0m
[4.597s] [ 51%] [32mBuilding CXX object CMakeFiles/action_tutorials_interfaces__rosidl_typesupport_fastrtps_c.dir/rosidl_typesupport_fastrtps_c/action_tutorials_interfaces/action/detail/fibonacci__type_support_c.cpp.o[0m
[4.669s] [ 54%] [32mBuilding C object CMakeFiles/action_tutorials_interfaces__rosidl_typesupport_introspection_c.dir/rosidl_typesupport_introspection_c/action_tutorials_interfaces/action/detail/fibonacci__type_support.c.o[0m
[4.803s] [ 58%] [32m[1mLinking C shared library libaction_tutorials_interfaces__rosidl_typesupport_introspection_c.so[0m
[4.863s] [ 61%] [32m[1mLinking CXX shared library libaction_tutorials_interfaces__rosidl_typesupport_fastrtps_c.so[0m
[4.918s] [ 61%] Built target action_tutorials_interfaces__rosidl_typesupport_introspection_c
[4.928s] [ 64%] [34m[1mGenerating C type support dispatch for ROS interfaces[0m
[4.952s] [ 64%] Built target action_tutorials_interfaces__rosidl_typesupport_fastrtps_c
[5.324s] [ 67%] [32mBuilding CXX object CMakeFiles/action_tutorials_interfaces__rosidl_typesupport_c.dir/rosidl_typesupport_c/action_tutorials_interfaces/action/fibonacci__type_support.cpp.o[0m
[5.389s] [ 70%] [32m[1mLinking CXX shared library libaction_tutorials_interfaces__rosidl_typesupport_c.so[0m
[5.460s] [ 70%] Built target action_tutorials_interfaces__rosidl_typesupport_c
[5.504s] [ 70%] Built target action_tutorials_interfaces
[5.527s] [ 74%] [34m[1mGenerating Python code for ROS interfaces[0m
[6.107s] [ 74%] Built target action_tutorials_interfaces__py
[6.127s] [ 77%] [32mBuilding C object CMakeFiles/action_tutorials_interfaces__rosidl_generator_py.dir/rosidl_generator_py/action_tutorials_interfaces/action/_fibonacci_s.c.o[0m
[6.257s] [ 80%] [32m[1mLinking C shared library rosidl_generator_py/action_tutorials_interfaces/libaction_tutorials_interfaces__rosidl_generator_py.so[0m
[6.302s] [ 80%] Built target action_tutorials_interfaces__rosidl_generator_py
[6.330s] [ 83%] [32mBuilding C object CMakeFiles/action_tutorials_interfaces__rosidl_typesupport_fastrtps_c__pyext.dir/rosidl_generator_py/action_tutorials_interfaces/_action_tutorials_interfaces_s.ep.rosidl_typesupport_fastrtps_c.c.o[0m
[6.337s] [ 87%] [32mBuilding C object CMakeFiles/action_tutorials_interfaces__rosidl_typesupport_introspection_c__pyext.dir/rosidl_generator_py/action_tutorials_interfaces/_action_tutorials_interfaces_s.ep.rosidl_typesupport_introspection_c.c.o[0m
[6.440s] [ 90%] [32m[1mLinking C shared library rosidl_generator_py/action_tutorials_interfaces/action_tutorials_interfaces_s__rosidl_typesupport_fastrtps_c.cpython-310-aarch64-linux-gnu.so[0m
[6.506s] [ 93%] [32m[1mLinking C shared library rosidl_generator_py/action_tutorials_interfaces/action_tutorials_interfaces_s__rosidl_typesupport_introspection_c.cpython-310-aarch64-linux-gnu.so[0m
[6.521s] [ 93%] Built target action_tutorials_interfaces__rosidl_typesupport_fastrtps_c__pyext
[6.555s] [ 93%] Built target action_tutorials_interfaces__rosidl_typesupport_introspection_c__pyext
[6.563s] [ 96%] [32mBuilding C object CMakeFiles/action_tutorials_interfaces__rosidl_typesupport_c__pyext.dir/rosidl_generator_py/action_tutorials_interfaces/_action_tutorials_interfaces_s.ep.rosidl_typesupport_c.c.o[0m
[6.651s] [100%] [32m[1mLinking C shared library rosidl_generator_py/action_tutorials_interfaces/action_tutorials_interfaces_s__rosidl_typesupport_c.cpython-310-aarch64-linux-gnu.so[0m
[6.691s] [100%] Built target action_tutorials_interfaces__rosidl_typesupport_c__pyext
[6.704s] Invoked command in '/home/zheka/Smart-Mobility-Engineering-Lab/ros2_ws/build/action_tutorials_interfaces' returned '0': CMAKE_PREFIX_PATH=/opt/ros/humble /usr/bin/cmake --build /home/zheka/Smart-Mobility-Engineering-Lab/ros2_ws/build/action_tutorials_interfaces -- -j2 -l2
[6.748s] Invoking command in '/home/zheka/Smart-Mobility-Engineering-Lab/ros2_ws/build/action_tutorials_interfaces': CMAKE_PREFIX_PATH=/opt/ros/humble /usr/bin/cmake --install /home/zheka/Smart-Mobility-Engineering-Lab/ros2_ws/build/action_tutorials_interfaces
[6.756s] -- Install configuration: ""
[6.756s] -- Installing: /home/zheka/Smart-Mobility-Engineering-Lab/ros2_ws/install/action_tutorials_interfaces/share/ament_index/resource_index/rosidl_interfaces/action_tutorials_interfaces
[6.757s] -- Installing: /home/zheka/Smart-Mobility-Engineering-Lab/ros2_ws/install/action_tutorials_interfaces/include/action_tutorials_interfaces/action_tutorials_interfaces
[6.757s] -- Installing: /home/zheka/Smart-Mobility-Engineering-Lab/ros2_ws/install/action_tutorials_interfaces/include/action_tutorials_interfaces/action_tutorials_interfaces/action
[6.757s] -- Installing: /home/zheka/Smart-Mobility-Engineering-Lab/ros2_ws/install/action_tutorials_interfaces/include/action_tutorials_interfaces/action_tutorials_interfaces/action/fibonacci.h
[6.757s] -- Installing: /home/zheka/Smart-Mobility-Engineering-Lab/ros2_ws/install/action_tutorials_interfaces/include/action_tutorials_interfaces/action_tutorials_interfaces/action/detail
[6.757s] -- Installing: /home/zheka/Smart-Mobility-Engineering-Lab/ros2_ws/install/action_tutorials_interfaces/include/action_tutorials_interfaces/action_tutorials_interfaces/action/detail/fibonacci__functions.c
[6.757s] -- Installing: /home/zheka/Smart-Mobility-Engineering-Lab/ros2_ws/install/action_tutorials_interfaces/include/action_tutorials_interfaces/action_tutorials_interfaces/action/detail/fibonacci__type_support.h
[6.757s] -- Installing: /home/zheka/Smart-Mobility-Engineering-Lab/ros2_ws/install/action_tutorials_interfaces/include/action_tutorials_interfaces/action_tutorials_interfaces/action/detail/fibonacci__struct.h
[6.757s] -- Installing: /home/zheka/Smart-Mobility-Engineering-Lab/ros2_ws/install/action_tutorials_interfaces/include/action_tutorials_interfaces/action_tutorials_interfaces/action/detail/fibonacci__functions.h
[6.758s] -- Installing: /home/zheka/Smart-Mobility-Engineering-Lab/ros2_ws/install/action_tutorials_interfaces/include/action_tutorials_interfaces/action_tutorials_interfaces/msg
[6.758s] -- Installing: /home/zheka/Smart-Mobility-Engineering-Lab/ros2_ws/install/action_tutorials_interfaces/include/action_tutorials_interfaces/action_tutorials_interfaces/msg/rosidl_generator_c__visibility_control.h
[6.758s] -- Installing: /home/zheka/Smart-Mobility-Engineering-Lab/ros2_ws/install/action_tutorials_interfaces/share/action_tutorials_interfaces/environment/library_path.sh
[6.758s] -- Installing: /home/zheka/Smart-Mobility-Engineering-Lab/ros2_ws/install/action_tutorials_interfaces/share/action_tutorials_interfaces/environment/library_path.dsv
[6.758s] -- Installing: /home/zheka/Smart-Mobility-Engineering-Lab/ros2_ws/install/action_tutorials_interfaces/lib/libaction_tutorials_interfaces__rosidl_generator_c.so
[6.758s] -- Set runtime path of "/home/zheka/Smart-Mobility-Engineering-Lab/ros2_ws/install/action_tutorials_interfaces/lib/libaction_tutorials_interfaces__rosidl_generator_c.so" to ""
[6.758s] -- Up-to-date: /home/zheka/Smart-Mobility-Engineering-Lab/ros2_ws/install/action_tutorials_interfaces/include/action_tutorials_interfaces/action_tutorials_interfaces
[6.758s] -- Up-to-date: /home/zheka/Smart-Mobility-Engineering-Lab/ros2_ws/install/action_tutorials_interfaces/include/action_tutorials_interfaces/action_tutorials_interfaces/action
[6.759s] -- Up-to-date: /home/zheka/Smart-Mobility-Engineering-Lab/ros2_ws/install/action_tutorials_interfaces/include/action_tutorials_interfaces/action_tutorials_interfaces/action/detail
[6.759s] -- Installing: /home/zheka/Smart-Mobility-Engineering-Lab/ros2_ws/install/action_tutorials_interfaces/include/action_tutorials_interfaces/action_tutorials_interfaces/action/detail/fibonacci__rosidl_typesupport_fastrtps_c.h
[6.759s] -- Up-to-date: /home/zheka/Smart-Mobility-Engineering-Lab/ros2_ws/install/action_tutorials_interfaces/include/action_tutorials_interfaces/action_tutorials_interfaces/msg
[6.759s] -- Installing: /home/zheka/Smart-Mobility-Engineering-Lab/ros2_ws/install/action_tutorials_interfaces/include/action_tutorials_interfaces/action_tutorials_interfaces/msg/rosidl_typesupport_fastrtps_c__visibility_control.h
[6.759s] -- Installing: /home/zheka/Smart-Mobility-Engineering-Lab/ros2_ws/install/action_tutorials_interfaces/lib/libaction_tutorials_interfaces__rosidl_typesupport_fastrtps_c.so
[6.759s] -- Set runtime path of "/home/zheka/Smart-Mobility-Engineering-Lab/ros2_ws/install/action_tutorials_interfaces/lib/libaction_tutorials_interfaces__rosidl_typesupport_fastrtps_c.so" to ""
[6.759s] -- Up-to-date: /home/zheka/Smart-Mobility-Engineering-Lab/ros2_ws/install/action_tutorials_interfaces/include/action_tutorials_interfaces/action_tutorials_interfaces
[6.759s] -- Up-to-date: /home/zheka/Smart-Mobility-Engineering-Lab/ros2_ws/install/action_tutorials_interfaces/include/action_tutorials_interfaces/action_tutorials_interfaces/action
[6.759s] -- Up-to-date: /home/zheka/Smart-Mobility-Engineering-Lab/ros2_ws/install/action_tutorials_interfaces/include/action_tutorials_interfaces/action_tutorials_interfaces/action/detail
[6.759s] -- Installing: /home/zheka/Smart-Mobility-Engineering-Lab/ros2_ws/install/action_tutorials_interfaces/include/action_tutorials_interfaces/action_tutorials_interfaces/action/detail/fibonacci__type_support.c
[6.760s] -- Installing: /home/zheka/Smart-Mobility-Engineering-Lab/ros2_ws/install/action_tutorials_interfaces/include/action_tutorials_interfaces/action_tutorials_interfaces/action/detail/fibonacci__rosidl_typesupport_introspection_c.h
[6.760s] -- Up-to-date: /home/zheka/Smart-Mobility-Engineering-Lab/ros2_ws/install/action_tutorials_interfaces/include/action_tutorials_interfaces/action_tutorials_interfaces/msg
[6.760s] -- Installing: /home/zheka/Smart-Mobility-Engineering-Lab/ros2_ws/install/action_tutorials_interfaces/include/action_tutorials_interfaces/action_tutorials_interfaces/msg/rosidl_typesupport_introspection_c__visibility_control.h
[6.760s] -- Installing: /home/zheka/Smart-Mobility-Engineering-Lab/ros2_ws/install/action_tutorials_interfaces/lib/libaction_tutorials_interfaces__rosidl_typesupport_introspection_c.so
[6.760s] -- Set runtime path of "/home/zheka/Smart-Mobility-Engineering-Lab/ros2_ws/install/action_tutorials_interfaces/lib/libaction_tutorials_interfaces__rosidl_typesupport_introspection_c.so" to ""
[6.760s] -- Installing: /home/zheka/Smart-Mobility-Engineering-Lab/ros2_ws/install/action_tutorials_interfaces/lib/libaction_tutorials_interfaces__rosidl_typesupport_c.so
[6.760s] -- Set runtime path of "/home/zheka/Smart-Mobility-Engineering-Lab/ros2_ws/install/action_tutorials_interfaces/lib/libaction_tutorials_interfaces__rosidl_typesupport_c.so" to ""
[6.760s] -- Up-to-date: /home/zheka/Smart-Mobility-Engineering-Lab/ros2_ws/install/action_tutorials_interfaces/include/action_tutorials_interfaces/action_tutorials_interfaces
[6.760s] -- Up-to-date: /home/zheka/Smart-Mobility-Engineering-Lab/ros2_ws/install/action_tutorials_interfaces/include/action_tutorials_interfaces/action_tutorials_interfaces/action
[6.761s] -- Up-to-date: /home/zheka/Smart-Mobility-Engineering-Lab/ros2_ws/install/action_tutorials_interfaces/include/action_tutorials_interfaces/action_tutorials_interfaces/action/detail
[6.761s] -- Installing: /home/zheka/Smart-Mobility-Engineering-Lab/ros2_ws/install/action_tutorials_interfaces/include/action_tutorials_interfaces/action_tutorials_interfaces/action/detail/fibonacci__struct.hpp
[6.761s] -- Installing: /home/zheka/Smart-Mobility-Engineering-Lab/ros2_ws/install/action_tutorials_interfaces/include/action_tutorials_interfaces/action_tutorials_interfaces/action/detail/fibonacci__builder.hpp
[6.761s] -- Installing: /home/zheka/Smart-Mobility-Engineering-Lab/ros2_ws/install/action_tutorials_interfaces/include/action_tutorials_interfaces/action_tutorials_interfaces/action/detail/fibonacci__traits.hpp
[6.761s] -- Installing: /home/zheka/Smart-Mobility-Engineering-Lab/ros2_ws/install/action_tutorials_interfaces/include/action_tutorials_interfaces/action_tutorials_interfaces/action/fibonacci.hpp
[6.761s] -- Up-to-date: /home/zheka/Smart-Mobility-Engineering-Lab/ros2_ws/install/action_tutorials_interfaces/include/action_tutorials_interfaces/action_tutorials_interfaces
[6.761s] -- Up-to-date: /home/zheka/Smart-Mobility-Engineering-Lab/ros2_ws/install/action_tutorials_interfaces/include/action_tutorials_interfaces/action_tutorials_interfaces/action
[6.761s] -- Up-to-date: /home/zheka/Smart-Mobility-Engineering-Lab/ros2_ws/install/action_tutorials_interfaces/include/action_tutorials_interfaces/action_tutorials_interfaces/action/detail
[6.761s] -- Installing: /home/zheka/Smart-Mobility-Engineering-Lab/ros2_ws/install/action_tutorials_interfaces/include/action_tutorials_interfaces/action_tutorials_interfaces/action/detail/dds_fastrtps
[6.761s] -- Installing: /home/zheka/Smart-Mobility-Engineering-Lab/ros2_ws/install/action_tutorials_interfaces/include/action_tutorials_interfaces/action_tutorials_interfaces/action/detail/fibonacci__rosidl_typesupport_fastrtps_cpp.hpp
[6.762s] -- Up-to-date: /home/zheka/Smart-Mobility-Engineering-Lab/ros2_ws/install/action_tutorials_interfaces/include/action_tutorials_interfaces/action_tutorials_interfaces/msg
[6.762s] -- Installing: /home/zheka/Smart-Mobility-Engineering-Lab/ros2_ws/install/action_tutorials_interfaces/include/action_tutorials_interfaces/action_tutorials_interfaces/msg/rosidl_typesupport_fastrtps_cpp__visibility_control.h
[6.762s] -- Installing: /home/zheka/Smart-Mobility-Engineering-Lab/ros2_ws/install/action_tutorials_interfaces/lib/libaction_tutorials_interfaces__rosidl_typesupport_fastrtps_cpp.so
[6.762s] -- Set runtime path of "/home/zheka/Smart-Mobility-Engineering-Lab/ros2_ws/install/action_tutorials_interfaces/lib/libaction_tutorials_interfaces__rosidl_typesupport_fastrtps_cpp.so" to ""
[6.762s] -- Up-to-date: /home/zheka/Smart-Mobility-Engineering-Lab/ros2_ws/install/action_tutorials_interfaces/include/action_tutorials_interfaces/action_tutorials_interfaces
[6.762s] -- Up-to-date: /home/zheka/Smart-Mobility-Engineering-Lab/ros2_ws/install/action_tutorials_interfaces/include/action_tutorials_interfaces/action_tutorials_interfaces/action
[6.762s] -- Up-to-date: /home/zheka/Smart-Mobility-Engineering-Lab/ros2_ws/install/action_tutorials_interfaces/include/action_tutorials_interfaces/action_tutorials_interfaces/action/detail
[6.762s] -- Installing: /home/zheka/Smart-Mobility-Engineering-Lab/ros2_ws/install/action_tutorials_interfaces/include/action_tutorials_interfaces/action_tutorials_interfaces/action/detail/fibonacci__type_support.cpp
[6.763s] -- Installing: /home/zheka/Smart-Mobility-Engineering-Lab/ros2_ws/install/action_tutorials_interfaces/include/action_tutorials_interfaces/action_tutorials_interfaces/action/detail/fibonacci__rosidl_typesupport_introspection_cpp.hpp
[6.763s] -- Installing: /home/zheka/Smart-Mobility-Engineering-Lab/ros2_ws/install/action_tutorials_interfaces/lib/libaction_tutorials_interfaces__rosidl_typesupport_introspection_cpp.so
[6.763s] -- Set runtime path of "/home/zheka/Smart-Mobility-Engineering-Lab/ros2_ws/install/action_tutorials_interfaces/lib/libaction_tutorials_interfaces__rosidl_typesupport_introspection_cpp.so" to ""
[6.763s] -- Installing: /home/zheka/Smart-Mobility-Engineering-Lab/ros2_ws/install/action_tutorials_interfaces/lib/libaction_tutorials_interfaces__rosidl_typesupport_cpp.so
[6.763s] -- Set runtime path of "/home/zheka/Smart-Mobility-Engineering-Lab/ros2_ws/install/action_tutorials_interfaces/lib/libaction_tutorials_interfaces__rosidl_typesupport_cpp.so" to ""
[6.763s] -- Installing: /home/zheka/Smart-Mobility-Engineering-Lab/ros2_ws/install/action_tutorials_interfaces/share/action_tutorials_interfaces/environment/pythonpath.sh
[6.763s] -- Installing: /home/zheka/Smart-Mobility-Engineering-Lab/ros2_ws/install/action_tutorials_interfaces/share/action_tutorials_interfaces/environment/pythonpath.dsv
[6.763s] -- Installing: /home/zheka/Smart-Mobility-Engineering-Lab/ros2_ws/install/action_tutorials_interfaces/local/lib/python3.10/dist-packages/action_tutorials_interfaces-0.0.0-py3.10.egg-info
[6.764s] -- Installing: /home/zheka/Smart-Mobility-Engineering-Lab/ros2_ws/install/action_tutorials_interfaces/local/lib/python3.10/dist-packages/action_tutorials_interfaces-0.0.0-py3.10.egg-info/top_level.txt
[6.764s] -- Installing: /home/zheka/Smart-Mobility-Engineering-Lab/ros2_ws/install/action_tutorials_interfaces/local/lib/python3.10/dist-packages/action_tutorials_interfaces-0.0.0-py3.10.egg-info/PKG-INFO
[6.764s] -- Installing: /home/zheka/Smart-Mobility-Engineering-Lab/ros2_ws/install/action_tutorials_interfaces/local/lib/python3.10/dist-packages/action_tutorials_interfaces-0.0.0-py3.10.egg-info/SOURCES.txt
[6.764s] -- Installing: /home/zheka/Smart-Mobility-Engineering-Lab/ros2_ws/install/action_tutorials_interfaces/local/lib/python3.10/dist-packages/action_tutorials_interfaces-0.0.0-py3.10.egg-info/dependency_links.txt
[6.764s] -- Installing: /home/zheka/Smart-Mobility-Engineering-Lab/ros2_ws/install/action_tutorials_interfaces/local/lib/python3.10/dist-packages/action_tutorials_interfaces
[6.764s] -- Installing: /home/zheka/Smart-Mobility-Engineering-Lab/ros2_ws/install/action_tutorials_interfaces/local/lib/python3.10/dist-packages/action_tutorials_interfaces/_action_tutorials_interfaces_s.ep.rosidl_typesupport_c.c
[6.764s] -- Installing: /home/zheka/Smart-Mobility-Engineering-Lab/ros2_ws/install/action_tutorials_interfaces/local/lib/python3.10/dist-packages/action_tutorials_interfaces/__init__.py
[6.764s] -- Installing: /home/zheka/Smart-Mobility-Engineering-Lab/ros2_ws/install/action_tutorials_interfaces/local/lib/python3.10/dist-packages/action_tutorials_interfaces/action
[6.764s] -- Installing: /home/zheka/Smart-Mobility-Engineering-Lab/ros2_ws/install/action_tutorials_interfaces/local/lib/python3.10/dist-packages/action_tutorials_interfaces/action/__init__.py
[6.764s] -- Installing: /home/zheka/Smart-Mobility-Engineering-Lab/ros2_ws/install/action_tutorials_interfaces/local/lib/python3.10/dist-packages/action_tutorials_interfaces/action/_fibonacci.py
[6.765s] -- Installing: /home/zheka/Smart-Mobility-Engineering-Lab/ros2_ws/install/action_tutorials_interfaces/local/lib/python3.10/dist-packages/action_tutorials_interfaces/action/_fibonacci_s.c
[6.765s] -- Installing: /home/zheka/Smart-Mobility-Engineering-Lab/ros2_ws/install/action_tutorials_interfaces/local/lib/python3.10/dist-packages/action_tutorials_interfaces/libaction_tutorials_interfaces__rosidl_generator_py.so
[6.765s] -- Installing: /home/zheka/Smart-Mobility-Engineering-Lab/ros2_ws/install/action_tutorials_interfaces/local/lib/python3.10/dist-packages/action_tutorials_interfaces/_action_tutorials_interfaces_s.ep.rosidl_typesupport_introspection_c.c
[6.765s] -- Installing: /home/zheka/Smart-Mobility-Engineering-Lab/ros2_ws/install/action_tutorials_interfaces/local/lib/python3.10/dist-packages/action_tutorials_interfaces/action_tutorials_interfaces_s__rosidl_typesupport_c.cpython-310-aarch64-linux-gnu.so
[6.765s] -- Installing: /home/zheka/Smart-Mobility-Engineering-Lab/ros2_ws/install/action_tutorials_interfaces/local/lib/python3.10/dist-packages/action_tutorials_interfaces/action_tutorials_interfaces_s__rosidl_typesupport_fastrtps_c.cpython-310-aarch64-linux-gnu.so
[6.765s] -- Installing: /home/zheka/Smart-Mobility-Engineering-Lab/ros2_ws/install/action_tutorials_interfaces/local/lib/python3.10/dist-packages/action_tutorials_interfaces/_action_tutorials_interfaces_s.ep.rosidl_typesupport_fastrtps_c.c
[6.765s] -- Installing: /home/zheka/Smart-Mobility-Engineering-Lab/ros2_ws/install/action_tutorials_interfaces/local/lib/python3.10/dist-packages/action_tutorials_interfaces/action_tutorials_interfaces_s__rosidl_typesupport_introspection_c.cpython-310-aarch64-linux-gnu.so
[6.801s] Listing '/home/zheka/Smart-Mobility-Engineering-Lab/ros2_ws/install/action_tutorials_interfaces/local/lib/python3.10/dist-packages/action_tutorials_interfaces'...
[6.801s] Compiling '/home/zheka/Smart-Mobility-Engineering-Lab/ros2_ws/install/action_tutorials_interfaces/local/lib/python3.10/dist-packages/action_tutorials_interfaces/__init__.py'...
[6.801s] Listing '/home/zheka/Smart-Mobility-Engineering-Lab/ros2_ws/install/action_tutorials_interfaces/local/lib/python3.10/dist-packages/action_tutorials_interfaces/action'...
[6.801s] Compiling '/home/zheka/Smart-Mobility-Engineering-Lab/ros2_ws/install/action_tutorials_interfaces/local/lib/python3.10/dist-packages/action_tutorials_interfaces/action/__init__.py'...
[6.801s] Compiling '/home/zheka/Smart-Mobility-Engineering-Lab/ros2_ws/install/action_tutorials_interfaces/local/lib/python3.10/dist-packages/action_tutorials_interfaces/action/_fibonacci.py'...
[6.804s] -- Installing: /home/zheka/Smart-Mobility-Engineering-Lab/ros2_ws/install/action_tutorials_interfaces/local/lib/python3.10/dist-packages/action_tutorials_interfaces/action_tutorials_interfaces_s__rosidl_typesupport_fastrtps_c.cpython-310-aarch64-linux-gnu.so
[6.805s] -- Set runtime path of "/home/zheka/Smart-Mobility-Engineering-Lab/ros2_ws/install/action_tutorials_interfaces/local/lib/python3.10/dist-packages/action_tutorials_interfaces/action_tutorials_interfaces_s__rosidl_typesupport_fastrtps_c.cpython-310-aarch64-linux-gnu.so" to ""
[6.805s] -- Installing: /home/zheka/Smart-Mobility-Engineering-Lab/ros2_ws/install/action_tutorials_interfaces/local/lib/python3.10/dist-packages/action_tutorials_interfaces/action_tutorials_interfaces_s__rosidl_typesupport_introspection_c.cpython-310-aarch64-linux-gnu.so
[6.805s] -- Set runtime path of "/home/zheka/Smart-Mobility-Engineering-Lab/ros2_ws/install/action_tutorials_interfaces/local/lib/python3.10/dist-packages/action_tutorials_interfaces/action_tutorials_interfaces_s__rosidl_typesupport_introspection_c.cpython-310-aarch64-linux-gnu.so" to ""
[6.805s] -- Installing: /home/zheka/Smart-Mobility-Engineering-Lab/ros2_ws/install/action_tutorials_interfaces/local/lib/python3.10/dist-packages/action_tutorials_interfaces/action_tutorials_interfaces_s__rosidl_typesupport_c.cpython-310-aarch64-linux-gnu.so
[6.805s] -- Set runtime path of "/home/zheka/Smart-Mobility-Engineering-Lab/ros2_ws/install/action_tutorials_interfaces/local/lib/python3.10/dist-packages/action_tutorials_interfaces/action_tutorials_interfaces_s__rosidl_typesupport_c.cpython-310-aarch64-linux-gnu.so" to ""
[6.805s] -- Installing: /home/zheka/Smart-Mobility-Engineering-Lab/ros2_ws/install/action_tutorials_interfaces/lib/libaction_tutorials_interfaces__rosidl_generator_py.so
[6.805s] -- Set runtime path of "/home/zheka/Smart-Mobility-Engineering-Lab/ros2_ws/install/action_tutorials_interfaces/lib/libaction_tutorials_interfaces__rosidl_generator_py.so" to ""
[6.806s] -- Installing: /home/zheka/Smart-Mobility-Engineering-Lab/ros2_ws/install/action_tutorials_interfaces/share/action_tutorials_interfaces/action/Fibonacci.idl
[6.806s] -- Installing: /home/zheka/Smart-Mobility-Engineering-Lab/ros2_ws/install/action_tutorials_interfaces/share/action_tutorials_interfaces/action/Fibonacci.action
[6.806s] -- Installing: /home/zheka/Smart-Mobility-Engineering-Lab/ros2_ws/install/action_tutorials_interfaces/share/ament_index/resource_index/package_run_dependencies/action_tutorials_interfaces
[6.806s] -- Installing: /home/zheka/Smart-Mobility-Engineering-Lab/ros2_ws/install/action_tutorials_interfaces/share/ament_index/resource_index/parent_prefix_path/action_tutorials_interfaces
[6.806s] -- Installing: /home/zheka/Smart-Mobility-Engineering-Lab/ros2_ws/install/action_tutorials_interfaces/share/action_tutorials_interfaces/environment/ament_prefix_path.sh
[6.806s] -- Installing: /home/zheka/Smart-Mobility-Engineering-Lab/ros2_ws/install/action_tutorials_interfaces/share/action_tutorials_interfaces/environment/ament_prefix_path.dsv
[6.806s] -- Installing: /home/zheka/Smart-Mobility-Engineering-Lab/ros2_ws/install/action_tutorials_interfaces/share/action_tutorials_interfaces/environment/path.sh
[6.806s] -- Installing: /home/zheka/Smart-Mobility-Engineering-Lab/ros2_ws/install/action_tutorials_interfaces/share/action_tutorials_interfaces/environment/path.dsv
[6.806s] -- Installing: /home/zheka/Smart-Mobility-Engineering-Lab/ros2_ws/install/action_tutorials_interfaces/share/action_tutorials_interfaces/local_setup.bash
[6.806s] -- Installing: /home/zheka/Smart-Mobility-Engineering-Lab/ros2_ws/install/action_tutorials_interfaces/share/action_tutorials_interfaces/local_setup.sh
[6.806s] -- Installing: /home/zheka/Smart-Mobility-Engineering-Lab/ros2_ws/install/action_tutorials_interfaces/share/action_tutorials_interfaces/local_setup.zsh
[6.806s] -- Installing: /home/zheka/Smart-Mobility-Engineering-Lab/ros2_ws/install/action_tutorials_interfaces/share/action_tutorials_interfaces/local_setup.dsv
[6.806s] -- Installing: /home/zheka/Smart-Mobility-Engineering-Lab/ros2_ws/install/action_tutorials_interfaces/share/action_tutorials_interfaces/package.dsv
[6.807s] -- Installing: /home/zheka/Smart-Mobility-Engineering-Lab/ros2_ws/install/action_tutorials_interfaces/share/ament_index/resource_index/packages/action_tutorials_interfaces
[6.807s] -- Installing: /home/zheka/Smart-Mobility-Engineering-Lab/ros2_ws/install/action_tutorials_interfaces/share/action_tutorials_interfaces/cmake/export_action_tutorials_interfaces__rosidl_generator_cExport.cmake
[6.807s] -- Installing: /home/zheka/Smart-Mobility-Engineering-Lab/ros2_ws/install/action_tutorials_interfaces/share/action_tutorials_interfaces/cmake/export_action_tutorials_interfaces__rosidl_generator_cExport-noconfig.cmake
[6.807s] -- Installing: /home/zheka/Smart-Mobility-Engineering-Lab/ros2_ws/install/action_tutorials_interfaces/share/action_tutorials_interfaces/cmake/export_action_tutorials_interfaces__rosidl_typesupport_fastrtps_cExport.cmake
[6.807s] -- Installing: /home/zheka/Smart-Mobility-Engineering-Lab/ros2_ws/install/action_tutorials_interfaces/share/action_tutorials_interfaces/cmake/export_action_tutorials_interfaces__rosidl_typesupport_fastrtps_cExport-noconfig.cmake
[6.807s] -- Installing: /home/zheka/Smart-Mobility-Engineering-Lab/ros2_ws/install/action_tutorials_interfaces/share/action_tutorials_interfaces/cmake/action_tutorials_interfaces__rosidl_typesupport_introspection_cExport.cmake
[6.807s] -- Installing: /home/zheka/Smart-Mobility-Engineering-Lab/ros2_ws/install/action_tutorials_interfaces/share/action_tutorials_interfaces/cmake/action_tutorials_interfaces__rosidl_typesupport_introspection_cExport-noconfig.cmake
[6.807s] -- Installing: /home/zheka/Smart-Mobility-Engineering-Lab/ros2_ws/install/action_tutorials_interfaces/share/action_tutorials_interfaces/cmake/action_tutorials_interfaces__rosidl_typesupport_cExport.cmake
[6.807s] -- Installing: /home/zheka/Smart-Mobility-Engineering-Lab/ros2_ws/install/action_tutorials_interfaces/share/action_tutorials_interfaces/cmake/action_tutorials_interfaces__rosidl_typesupport_cExport-noconfig.cmake
[6.807s] -- Installing: /home/zheka/Smart-Mobility-Engineering-Lab/ros2_ws/install/action_tutorials_interfaces/share/action_tutorials_interfaces/cmake/export_action_tutorials_interfaces__rosidl_generator_cppExport.cmake
[6.807s] -- Installing: /home/zheka/Smart-Mobility-Engineering-Lab/ros2_ws/install/action_tutorials_interfaces/share/action_tutorials_interfaces/cmake/export_action_tutorials_interfaces__rosidl_typesupport_fastrtps_cppExport.cmake
[6.807s] -- Installing: /home/zheka/Smart-Mobility-Engineering-Lab/ros2_ws/install/action_tutorials_interfaces/share/action_tutorials_interfaces/cmake/export_action_tutorials_interfaces__rosidl_typesupport_fastrtps_cppExport-noconfig.cmake
[6.807s] -- Installing: /home/zheka/Smart-Mobility-Engineering-Lab/ros2_ws/install/action_tutorials_interfaces/share/action_tutorials_interfaces/cmake/action_tutorials_interfaces__rosidl_typesupport_introspection_cppExport.cmake
[6.808s] -- Installing: /home/zheka/Smart-Mobility-Engineering-Lab/ros2_ws/install/action_tutorials_interfaces/share/action_tutorials_interfaces/cmake/action_tutorials_interfaces__rosidl_typesupport_introspection_cppExport-noconfig.cmake
[6.808s] -- Installing: /home/zheka/Smart-Mobility-Engineering-Lab/ros2_ws/install/action_tutorials_interfaces/share/action_tutorials_interfaces/cmake/action_tutorials_interfaces__rosidl_typesupport_cppExport.cmake
[6.808s] -- Installing: /home/zheka/Smart-Mobility-Engineering-Lab/ros2_ws/install/action_tutorials_interfaces/share/action_tutorials_interfaces/cmake/action_tutorials_interfaces__rosidl_typesupport_cppExport-noconfig.cmake
[6.808s] -- Installing: /home/zheka/Smart-Mobility-Engineering-Lab/ros2_ws/install/action_tutorials_interfaces/share/action_tutorials_interfaces/cmake/export_action_tutorials_interfaces__rosidl_generator_pyExport.cmake
[6.808s] -- Installing: /home/zheka/Smart-Mobility-Engineering-Lab/ros2_ws/install/action_tutorials_interfaces/share/action_tutorials_interfaces/cmake/export_action_tutorials_interfaces__rosidl_generator_pyExport-noconfig.cmake
[6.808s] -- Installing: /home/zheka/Smart-Mobility-Engineering-Lab/ros2_ws/install/action_tutorials_interfaces/share/action_tutorials_interfaces/cmake/rosidl_cmake-extras.cmake
[6.808s] -- Installing: /home/zheka/Smart-Mobility-Engineering-Lab/ros2_ws/install/action_tutorials_interfaces/share/action_tutorials_interfaces/cmake/ament_cmake_export_dependencies-extras.cmake
[6.808s] -- Installing: /home/zheka/Smart-Mobility-Engineering-Lab/ros2_ws/install/action_tutorials_interfaces/share/action_tutorials_interfaces/cmake/ament_cmake_export_include_directories-extras.cmake
[6.808s] -- Installing: /home/zheka/Smart-Mobility-Engineering-Lab/ros2_ws/install/action_tutorials_interfaces/share/action_tutorials_interfaces/cmake/ament_cmake_export_libraries-extras.cmake
[6.808s] -- Installing: /home/zheka/Smart-Mobility-Engineering-Lab/ros2_ws/install/action_tutorials_interfaces/share/action_tutorials_interfaces/cmake/ament_cmake_export_targets-extras.cmake
[6.808s] -- Installing: /home/zheka/Smart-Mobility-Engineering-Lab/ros2_ws/install/action_tutorials_interfaces/share/action_tutorials_interfaces/cmake/rosidl_cmake_export_typesupport_targets-extras.cmake
[6.808s] -- Installing: /home/zheka/Smart-Mobility-Engineering-Lab/ros2_ws/install/action_tutorials_interfaces/share/action_tutorials_interfaces/cmake/rosidl_cmake_export_typesupport_libraries-extras.cmake
[6.808s] -- Installing: /home/zheka/Smart-Mobility-Engineering-Lab/ros2_ws/install/action_tutorials_interfaces/share/action_tutorials_interfaces/cmake/action_tutorials_interfacesConfig.cmake
[6.809s] -- Installing: /home/zheka/Smart-Mobility-Engineering-Lab/ros2_ws/install/action_tutorials_interfaces/share/action_tutorials_interfaces/cmake/action_tutorials_interfacesConfig-version.cmake
[6.809s] -- Installing: /home/zheka/Smart-Mobility-Engineering-Lab/ros2_ws/install/action_tutorials_interfaces/share/action_tutorials_interfaces/package.xml
[6.810s] Invoked command in '/home/zheka/Smart-Mobility-Engineering-Lab/ros2_ws/build/action_tutorials_interfaces' returned '0': CMAKE_PREFIX_PATH=/opt/ros/humble /usr/bin/cmake --install /home/zheka/Smart-Mobility-Engineering-Lab/ros2_ws/build/action_tutorials_interfaces
