[0.218s] Invoking command in '/home/zheka/Smart-Mobility-Engineering-Lab/ros2_ws/src/build/tutorial_interfaces': CMAKE_PREFIX_PATH=/opt/ros/humble /usr/bin/cmake --build /home/zheka/Smart-Mobility-Engineering-Lab/ros2_ws/src/build/tutorial_interfaces -- -j2 -l2
[0.284s] [35m[1mConsolidate compiler generated dependencies of target tutorial_interfaces__rosidl_generator_c[0m
[0.298s] [  2%] Built target tutorial_interfaces__cpp
[0.307s] [ 12%] Built target tutorial_interfaces__rosidl_generator_c
[0.329s] [35m[1mConsolidate compiler generated dependencies of target tutorial_interfaces__rosidl_typesupport_cpp[0m
[0.345s] [ 12%] Built target ament_cmake_python_copy_tutorial_interfaces
[0.352s] [ 23%] Built target tutorial_interfaces__rosidl_typesupport_cpp
[0.367s] [35m[1mConsolidate compiler generated dependencies of target tutorial_interfaces__rosidl_typesupport_fastrtps_c[0m
[0.371s] [35m[1mConsolidate compiler generated dependencies of target tutorial_interfaces__rosidl_typesupport_fastrtps_cpp[0m
[0.389s] [ 34%] Built target tutorial_interfaces__rosidl_typesupport_fastrtps_cpp
[0.391s] [ 44%] Built target tutorial_interfaces__rosidl_typesupport_fastrtps_c
[0.408s] [35m[1mConsolidate compiler generated dependencies of target tutorial_interfaces__rosidl_typesupport_introspection_c[0m
[0.408s] [35m[1mConsolidate compiler generated dependencies of target tutorial_interfaces__rosidl_typesupport_c[0m
[0.430s] [ 55%] Built target tutorial_interfaces__rosidl_typesupport_c
[0.440s] [ 65%] Built target tutorial_interfaces__rosidl_typesupport_introspection_c
[0.447s] [35m[1mConsolidate compiler generated dependencies of target tutorial_interfaces__rosidl_typesupport_introspection_cpp[0m
[0.465s] [ 76%] Built target tutorial_interfaces__rosidl_typesupport_introspection_cpp
[0.518s] [ 76%] Built target tutorial_interfaces
[0.586s] [ 78%] Built target tutorial_interfaces__py
[0.627s] [35m[1mConsolidate compiler generated dependencies of target tutorial_interfaces__rosidl_generator_py[0m
[0.647s] running egg_info
[0.647s] writing tutorial_interfaces.egg-info/PKG-INFO
[0.648s] writing dependency_links to tutorial_interfaces.egg-info/dependency_links.txt
[0.648s] writing top-level names to tutorial_interfaces.egg-info/top_level.txt
[0.649s] reading manifest file 'tutorial_interfaces.egg-info/SOURCES.txt'
[0.650s] writing manifest file 'tutorial_interfaces.egg-info/SOURCES.txt'
[0.667s] [ 87%] Built target tutorial_interfaces__rosidl_generator_py
[0.675s] [ 87%] Built target ament_cmake_python_build_tutorial_interfaces_egg
[0.684s] [35m[1mConsolidate compiler generated dependencies of target tutorial_interfaces__rosidl_typesupport_fastrtps_c__pyext[0m
[0.698s] [35m[1mConsolidate compiler generated dependencies of target tutorial_interfaces__rosidl_typesupport_introspection_c__pyext[0m
[0.702s] [ 91%] Built target tutorial_interfaces__rosidl_typesupport_fastrtps_c__pyext
[0.709s] [ 95%] Built target tutorial_interfaces__rosidl_typesupport_introspection_c__pyext
[0.717s] [35m[1mConsolidate compiler generated dependencies of target tutorial_interfaces__rosidl_typesupport_c__pyext[0m
[0.727s] [100%] Built target tutorial_interfaces__rosidl_typesupport_c__pyext
[0.738s] Invoked command in '/home/zheka/Smart-Mobility-Engineering-Lab/ros2_ws/src/build/tutorial_interfaces' returned '0': CMAKE_PREFIX_PATH=/opt/ros/humble /usr/bin/cmake --build /home/zheka/Smart-Mobility-Engineering-Lab/ros2_ws/src/build/tutorial_interfaces -- -j2 -l2
[0.810s] Invoking command in '/home/zheka/Smart-Mobility-Engineering-Lab/ros2_ws/src/build/tutorial_interfaces': CMAKE_PREFIX_PATH=/opt/ros/humble /usr/bin/cmake --install /home/zheka/Smart-Mobility-Engineering-Lab/ros2_ws/src/build/tutorial_interfaces
[0.817s] -- Install configuration: ""
[0.817s] -- Up-to-date: /home/zheka/Smart-Mobility-Engineering-Lab/ros2_ws/src/install/tutorial_interfaces/share/ament_index/resource_index/rosidl_interfaces/tutorial_interfaces
[0.818s] -- Up-to-date: /home/zheka/Smart-Mobility-Engineering-Lab/ros2_ws/src/install/tutorial_interfaces/include/tutorial_interfaces/tutorial_interfaces
[0.818s] -- Up-to-date: /home/zheka/Smart-Mobility-Engineering-Lab/ros2_ws/src/install/tutorial_interfaces/include/tutorial_interfaces/tutorial_interfaces/msg
[0.818s] -- Up-to-date: /home/zheka/Smart-Mobility-Engineering-Lab/ros2_ws/src/install/tutorial_interfaces/include/tutorial_interfaces/tutorial_interfaces/msg/sphere.h
[0.819s] -- Up-to-date: /home/zheka/Smart-Mobility-Engineering-Lab/ros2_ws/src/install/tutorial_interfaces/include/tutorial_interfaces/tutorial_interfaces/msg/rosidl_generator_c__visibility_control.h
[0.819s] -- Up-to-date: /home/zheka/Smart-Mobility-Engineering-Lab/ros2_ws/src/install/tutorial_interfaces/include/tutorial_interfaces/tutorial_interfaces/msg/detail
[0.819s] -- Up-to-date: /home/zheka/Smart-Mobility-Engineering-Lab/ros2_ws/src/install/tutorial_interfaces/include/tutorial_interfaces/tutorial_interfaces/msg/detail/num__type_support.h
[0.819s] -- Up-to-date: /home/zheka/Smart-Mobility-Engineering-Lab/ros2_ws/src/install/tutorial_interfaces/include/tutorial_interfaces/tutorial_interfaces/msg/detail/num__struct.h
[0.819s] -- Up-to-date: /home/zheka/Smart-Mobility-Engineering-Lab/ros2_ws/src/install/tutorial_interfaces/include/tutorial_interfaces/tutorial_interfaces/msg/detail/sphere__struct.h
[0.819s] -- Up-to-date: /home/zheka/Smart-Mobility-Engineering-Lab/ros2_ws/src/install/tutorial_interfaces/include/tutorial_interfaces/tutorial_interfaces/msg/detail/num__functions.c
[0.819s] -- Up-to-date: /home/zheka/Smart-Mobility-Engineering-Lab/ros2_ws/src/install/tutorial_interfaces/include/tutorial_interfaces/tutorial_interfaces/msg/detail/sphere__type_support.h
[0.819s] -- Up-to-date: /home/zheka/Smart-Mobility-Engineering-Lab/ros2_ws/src/install/tutorial_interfaces/include/tutorial_interfaces/tutorial_interfaces/msg/detail/sphere__functions.h
[0.819s] -- Up-to-date: /home/zheka/Smart-Mobility-Engineering-Lab/ros2_ws/src/install/tutorial_interfaces/include/tutorial_interfaces/tutorial_interfaces/msg/detail/num__functions.h
[0.819s] -- Up-to-date: /home/zheka/Smart-Mobility-Engineering-Lab/ros2_ws/src/install/tutorial_interfaces/include/tutorial_interfaces/tutorial_interfaces/msg/detail/sphere__functions.c
[0.819s] -- Up-to-date: /home/zheka/Smart-Mobility-Engineering-Lab/ros2_ws/src/install/tutorial_interfaces/include/tutorial_interfaces/tutorial_interfaces/msg/num.h
[0.819s] -- Up-to-date: /home/zheka/Smart-Mobility-Engineering-Lab/ros2_ws/src/install/tutorial_interfaces/include/tutorial_interfaces/tutorial_interfaces/srv
[0.819s] -- Up-to-date: /home/zheka/Smart-Mobility-Engineering-Lab/ros2_ws/src/install/tutorial_interfaces/include/tutorial_interfaces/tutorial_interfaces/srv/add_three_ints.h
[0.820s] -- Up-to-date: /home/zheka/Smart-Mobility-Engineering-Lab/ros2_ws/src/install/tutorial_interfaces/include/tutorial_interfaces/tutorial_interfaces/srv/detail
[0.820s] -- Up-to-date: /home/zheka/Smart-Mobility-Engineering-Lab/ros2_ws/src/install/tutorial_interfaces/include/tutorial_interfaces/tutorial_interfaces/srv/detail/add_three_ints__functions.c
[0.820s] -- Up-to-date: /home/zheka/Smart-Mobility-Engineering-Lab/ros2_ws/src/install/tutorial_interfaces/include/tutorial_interfaces/tutorial_interfaces/srv/detail/add_three_ints__struct.h
[0.820s] -- Up-to-date: /home/zheka/Smart-Mobility-Engineering-Lab/ros2_ws/src/install/tutorial_interfaces/include/tutorial_interfaces/tutorial_interfaces/srv/detail/add_three_ints__functions.h
[0.820s] -- Up-to-date: /home/zheka/Smart-Mobility-Engineering-Lab/ros2_ws/src/install/tutorial_interfaces/include/tutorial_interfaces/tutorial_interfaces/srv/detail/add_three_ints__type_support.h
[0.820s] -- Up-to-date: /home/zheka/Smart-Mobility-Engineering-Lab/ros2_ws/src/install/tutorial_interfaces/share/tutorial_interfaces/environment/library_path.sh
[0.820s] -- Up-to-date: /home/zheka/Smart-Mobility-Engineering-Lab/ros2_ws/src/install/tutorial_interfaces/share/tutorial_interfaces/environment/library_path.dsv
[0.821s] -- Up-to-date: /home/zheka/Smart-Mobility-Engineering-Lab/ros2_ws/src/install/tutorial_interfaces/lib/libtutorial_interfaces__rosidl_generator_c.so
[0.821s] -- Up-to-date: /home/zheka/Smart-Mobility-Engineering-Lab/ros2_ws/src/install/tutorial_interfaces/include/tutorial_interfaces/tutorial_interfaces
[0.821s] -- Up-to-date: /home/zheka/Smart-Mobility-Engineering-Lab/ros2_ws/src/install/tutorial_interfaces/include/tutorial_interfaces/tutorial_interfaces/msg
[0.821s] -- Up-to-date: /home/zheka/Smart-Mobility-Engineering-Lab/ros2_ws/src/install/tutorial_interfaces/include/tutorial_interfaces/tutorial_interfaces/msg/rosidl_typesupport_fastrtps_c__visibility_control.h
[0.821s] -- Up-to-date: /home/zheka/Smart-Mobility-Engineering-Lab/ros2_ws/src/install/tutorial_interfaces/include/tutorial_interfaces/tutorial_interfaces/msg/detail
[0.821s] -- Up-to-date: /home/zheka/Smart-Mobility-Engineering-Lab/ros2_ws/src/install/tutorial_interfaces/include/tutorial_interfaces/tutorial_interfaces/msg/detail/num__rosidl_typesupport_fastrtps_c.h
[0.821s] -- Up-to-date: /home/zheka/Smart-Mobility-Engineering-Lab/ros2_ws/src/install/tutorial_interfaces/include/tutorial_interfaces/tutorial_interfaces/msg/detail/sphere__rosidl_typesupport_fastrtps_c.h
[0.821s] -- Up-to-date: /home/zheka/Smart-Mobility-Engineering-Lab/ros2_ws/src/install/tutorial_interfaces/include/tutorial_interfaces/tutorial_interfaces/srv
[0.821s] -- Up-to-date: /home/zheka/Smart-Mobility-Engineering-Lab/ros2_ws/src/install/tutorial_interfaces/include/tutorial_interfaces/tutorial_interfaces/srv/detail
[0.821s] -- Up-to-date: /home/zheka/Smart-Mobility-Engineering-Lab/ros2_ws/src/install/tutorial_interfaces/include/tutorial_interfaces/tutorial_interfaces/srv/detail/add_three_ints__rosidl_typesupport_fastrtps_c.h
[0.822s] -- Up-to-date: /home/zheka/Smart-Mobility-Engineering-Lab/ros2_ws/src/install/tutorial_interfaces/lib/libtutorial_interfaces__rosidl_typesupport_fastrtps_c.so
[0.822s] -- Up-to-date: /home/zheka/Smart-Mobility-Engineering-Lab/ros2_ws/src/install/tutorial_interfaces/include/tutorial_interfaces/tutorial_interfaces
[0.822s] -- Up-to-date: /home/zheka/Smart-Mobility-Engineering-Lab/ros2_ws/src/install/tutorial_interfaces/include/tutorial_interfaces/tutorial_interfaces/msg
[0.822s] -- Up-to-date: /home/zheka/Smart-Mobility-Engineering-Lab/ros2_ws/src/install/tutorial_interfaces/include/tutorial_interfaces/tutorial_interfaces/msg/sphere.hpp
[0.822s] -- Up-to-date: /home/zheka/Smart-Mobility-Engineering-Lab/ros2_ws/src/install/tutorial_interfaces/include/tutorial_interfaces/tutorial_interfaces/msg/num.hpp
[0.822s] -- Up-to-date: /home/zheka/Smart-Mobility-Engineering-Lab/ros2_ws/src/install/tutorial_interfaces/include/tutorial_interfaces/tutorial_interfaces/msg/detail
[0.822s] -- Up-to-date: /home/zheka/Smart-Mobility-Engineering-Lab/ros2_ws/src/install/tutorial_interfaces/include/tutorial_interfaces/tutorial_interfaces/msg/detail/sphere__traits.hpp
[0.822s] -- Up-to-date: /home/zheka/Smart-Mobility-Engineering-Lab/ros2_ws/src/install/tutorial_interfaces/include/tutorial_interfaces/tutorial_interfaces/msg/detail/sphere__builder.hpp
[0.822s] -- Up-to-date: /home/zheka/Smart-Mobility-Engineering-Lab/ros2_ws/src/install/tutorial_interfaces/include/tutorial_interfaces/tutorial_interfaces/msg/detail/num__builder.hpp
[0.822s] -- Up-to-date: /home/zheka/Smart-Mobility-Engineering-Lab/ros2_ws/src/install/tutorial_interfaces/include/tutorial_interfaces/tutorial_interfaces/msg/detail/num__traits.hpp
[0.823s] -- Up-to-date: /home/zheka/Smart-Mobility-Engineering-Lab/ros2_ws/src/install/tutorial_interfaces/include/tutorial_interfaces/tutorial_interfaces/msg/detail/num__struct.hpp
[0.823s] -- Up-to-date: /home/zheka/Smart-Mobility-Engineering-Lab/ros2_ws/src/install/tutorial_interfaces/include/tutorial_interfaces/tutorial_interfaces/msg/detail/sphere__struct.hpp
[0.823s] -- Up-to-date: /home/zheka/Smart-Mobility-Engineering-Lab/ros2_ws/src/install/tutorial_interfaces/include/tutorial_interfaces/tutorial_interfaces/srv
[0.823s] -- Up-to-date: /home/zheka/Smart-Mobility-Engineering-Lab/ros2_ws/src/install/tutorial_interfaces/include/tutorial_interfaces/tutorial_interfaces/srv/detail
[0.823s] -- Up-to-date: /home/zheka/Smart-Mobility-Engineering-Lab/ros2_ws/src/install/tutorial_interfaces/include/tutorial_interfaces/tutorial_interfaces/srv/detail/add_three_ints__struct.hpp
[0.823s] -- Up-to-date: /home/zheka/Smart-Mobility-Engineering-Lab/ros2_ws/src/install/tutorial_interfaces/include/tutorial_interfaces/tutorial_interfaces/srv/detail/add_three_ints__builder.hpp
[0.823s] -- Up-to-date: /home/zheka/Smart-Mobility-Engineering-Lab/ros2_ws/src/install/tutorial_interfaces/include/tutorial_interfaces/tutorial_interfaces/srv/detail/add_three_ints__traits.hpp
[0.823s] -- Up-to-date: /home/zheka/Smart-Mobility-Engineering-Lab/ros2_ws/src/install/tutorial_interfaces/include/tutorial_interfaces/tutorial_interfaces/srv/add_three_ints.hpp
[0.823s] -- Up-to-date: /home/zheka/Smart-Mobility-Engineering-Lab/ros2_ws/src/install/tutorial_interfaces/include/tutorial_interfaces/tutorial_interfaces
[0.823s] -- Up-to-date: /home/zheka/Smart-Mobility-Engineering-Lab/ros2_ws/src/install/tutorial_interfaces/include/tutorial_interfaces/tutorial_interfaces/msg
[0.823s] -- Up-to-date: /home/zheka/Smart-Mobility-Engineering-Lab/ros2_ws/src/install/tutorial_interfaces/include/tutorial_interfaces/tutorial_interfaces/msg/rosidl_typesupport_fastrtps_cpp__visibility_control.h
[0.823s] -- Up-to-date: /home/zheka/Smart-Mobility-Engineering-Lab/ros2_ws/src/install/tutorial_interfaces/include/tutorial_interfaces/tutorial_interfaces/msg/detail
[0.823s] -- Up-to-date: /home/zheka/Smart-Mobility-Engineering-Lab/ros2_ws/src/install/tutorial_interfaces/include/tutorial_interfaces/tutorial_interfaces/msg/detail/sphere__rosidl_typesupport_fastrtps_cpp.hpp
[0.823s] -- Up-to-date: /home/zheka/Smart-Mobility-Engineering-Lab/ros2_ws/src/install/tutorial_interfaces/include/tutorial_interfaces/tutorial_interfaces/msg/detail/dds_fastrtps
[0.823s] -- Up-to-date: /home/zheka/Smart-Mobility-Engineering-Lab/ros2_ws/src/install/tutorial_interfaces/include/tutorial_interfaces/tutorial_interfaces/msg/detail/num__rosidl_typesupport_fastrtps_cpp.hpp
[0.823s] -- Up-to-date: /home/zheka/Smart-Mobility-Engineering-Lab/ros2_ws/src/install/tutorial_interfaces/include/tutorial_interfaces/tutorial_interfaces/srv
[0.824s] -- Up-to-date: /home/zheka/Smart-Mobility-Engineering-Lab/ros2_ws/src/install/tutorial_interfaces/include/tutorial_interfaces/tutorial_interfaces/srv/detail
[0.824s] -- Up-to-date: /home/zheka/Smart-Mobility-Engineering-Lab/ros2_ws/src/install/tutorial_interfaces/include/tutorial_interfaces/tutorial_interfaces/srv/detail/add_three_ints__rosidl_typesupport_fastrtps_cpp.hpp
[0.824s] -- Up-to-date: /home/zheka/Smart-Mobility-Engineering-Lab/ros2_ws/src/install/tutorial_interfaces/include/tutorial_interfaces/tutorial_interfaces/srv/detail/dds_fastrtps
[0.824s] -- Up-to-date: /home/zheka/Smart-Mobility-Engineering-Lab/ros2_ws/src/install/tutorial_interfaces/lib/libtutorial_interfaces__rosidl_typesupport_fastrtps_cpp.so
[0.824s] -- Up-to-date: /home/zheka/Smart-Mobility-Engineering-Lab/ros2_ws/src/install/tutorial_interfaces/include/tutorial_interfaces/tutorial_interfaces
[0.824s] -- Up-to-date: /home/zheka/Smart-Mobility-Engineering-Lab/ros2_ws/src/install/tutorial_interfaces/include/tutorial_interfaces/tutorial_interfaces/msg
[0.824s] -- Up-to-date: /home/zheka/Smart-Mobility-Engineering-Lab/ros2_ws/src/install/tutorial_interfaces/include/tutorial_interfaces/tutorial_interfaces/msg/rosidl_typesupport_introspection_c__visibility_control.h
[0.824s] -- Up-to-date: /home/zheka/Smart-Mobility-Engineering-Lab/ros2_ws/src/install/tutorial_interfaces/include/tutorial_interfaces/tutorial_interfaces/msg/detail
[0.824s] -- Up-to-date: /home/zheka/Smart-Mobility-Engineering-Lab/ros2_ws/src/install/tutorial_interfaces/include/tutorial_interfaces/tutorial_interfaces/msg/detail/sphere__rosidl_typesupport_introspection_c.h
[0.825s] -- Up-to-date: /home/zheka/Smart-Mobility-Engineering-Lab/ros2_ws/src/install/tutorial_interfaces/include/tutorial_interfaces/tutorial_interfaces/msg/detail/num__type_support.c
[0.825s] -- Up-to-date: /home/zheka/Smart-Mobility-Engineering-Lab/ros2_ws/src/install/tutorial_interfaces/include/tutorial_interfaces/tutorial_interfaces/msg/detail/num__rosidl_typesupport_introspection_c.h
[0.825s] -- Up-to-date: /home/zheka/Smart-Mobility-Engineering-Lab/ros2_ws/src/install/tutorial_interfaces/include/tutorial_interfaces/tutorial_interfaces/msg/detail/sphere__type_support.c
[0.825s] -- Up-to-date: /home/zheka/Smart-Mobility-Engineering-Lab/ros2_ws/src/install/tutorial_interfaces/include/tutorial_interfaces/tutorial_interfaces/srv
[0.825s] -- Up-to-date: /home/zheka/Smart-Mobility-Engineering-Lab/ros2_ws/src/install/tutorial_interfaces/include/tutorial_interfaces/tutorial_interfaces/srv/detail
[0.825s] -- Up-to-date: /home/zheka/Smart-Mobility-Engineering-Lab/ros2_ws/src/install/tutorial_interfaces/include/tutorial_interfaces/tutorial_interfaces/srv/detail/add_three_ints__rosidl_typesupport_introspection_c.h
[0.825s] -- Up-to-date: /home/zheka/Smart-Mobility-Engineering-Lab/ros2_ws/src/install/tutorial_interfaces/include/tutorial_interfaces/tutorial_interfaces/srv/detail/add_three_ints__type_support.c
[0.825s] -- Up-to-date: /home/zheka/Smart-Mobility-Engineering-Lab/ros2_ws/src/install/tutorial_interfaces/lib/libtutorial_interfaces__rosidl_typesupport_introspection_c.so
[0.825s] -- Up-to-date: /home/zheka/Smart-Mobility-Engineering-Lab/ros2_ws/src/install/tutorial_interfaces/lib/libtutorial_interfaces__rosidl_typesupport_c.so
[0.826s] -- Up-to-date: /home/zheka/Smart-Mobility-Engineering-Lab/ros2_ws/src/install/tutorial_interfaces/include/tutorial_interfaces/tutorial_interfaces
[0.826s] -- Up-to-date: /home/zheka/Smart-Mobility-Engineering-Lab/ros2_ws/src/install/tutorial_interfaces/include/tutorial_interfaces/tutorial_interfaces/msg
[0.826s] -- Up-to-date: /home/zheka/Smart-Mobility-Engineering-Lab/ros2_ws/src/install/tutorial_interfaces/include/tutorial_interfaces/tutorial_interfaces/msg/detail
[0.826s] -- Up-to-date: /home/zheka/Smart-Mobility-Engineering-Lab/ros2_ws/src/install/tutorial_interfaces/include/tutorial_interfaces/tutorial_interfaces/msg/detail/num__rosidl_typesupport_introspection_cpp.hpp
[0.826s] -- Up-to-date: /home/zheka/Smart-Mobility-Engineering-Lab/ros2_ws/src/install/tutorial_interfaces/include/tutorial_interfaces/tutorial_interfaces/msg/detail/sphere__type_support.cpp
[0.826s] -- Up-to-date: /home/zheka/Smart-Mobility-Engineering-Lab/ros2_ws/src/install/tutorial_interfaces/include/tutorial_interfaces/tutorial_interfaces/msg/detail/sphere__rosidl_typesupport_introspection_cpp.hpp
[0.827s] -- Up-to-date: /home/zheka/Smart-Mobility-Engineering-Lab/ros2_ws/src/install/tutorial_interfaces/include/tutorial_interfaces/tutorial_interfaces/msg/detail/num__type_support.cpp
[0.827s] -- Up-to-date: /home/zheka/Smart-Mobility-Engineering-Lab/ros2_ws/src/install/tutorial_interfaces/include/tutorial_interfaces/tutorial_interfaces/srv
[0.827s] -- Up-to-date: /home/zheka/Smart-Mobility-Engineering-Lab/ros2_ws/src/install/tutorial_interfaces/include/tutorial_interfaces/tutorial_interfaces/srv/detail
[0.827s] -- Up-to-date: /home/zheka/Smart-Mobility-Engineering-Lab/ros2_ws/src/install/tutorial_interfaces/include/tutorial_interfaces/tutorial_interfaces/srv/detail/add_three_ints__type_support.cpp
[0.827s] -- Up-to-date: /home/zheka/Smart-Mobility-Engineering-Lab/ros2_ws/src/install/tutorial_interfaces/include/tutorial_interfaces/tutorial_interfaces/srv/detail/add_three_ints__rosidl_typesupport_introspection_cpp.hpp
[0.829s] -- Up-to-date: /home/zheka/Smart-Mobility-Engineering-Lab/ros2_ws/src/install/tutorial_interfaces/lib/libtutorial_interfaces__rosidl_typesupport_introspection_cpp.so
[0.834s] -- Up-to-date: /home/zheka/Smart-Mobility-Engineering-Lab/ros2_ws/src/install/tutorial_interfaces/lib/libtutorial_interfaces__rosidl_typesupport_cpp.so
[0.834s] -- Up-to-date: /home/zheka/Smart-Mobility-Engineering-Lab/ros2_ws/src/install/tutorial_interfaces/share/tutorial_interfaces/environment/pythonpath.sh
[0.834s] -- Up-to-date: /home/zheka/Smart-Mobility-Engineering-Lab/ros2_ws/src/install/tutorial_interfaces/share/tutorial_interfaces/environment/pythonpath.dsv
[0.834s] -- Up-to-date: /home/zheka/Smart-Mobility-Engineering-Lab/ros2_ws/src/install/tutorial_interfaces/local/lib/python3.10/dist-packages/tutorial_interfaces-0.0.0-py3.10.egg-info
[0.834s] -- Installing: /home/zheka/Smart-Mobility-Engineering-Lab/ros2_ws/src/install/tutorial_interfaces/local/lib/python3.10/dist-packages/tutorial_interfaces-0.0.0-py3.10.egg-info/top_level.txt
[0.834s] -- Installing: /home/zheka/Smart-Mobility-Engineering-Lab/ros2_ws/src/install/tutorial_interfaces/local/lib/python3.10/dist-packages/tutorial_interfaces-0.0.0-py3.10.egg-info/PKG-INFO
[0.834s] -- Installing: /home/zheka/Smart-Mobility-Engineering-Lab/ros2_ws/src/install/tutorial_interfaces/local/lib/python3.10/dist-packages/tutorial_interfaces-0.0.0-py3.10.egg-info/SOURCES.txt
[0.834s] -- Installing: /home/zheka/Smart-Mobility-Engineering-Lab/ros2_ws/src/install/tutorial_interfaces/local/lib/python3.10/dist-packages/tutorial_interfaces-0.0.0-py3.10.egg-info/dependency_links.txt
[0.834s] -- Up-to-date: /home/zheka/Smart-Mobility-Engineering-Lab/ros2_ws/src/install/tutorial_interfaces/local/lib/python3.10/dist-packages/tutorial_interfaces
[0.834s] -- Up-to-date: /home/zheka/Smart-Mobility-Engineering-Lab/ros2_ws/src/install/tutorial_interfaces/local/lib/python3.10/dist-packages/tutorial_interfaces/__init__.py
[0.834s] -- Up-to-date: /home/zheka/Smart-Mobility-Engineering-Lab/ros2_ws/src/install/tutorial_interfaces/local/lib/python3.10/dist-packages/tutorial_interfaces/_tutorial_interfaces_s.ep.rosidl_typesupport_fastrtps_c.c
[0.834s] -- Up-to-date: /home/zheka/Smart-Mobility-Engineering-Lab/ros2_ws/src/install/tutorial_interfaces/local/lib/python3.10/dist-packages/tutorial_interfaces/_tutorial_interfaces_s.ep.rosidl_typesupport_c.c
[0.834s] -- Up-to-date: /home/zheka/Smart-Mobility-Engineering-Lab/ros2_ws/src/install/tutorial_interfaces/local/lib/python3.10/dist-packages/tutorial_interfaces/libtutorial_interfaces__rosidl_generator_py.so
[0.834s] -- Up-to-date: /home/zheka/Smart-Mobility-Engineering-Lab/ros2_ws/src/install/tutorial_interfaces/local/lib/python3.10/dist-packages/tutorial_interfaces/msg
[0.834s] -- Up-to-date: /home/zheka/Smart-Mobility-Engineering-Lab/ros2_ws/src/install/tutorial_interfaces/local/lib/python3.10/dist-packages/tutorial_interfaces/msg/_sphere.py
[0.834s] -- Up-to-date: /home/zheka/Smart-Mobility-Engineering-Lab/ros2_ws/src/install/tutorial_interfaces/local/lib/python3.10/dist-packages/tutorial_interfaces/msg/__init__.py
[0.834s] -- Up-to-date: /home/zheka/Smart-Mobility-Engineering-Lab/ros2_ws/src/install/tutorial_interfaces/local/lib/python3.10/dist-packages/tutorial_interfaces/msg/_num.py
[0.834s] -- Up-to-date: /home/zheka/Smart-Mobility-Engineering-Lab/ros2_ws/src/install/tutorial_interfaces/local/lib/python3.10/dist-packages/tutorial_interfaces/msg/_num_s.c
[0.834s] -- Up-to-date: /home/zheka/Smart-Mobility-Engineering-Lab/ros2_ws/src/install/tutorial_interfaces/local/lib/python3.10/dist-packages/tutorial_interfaces/msg/_sphere_s.c
[0.834s] -- Up-to-date: /home/zheka/Smart-Mobility-Engineering-Lab/ros2_ws/src/install/tutorial_interfaces/local/lib/python3.10/dist-packages/tutorial_interfaces/tutorial_interfaces_s__rosidl_typesupport_fastrtps_c.cpython-310-aarch64-linux-gnu.so
[0.834s] -- Up-to-date: /home/zheka/Smart-Mobility-Engineering-Lab/ros2_ws/src/install/tutorial_interfaces/local/lib/python3.10/dist-packages/tutorial_interfaces/tutorial_interfaces_s__rosidl_typesupport_c.cpython-310-aarch64-linux-gnu.so
[0.834s] -- Up-to-date: /home/zheka/Smart-Mobility-Engineering-Lab/ros2_ws/src/install/tutorial_interfaces/local/lib/python3.10/dist-packages/tutorial_interfaces/_tutorial_interfaces_s.ep.rosidl_typesupport_introspection_c.c
[0.834s] -- Up-to-date: /home/zheka/Smart-Mobility-Engineering-Lab/ros2_ws/src/install/tutorial_interfaces/local/lib/python3.10/dist-packages/tutorial_interfaces/tutorial_interfaces_s__rosidl_typesupport_introspection_c.cpython-310-aarch64-linux-gnu.so
[0.834s] -- Up-to-date: /home/zheka/Smart-Mobility-Engineering-Lab/ros2_ws/src/install/tutorial_interfaces/local/lib/python3.10/dist-packages/tutorial_interfaces/srv
[0.834s] -- Up-to-date: /home/zheka/Smart-Mobility-Engineering-Lab/ros2_ws/src/install/tutorial_interfaces/local/lib/python3.10/dist-packages/tutorial_interfaces/srv/__init__.py
[0.834s] -- Up-to-date: /home/zheka/Smart-Mobility-Engineering-Lab/ros2_ws/src/install/tutorial_interfaces/local/lib/python3.10/dist-packages/tutorial_interfaces/srv/_add_three_ints_s.c
[0.834s] -- Up-to-date: /home/zheka/Smart-Mobility-Engineering-Lab/ros2_ws/src/install/tutorial_interfaces/local/lib/python3.10/dist-packages/tutorial_interfaces/srv/_add_three_ints.py
[0.849s] Listing '/home/zheka/Smart-Mobility-Engineering-Lab/ros2_ws/src/install/tutorial_interfaces/local/lib/python3.10/dist-packages/tutorial_interfaces'...
[0.849s] Listing '/home/zheka/Smart-Mobility-Engineering-Lab/ros2_ws/src/install/tutorial_interfaces/local/lib/python3.10/dist-packages/tutorial_interfaces/msg'...
[0.849s] Listing '/home/zheka/Smart-Mobility-Engineering-Lab/ros2_ws/src/install/tutorial_interfaces/local/lib/python3.10/dist-packages/tutorial_interfaces/srv'...
[0.852s] -- Up-to-date: /home/zheka/Smart-Mobility-Engineering-Lab/ros2_ws/src/install/tutorial_interfaces/local/lib/python3.10/dist-packages/tutorial_interfaces/tutorial_interfaces_s__rosidl_typesupport_fastrtps_c.cpython-310-aarch64-linux-gnu.so
[0.852s] -- Up-to-date: /home/zheka/Smart-Mobility-Engineering-Lab/ros2_ws/src/install/tutorial_interfaces/local/lib/python3.10/dist-packages/tutorial_interfaces/tutorial_interfaces_s__rosidl_typesupport_introspection_c.cpython-310-aarch64-linux-gnu.so
[0.852s] -- Up-to-date: /home/zheka/Smart-Mobility-Engineering-Lab/ros2_ws/src/install/tutorial_interfaces/local/lib/python3.10/dist-packages/tutorial_interfaces/tutorial_interfaces_s__rosidl_typesupport_c.cpython-310-aarch64-linux-gnu.so
[0.853s] -- Up-to-date: /home/zheka/Smart-Mobility-Engineering-Lab/ros2_ws/src/install/tutorial_interfaces/lib/libtutorial_interfaces__rosidl_generator_py.so
[0.853s] -- Up-to-date: /home/zheka/Smart-Mobility-Engineering-Lab/ros2_ws/src/install/tutorial_interfaces/share/tutorial_interfaces/msg/Num.idl
[0.853s] -- Up-to-date: /home/zheka/Smart-Mobility-Engineering-Lab/ros2_ws/src/install/tutorial_interfaces/share/tutorial_interfaces/msg/Sphere.idl
[0.853s] -- Up-to-date: /home/zheka/Smart-Mobility-Engineering-Lab/ros2_ws/src/install/tutorial_interfaces/share/tutorial_interfaces/srv/AddThreeInts.idl
[0.853s] -- Up-to-date: /home/zheka/Smart-Mobility-Engineering-Lab/ros2_ws/src/install/tutorial_interfaces/share/tutorial_interfaces/msg/Num.msg
[0.853s] -- Up-to-date: /home/zheka/Smart-Mobility-Engineering-Lab/ros2_ws/src/install/tutorial_interfaces/share/tutorial_interfaces/msg/Sphere.msg
[0.853s] -- Up-to-date: /home/zheka/Smart-Mobility-Engineering-Lab/ros2_ws/src/install/tutorial_interfaces/share/tutorial_interfaces/srv/AddThreeInts.srv
[0.853s] -- Up-to-date: /home/zheka/Smart-Mobility-Engineering-Lab/ros2_ws/src/install/tutorial_interfaces/share/tutorial_interfaces/srv/AddThreeInts_Request.msg
[0.853s] -- Up-to-date: /home/zheka/Smart-Mobility-Engineering-Lab/ros2_ws/src/install/tutorial_interfaces/share/tutorial_interfaces/srv/AddThreeInts_Response.msg
[0.853s] -- Up-to-date: /home/zheka/Smart-Mobility-Engineering-Lab/ros2_ws/src/install/tutorial_interfaces/share/ament_index/resource_index/package_run_dependencies/tutorial_interfaces
[0.853s] -- Up-to-date: /home/zheka/Smart-Mobility-Engineering-Lab/ros2_ws/src/install/tutorial_interfaces/share/ament_index/resource_index/parent_prefix_path/tutorial_interfaces
[0.853s] -- Up-to-date: /home/zheka/Smart-Mobility-Engineering-Lab/ros2_ws/src/install/tutorial_interfaces/share/tutorial_interfaces/environment/ament_prefix_path.sh
[0.853s] -- Up-to-date: /home/zheka/Smart-Mobility-Engineering-Lab/ros2_ws/src/install/tutorial_interfaces/share/tutorial_interfaces/environment/ament_prefix_path.dsv
[0.853s] -- Up-to-date: /home/zheka/Smart-Mobility-Engineering-Lab/ros2_ws/src/install/tutorial_interfaces/share/tutorial_interfaces/environment/path.sh
[0.854s] -- Up-to-date: /home/zheka/Smart-Mobility-Engineering-Lab/ros2_ws/src/install/tutorial_interfaces/share/tutorial_interfaces/environment/path.dsv
[0.854s] -- Up-to-date: /home/zheka/Smart-Mobility-Engineering-Lab/ros2_ws/src/install/tutorial_interfaces/share/tutorial_interfaces/local_setup.bash
[0.854s] -- Up-to-date: /home/zheka/Smart-Mobility-Engineering-Lab/ros2_ws/src/install/tutorial_interfaces/share/tutorial_interfaces/local_setup.sh
[0.854s] -- Up-to-date: /home/zheka/Smart-Mobility-Engineering-Lab/ros2_ws/src/install/tutorial_interfaces/share/tutorial_interfaces/local_setup.zsh
[0.854s] -- Up-to-date: /home/zheka/Smart-Mobility-Engineering-Lab/ros2_ws/src/install/tutorial_interfaces/share/tutorial_interfaces/local_setup.dsv
[0.854s] -- Installing: /home/zheka/Smart-Mobility-Engineering-Lab/ros2_ws/src/install/tutorial_interfaces/share/tutorial_interfaces/package.dsv
[0.854s] -- Up-to-date: /home/zheka/Smart-Mobility-Engineering-Lab/ros2_ws/src/install/tutorial_interfaces/share/ament_index/resource_index/packages/tutorial_interfaces
[0.855s] -- Up-to-date: /home/zheka/Smart-Mobility-Engineering-Lab/ros2_ws/src/install/tutorial_interfaces/share/tutorial_interfaces/cmake/export_tutorial_interfaces__rosidl_generator_cExport.cmake
[0.855s] -- Up-to-date: /home/zheka/Smart-Mobility-Engineering-Lab/ros2_ws/src/install/tutorial_interfaces/share/tutorial_interfaces/cmake/export_tutorial_interfaces__rosidl_generator_cExport-noconfig.cmake
[0.855s] -- Up-to-date: /home/zheka/Smart-Mobility-Engineering-Lab/ros2_ws/src/install/tutorial_interfaces/share/tutorial_interfaces/cmake/export_tutorial_interfaces__rosidl_typesupport_fastrtps_cExport.cmake
[0.856s] -- Up-to-date: /home/zheka/Smart-Mobility-Engineering-Lab/ros2_ws/src/install/tutorial_interfaces/share/tutorial_interfaces/cmake/export_tutorial_interfaces__rosidl_typesupport_fastrtps_cExport-noconfig.cmake
[0.856s] -- Up-to-date: /home/zheka/Smart-Mobility-Engineering-Lab/ros2_ws/src/install/tutorial_interfaces/share/tutorial_interfaces/cmake/export_tutorial_interfaces__rosidl_generator_cppExport.cmake
[0.856s] -- Up-to-date: /home/zheka/Smart-Mobility-Engineering-Lab/ros2_ws/src/install/tutorial_interfaces/share/tutorial_interfaces/cmake/export_tutorial_interfaces__rosidl_typesupport_fastrtps_cppExport.cmake
[0.856s] -- Up-to-date: /home/zheka/Smart-Mobility-Engineering-Lab/ros2_ws/src/install/tutorial_interfaces/share/tutorial_interfaces/cmake/export_tutorial_interfaces__rosidl_typesupport_fastrtps_cppExport-noconfig.cmake
[0.856s] -- Up-to-date: /home/zheka/Smart-Mobility-Engineering-Lab/ros2_ws/src/install/tutorial_interfaces/share/tutorial_interfaces/cmake/tutorial_interfaces__rosidl_typesupport_introspection_cExport.cmake
[0.857s] -- Up-to-date: /home/zheka/Smart-Mobility-Engineering-Lab/ros2_ws/src/install/tutorial_interfaces/share/tutorial_interfaces/cmake/tutorial_interfaces__rosidl_typesupport_introspection_cExport-noconfig.cmake
[0.857s] -- Up-to-date: /home/zheka/Smart-Mobility-Engineering-Lab/ros2_ws/src/install/tutorial_interfaces/share/tutorial_interfaces/cmake/tutorial_interfaces__rosidl_typesupport_cExport.cmake
[0.857s] -- Up-to-date: /home/zheka/Smart-Mobility-Engineering-Lab/ros2_ws/src/install/tutorial_interfaces/share/tutorial_interfaces/cmake/tutorial_interfaces__rosidl_typesupport_cExport-noconfig.cmake
[0.857s] -- Up-to-date: /home/zheka/Smart-Mobility-Engineering-Lab/ros2_ws/src/install/tutorial_interfaces/share/tutorial_interfaces/cmake/tutorial_interfaces__rosidl_typesupport_introspection_cppExport.cmake
[0.857s] -- Up-to-date: /home/zheka/Smart-Mobility-Engineering-Lab/ros2_ws/src/install/tutorial_interfaces/share/tutorial_interfaces/cmake/tutorial_interfaces__rosidl_typesupport_introspection_cppExport-noconfig.cmake
[0.858s] -- Up-to-date: /home/zheka/Smart-Mobility-Engineering-Lab/ros2_ws/src/install/tutorial_interfaces/share/tutorial_interfaces/cmake/tutorial_interfaces__rosidl_typesupport_cppExport.cmake
[0.858s] -- Up-to-date: /home/zheka/Smart-Mobility-Engineering-Lab/ros2_ws/src/install/tutorial_interfaces/share/tutorial_interfaces/cmake/tutorial_interfaces__rosidl_typesupport_cppExport-noconfig.cmake
[0.858s] -- Up-to-date: /home/zheka/Smart-Mobility-Engineering-Lab/ros2_ws/src/install/tutorial_interfaces/share/tutorial_interfaces/cmake/export_tutorial_interfaces__rosidl_generator_pyExport.cmake
[0.858s] -- Up-to-date: /home/zheka/Smart-Mobility-Engineering-Lab/ros2_ws/src/install/tutorial_interfaces/share/tutorial_interfaces/cmake/export_tutorial_interfaces__rosidl_generator_pyExport-noconfig.cmake
[0.858s] -- Up-to-date: /home/zheka/Smart-Mobility-Engineering-Lab/ros2_ws/src/install/tutorial_interfaces/share/tutorial_interfaces/cmake/rosidl_cmake-extras.cmake
[0.858s] -- Up-to-date: /home/zheka/Smart-Mobility-Engineering-Lab/ros2_ws/src/install/tutorial_interfaces/share/tutorial_interfaces/cmake/ament_cmake_export_dependencies-extras.cmake
[0.858s] -- Up-to-date: /home/zheka/Smart-Mobility-Engineering-Lab/ros2_ws/src/install/tutorial_interfaces/share/tutorial_interfaces/cmake/ament_cmake_export_include_directories-extras.cmake
[0.858s] -- Up-to-date: /home/zheka/Smart-Mobility-Engineering-Lab/ros2_ws/src/install/tutorial_interfaces/share/tutorial_interfaces/cmake/ament_cmake_export_libraries-extras.cmake
[0.858s] -- Up-to-date: /home/zheka/Smart-Mobility-Engineering-Lab/ros2_ws/src/install/tutorial_interfaces/share/tutorial_interfaces/cmake/ament_cmake_export_targets-extras.cmake
[0.858s] -- Up-to-date: /home/zheka/Smart-Mobility-Engineering-Lab/ros2_ws/src/install/tutorial_interfaces/share/tutorial_interfaces/cmake/rosidl_cmake_export_typesupport_targets-extras.cmake
[0.858s] -- Up-to-date: /home/zheka/Smart-Mobility-Engineering-Lab/ros2_ws/src/install/tutorial_interfaces/share/tutorial_interfaces/cmake/rosidl_cmake_export_typesupport_libraries-extras.cmake
[0.858s] -- Up-to-date: /home/zheka/Smart-Mobility-Engineering-Lab/ros2_ws/src/install/tutorial_interfaces/share/tutorial_interfaces/cmake/tutorial_interfacesConfig.cmake
[0.859s] -- Up-to-date: /home/zheka/Smart-Mobility-Engineering-Lab/ros2_ws/src/install/tutorial_interfaces/share/tutorial_interfaces/cmake/tutorial_interfacesConfig-version.cmake
[0.859s] -- Up-to-date: /home/zheka/Smart-Mobility-Engineering-Lab/ros2_ws/src/install/tutorial_interfaces/share/tutorial_interfaces/package.xml
[0.885s] Invoked command in '/home/zheka/Smart-Mobility-Engineering-Lab/ros2_ws/src/build/tutorial_interfaces' returned '0': CMAKE_PREFIX_PATH=/opt/ros/humble /usr/bin/cmake --install /home/zheka/Smart-Mobility-Engineering-Lab/ros2_ws/src/build/tutorial_interfaces
