[0.353s] Invoking command in '/home/zheka/Smart-Mobility-Engineering-Lab/ros2_ws/src/python_parameters': PYTHONPATH=/home/zheka/Smart-Mobility-Engineering-Lab/ros2_ws/build/python_parameters/prefix_override:/home/zheka/Smart-Mobility-Engineering-Lab/ros2_ws/install/python_parameters/lib/python3.10/site-packages:${PYTHONPATH} /usr/bin/python3 setup.py egg_info --egg-base ../../build/python_parameters build --build-base /home/zheka/Smart-Mobility-Engineering-Lab/ros2_ws/build/python_parameters/build install --record /home/zheka/Smart-Mobility-Engineering-Lab/ros2_ws/build/python_parameters/install.log --single-version-externally-managed
[0.471s] running egg_info
[0.471s] writing ../../build/python_parameters/python_parameters.egg-info/PKG-INFO
[0.471s] writing dependency_links to ../../build/python_parameters/python_parameters.egg-info/dependency_links.txt
[0.471s] writing entry points to ../../build/python_parameters/python_parameters.egg-info/entry_points.txt
[0.472s] writing requirements to ../../build/python_parameters/python_parameters.egg-info/requires.txt
[0.472s] writing top-level names to ../../build/python_parameters/python_parameters.egg-info/top_level.txt
[0.472s] reading manifest file '../../build/python_parameters/python_parameters.egg-info/SOURCES.txt'
[0.473s] writing manifest file '../../build/python_parameters/python_parameters.egg-info/SOURCES.txt'
[0.473s] running build
[0.473s] running build_py
[0.473s] running install
[0.473s] running install_lib
[0.474s] running install_data
[0.474s] running install_egg_info
[0.475s] removing '/home/zheka/Smart-Mobility-Engineering-Lab/ros2_ws/install/python_parameters/lib/python3.10/site-packages/python_parameters-0.0.0-py3.10.egg-info' (and everything under it)
[0.475s] Copying ../../build/python_parameters/python_parameters.egg-info to /home/zheka/Smart-Mobility-Engineering-Lab/ros2_ws/install/python_parameters/lib/python3.10/site-packages/python_parameters-0.0.0-py3.10.egg-info
[0.475s] running install_scripts
[0.485s] Installing minimal_param_node script to /home/zheka/Smart-Mobility-Engineering-Lab/ros2_ws/install/python_parameters/lib/python_parameters
[0.485s] writing list of installed files to '/home/zheka/Smart-Mobility-Engineering-Lab/ros2_ws/build/python_parameters/install.log'
[0.499s] Invoked command in '/home/zheka/Smart-Mobility-Engineering-Lab/ros2_ws/src/python_parameters' returned '0': PYTHONPATH=/home/zheka/Smart-Mobility-Engineering-Lab/ros2_ws/build/python_parameters/prefix_override:/home/zheka/Smart-Mobility-Engineering-Lab/ros2_ws/install/python_parameters/lib/python3.10/site-packages:${PYTHONPATH} /usr/bin/python3 setup.py egg_info --egg-base ../../build/python_parameters build --build-base /home/zheka/Smart-Mobility-Engineering-Lab/ros2_ws/build/python_parameters/build install --record /home/zheka/Smart-Mobility-Engineering-Lab/ros2_ws/build/python_parameters/install.log --single-version-externally-managed
