[0.363s] Invoking command in '/home/zheka/Smart-Mobility-Engineering-Lab/ros2_ws/src/py_srvcli': AMENT_PREFIX_PATH=/home/zheka/Smart-Mobility-Engineering-Lab/ros2_ws/src/install/tutorial_interfaces:${AMENT_PREFIX_PATH} CMAKE_PREFIX_PATH=/home/zheka/Smart-Mobility-Engineering-Lab/ros2_ws/src/install/tutorial_interfaces LD_LIBRARY_PATH=/home/zheka/Smart-Mobility-Engineering-Lab/ros2_ws/src/install/tutorial_interfaces/lib:${LD_LIBRARY_PATH} PYTHONPATH=/home/zheka/Smart-Mobility-Engineering-Lab/ros2_ws/src/build/py_srvcli/prefix_override:/home/zheka/Smart-Mobility-Engineering-Lab/ros2_ws/src/install/py_srvcli/lib/python3.10/site-packages:/home/zheka/Smart-Mobility-Engineering-Lab/ros2_ws/src/install/tutorial_interfaces/local/lib/python3.10/dist-packages:${PYTHONPATH} /usr/bin/python3 setup.py egg_info --egg-base ../build/py_srvcli build --build-base /home/zheka/Smart-Mobility-Engineering-Lab/ros2_ws/src/build/py_srvcli/build install --record /home/zheka/Smart-Mobility-Engineering-Lab/ros2_ws/src/build/py_srvcli/install.log --single-version-externally-managed
[0.481s] running egg_info
[0.481s] creating ../build/py_srvcli/py_srvcli.egg-info
[0.481s] writing ../build/py_srvcli/py_srvcli.egg-info/PKG-INFO
[0.481s] writing dependency_links to ../build/py_srvcli/py_srvcli.egg-info/dependency_links.txt
[0.481s] writing entry points to ../build/py_srvcli/py_srvcli.egg-info/entry_points.txt
[0.482s] writing requirements to ../build/py_srvcli/py_srvcli.egg-info/requires.txt
[0.482s] writing top-level names to ../build/py_srvcli/py_srvcli.egg-info/top_level.txt
[0.482s] writing manifest file '../build/py_srvcli/py_srvcli.egg-info/SOURCES.txt'
[0.482s] reading manifest file '../build/py_srvcli/py_srvcli.egg-info/SOURCES.txt'
[0.483s] writing manifest file '../build/py_srvcli/py_srvcli.egg-info/SOURCES.txt'
[0.483s] running build
[0.483s] running build_py
[0.483s] creating /home/zheka/Smart-Mobility-Engineering-Lab/ros2_ws/src/build/py_srvcli/build
[0.483s] creating /home/zheka/Smart-Mobility-Engineering-Lab/ros2_ws/src/build/py_srvcli/build/lib
[0.483s] creating /home/zheka/Smart-Mobility-Engineering-Lab/ros2_ws/src/build/py_srvcli/build/lib/py_srvcli
[0.483s] copying py_srvcli/__init__.py -> /home/zheka/Smart-Mobility-Engineering-Lab/ros2_ws/src/build/py_srvcli/build/lib/py_srvcli
[0.483s] copying py_srvcli/client_member_function.py -> /home/zheka/Smart-Mobility-Engineering-Lab/ros2_ws/src/build/py_srvcli/build/lib/py_srvcli
[0.484s] copying py_srvcli/service_member_function.py -> /home/zheka/Smart-Mobility-Engineering-Lab/ros2_ws/src/build/py_srvcli/build/lib/py_srvcli
[0.484s] running install
[0.484s] running install_lib
[0.485s] creating /home/zheka/Smart-Mobility-Engineering-Lab/ros2_ws/src/install/py_srvcli/lib/python3.10/site-packages/py_srvcli
[0.485s] copying /home/zheka/Smart-Mobility-Engineering-Lab/ros2_ws/src/build/py_srvcli/build/lib/py_srvcli/__init__.py -> /home/zheka/Smart-Mobility-Engineering-Lab/ros2_ws/src/install/py_srvcli/lib/python3.10/site-packages/py_srvcli
[0.485s] copying /home/zheka/Smart-Mobility-Engineering-Lab/ros2_ws/src/build/py_srvcli/build/lib/py_srvcli/client_member_function.py -> /home/zheka/Smart-Mobility-Engineering-Lab/ros2_ws/src/install/py_srvcli/lib/python3.10/site-packages/py_srvcli
[0.485s] copying /home/zheka/Smart-Mobility-Engineering-Lab/ros2_ws/src/build/py_srvcli/build/lib/py_srvcli/service_member_function.py -> /home/zheka/Smart-Mobility-Engineering-Lab/ros2_ws/src/install/py_srvcli/lib/python3.10/site-packages/py_srvcli
[0.485s] byte-compiling /home/zheka/Smart-Mobility-Engineering-Lab/ros2_ws/src/install/py_srvcli/lib/python3.10/site-packages/py_srvcli/__init__.py to __init__.cpython-310.pyc
[0.485s] byte-compiling /home/zheka/Smart-Mobility-Engineering-Lab/ros2_ws/src/install/py_srvcli/lib/python3.10/site-packages/py_srvcli/client_member_function.py to client_member_function.cpython-310.pyc
[0.485s] byte-compiling /home/zheka/Smart-Mobility-Engineering-Lab/ros2_ws/src/install/py_srvcli/lib/python3.10/site-packages/py_srvcli/service_member_function.py to service_member_function.cpython-310.pyc
[0.485s] running install_data
[0.486s] creating /home/zheka/Smart-Mobility-Engineering-Lab/ros2_ws/src/install/py_srvcli/share/ament_index
[0.486s] creating /home/zheka/Smart-Mobility-Engineering-Lab/ros2_ws/src/install/py_srvcli/share/ament_index/resource_index
[0.486s] creating /home/zheka/Smart-Mobility-Engineering-Lab/ros2_ws/src/install/py_srvcli/share/ament_index/resource_index/packages
[0.486s] copying resource/py_srvcli -> /home/zheka/Smart-Mobility-Engineering-Lab/ros2_ws/src/install/py_srvcli/share/ament_index/resource_index/packages
[0.486s] copying package.xml -> /home/zheka/Smart-Mobility-Engineering-Lab/ros2_ws/src/install/py_srvcli/share/py_srvcli
[0.486s] running install_egg_info
[0.487s] Copying ../build/py_srvcli/py_srvcli.egg-info to /home/zheka/Smart-Mobility-Engineering-Lab/ros2_ws/src/install/py_srvcli/lib/python3.10/site-packages/py_srvcli-0.0.0-py3.10.egg-info
[0.487s] running install_scripts
[0.497s] Installing client script to /home/zheka/Smart-Mobility-Engineering-Lab/ros2_ws/src/install/py_srvcli/lib/py_srvcli
[0.497s] Installing service script to /home/zheka/Smart-Mobility-Engineering-Lab/ros2_ws/src/install/py_srvcli/lib/py_srvcli
[0.497s] writing list of installed files to '/home/zheka/Smart-Mobility-Engineering-Lab/ros2_ws/src/build/py_srvcli/install.log'
[0.510s] Invoked command in '/home/zheka/Smart-Mobility-Engineering-Lab/ros2_ws/src/py_srvcli' returned '0': AMENT_PREFIX_PATH=/home/zheka/Smart-Mobility-Engineering-Lab/ros2_ws/src/install/tutorial_interfaces:${AMENT_PREFIX_PATH} CMAKE_PREFIX_PATH=/home/zheka/Smart-Mobility-Engineering-Lab/ros2_ws/src/install/tutorial_interfaces LD_LIBRARY_PATH=/home/zheka/Smart-Mobility-Engineering-Lab/ros2_ws/src/install/tutorial_interfaces/lib:${LD_LIBRARY_PATH} PYTHONPATH=/home/zheka/Smart-Mobility-Engineering-Lab/ros2_ws/src/build/py_srvcli/prefix_override:/home/zheka/Smart-Mobility-Engineering-Lab/ros2_ws/src/install/py_srvcli/lib/python3.10/site-packages:/home/zheka/Smart-Mobility-Engineering-Lab/ros2_ws/src/install/tutorial_interfaces/local/lib/python3.10/dist-packages:${PYTHONPATH} /usr/bin/python3 setup.py egg_info --egg-base ../build/py_srvcli build --build-base /home/zheka/Smart-Mobility-Engineering-Lab/ros2_ws/src/build/py_srvcli/build install --record /home/zheka/Smart-Mobility-Engineering-Lab/ros2_ws/src/build/py_srvcli/install.log --single-version-externally-managed
