[0.422s] Invoking command in '/home/zheka/Smart-Mobility-Engineering-Lab/ros2_ws/src/python_parameters': PYTHONPATH=/home/zheka/Smart-Mobility-Engineering-Lab/ros2_ws/src/build/python_parameters/prefix_override:/home/zheka/Smart-Mobility-Engineering-Lab/ros2_ws/src/install/python_parameters/lib/python3.10/site-packages:${PYTHONPATH} /usr/bin/python3 setup.py egg_info --egg-base ../build/python_parameters build --build-base /home/zheka/Smart-Mobility-Engineering-Lab/ros2_ws/src/build/python_parameters/build install --record /home/zheka/Smart-Mobility-Engineering-Lab/ros2_ws/src/build/python_parameters/install.log --single-version-externally-managed
[0.556s] running egg_info
[0.557s] writing ../build/python_parameters/python_parameters.egg-info/PKG-INFO
[0.557s] writing dependency_links to ../build/python_parameters/python_parameters.egg-info/dependency_links.txt
[0.558s] writing entry points to ../build/python_parameters/python_parameters.egg-info/entry_points.txt
[0.558s] writing requirements to ../build/python_parameters/python_parameters.egg-info/requires.txt
[0.558s] writing top-level names to ../build/python_parameters/python_parameters.egg-info/top_level.txt
[0.559s] reading manifest file '../build/python_parameters/python_parameters.egg-info/SOURCES.txt'
[0.561s] writing manifest file '../build/python_parameters/python_parameters.egg-info/SOURCES.txt'
[0.561s] running build
[0.561s] running build_py
[0.561s] running install
[0.561s] running install_lib
[0.562s] running install_data
[0.563s] running install_egg_info
[0.564s] removing '/home/zheka/Smart-Mobility-Engineering-Lab/ros2_ws/src/install/python_parameters/lib/python3.10/site-packages/python_parameters-0.0.0-py3.10.egg-info' (and everything under it)
[0.564s] Copying ../build/python_parameters/python_parameters.egg-info to /home/zheka/Smart-Mobility-Engineering-Lab/ros2_ws/src/install/python_parameters/lib/python3.10/site-packages/python_parameters-0.0.0-py3.10.egg-info
[0.565s] running install_scripts
[0.576s] Installing minimal_param_node script to /home/zheka/Smart-Mobility-Engineering-Lab/ros2_ws/src/install/python_parameters/lib/python_parameters
[0.576s] writing list of installed files to '/home/zheka/Smart-Mobility-Engineering-Lab/ros2_ws/src/build/python_parameters/install.log'
[0.607s] Invoked command in '/home/zheka/Smart-Mobility-Engineering-Lab/ros2_ws/src/python_parameters' returned '0': PYTHONPATH=/home/zheka/Smart-Mobility-Engineering-Lab/ros2_ws/src/build/python_parameters/prefix_override:/home/zheka/Smart-Mobility-Engineering-Lab/ros2_ws/src/install/python_parameters/lib/python3.10/site-packages:${PYTHONPATH} /usr/bin/python3 setup.py egg_info --egg-base ../build/python_parameters build --build-base /home/zheka/Smart-Mobility-Engineering-Lab/ros2_ws/src/build/python_parameters/build install --record /home/zheka/Smart-Mobility-Engineering-Lab/ros2_ws/src/build/python_parameters/install.log --single-version-externally-managed
