[0.612s] Invoking command in '/home/zheka/Smart-Mobility-Engineering-Lab/launch_ws/src/py_launch_example': PYTHONPATH=/home/zheka/Smart-Mobility-Engineering-Lab/launch_ws/build/py_launch_example/prefix_override:/home/zheka/Smart-Mobility-Engineering-Lab/launch_ws/install/py_launch_example/lib/python3.10/site-packages:${PYTHONPATH} /usr/bin/python3 setup.py egg_info --egg-base ../../build/py_launch_example build --build-base /home/zheka/Smart-Mobility-Engineering-Lab/launch_ws/build/py_launch_example/build install --record /home/zheka/Smart-Mobility-Engineering-Lab/launch_ws/build/py_launch_example/install.log --single-version-externally-managed
[0.761s] running egg_info
[0.761s] writing ../../build/py_launch_example/py_launch_example.egg-info/PKG-INFO
[0.761s] writing dependency_links to ../../build/py_launch_example/py_launch_example.egg-info/dependency_links.txt
[0.761s] writing entry points to ../../build/py_launch_example/py_launch_example.egg-info/entry_points.txt
[0.761s] writing requirements to ../../build/py_launch_example/py_launch_example.egg-info/requires.txt
[0.761s] writing top-level names to ../../build/py_launch_example/py_launch_example.egg-info/top_level.txt
[0.761s] reading manifest file '../../build/py_launch_example/py_launch_example.egg-info/SOURCES.txt'
[0.761s] writing manifest file '../../build/py_launch_example/py_launch_example.egg-info/SOURCES.txt'
[0.761s] running build
[0.761s] running build_py
[0.762s] running install
[0.762s] running install_lib
[0.766s] running install_data
[0.766s] running install_egg_info
[0.767s] removing '/home/zheka/Smart-Mobility-Engineering-Lab/launch_ws/install/py_launch_example/lib/python3.10/site-packages/py_launch_example-0.0.0-py3.10.egg-info' (and everything under it)
[0.767s] Copying ../../build/py_launch_example/py_launch_example.egg-info to /home/zheka/Smart-Mobility-Engineering-Lab/launch_ws/install/py_launch_example/lib/python3.10/site-packages/py_launch_example-0.0.0-py3.10.egg-info
[0.768s] running install_scripts
[0.782s] writing list of installed files to '/home/zheka/Smart-Mobility-Engineering-Lab/launch_ws/build/py_launch_example/install.log'
[0.836s] Invoked command in '/home/zheka/Smart-Mobility-Engineering-Lab/launch_ws/src/py_launch_example' returned '0': PYTHONPATH=/home/zheka/Smart-Mobility-Engineering-Lab/launch_ws/build/py_launch_example/prefix_override:/home/zheka/Smart-Mobility-Engineering-Lab/launch_ws/install/py_launch_example/lib/python3.10/site-packages:${PYTHONPATH} /usr/bin/python3 setup.py egg_info --egg-base ../../build/py_launch_example build --build-base /home/zheka/Smart-Mobility-Engineering-Lab/launch_ws/build/py_launch_example/build install --record /home/zheka/Smart-Mobility-Engineering-Lab/launch_ws/build/py_launch_example/install.log --single-version-externally-managed
