[0.049s] Invoking command in '/home/zheka/Smart-Mobility-Engineering-Lab/ros2_ws/src/build/urdf_tutorial': /usr/bin/cmake /home/zheka/Smart-Mobility-Engineering-Lab/ros2_ws/src/urdf_tutorial -DCATKIN_INSTALL_INTO_PREFIX_ROOT=0 -DCMAKE_INSTALL_PREFIX=/home/zheka/Smart-Mobility-Engineering-Lab/ros2_ws/src/install/urdf_tutorial
[0.128s] -- The C compiler identification is GNU 11.4.0
[0.257s] -- The CXX compiler identification is GNU 11.4.0
[0.273s] -- Detecting C compiler ABI info
[0.418s] -- Detecting C compiler ABI info - done
[0.424s] -- Check for working C compiler: /usr/bin/cc - skipped
[0.424s] -- Detecting C compile features
[0.424s] -- Detecting C compile features - done
[0.427s] -- Detecting CXX compiler ABI info
[0.596s] -- Detecting CXX compiler ABI info - done
[0.599s] -- Check for working CXX compiler: /usr/bin/c++ - skipped
[0.600s] -- Detecting CXX compile features
[0.600s] -- Detecting CXX compile features - done
[0.607s] [31mCMake Error at CMakeLists.txt:4 (find_package):
[0.607s]   By not providing "Findcatkin.cmake" in CMAKE_MODULE_PATH this project has
[0.607s]   asked CMake to find a package configuration file provided by "catkin", but
[0.607s]   CMake did not find one.
[0.607s] 
[0.607s]   Could not find a package configuration file provided by "catkin" with any
[0.607s]   of the following names:
[0.607s] 
[0.607s]     catkinConfig.cmake
[0.607s]     catkin-config.cmake
[0.607s] 
[0.607s]   Add the installation prefix of "catkin" to CMAKE_PREFIX_PATH or set
[0.607s]   "catkin_DIR" to a directory containing one of the above files.  If "catkin"
[0.607s]   provides a separate development package or SDK, be sure it has been
[0.608s]   installed.
[0.608s] 
[0.608s] [0m
[0.608s] -- Configuring incomplete, errors occurred!
[0.608s] See also "/home/zheka/Smart-Mobility-Engineering-Lab/ros2_ws/src/build/urdf_tutorial/CMakeFiles/CMakeOutput.log".
[0.614s] Invoked command in '/home/zheka/Smart-Mobility-Engineering-Lab/ros2_ws/src/build/urdf_tutorial' returned '1': /usr/bin/cmake /home/zheka/Smart-Mobility-Engineering-Lab/ros2_ws/src/urdf_tutorial -DCATKIN_INSTALL_INTO_PREFIX_ROOT=0 -DCMAKE_INSTALL_PREFIX=/home/zheka/Smart-Mobility-Engineering-Lab/ros2_ws/src/install/urdf_tutorial
