[0.083s] Invoking command in '/home/risimon/mateEZ/vip1_ws/build/turtlebot3_simulations': AMENT_PREFIX_PATH=/home/risimon/mateEZ/vip1_ws/install/turtlebot3_gazebo:/home/risimon/mateEZ/vip1_ws/install/turtlebot3_fake_node:${AMENT_PREFIX_PATH} CMAKE_PREFIX_PATH=/home/risimon/mateEZ/vip1_ws/install/turtlebot3_gazebo:/home/risimon/mateEZ/vip1_ws/install/turtlebot3_fake_node:/home/risimon/turtlebot3_ws/install/turtlebot3_simulations:/home/risimon/turtlebot3_ws/install/turtlebot3_gazebo:/home/risimon/turtlebot3_ws/install/turtlebot3_fake_node:/home/risimon/turtlebot3_ws/install/turtlebot3_safety:/home/risimon/turtlebot3_ws/install/turtlebot3_battery_status:/home/risimon/tst/install/turtlebot3_safety:/opt/ros/humble /usr/bin/cmake --build /home/risimon/mateEZ/vip1_ws/build/turtlebot3_simulations -- -j8 -l8
[0.152s] Invoked command in '/home/risimon/mateEZ/vip1_ws/build/turtlebot3_simulations' returned '0': AMENT_PREFIX_PATH=/home/risimon/mateEZ/vip1_ws/install/turtlebot3_gazebo:/home/risimon/mateEZ/vip1_ws/install/turtlebot3_fake_node:${AMENT_PREFIX_PATH} CMAKE_PREFIX_PATH=/home/risimon/mateEZ/vip1_ws/install/turtlebot3_gazebo:/home/risimon/mateEZ/vip1_ws/install/turtlebot3_fake_node:/home/risimon/turtlebot3_ws/install/turtlebot3_simulations:/home/risimon/turtlebot3_ws/install/turtlebot3_gazebo:/home/risimon/turtlebot3_ws/install/turtlebot3_fake_node:/home/risimon/turtlebot3_ws/install/turtlebot3_safety:/home/risimon/turtlebot3_ws/install/turtlebot3_battery_status:/home/risimon/tst/install/turtlebot3_safety:/opt/ros/humble /usr/bin/cmake --build /home/risimon/mateEZ/vip1_ws/build/turtlebot3_simulations -- -j8 -l8
[0.197s] Invoking command in '/home/risimon/mateEZ/vip1_ws/build/turtlebot3_simulations': AMENT_PREFIX_PATH=/home/risimon/mateEZ/vip1_ws/install/turtlebot3_gazebo:/home/risimon/mateEZ/vip1_ws/install/turtlebot3_fake_node:${AMENT_PREFIX_PATH} CMAKE_PREFIX_PATH=/home/risimon/mateEZ/vip1_ws/install/turtlebot3_gazebo:/home/risimon/mateEZ/vip1_ws/install/turtlebot3_fake_node:/home/risimon/turtlebot3_ws/install/turtlebot3_simulations:/home/risimon/turtlebot3_ws/install/turtlebot3_gazebo:/home/risimon/turtlebot3_ws/install/turtlebot3_fake_node:/home/risimon/turtlebot3_ws/install/turtlebot3_safety:/home/risimon/turtlebot3_ws/install/turtlebot3_battery_status:/home/risimon/tst/install/turtlebot3_safety:/opt/ros/humble /usr/bin/cmake --install /home/risimon/mateEZ/vip1_ws/build/turtlebot3_simulations
[0.207s] -- Install configuration: ""
[0.207s] -- Up-to-date: /home/risimon/mateEZ/vip1_ws/install/turtlebot3_simulations/share/ament_index/resource_index/package_run_dependencies/turtlebot3_simulations
[0.207s] -- Up-to-date: /home/risimon/mateEZ/vip1_ws/install/turtlebot3_simulations/share/ament_index/resource_index/parent_prefix_path/turtlebot3_simulations
[0.207s] -- Up-to-date: /home/risimon/mateEZ/vip1_ws/install/turtlebot3_simulations/share/turtlebot3_simulations/environment/ament_prefix_path.sh
[0.207s] -- Up-to-date: /home/risimon/mateEZ/vip1_ws/install/turtlebot3_simulations/share/turtlebot3_simulations/environment/ament_prefix_path.dsv
[0.207s] -- Up-to-date: /home/risimon/mateEZ/vip1_ws/install/turtlebot3_simulations/share/turtlebot3_simulations/environment/path.sh
[0.208s] -- Up-to-date: /home/risimon/mateEZ/vip1_ws/install/turtlebot3_simulations/share/turtlebot3_simulations/environment/path.dsv
[0.208s] -- Up-to-date: /home/risimon/mateEZ/vip1_ws/install/turtlebot3_simulations/share/turtlebot3_simulations/local_setup.bash
[0.208s] -- Up-to-date: /home/risimon/mateEZ/vip1_ws/install/turtlebot3_simulations/share/turtlebot3_simulations/local_setup.sh
[0.208s] -- Up-to-date: /home/risimon/mateEZ/vip1_ws/install/turtlebot3_simulations/share/turtlebot3_simulations/local_setup.zsh
[0.208s] -- Up-to-date: /home/risimon/mateEZ/vip1_ws/install/turtlebot3_simulations/share/turtlebot3_simulations/local_setup.dsv
[0.208s] -- Up-to-date: /home/risimon/mateEZ/vip1_ws/install/turtlebot3_simulations/share/turtlebot3_simulations/package.dsv
[0.208s] -- Up-to-date: /home/risimon/mateEZ/vip1_ws/install/turtlebot3_simulations/share/ament_index/resource_index/packages/turtlebot3_simulations
[0.208s] -- Up-to-date: /home/risimon/mateEZ/vip1_ws/install/turtlebot3_simulations/share/turtlebot3_simulations/cmake/turtlebot3_simulationsConfig.cmake
[0.209s] -- Up-to-date: /home/risimon/mateEZ/vip1_ws/install/turtlebot3_simulations/share/turtlebot3_simulations/cmake/turtlebot3_simulationsConfig-version.cmake
[0.209s] -- Up-to-date: /home/risimon/mateEZ/vip1_ws/install/turtlebot3_simulations/share/turtlebot3_simulations/package.xml
[0.210s] Invoked command in '/home/risimon/mateEZ/vip1_ws/build/turtlebot3_simulations' returned '0': AMENT_PREFIX_PATH=/home/risimon/mateEZ/vip1_ws/install/turtlebot3_gazebo:/home/risimon/mateEZ/vip1_ws/install/turtlebot3_fake_node:${AMENT_PREFIX_PATH} CMAKE_PREFIX_PATH=/home/risimon/mateEZ/vip1_ws/install/turtlebot3_gazebo:/home/risimon/mateEZ/vip1_ws/install/turtlebot3_fake_node:/home/risimon/turtlebot3_ws/install/turtlebot3_simulations:/home/risimon/turtlebot3_ws/install/turtlebot3_gazebo:/home/risimon/turtlebot3_ws/install/turtlebot3_fake_node:/home/risimon/turtlebot3_ws/install/turtlebot3_safety:/home/risimon/turtlebot3_ws/install/turtlebot3_battery_status:/home/risimon/tst/install/turtlebot3_safety:/opt/ros/humble /usr/bin/cmake --install /home/risimon/mateEZ/vip1_ws/build/turtlebot3_simulations
