[0.342s] Invoking command in '/home/zheka/Smart-Mobility-Engineering-Lab/ros2_ws/src/py_srvcli': PYTHONPATH=/home/zheka/Smart-Mobility-Engineering-Lab/ros2_ws/build/py_srvcli/prefix_override:/home/zheka/Smart-Mobility-Engineering-Lab/ros2_ws/install/py_srvcli/lib/python3.10/site-packages:${PYTHONPATH} /usr/bin/python3 setup.py egg_info --egg-base ../../build/py_srvcli build --build-base /home/zheka/Smart-Mobility-Engineering-Lab/ros2_ws/build/py_srvcli/build install --record /home/zheka/Smart-Mobility-Engineering-Lab/ros2_ws/build/py_srvcli/install.log --single-version-externally-managed
[0.457s] running egg_info
[0.458s] creating ../../build/py_srvcli/py_srvcli.egg-info
[0.458s] writing ../../build/py_srvcli/py_srvcli.egg-info/PKG-INFO
[0.458s] writing dependency_links to ../../build/py_srvcli/py_srvcli.egg-info/dependency_links.txt
[0.458s] writing entry points to ../../build/py_srvcli/py_srvcli.egg-info/entry_points.txt
[0.458s] writing requirements to ../../build/py_srvcli/py_srvcli.egg-info/requires.txt
[0.458s] writing top-level names to ../../build/py_srvcli/py_srvcli.egg-info/top_level.txt
[0.458s] writing manifest file '../../build/py_srvcli/py_srvcli.egg-info/SOURCES.txt'
[0.459s] reading manifest file '../../build/py_srvcli/py_srvcli.egg-info/SOURCES.txt'
[0.459s] writing manifest file '../../build/py_srvcli/py_srvcli.egg-info/SOURCES.txt'
[0.459s] running build
[0.459s] running build_py
[0.459s] creating /home/zheka/Smart-Mobility-Engineering-Lab/ros2_ws/build/py_srvcli/build
[0.459s] creating /home/zheka/Smart-Mobility-Engineering-Lab/ros2_ws/build/py_srvcli/build/lib
[0.459s] creating /home/zheka/Smart-Mobility-Engineering-Lab/ros2_ws/build/py_srvcli/build/lib/py_srvcli
[0.459s] copying py_srvcli/__init__.py -> /home/zheka/Smart-Mobility-Engineering-Lab/ros2_ws/build/py_srvcli/build/lib/py_srvcli
[0.460s] copying py_srvcli/client_member_function.py -> /home/zheka/Smart-Mobility-Engineering-Lab/ros2_ws/build/py_srvcli/build/lib/py_srvcli
[0.460s] copying py_srvcli/service_member_function.py -> /home/zheka/Smart-Mobility-Engineering-Lab/ros2_ws/build/py_srvcli/build/lib/py_srvcli
[0.460s] running install
[0.460s] running install_lib
[0.460s] creating /home/zheka/Smart-Mobility-Engineering-Lab/ros2_ws/install/py_srvcli/lib/python3.10/site-packages/py_srvcli
[0.460s] copying /home/zheka/Smart-Mobility-Engineering-Lab/ros2_ws/build/py_srvcli/build/lib/py_srvcli/__init__.py -> /home/zheka/Smart-Mobility-Engineering-Lab/ros2_ws/install/py_srvcli/lib/python3.10/site-packages/py_srvcli
[0.460s] copying /home/zheka/Smart-Mobility-Engineering-Lab/ros2_ws/build/py_srvcli/build/lib/py_srvcli/client_member_function.py -> /home/zheka/Smart-Mobility-Engineering-Lab/ros2_ws/install/py_srvcli/lib/python3.10/site-packages/py_srvcli
[0.460s] copying /home/zheka/Smart-Mobility-Engineering-Lab/ros2_ws/build/py_srvcli/build/lib/py_srvcli/service_member_function.py -> /home/zheka/Smart-Mobility-Engineering-Lab/ros2_ws/install/py_srvcli/lib/python3.10/site-packages/py_srvcli
[0.460s] byte-compiling /home/zheka/Smart-Mobility-Engineering-Lab/ros2_ws/install/py_srvcli/lib/python3.10/site-packages/py_srvcli/__init__.py to __init__.cpython-310.pyc
[0.461s] byte-compiling /home/zheka/Smart-Mobility-Engineering-Lab/ros2_ws/install/py_srvcli/lib/python3.10/site-packages/py_srvcli/client_member_function.py to client_member_function.cpython-310.pyc
[0.461s] byte-compiling /home/zheka/Smart-Mobility-Engineering-Lab/ros2_ws/install/py_srvcli/lib/python3.10/site-packages/py_srvcli/service_member_function.py to service_member_function.cpython-310.pyc
[0.461s] running install_data
[0.461s] creating /home/zheka/Smart-Mobility-Engineering-Lab/ros2_ws/install/py_srvcli/share/ament_index
[0.461s] creating /home/zheka/Smart-Mobility-Engineering-Lab/ros2_ws/install/py_srvcli/share/ament_index/resource_index
[0.461s] creating /home/zheka/Smart-Mobility-Engineering-Lab/ros2_ws/install/py_srvcli/share/ament_index/resource_index/packages
[0.461s] copying resource/py_srvcli -> /home/zheka/Smart-Mobility-Engineering-Lab/ros2_ws/install/py_srvcli/share/ament_index/resource_index/packages
[0.461s] copying package.xml -> /home/zheka/Smart-Mobility-Engineering-Lab/ros2_ws/install/py_srvcli/share/py_srvcli
[0.461s] running install_egg_info
[0.462s] Copying ../../build/py_srvcli/py_srvcli.egg-info to /home/zheka/Smart-Mobility-Engineering-Lab/ros2_ws/install/py_srvcli/lib/python3.10/site-packages/py_srvcli-0.0.0-py3.10.egg-info
[0.462s] running install_scripts
[0.472s] writing list of installed files to '/home/zheka/Smart-Mobility-Engineering-Lab/ros2_ws/build/py_srvcli/install.log'
[0.485s] Invoked command in '/home/zheka/Smart-Mobility-Engineering-Lab/ros2_ws/src/py_srvcli' returned '0': PYTHONPATH=/home/zheka/Smart-Mobility-Engineering-Lab/ros2_ws/build/py_srvcli/prefix_override:/home/zheka/Smart-Mobility-Engineering-Lab/ros2_ws/install/py_srvcli/lib/python3.10/site-packages:${PYTHONPATH} /usr/bin/python3 setup.py egg_info --egg-base ../../build/py_srvcli build --build-base /home/zheka/Smart-Mobility-Engineering-Lab/ros2_ws/build/py_srvcli/build install --record /home/zheka/Smart-Mobility-Engineering-Lab/ros2_ws/build/py_srvcli/install.log --single-version-externally-managed
