[0.809s] Invoking command in '/home/risimon/mateEZ/vip1_ws/src/autonomous_driving': AMENT_PREFIX_PATH=/home/risimon/mateEZ/vip1_ws/install/turtlebot3_simulations:/home/risimon/mateEZ/vip1_ws/install/turtlebot3_gazebo:/home/risimon/mateEZ/vip1_ws/install/turtlebot3_fake_node:${AMENT_PREFIX_PATH} CMAKE_PREFIX_PATH=/home/risimon/mateEZ/vip1_ws/install/turtlebot3_simulations:/home/risimon/mateEZ/vip1_ws/install/turtlebot3_gazebo:/home/risimon/mateEZ/vip1_ws/install/turtlebot3_fake_node:${CMAKE_PREFIX_PATH} PYTHONPATH=/home/risimon/mateEZ/vip1_ws/build/turtlebot3_safety/prefix_override:/home/risimon/mateEZ/vip1_ws/install/turtlebot3_safety/lib/python3.10/site-packages:${PYTHONPATH} /usr/bin/python3 setup.py egg_info --egg-base ../../build/turtlebot3_safety build --build-base /home/risimon/mateEZ/vip1_ws/build/turtlebot3_safety/build install --record /home/risimon/mateEZ/vip1_ws/build/turtlebot3_safety/install.log --single-version-externally-managed
[1.049s] running egg_info
[1.050s] writing ../../build/turtlebot3_safety/autonomous_driving.egg-info/PKG-INFO
[1.050s] writing dependency_links to ../../build/turtlebot3_safety/autonomous_driving.egg-info/dependency_links.txt
[1.050s] writing entry points to ../../build/turtlebot3_safety/autonomous_driving.egg-info/entry_points.txt
[1.050s] writing requirements to ../../build/turtlebot3_safety/autonomous_driving.egg-info/requires.txt
[1.050s] writing top-level names to ../../build/turtlebot3_safety/autonomous_driving.egg-info/top_level.txt
[1.053s] reading manifest file '../../build/turtlebot3_safety/autonomous_driving.egg-info/SOURCES.txt'
[1.054s] writing manifest file '../../build/turtlebot3_safety/autonomous_driving.egg-info/SOURCES.txt'
[1.054s] running build
[1.054s] running build_py
[1.054s] running install
[1.054s] /usr/lib/python3/dist-packages/setuptools/command/install.py:34: SetuptoolsDeprecationWarning: setup.py install is deprecated. Use build and pip and other standards-based tools.
[1.054s]   warnings.warn(
[1.054s] running install_lib
[1.056s] running install_data
[1.056s] copying launch/obstacle_avoidance.launch.py -> /home/risimon/mateEZ/vip1_ws/install/turtlebot3_safety/share/autonomous_driving/launch
[1.056s] copying launch/wall_following.launch.py -> /home/risimon/mateEZ/vip1_ws/install/turtlebot3_safety/share/autonomous_driving/launch
[1.057s] copying worlds/wall_following.sdf -> /home/risimon/mateEZ/vip1_ws/install/turtlebot3_safety/share/autonomous_driving/worlds
[1.057s] copying worlds/wall_following.world -> /home/risimon/mateEZ/vip1_ws/install/turtlebot3_safety/share/autonomous_driving/worlds
[1.057s] copying worlds/obstacle_avoidance.sdf -> /home/risimon/mateEZ/vip1_ws/install/turtlebot3_safety/share/autonomous_driving/worlds
[1.057s] copying worlds/obstacle_avoidance.world -> /home/risimon/mateEZ/vip1_ws/install/turtlebot3_safety/share/autonomous_driving/worlds
[1.058s] running install_egg_info
[1.059s] removing '/home/risimon/mateEZ/vip1_ws/install/turtlebot3_safety/lib/python3.10/site-packages/autonomous_driving-0.1.0-py3.10.egg-info' (and everything under it)
[1.060s] Copying ../../build/turtlebot3_safety/autonomous_driving.egg-info to /home/risimon/mateEZ/vip1_ws/install/turtlebot3_safety/lib/python3.10/site-packages/autonomous_driving-0.1.0-py3.10.egg-info
[1.061s] running install_scripts
[1.082s] Installing obstacle_avoidance script to /home/risimon/mateEZ/vip1_ws/install/turtlebot3_safety/lib/autonomous_driving
[1.082s] Installing wall_following script to /home/risimon/mateEZ/vip1_ws/install/turtlebot3_safety/lib/autonomous_driving
[1.082s] writing list of installed files to '/home/risimon/mateEZ/vip1_ws/build/turtlebot3_safety/install.log'
[1.115s] Invoked command in '/home/risimon/mateEZ/vip1_ws/src/autonomous_driving' returned '0': AMENT_PREFIX_PATH=/home/risimon/mateEZ/vip1_ws/install/turtlebot3_simulations:/home/risimon/mateEZ/vip1_ws/install/turtlebot3_gazebo:/home/risimon/mateEZ/vip1_ws/install/turtlebot3_fake_node:${AMENT_PREFIX_PATH} CMAKE_PREFIX_PATH=/home/risimon/mateEZ/vip1_ws/install/turtlebot3_simulations:/home/risimon/mateEZ/vip1_ws/install/turtlebot3_gazebo:/home/risimon/mateEZ/vip1_ws/install/turtlebot3_fake_node:${CMAKE_PREFIX_PATH} PYTHONPATH=/home/risimon/mateEZ/vip1_ws/build/turtlebot3_safety/prefix_override:/home/risimon/mateEZ/vip1_ws/install/turtlebot3_safety/lib/python3.10/site-packages:${PYTHONPATH} /usr/bin/python3 setup.py egg_info --egg-base ../../build/turtlebot3_safety build --build-base /home/risimon/mateEZ/vip1_ws/build/turtlebot3_safety/build install --record /home/risimon/mateEZ/vip1_ws/build/turtlebot3_safety/install.log --single-version-externally-managed
