[0.421s] DEBUG:colcon:Command line arguments: ['/usr/bin/colcon', 'build']
[0.422s] DEBUG:colcon:Parsed command line arguments: Namespace(log_base=None, log_level=None, verb_name='build', build_base='build', install_base='install', merge_install=False, symlink_install=False, test_result_base=None, continue_on_error=False, executor='parallel', parallel_workers=2, event_handlers=None, ignore_user_meta=False, metas=['./colcon.meta'], base_paths=['.'], packages_ignore=None, packages_ignore_regex=None, paths=None, packages_up_to=None, packages_up_to_regex=None, packages_above=None, packages_above_and_dependencies=None, packages_above_depth=None, packages_select_by_dep=None, packages_skip_by_dep=None, packages_skip_up_to=None, packages_select_build_failed=False, packages_skip_build_finished=False, packages_select_test_failures=False, packages_skip_test_passed=False, packages_select=None, packages_skip=None, packages_select_regex=None, packages_skip_regex=None, packages_start=None, packages_end=None, allow_overriding=[], cmake_args=None, cmake_target=None, cmake_target_skip_unavailable=False, cmake_clean_cache=False, cmake_clean_first=False, cmake_force_configure=False, ament_cmake_args=None, catkin_cmake_args=None, catkin_skip_building_tests=False, verb_parser=<colcon_defaults.argument_parser.defaults.DefaultArgumentsDecorator object at 0xffffb3f943d0>, verb_extension=<colcon_core.verb.build.BuildVerb object at 0xffffb3f51990>, main=<bound method BuildVerb.main of <colcon_core.verb.build.BuildVerb object at 0xffffb3f51990>>)
[0.444s] Level 1:colcon.colcon_core.package_discovery:discover_packages(colcon_meta) check parameters
[0.444s] Level 1:colcon.colcon_core.package_discovery:discover_packages(recursive) check parameters
[0.444s] Level 1:colcon.colcon_core.package_discovery:discover_packages(ignore) check parameters
[0.444s] Level 1:colcon.colcon_core.package_discovery:discover_packages(path) check parameters
[0.444s] Level 1:colcon.colcon_core.package_discovery:discover_packages(colcon_meta) discover
[0.444s] Level 1:colcon.colcon_core.package_discovery:discover_packages(recursive) discover
[0.444s] INFO:colcon.colcon_core.package_discovery:Crawling recursively for packages in '/home/zheka/Smart-Mobility-Engineering-Lab/launch_ws'
[0.444s] Level 1:colcon.colcon_core.package_identification:_identify(.) by extensions ['ignore', 'ignore_ament_install']
[0.444s] Level 1:colcon.colcon_core.package_identification:_identify(.) by extension 'ignore'
[0.444s] Level 1:colcon.colcon_core.package_identification:_identify(.) by extension 'ignore_ament_install'
[0.444s] Level 1:colcon.colcon_core.package_identification:_identify(.) by extensions ['colcon_pkg']
[0.444s] Level 1:colcon.colcon_core.package_identification:_identify(.) by extension 'colcon_pkg'
[0.444s] Level 1:colcon.colcon_core.package_identification:_identify(.) by extensions ['colcon_meta']
[0.444s] Level 1:colcon.colcon_core.package_identification:_identify(.) by extension 'colcon_meta'
[0.444s] Level 1:colcon.colcon_core.package_identification:_identify(.) by extensions ['ros']
[0.444s] Level 1:colcon.colcon_core.package_identification:_identify(.) by extension 'ros'
[0.452s] Level 1:colcon.colcon_core.package_identification:_identify(.) by extensions ['cmake', 'python']
[0.452s] Level 1:colcon.colcon_core.package_identification:_identify(.) by extension 'cmake'
[0.452s] Level 1:colcon.colcon_core.package_identification:_identify(.) by extension 'python'
[0.452s] Level 1:colcon.colcon_core.package_identification:_identify(.) by extensions ['python_setup_py']
[0.452s] Level 1:colcon.colcon_core.package_identification:_identify(.) by extension 'python_setup_py'
[0.452s] Level 1:colcon.colcon_core.package_identification:_identify(build) by extensions ['ignore', 'ignore_ament_install']
[0.452s] Level 1:colcon.colcon_core.package_identification:_identify(build) by extension 'ignore'
[0.452s] Level 1:colcon.colcon_core.package_identification:_identify(build) ignored
[0.452s] Level 1:colcon.colcon_core.package_identification:_identify(install) by extensions ['ignore', 'ignore_ament_install']
[0.452s] Level 1:colcon.colcon_core.package_identification:_identify(install) by extension 'ignore'
[0.452s] Level 1:colcon.colcon_core.package_identification:_identify(install) ignored
[0.452s] Level 1:colcon.colcon_core.package_identification:_identify(log) by extensions ['ignore', 'ignore_ament_install']
[0.452s] Level 1:colcon.colcon_core.package_identification:_identify(log) by extension 'ignore'
[0.452s] Level 1:colcon.colcon_core.package_identification:_identify(log) ignored
[0.452s] Level 1:colcon.colcon_core.package_identification:_identify(src) by extensions ['ignore', 'ignore_ament_install']
[0.452s] Level 1:colcon.colcon_core.package_identification:_identify(src) by extension 'ignore'
[0.452s] Level 1:colcon.colcon_core.package_identification:_identify(src) by extension 'ignore_ament_install'
[0.452s] Level 1:colcon.colcon_core.package_identification:_identify(src) by extensions ['colcon_pkg']
[0.452s] Level 1:colcon.colcon_core.package_identification:_identify(src) by extension 'colcon_pkg'
[0.452s] Level 1:colcon.colcon_core.package_identification:_identify(src) by extensions ['colcon_meta']
[0.452s] Level 1:colcon.colcon_core.package_identification:_identify(src) by extension 'colcon_meta'
[0.452s] Level 1:colcon.colcon_core.package_identification:_identify(src) by extensions ['ros']
[0.452s] Level 1:colcon.colcon_core.package_identification:_identify(src) by extension 'ros'
[0.452s] Level 1:colcon.colcon_core.package_identification:_identify(src) by extensions ['cmake', 'python']
[0.452s] Level 1:colcon.colcon_core.package_identification:_identify(src) by extension 'cmake'
[0.452s] Level 1:colcon.colcon_core.package_identification:_identify(src) by extension 'python'
[0.452s] Level 1:colcon.colcon_core.package_identification:_identify(src) by extensions ['python_setup_py']
[0.452s] Level 1:colcon.colcon_core.package_identification:_identify(src) by extension 'python_setup_py'
[0.453s] Level 1:colcon.colcon_core.package_identification:_identify(src/build) by extensions ['ignore', 'ignore_ament_install']
[0.453s] Level 1:colcon.colcon_core.package_identification:_identify(src/build) by extension 'ignore'
[0.453s] Level 1:colcon.colcon_core.package_identification:_identify(src/build) ignored
[0.453s] Level 1:colcon.colcon_core.package_identification:_identify(src/install) by extensions ['ignore', 'ignore_ament_install']
[0.453s] Level 1:colcon.colcon_core.package_identification:_identify(src/install) by extension 'ignore'
[0.453s] Level 1:colcon.colcon_core.package_identification:_identify(src/install) ignored
[0.453s] Level 1:colcon.colcon_core.package_identification:_identify(src/launch_tutorial) by extensions ['ignore', 'ignore_ament_install']
[0.453s] Level 1:colcon.colcon_core.package_identification:_identify(src/launch_tutorial) by extension 'ignore'
[0.453s] Level 1:colcon.colcon_core.package_identification:_identify(src/launch_tutorial) by extension 'ignore_ament_install'
[0.453s] Level 1:colcon.colcon_core.package_identification:_identify(src/launch_tutorial) by extensions ['colcon_pkg']
[0.453s] Level 1:colcon.colcon_core.package_identification:_identify(src/launch_tutorial) by extension 'colcon_pkg'
[0.453s] Level 1:colcon.colcon_core.package_identification:_identify(src/launch_tutorial) by extensions ['colcon_meta']
[0.453s] Level 1:colcon.colcon_core.package_identification:_identify(src/launch_tutorial) by extension 'colcon_meta'
[0.453s] Level 1:colcon.colcon_core.package_identification:_identify(src/launch_tutorial) by extensions ['ros']
[0.453s] Level 1:colcon.colcon_core.package_identification:_identify(src/launch_tutorial) by extension 'ros'
[0.454s] DEBUG:colcon.colcon_core.package_identification:Package 'src/launch_tutorial' with type 'ros.ament_python' and name 'launch_tutorial'
[0.455s] Level 1:colcon.colcon_core.package_identification:_identify(src/log) by extensions ['ignore', 'ignore_ament_install']
[0.455s] Level 1:colcon.colcon_core.package_identification:_identify(src/log) by extension 'ignore'
[0.455s] Level 1:colcon.colcon_core.package_identification:_identify(src/log) ignored
[0.455s] Level 1:colcon.colcon_core.package_identification:_identify(src/py_launch_example) by extensions ['ignore', 'ignore_ament_install']
[0.455s] Level 1:colcon.colcon_core.package_identification:_identify(src/py_launch_example) by extension 'ignore'
[0.455s] Level 1:colcon.colcon_core.package_identification:_identify(src/py_launch_example) by extension 'ignore_ament_install'
[0.455s] Level 1:colcon.colcon_core.package_identification:_identify(src/py_launch_example) by extensions ['colcon_pkg']
[0.455s] Level 1:colcon.colcon_core.package_identification:_identify(src/py_launch_example) by extension 'colcon_pkg'
[0.455s] Level 1:colcon.colcon_core.package_identification:_identify(src/py_launch_example) by extensions ['colcon_meta']
[0.455s] Level 1:colcon.colcon_core.package_identification:_identify(src/py_launch_example) by extension 'colcon_meta'
[0.455s] Level 1:colcon.colcon_core.package_identification:_identify(src/py_launch_example) by extensions ['ros']
[0.455s] Level 1:colcon.colcon_core.package_identification:_identify(src/py_launch_example) by extension 'ros'
[0.455s] DEBUG:colcon.colcon_core.package_identification:Package 'src/py_launch_example' with type 'ros.ament_python' and name 'py_launch_example'
[0.455s] Level 1:colcon.colcon_core.package_discovery:discover_packages(recursive) using defaults
[0.455s] Level 1:colcon.colcon_core.package_discovery:discover_packages(ignore) discover
[0.455s] Level 1:colcon.colcon_core.package_discovery:discover_packages(ignore) using defaults
[0.455s] Level 1:colcon.colcon_core.package_discovery:discover_packages(path) discover
[0.455s] Level 1:colcon.colcon_core.package_discovery:discover_packages(path) using defaults
[0.500s] Level 1:colcon.colcon_core.package_discovery:discover_packages(prefix_path) check parameters
[0.500s] Level 1:colcon.colcon_core.package_discovery:discover_packages(prefix_path) discover
[0.512s] DEBUG:colcon.colcon_installed_package_information.package_discovery:Found 284 installed packages in /opt/ros/humble
[0.513s] Level 1:colcon.colcon_core.package_discovery:discover_packages(prefix_path) using defaults
[0.560s] Level 5:colcon.colcon_core.verb:set package 'launch_tutorial' build argument 'cmake_args' from command line to 'None'
[0.560s] Level 5:colcon.colcon_core.verb:set package 'launch_tutorial' build argument 'cmake_target' from command line to 'None'
[0.560s] Level 5:colcon.colcon_core.verb:set package 'launch_tutorial' build argument 'cmake_target_skip_unavailable' from command line to 'False'
[0.560s] Level 5:colcon.colcon_core.verb:set package 'launch_tutorial' build argument 'cmake_clean_cache' from command line to 'False'
[0.560s] Level 5:colcon.colcon_core.verb:set package 'launch_tutorial' build argument 'cmake_clean_first' from command line to 'False'
[0.560s] Level 5:colcon.colcon_core.verb:set package 'launch_tutorial' build argument 'cmake_force_configure' from command line to 'False'
[0.560s] Level 5:colcon.colcon_core.verb:set package 'launch_tutorial' build argument 'ament_cmake_args' from command line to 'None'
[0.560s] Level 5:colcon.colcon_core.verb:set package 'launch_tutorial' build argument 'catkin_cmake_args' from command line to 'None'
[0.560s] Level 5:colcon.colcon_core.verb:set package 'launch_tutorial' build argument 'catkin_skip_building_tests' from command line to 'False'
[0.560s] DEBUG:colcon.colcon_core.verb:Building package 'launch_tutorial' with the following arguments: {'ament_cmake_args': None, 'build_base': '/home/zheka/Smart-Mobility-Engineering-Lab/launch_ws/build/launch_tutorial', 'catkin_cmake_args': None, 'catkin_skip_building_tests': False, 'cmake_args': None, 'cmake_clean_cache': False, 'cmake_clean_first': False, 'cmake_force_configure': False, 'cmake_target': None, 'cmake_target_skip_unavailable': False, 'install_base': '/home/zheka/Smart-Mobility-Engineering-Lab/launch_ws/install/launch_tutorial', 'merge_install': False, 'path': '/home/zheka/Smart-Mobility-Engineering-Lab/launch_ws/src/launch_tutorial', 'symlink_install': False, 'test_result_base': None}
[0.566s] Level 5:colcon.colcon_core.verb:set package 'py_launch_example' build argument 'cmake_args' from command line to 'None'
[0.566s] Level 5:colcon.colcon_core.verb:set package 'py_launch_example' build argument 'cmake_target' from command line to 'None'
[0.566s] Level 5:colcon.colcon_core.verb:set package 'py_launch_example' build argument 'cmake_target_skip_unavailable' from command line to 'False'
[0.566s] Level 5:colcon.colcon_core.verb:set package 'py_launch_example' build argument 'cmake_clean_cache' from command line to 'False'
[0.566s] Level 5:colcon.colcon_core.verb:set package 'py_launch_example' build argument 'cmake_clean_first' from command line to 'False'
[0.566s] Level 5:colcon.colcon_core.verb:set package 'py_launch_example' build argument 'cmake_force_configure' from command line to 'False'
[0.566s] Level 5:colcon.colcon_core.verb:set package 'py_launch_example' build argument 'ament_cmake_args' from command line to 'None'
[0.566s] Level 5:colcon.colcon_core.verb:set package 'py_launch_example' build argument 'catkin_cmake_args' from command line to 'None'
[0.566s] Level 5:colcon.colcon_core.verb:set package 'py_launch_example' build argument 'catkin_skip_building_tests' from command line to 'False'
[0.566s] DEBUG:colcon.colcon_core.verb:Building package 'py_launch_example' with the following arguments: {'ament_cmake_args': None, 'build_base': '/home/zheka/Smart-Mobility-Engineering-Lab/launch_ws/build/py_launch_example', 'catkin_cmake_args': None, 'catkin_skip_building_tests': False, 'cmake_args': None, 'cmake_clean_cache': False, 'cmake_clean_first': False, 'cmake_force_configure': False, 'cmake_target': None, 'cmake_target_skip_unavailable': False, 'install_base': '/home/zheka/Smart-Mobility-Engineering-Lab/launch_ws/install/py_launch_example', 'merge_install': False, 'path': '/home/zheka/Smart-Mobility-Engineering-Lab/launch_ws/src/py_launch_example', 'symlink_install': False, 'test_result_base': None}
[0.571s] INFO:colcon.colcon_core.executor:Executing jobs using 'parallel' executor
[0.576s] DEBUG:colcon.colcon_parallel_executor.executor.parallel:run_until_complete
[0.576s] INFO:colcon.colcon_ros.task.ament_python.build:Building ROS package in '/home/zheka/Smart-Mobility-Engineering-Lab/launch_ws/src/launch_tutorial' with build type 'ament_python'
[0.576s] Level 1:colcon.colcon_core.shell:create_environment_hook('launch_tutorial', 'ament_prefix_path')
[0.583s] INFO:colcon.colcon_core.plugin_system:Skipping extension 'colcon_core.shell.bat': Not used on non-Windows systems
[0.583s] INFO:colcon.colcon_core.shell:Creating environment hook '/home/zheka/Smart-Mobility-Engineering-Lab/launch_ws/install/launch_tutorial/share/launch_tutorial/hook/ament_prefix_path.ps1'
[0.583s] INFO:colcon.colcon_core.shell:Creating environment descriptor '/home/zheka/Smart-Mobility-Engineering-Lab/launch_ws/install/launch_tutorial/share/launch_tutorial/hook/ament_prefix_path.dsv'
[0.584s] INFO:colcon.colcon_core.shell:Creating environment hook '/home/zheka/Smart-Mobility-Engineering-Lab/launch_ws/install/launch_tutorial/share/launch_tutorial/hook/ament_prefix_path.sh'
[0.590s] INFO:colcon.colcon_core.shell:Skip shell extension 'powershell' for command environment: Not usable outside of PowerShell
[0.590s] DEBUG:colcon.colcon_core.shell:Skip shell extension 'dsv' for command environment
[0.605s] INFO:colcon.colcon_ros.task.ament_python.build:Building ROS package in '/home/zheka/Smart-Mobility-Engineering-Lab/launch_ws/src/py_launch_example' with build type 'ament_python'
[0.605s] Level 1:colcon.colcon_core.shell:create_environment_hook('py_launch_example', 'ament_prefix_path')
[0.612s] INFO:colcon.colcon_core.shell:Creating environment hook '/home/zheka/Smart-Mobility-Engineering-Lab/launch_ws/install/py_launch_example/share/py_launch_example/hook/ament_prefix_path.ps1'
[0.612s] INFO:colcon.colcon_core.shell:Creating environment descriptor '/home/zheka/Smart-Mobility-Engineering-Lab/launch_ws/install/py_launch_example/share/py_launch_example/hook/ament_prefix_path.dsv'
[0.612s] INFO:colcon.colcon_core.shell:Creating environment hook '/home/zheka/Smart-Mobility-Engineering-Lab/launch_ws/install/py_launch_example/share/py_launch_example/hook/ament_prefix_path.sh'
[0.618s] INFO:colcon.colcon_core.shell:Skip shell extension 'powershell' for command environment: Not usable outside of PowerShell
[0.618s] DEBUG:colcon.colcon_core.shell:Skip shell extension 'dsv' for command environment
[0.778s] INFO:colcon.colcon_core.task.python.build:Building Python package in '/home/zheka/Smart-Mobility-Engineering-Lab/launch_ws/src/launch_tutorial'
[0.784s] INFO:colcon.colcon_core.shell:Skip shell extension 'powershell' for command environment: Not usable outside of PowerShell
[0.784s] DEBUG:colcon.colcon_core.shell:Skip shell extension 'dsv' for command environment
[0.938s] INFO:colcon.colcon_core.task.python.build:Building Python package in '/home/zheka/Smart-Mobility-Engineering-Lab/launch_ws/src/py_launch_example'
[0.944s] INFO:colcon.colcon_core.shell:Skip shell extension 'powershell' for command environment: Not usable outside of PowerShell
[0.944s] DEBUG:colcon.colcon_core.shell:Skip shell extension 'dsv' for command environment
[1.201s] DEBUG:colcon.colcon_core.event_handler.log_command:Invoking command in '/home/zheka/Smart-Mobility-Engineering-Lab/launch_ws/src/launch_tutorial': PYTHONPATH=/home/zheka/Smart-Mobility-Engineering-Lab/launch_ws/build/launch_tutorial/prefix_override:/home/zheka/Smart-Mobility-Engineering-Lab/launch_ws/install/launch_tutorial/lib/python3.10/site-packages:${PYTHONPATH} /usr/bin/python3 setup.py egg_info --egg-base ../../build/launch_tutorial build --build-base /home/zheka/Smart-Mobility-Engineering-Lab/launch_ws/build/launch_tutorial/build install --record /home/zheka/Smart-Mobility-Engineering-Lab/launch_ws/build/launch_tutorial/install.log --single-version-externally-managed
[1.261s] DEBUG:colcon.colcon_core.event_handler.log_command:Invoking command in '/home/zheka/Smart-Mobility-Engineering-Lab/launch_ws/src/py_launch_example': PYTHONPATH=/home/zheka/Smart-Mobility-Engineering-Lab/launch_ws/build/py_launch_example/prefix_override:/home/zheka/Smart-Mobility-Engineering-Lab/launch_ws/install/py_launch_example/lib/python3.10/site-packages:${PYTHONPATH} /usr/bin/python3 setup.py egg_info --egg-base ../../build/py_launch_example build --build-base /home/zheka/Smart-Mobility-Engineering-Lab/launch_ws/build/py_launch_example/build install --record /home/zheka/Smart-Mobility-Engineering-Lab/launch_ws/build/py_launch_example/install.log --single-version-externally-managed
[1.499s] DEBUG:colcon.colcon_core.event_handler.log_command:Invoked command in '/home/zheka/Smart-Mobility-Engineering-Lab/launch_ws/src/py_launch_example' returned '0': PYTHONPATH=/home/zheka/Smart-Mobility-Engineering-Lab/launch_ws/build/py_launch_example/prefix_override:/home/zheka/Smart-Mobility-Engineering-Lab/launch_ws/install/py_launch_example/lib/python3.10/site-packages:${PYTHONPATH} /usr/bin/python3 setup.py egg_info --egg-base ../../build/py_launch_example build --build-base /home/zheka/Smart-Mobility-Engineering-Lab/launch_ws/build/py_launch_example/build install --record /home/zheka/Smart-Mobility-Engineering-Lab/launch_ws/build/py_launch_example/install.log --single-version-externally-managed
[1.509s] Level 1:colcon.colcon_core.environment:checking '/home/zheka/Smart-Mobility-Engineering-Lab/launch_ws/install/py_launch_example' for CMake module files
[1.509s] Level 1:colcon.colcon_core.environment:checking '/home/zheka/Smart-Mobility-Engineering-Lab/launch_ws/install/py_launch_example' for CMake config files
[1.510s] Level 1:colcon.colcon_core.environment:checking '/home/zheka/Smart-Mobility-Engineering-Lab/launch_ws/install/py_launch_example/lib'
[1.510s] Level 1:colcon.colcon_core.environment:checking '/home/zheka/Smart-Mobility-Engineering-Lab/launch_ws/install/py_launch_example/bin'
[1.510s] Level 1:colcon.colcon_core.environment:checking '/home/zheka/Smart-Mobility-Engineering-Lab/launch_ws/install/py_launch_example/lib/pkgconfig/py_launch_example.pc'
[1.510s] Level 1:colcon.colcon_core.environment:checking '/home/zheka/Smart-Mobility-Engineering-Lab/launch_ws/install/py_launch_example/lib/python3.10/site-packages'
[1.510s] Level 1:colcon.colcon_core.shell:create_environment_hook('py_launch_example', 'pythonpath')
[1.516s] INFO:colcon.colcon_core.shell:Creating environment hook '/home/zheka/Smart-Mobility-Engineering-Lab/launch_ws/install/py_launch_example/share/py_launch_example/hook/pythonpath.ps1'
[1.516s] INFO:colcon.colcon_core.shell:Creating environment descriptor '/home/zheka/Smart-Mobility-Engineering-Lab/launch_ws/install/py_launch_example/share/py_launch_example/hook/pythonpath.dsv'
[1.516s] INFO:colcon.colcon_core.shell:Creating environment hook '/home/zheka/Smart-Mobility-Engineering-Lab/launch_ws/install/py_launch_example/share/py_launch_example/hook/pythonpath.sh'
[1.516s] Level 1:colcon.colcon_core.environment:checking '/home/zheka/Smart-Mobility-Engineering-Lab/launch_ws/install/py_launch_example/bin'
[1.516s] Level 1:colcon.colcon_core.environment:create_environment_scripts_only(py_launch_example)
[1.528s] INFO:colcon.colcon_core.shell:Creating package script '/home/zheka/Smart-Mobility-Engineering-Lab/launch_ws/install/py_launch_example/share/py_launch_example/package.ps1'
[1.529s] INFO:colcon.colcon_core.shell:Creating package descriptor '/home/zheka/Smart-Mobility-Engineering-Lab/launch_ws/install/py_launch_example/share/py_launch_example/package.dsv'
[1.530s] INFO:colcon.colcon_core.shell:Creating package script '/home/zheka/Smart-Mobility-Engineering-Lab/launch_ws/install/py_launch_example/share/py_launch_example/package.sh'
[1.530s] INFO:colcon.colcon_core.shell:Creating package script '/home/zheka/Smart-Mobility-Engineering-Lab/launch_ws/install/py_launch_example/share/py_launch_example/package.bash'
[1.531s] INFO:colcon.colcon_core.shell:Creating package script '/home/zheka/Smart-Mobility-Engineering-Lab/launch_ws/install/py_launch_example/share/py_launch_example/package.zsh'
[1.531s] Level 1:colcon.colcon_core.environment:create_file_with_runtime_dependencies(/home/zheka/Smart-Mobility-Engineering-Lab/launch_ws/install/py_launch_example/share/colcon-core/packages/py_launch_example)
[1.537s] Level 1:colcon.colcon_core.environment:checking '/home/zheka/Smart-Mobility-Engineering-Lab/launch_ws/install/launch_tutorial' for CMake module files
[1.538s] DEBUG:colcon.colcon_core.event_handler.log_command:Invoked command in '/home/zheka/Smart-Mobility-Engineering-Lab/launch_ws/src/launch_tutorial' returned '0': PYTHONPATH=/home/zheka/Smart-Mobility-Engineering-Lab/launch_ws/build/launch_tutorial/prefix_override:/home/zheka/Smart-Mobility-Engineering-Lab/launch_ws/install/launch_tutorial/lib/python3.10/site-packages:${PYTHONPATH} /usr/bin/python3 setup.py egg_info --egg-base ../../build/launch_tutorial build --build-base /home/zheka/Smart-Mobility-Engineering-Lab/launch_ws/build/launch_tutorial/build install --record /home/zheka/Smart-Mobility-Engineering-Lab/launch_ws/build/launch_tutorial/install.log --single-version-externally-managed
[1.541s] Level 1:colcon.colcon_core.environment:checking '/home/zheka/Smart-Mobility-Engineering-Lab/launch_ws/install/launch_tutorial' for CMake config files
[1.541s] Level 1:colcon.colcon_core.environment:checking '/home/zheka/Smart-Mobility-Engineering-Lab/launch_ws/install/launch_tutorial/lib'
[1.542s] Level 1:colcon.colcon_core.environment:checking '/home/zheka/Smart-Mobility-Engineering-Lab/launch_ws/install/launch_tutorial/bin'
[1.542s] Level 1:colcon.colcon_core.environment:checking '/home/zheka/Smart-Mobility-Engineering-Lab/launch_ws/install/launch_tutorial/lib/pkgconfig/launch_tutorial.pc'
[1.542s] Level 1:colcon.colcon_core.environment:checking '/home/zheka/Smart-Mobility-Engineering-Lab/launch_ws/install/launch_tutorial/lib/python3.10/site-packages'
[1.542s] Level 1:colcon.colcon_core.shell:create_environment_hook('launch_tutorial', 'pythonpath')
[1.550s] INFO:colcon.colcon_core.shell:Creating environment hook '/home/zheka/Smart-Mobility-Engineering-Lab/launch_ws/install/launch_tutorial/share/launch_tutorial/hook/pythonpath.ps1'
[1.550s] INFO:colcon.colcon_core.shell:Creating environment descriptor '/home/zheka/Smart-Mobility-Engineering-Lab/launch_ws/install/launch_tutorial/share/launch_tutorial/hook/pythonpath.dsv'
[1.550s] INFO:colcon.colcon_core.shell:Creating environment hook '/home/zheka/Smart-Mobility-Engineering-Lab/launch_ws/install/launch_tutorial/share/launch_tutorial/hook/pythonpath.sh'
[1.551s] Level 1:colcon.colcon_core.environment:checking '/home/zheka/Smart-Mobility-Engineering-Lab/launch_ws/install/launch_tutorial/bin'
[1.551s] Level 1:colcon.colcon_core.environment:create_environment_scripts_only(launch_tutorial)
[1.557s] INFO:colcon.colcon_core.shell:Creating package script '/home/zheka/Smart-Mobility-Engineering-Lab/launch_ws/install/launch_tutorial/share/launch_tutorial/package.ps1'
[1.557s] INFO:colcon.colcon_core.shell:Creating package descriptor '/home/zheka/Smart-Mobility-Engineering-Lab/launch_ws/install/launch_tutorial/share/launch_tutorial/package.dsv'
[1.557s] INFO:colcon.colcon_core.shell:Creating package script '/home/zheka/Smart-Mobility-Engineering-Lab/launch_ws/install/launch_tutorial/share/launch_tutorial/package.sh'
[1.557s] INFO:colcon.colcon_core.shell:Creating package script '/home/zheka/Smart-Mobility-Engineering-Lab/launch_ws/install/launch_tutorial/share/launch_tutorial/package.bash'
[1.558s] INFO:colcon.colcon_core.shell:Creating package script '/home/zheka/Smart-Mobility-Engineering-Lab/launch_ws/install/launch_tutorial/share/launch_tutorial/package.zsh'
[1.558s] Level 1:colcon.colcon_core.environment:create_file_with_runtime_dependencies(/home/zheka/Smart-Mobility-Engineering-Lab/launch_ws/install/launch_tutorial/share/colcon-core/packages/launch_tutorial)
[1.558s] DEBUG:colcon.colcon_parallel_executor.executor.parallel:closing loop
[1.558s] DEBUG:colcon.colcon_parallel_executor.executor.parallel:loop closed
[1.558s] DEBUG:colcon.colcon_parallel_executor.executor.parallel:run_until_complete finished with '0'
[1.558s] DEBUG:colcon.colcon_core.event_reactor:joining thread
[1.571s] INFO:colcon.colcon_core.plugin_system:Skipping extension 'colcon_notification.desktop_notification.terminal_notifier': Not used on non-Darwin systems
[1.571s] INFO:colcon.colcon_core.plugin_system:Skipping extension 'colcon_notification.desktop_notification.win32': Not used on non-Windows systems
[1.571s] INFO:colcon.colcon_notification.desktop_notification:Sending desktop notification using 'notify2'
[1.585s] DEBUG:colcon.colcon_core.event_reactor:joined thread
[1.610s] INFO:colcon.colcon_core.shell:Creating prefix script '/home/zheka/Smart-Mobility-Engineering-Lab/launch_ws/install/local_setup.ps1'
[1.611s] INFO:colcon.colcon_core.shell:Creating prefix util module '/home/zheka/Smart-Mobility-Engineering-Lab/launch_ws/install/_local_setup_util_ps1.py'
[1.611s] INFO:colcon.colcon_core.shell:Creating prefix chain script '/home/zheka/Smart-Mobility-Engineering-Lab/launch_ws/install/setup.ps1'
[1.622s] INFO:colcon.colcon_core.shell:Creating prefix script '/home/zheka/Smart-Mobility-Engineering-Lab/launch_ws/install/local_setup.sh'
[1.623s] INFO:colcon.colcon_core.shell:Creating prefix util module '/home/zheka/Smart-Mobility-Engineering-Lab/launch_ws/install/_local_setup_util_sh.py'
[1.623s] INFO:colcon.colcon_core.shell:Creating prefix chain script '/home/zheka/Smart-Mobility-Engineering-Lab/launch_ws/install/setup.sh'
[1.631s] INFO:colcon.colcon_core.shell:Creating prefix script '/home/zheka/Smart-Mobility-Engineering-Lab/launch_ws/install/local_setup.bash'
[1.632s] INFO:colcon.colcon_core.shell:Creating prefix chain script '/home/zheka/Smart-Mobility-Engineering-Lab/launch_ws/install/setup.bash'
[1.638s] INFO:colcon.colcon_core.shell:Creating prefix script '/home/zheka/Smart-Mobility-Engineering-Lab/launch_ws/install/local_setup.zsh'
[1.638s] INFO:colcon.colcon_core.shell:Creating prefix chain script '/home/zheka/Smart-Mobility-Engineering-Lab/launch_ws/install/setup.zsh'
