/home/risimon/mateEZ/vip1_ws/install/turtlebot3_safety/lib/python3.10/site-packages/autonomous_driving/__init__.py
/home/risimon/mateEZ/vip1_ws/install/turtlebot3_safety/lib/python3.10/site-packages/autonomous_driving/__pycache__/__init__.cpython-310.pyc
/home/risimon/mateEZ/vip1_ws/install/turtlebot3_safety/share/ament_index/resource_index/packages/autonomous_driving
/home/risimon/mateEZ/vip1_ws/install/turtlebot3_safety/share/autonomous_driving/package.xml
/home/risimon/mateEZ/vip1_ws/install/turtlebot3_safety/share/autonomous_driving/launch/obstacle_avoidance.launch.py
/home/risimon/mateEZ/vip1_ws/install/turtlebot3_safety/share/autonomous_driving/launch/wall_following.launch.py
/home/risimon/mateEZ/vip1_ws/install/turtlebot3_safety/share/autonomous_driving/rviz
/home/risimon/mateEZ/vip1_ws/install/turtlebot3_safety/share/autonomous_driving/worlds/wall_following.sdf
/home/risimon/mateEZ/vip1_ws/install/turtlebot3_safety/share/autonomous_driving/worlds/wall_following.world
/home/risimon/mateEZ/vip1_ws/install/turtlebot3_safety/share/autonomous_driving/worlds/obstacle_avoidance.sdf
/home/risimon/mateEZ/vip1_ws/install/turtlebot3_safety/share/autonomous_driving/worlds/obstacle_avoidance.world
/home/risimon/mateEZ/vip1_ws/install/turtlebot3_safety/lib/python3.10/site-packages/autonomous_driving-0.1.0-py3.10.egg-info/zip-safe
/home/risimon/mateEZ/vip1_ws/install/turtlebot3_safety/lib/python3.10/site-packages/autonomous_driving-0.1.0-py3.10.egg-info/entry_points.txt
/home/risimon/mateEZ/vip1_ws/install/turtlebot3_safety/lib/python3.10/site-packages/autonomous_driving-0.1.0-py3.10.egg-info/SOURCES.txt
/home/risimon/mateEZ/vip1_ws/install/turtlebot3_safety/lib/python3.10/site-packages/autonomous_driving-0.1.0-py3.10.egg-info/dependency_links.txt
/home/risimon/mateEZ/vip1_ws/install/turtlebot3_safety/lib/python3.10/site-packages/autonomous_driving-0.1.0-py3.10.egg-info/top_level.txt
/home/risimon/mateEZ/vip1_ws/install/turtlebot3_safety/lib/python3.10/site-packages/autonomous_driving-0.1.0-py3.10.egg-info/requires.txt
/home/risimon/mateEZ/vip1_ws/install/turtlebot3_safety/lib/python3.10/site-packages/autonomous_driving-0.1.0-py3.10.egg-info/PKG-INFO
/home/risimon/mateEZ/vip1_ws/install/turtlebot3_safety/lib/autonomous_driving/obstacle_avoidance
/home/risimon/mateEZ/vip1_ws/install/turtlebot3_safety/lib/autonomous_driving/wall_following
