[0.802s] Invoking command in '/home/zheka/Smart-Mobility-Engineering-Lab/ros2_ws/src/python_parameters': PYTHONPATH=/home/zheka/Smart-Mobility-Engineering-Lab/ros2_ws/build/python_parameters/prefix_override:/home/zheka/Smart-Mobility-Engineering-Lab/ros2_ws/install/python_parameters/lib/python3.10/site-packages:${PYTHONPATH} /usr/bin/python3 setup.py egg_info --egg-base ../../build/python_parameters build --build-base /home/zheka/Smart-Mobility-Engineering-Lab/ros2_ws/build/python_parameters/build install --record /home/zheka/Smart-Mobility-Engineering-Lab/ros2_ws/build/python_parameters/install.log --single-version-externally-managed
[1.140s] running egg_info
[1.150s] writing ../../build/python_parameters/python_parameters.egg-info/PKG-INFO
[1.151s] writing dependency_links to ../../build/python_parameters/python_parameters.egg-info/dependency_links.txt
[1.151s] writing entry points to ../../build/python_parameters/python_parameters.egg-info/entry_points.txt
[1.151s] writing requirements to ../../build/python_parameters/python_parameters.egg-info/requires.txt
[1.151s] writing top-level names to ../../build/python_parameters/python_parameters.egg-info/top_level.txt
[1.153s] reading manifest file '../../build/python_parameters/python_parameters.egg-info/SOURCES.txt'
[1.153s] writing manifest file '../../build/python_parameters/python_parameters.egg-info/SOURCES.txt'
[1.153s] running build
[1.154s] running build_py
[1.154s] running install
[1.154s] running install_lib
[1.154s] running install_data
[1.155s] running install_egg_info
[1.155s] removing '/home/zheka/Smart-Mobility-Engineering-Lab/ros2_ws/install/python_parameters/lib/python3.10/site-packages/python_parameters-0.0.0-py3.10.egg-info' (and everything under it)
[1.156s] Copying ../../build/python_parameters/python_parameters.egg-info to /home/zheka/Smart-Mobility-Engineering-Lab/ros2_ws/install/python_parameters/lib/python3.10/site-packages/python_parameters-0.0.0-py3.10.egg-info
[1.156s] running install_scripts
[1.179s] Installing minimal_param_node script to /home/zheka/Smart-Mobility-Engineering-Lab/ros2_ws/install/python_parameters/lib/python_parameters
[1.179s] writing list of installed files to '/home/zheka/Smart-Mobility-Engineering-Lab/ros2_ws/build/python_parameters/install.log'
[1.227s] Invoked command in '/home/zheka/Smart-Mobility-Engineering-Lab/ros2_ws/src/python_parameters' returned '0': PYTHONPATH=/home/zheka/Smart-Mobility-Engineering-Lab/ros2_ws/build/python_parameters/prefix_override:/home/zheka/Smart-Mobility-Engineering-Lab/ros2_ws/install/python_parameters/lib/python3.10/site-packages:${PYTHONPATH} /usr/bin/python3 setup.py egg_info --egg-base ../../build/python_parameters build --build-base /home/zheka/Smart-Mobility-Engineering-Lab/ros2_ws/build/python_parameters/build install --record /home/zheka/Smart-Mobility-Engineering-Lab/ros2_ws/build/python_parameters/install.log --single-version-externally-managed
