[0.330s] Invoking command in '/home/zheka/Smart-Mobility-Engineering-Lab/ros2_ws/src/py_pubsub': PYTHONPATH=/home/zheka/Smart-Mobility-Engineering-Lab/ros2_ws/build/py_pubsub/prefix_override:/home/zheka/Smart-Mobility-Engineering-Lab/ros2_ws/install/py_pubsub/lib/python3.10/site-packages:${PYTHONPATH} /usr/bin/python3 setup.py egg_info --egg-base ../../build/py_pubsub build --build-base /home/zheka/Smart-Mobility-Engineering-Lab/ros2_ws/build/py_pubsub/build install --record /home/zheka/Smart-Mobility-Engineering-Lab/ros2_ws/build/py_pubsub/install.log --single-version-externally-managed
[0.445s] running egg_info
[0.445s] creating ../../build/py_pubsub/py_pubsub.egg-info
[0.445s] writing ../../build/py_pubsub/py_pubsub.egg-info/PKG-INFO
[0.445s] writing dependency_links to ../../build/py_pubsub/py_pubsub.egg-info/dependency_links.txt
[0.445s] writing entry points to ../../build/py_pubsub/py_pubsub.egg-info/entry_points.txt
[0.445s] writing requirements to ../../build/py_pubsub/py_pubsub.egg-info/requires.txt
[0.446s] writing top-level names to ../../build/py_pubsub/py_pubsub.egg-info/top_level.txt
[0.446s] writing manifest file '../../build/py_pubsub/py_pubsub.egg-info/SOURCES.txt'
[0.446s] reading manifest file '../../build/py_pubsub/py_pubsub.egg-info/SOURCES.txt'
[0.447s] writing manifest file '../../build/py_pubsub/py_pubsub.egg-info/SOURCES.txt'
[0.447s] running build
[0.447s] running build_py
[0.447s] creating /home/zheka/Smart-Mobility-Engineering-Lab/ros2_ws/build/py_pubsub/build
[0.447s] creating /home/zheka/Smart-Mobility-Engineering-Lab/ros2_ws/build/py_pubsub/build/lib
[0.447s] creating /home/zheka/Smart-Mobility-Engineering-Lab/ros2_ws/build/py_pubsub/build/lib/py_pubsub
[0.447s] copying py_pubsub/__init__.py -> /home/zheka/Smart-Mobility-Engineering-Lab/ros2_ws/build/py_pubsub/build/lib/py_pubsub
[0.447s] copying py_pubsub/subscriber_member_function.py -> /home/zheka/Smart-Mobility-Engineering-Lab/ros2_ws/build/py_pubsub/build/lib/py_pubsub
[0.447s] copying py_pubsub/publisher_member_function.py -> /home/zheka/Smart-Mobility-Engineering-Lab/ros2_ws/build/py_pubsub/build/lib/py_pubsub
[0.447s] running install
[0.447s] running install_lib
[0.448s] creating /home/zheka/Smart-Mobility-Engineering-Lab/ros2_ws/install/py_pubsub/lib/python3.10/site-packages/py_pubsub
[0.448s] copying /home/zheka/Smart-Mobility-Engineering-Lab/ros2_ws/build/py_pubsub/build/lib/py_pubsub/__init__.py -> /home/zheka/Smart-Mobility-Engineering-Lab/ros2_ws/install/py_pubsub/lib/python3.10/site-packages/py_pubsub
[0.448s] copying /home/zheka/Smart-Mobility-Engineering-Lab/ros2_ws/build/py_pubsub/build/lib/py_pubsub/subscriber_member_function.py -> /home/zheka/Smart-Mobility-Engineering-Lab/ros2_ws/install/py_pubsub/lib/python3.10/site-packages/py_pubsub
[0.448s] copying /home/zheka/Smart-Mobility-Engineering-Lab/ros2_ws/build/py_pubsub/build/lib/py_pubsub/publisher_member_function.py -> /home/zheka/Smart-Mobility-Engineering-Lab/ros2_ws/install/py_pubsub/lib/python3.10/site-packages/py_pubsub
[0.448s] byte-compiling /home/zheka/Smart-Mobility-Engineering-Lab/ros2_ws/install/py_pubsub/lib/python3.10/site-packages/py_pubsub/__init__.py to __init__.cpython-310.pyc
[0.448s] byte-compiling /home/zheka/Smart-Mobility-Engineering-Lab/ros2_ws/install/py_pubsub/lib/python3.10/site-packages/py_pubsub/subscriber_member_function.py to subscriber_member_function.cpython-310.pyc
[0.448s] byte-compiling /home/zheka/Smart-Mobility-Engineering-Lab/ros2_ws/install/py_pubsub/lib/python3.10/site-packages/py_pubsub/publisher_member_function.py to publisher_member_function.cpython-310.pyc
[0.449s] running install_data
[0.449s] creating /home/zheka/Smart-Mobility-Engineering-Lab/ros2_ws/install/py_pubsub/share/ament_index
[0.449s] creating /home/zheka/Smart-Mobility-Engineering-Lab/ros2_ws/install/py_pubsub/share/ament_index/resource_index
[0.449s] creating /home/zheka/Smart-Mobility-Engineering-Lab/ros2_ws/install/py_pubsub/share/ament_index/resource_index/packages
[0.449s] copying resource/py_pubsub -> /home/zheka/Smart-Mobility-Engineering-Lab/ros2_ws/install/py_pubsub/share/ament_index/resource_index/packages
[0.449s] copying package.xml -> /home/zheka/Smart-Mobility-Engineering-Lab/ros2_ws/install/py_pubsub/share/py_pubsub
[0.449s] running install_egg_info
[0.450s] Copying ../../build/py_pubsub/py_pubsub.egg-info to /home/zheka/Smart-Mobility-Engineering-Lab/ros2_ws/install/py_pubsub/lib/python3.10/site-packages/py_pubsub-0.0.0-py3.10.egg-info
[0.450s] running install_scripts
[0.460s] Installing listener script to /home/zheka/Smart-Mobility-Engineering-Lab/ros2_ws/install/py_pubsub/lib/py_pubsub
[0.460s] Installing talker script to /home/zheka/Smart-Mobility-Engineering-Lab/ros2_ws/install/py_pubsub/lib/py_pubsub
[0.460s] writing list of installed files to '/home/zheka/Smart-Mobility-Engineering-Lab/ros2_ws/build/py_pubsub/install.log'
[0.474s] Invoked command in '/home/zheka/Smart-Mobility-Engineering-Lab/ros2_ws/src/py_pubsub' returned '0': PYTHONPATH=/home/zheka/Smart-Mobility-Engineering-Lab/ros2_ws/build/py_pubsub/prefix_override:/home/zheka/Smart-Mobility-Engineering-Lab/ros2_ws/install/py_pubsub/lib/python3.10/site-packages:${PYTHONPATH} /usr/bin/python3 setup.py egg_info --egg-base ../../build/py_pubsub build --build-base /home/zheka/Smart-Mobility-Engineering-Lab/ros2_ws/build/py_pubsub/build install --record /home/zheka/Smart-Mobility-Engineering-Lab/ros2_ws/build/py_pubsub/install.log --single-version-externally-managed
