[0.022s] Invoking command in '/home/zheka/Smart-Mobility-Engineering-Lab/ros2_ws/build/urdf_tutorial': CMAKE_PREFIX_PATH=/opt/ros/humble /usr/bin/cmake /home/zheka/Smart-Mobility-Engineering-Lab/ros2_ws/src/urdf_tutorial -DCMAKE_INSTALL_PREFIX=/home/zheka/Smart-Mobility-Engineering-Lab/ros2_ws/install/urdf_tutorial
[0.123s] -- The C compiler identification is GNU 11.4.0
[0.198s] -- The CXX compiler identification is GNU 11.4.0
[0.206s] -- Detecting C compiler ABI info
[0.258s] -- Detecting C compiler ABI info - done
[0.262s] -- Check for working C compiler: /usr/bin/cc - skipped
[0.263s] -- Detecting C compile features
[0.263s] -- Detecting C compile features - done
[0.266s] -- Detecting CXX compiler ABI info
[0.319s] -- Detecting CXX compiler ABI info - done
[0.324s] -- Check for working CXX compiler: /usr/bin/c++ - skipped
[0.324s] -- Detecting CXX compile features
[0.325s] -- Detecting CXX compile features - done
[0.326s] -- Found ament_cmake: 1.3.5 (/opt/ros/humble/share/ament_cmake/cmake)
[0.423s] -- Found Python3: /usr/bin/python3.10 (found version "3.10.12") found components: Interpreter 
[0.476s] -- Found ament_lint_auto: 0.12.8 (/opt/ros/humble/share/ament_lint_auto/cmake)
[0.510s] -- Configuring done
[0.511s] -- Generating done
[0.511s] -- Build files have been written to: /home/zheka/Smart-Mobility-Engineering-Lab/ros2_ws/build/urdf_tutorial
[0.514s] Invoked command in '/home/zheka/Smart-Mobility-Engineering-Lab/ros2_ws/build/urdf_tutorial' returned '0': CMAKE_PREFIX_PATH=/opt/ros/humble /usr/bin/cmake /home/zheka/Smart-Mobility-Engineering-Lab/ros2_ws/src/urdf_tutorial -DCMAKE_INSTALL_PREFIX=/home/zheka/Smart-Mobility-Engineering-Lab/ros2_ws/install/urdf_tutorial
[0.515s] Invoking command in '/home/zheka/Smart-Mobility-Engineering-Lab/ros2_ws/build/urdf_tutorial': CMAKE_PREFIX_PATH=/opt/ros/humble /usr/bin/cmake --build /home/zheka/Smart-Mobility-Engineering-Lab/ros2_ws/build/urdf_tutorial -- -j2 -l2
[0.546s] Invoked command in '/home/zheka/Smart-Mobility-Engineering-Lab/ros2_ws/build/urdf_tutorial' returned '0': CMAKE_PREFIX_PATH=/opt/ros/humble /usr/bin/cmake --build /home/zheka/Smart-Mobility-Engineering-Lab/ros2_ws/build/urdf_tutorial -- -j2 -l2
[0.568s] Invoking command in '/home/zheka/Smart-Mobility-Engineering-Lab/ros2_ws/build/urdf_tutorial': CMAKE_PREFIX_PATH=/opt/ros/humble /usr/bin/cmake --install /home/zheka/Smart-Mobility-Engineering-Lab/ros2_ws/build/urdf_tutorial
[0.573s] -- Install configuration: ""
[0.573s] -- Installing: /home/zheka/Smart-Mobility-Engineering-Lab/ros2_ws/install/urdf_tutorial/share/urdf_tutorial/images
[0.573s] -- Installing: /home/zheka/Smart-Mobility-Engineering-Lab/ros2_ws/install/urdf_tutorial/share/urdf_tutorial/images/multipleshapes.png
[0.575s] -- Installing: /home/zheka/Smart-Mobility-Engineering-Lab/ros2_ws/install/urdf_tutorial/share/urdf_tutorial/images/flexible.png
[0.576s] -- Installing: /home/zheka/Smart-Mobility-Engineering-Lab/ros2_ws/install/urdf_tutorial/share/urdf_tutorial/images/visual.png
[0.577s] -- Installing: /home/zheka/Smart-Mobility-Engineering-Lab/ros2_ws/install/urdf_tutorial/share/urdf_tutorial/images/materials.png
[0.577s] -- Installing: /home/zheka/Smart-Mobility-Engineering-Lab/ros2_ws/install/urdf_tutorial/share/urdf_tutorial/images/origins.png
[0.578s] -- Installing: /home/zheka/Smart-Mobility-Engineering-Lab/ros2_ws/install/urdf_tutorial/share/urdf_tutorial/images/myfirst.png
[0.579s] -- Installing: /home/zheka/Smart-Mobility-Engineering-Lab/ros2_ws/install/urdf_tutorial/share/urdf_tutorial/launch
[0.579s] -- Installing: /home/zheka/Smart-Mobility-Engineering-Lab/ros2_ws/install/urdf_tutorial/share/urdf_tutorial/launch/display.launch.py
[0.579s] -- Installing: /home/zheka/Smart-Mobility-Engineering-Lab/ros2_ws/install/urdf_tutorial/share/urdf_tutorial/meshes
[0.579s] -- Installing: /home/zheka/Smart-Mobility-Engineering-Lab/ros2_ws/install/urdf_tutorial/share/urdf_tutorial/meshes/l_finger_color.png
[0.580s] -- Installing: /home/zheka/Smart-Mobility-Engineering-Lab/ros2_ws/install/urdf_tutorial/share/urdf_tutorial/meshes/l_finger_tip_color.png
[0.580s] -- Installing: /home/zheka/Smart-Mobility-Engineering-Lab/ros2_ws/install/urdf_tutorial/share/urdf_tutorial/meshes/l_finger.dae
[0.580s] -- Installing: /home/zheka/Smart-Mobility-Engineering-Lab/ros2_ws/install/urdf_tutorial/share/urdf_tutorial/meshes/l_finger_tip.dae
[0.581s] -- Installing: /home/zheka/Smart-Mobility-Engineering-Lab/ros2_ws/install/urdf_tutorial/share/urdf_tutorial/rviz
[0.581s] -- Installing: /home/zheka/Smart-Mobility-Engineering-Lab/ros2_ws/install/urdf_tutorial/share/urdf_tutorial/rviz/urdf.rviz
[0.581s] -- Installing: /home/zheka/Smart-Mobility-Engineering-Lab/ros2_ws/install/urdf_tutorial/share/urdf_tutorial/urdf
[0.581s] -- Installing: /home/zheka/Smart-Mobility-Engineering-Lab/ros2_ws/install/urdf_tutorial/share/urdf_tutorial/urdf/05-visual.urdf
[0.581s] -- Installing: /home/zheka/Smart-Mobility-Engineering-Lab/ros2_ws/install/urdf_tutorial/share/urdf_tutorial/urdf/07-physics.urdf
[0.581s] -- Installing: /home/zheka/Smart-Mobility-Engineering-Lab/ros2_ws/install/urdf_tutorial/share/urdf_tutorial/urdf/01-myfirst.urdf
[0.581s] -- Installing: /home/zheka/Smart-Mobility-Engineering-Lab/ros2_ws/install/urdf_tutorial/share/urdf_tutorial/urdf/08-macroed.urdf.xacro
[0.581s] -- Installing: /home/zheka/Smart-Mobility-Engineering-Lab/ros2_ws/install/urdf_tutorial/share/urdf_tutorial/urdf/02-multipleshapes.urdf
[0.582s] -- Installing: /home/zheka/Smart-Mobility-Engineering-Lab/ros2_ws/install/urdf_tutorial/share/urdf_tutorial/urdf/03-origins.urdf
[0.582s] -- Installing: /home/zheka/Smart-Mobility-Engineering-Lab/ros2_ws/install/urdf_tutorial/share/urdf_tutorial/urdf/06-flexible.urdf
[0.582s] -- Installing: /home/zheka/Smart-Mobility-Engineering-Lab/ros2_ws/install/urdf_tutorial/share/urdf_tutorial/urdf/04-materials.urdf
[0.582s] -- Installing: /home/zheka/Smart-Mobility-Engineering-Lab/ros2_ws/install/urdf_tutorial/share/ament_index/resource_index/package_run_dependencies/urdf_tutorial
[0.582s] -- Installing: /home/zheka/Smart-Mobility-Engineering-Lab/ros2_ws/install/urdf_tutorial/share/ament_index/resource_index/parent_prefix_path/urdf_tutorial
[0.582s] -- Installing: /home/zheka/Smart-Mobility-Engineering-Lab/ros2_ws/install/urdf_tutorial/share/urdf_tutorial/environment/ament_prefix_path.sh
[0.582s] -- Installing: /home/zheka/Smart-Mobility-Engineering-Lab/ros2_ws/install/urdf_tutorial/share/urdf_tutorial/environment/ament_prefix_path.dsv
[0.582s] -- Installing: /home/zheka/Smart-Mobility-Engineering-Lab/ros2_ws/install/urdf_tutorial/share/urdf_tutorial/environment/path.sh
[0.582s] -- Installing: /home/zheka/Smart-Mobility-Engineering-Lab/ros2_ws/install/urdf_tutorial/share/urdf_tutorial/environment/path.dsv
[0.582s] -- Installing: /home/zheka/Smart-Mobility-Engineering-Lab/ros2_ws/install/urdf_tutorial/share/urdf_tutorial/local_setup.bash
[0.583s] -- Installing: /home/zheka/Smart-Mobility-Engineering-Lab/ros2_ws/install/urdf_tutorial/share/urdf_tutorial/local_setup.sh
[0.583s] -- Installing: /home/zheka/Smart-Mobility-Engineering-Lab/ros2_ws/install/urdf_tutorial/share/urdf_tutorial/local_setup.zsh
[0.583s] -- Installing: /home/zheka/Smart-Mobility-Engineering-Lab/ros2_ws/install/urdf_tutorial/share/urdf_tutorial/local_setup.dsv
[0.583s] -- Installing: /home/zheka/Smart-Mobility-Engineering-Lab/ros2_ws/install/urdf_tutorial/share/urdf_tutorial/package.dsv
[0.583s] -- Installing: /home/zheka/Smart-Mobility-Engineering-Lab/ros2_ws/install/urdf_tutorial/share/ament_index/resource_index/packages/urdf_tutorial
[0.583s] -- Installing: /home/zheka/Smart-Mobility-Engineering-Lab/ros2_ws/install/urdf_tutorial/share/urdf_tutorial/cmake/urdf_tutorialConfig.cmake
[0.583s] -- Installing: /home/zheka/Smart-Mobility-Engineering-Lab/ros2_ws/install/urdf_tutorial/share/urdf_tutorial/cmake/urdf_tutorialConfig-version.cmake
[0.583s] -- Installing: /home/zheka/Smart-Mobility-Engineering-Lab/ros2_ws/install/urdf_tutorial/share/urdf_tutorial/package.xml
[0.584s] Invoked command in '/home/zheka/Smart-Mobility-Engineering-Lab/ros2_ws/build/urdf_tutorial' returned '0': CMAKE_PREFIX_PATH=/opt/ros/humble /usr/bin/cmake --install /home/zheka/Smart-Mobility-Engineering-Lab/ros2_ws/build/urdf_tutorial
