[0.376s] Invoking command in '/home/zheka/Smart-Mobility-Engineering-Lab/ros2_ws/src/py_pubsub': PYTHONPATH=/home/zheka/Smart-Mobility-Engineering-Lab/ros2_ws/src/build/py_pubsub/prefix_override:/home/zheka/Smart-Mobility-Engineering-Lab/ros2_ws/src/install/py_pubsub/lib/python3.10/site-packages:${PYTHONPATH} /usr/bin/python3 setup.py egg_info --egg-base ../build/py_pubsub build --build-base /home/zheka/Smart-Mobility-Engineering-Lab/ros2_ws/src/build/py_pubsub/build install --record /home/zheka/Smart-Mobility-Engineering-Lab/ros2_ws/src/build/py_pubsub/install.log --single-version-externally-managed
[0.493s] running egg_info
[0.493s] creating ../build/py_pubsub/py_pubsub.egg-info
[0.494s] writing ../build/py_pubsub/py_pubsub.egg-info/PKG-INFO
[0.494s] writing dependency_links to ../build/py_pubsub/py_pubsub.egg-info/dependency_links.txt
[0.494s] writing entry points to ../build/py_pubsub/py_pubsub.egg-info/entry_points.txt
[0.494s] writing requirements to ../build/py_pubsub/py_pubsub.egg-info/requires.txt
[0.494s] writing top-level names to ../build/py_pubsub/py_pubsub.egg-info/top_level.txt
[0.494s] writing manifest file '../build/py_pubsub/py_pubsub.egg-info/SOURCES.txt'
[0.495s] reading manifest file '../build/py_pubsub/py_pubsub.egg-info/SOURCES.txt'
[0.495s] writing manifest file '../build/py_pubsub/py_pubsub.egg-info/SOURCES.txt'
[0.495s] running build
[0.495s] running build_py
[0.495s] creating /home/zheka/Smart-Mobility-Engineering-Lab/ros2_ws/src/build/py_pubsub/build
[0.496s] creating /home/zheka/Smart-Mobility-Engineering-Lab/ros2_ws/src/build/py_pubsub/build/lib
[0.496s] creating /home/zheka/Smart-Mobility-Engineering-Lab/ros2_ws/src/build/py_pubsub/build/lib/py_pubsub
[0.496s] copying py_pubsub/__init__.py -> /home/zheka/Smart-Mobility-Engineering-Lab/ros2_ws/src/build/py_pubsub/build/lib/py_pubsub
[0.496s] copying py_pubsub/subscriber_member_function.py -> /home/zheka/Smart-Mobility-Engineering-Lab/ros2_ws/src/build/py_pubsub/build/lib/py_pubsub
[0.496s] copying py_pubsub/publisher_member_function.py -> /home/zheka/Smart-Mobility-Engineering-Lab/ros2_ws/src/build/py_pubsub/build/lib/py_pubsub
[0.496s] running install
[0.496s] running install_lib
[0.496s] creating /home/zheka/Smart-Mobility-Engineering-Lab/ros2_ws/src/install/py_pubsub/lib/python3.10/site-packages/py_pubsub
[0.496s] copying /home/zheka/Smart-Mobility-Engineering-Lab/ros2_ws/src/build/py_pubsub/build/lib/py_pubsub/__init__.py -> /home/zheka/Smart-Mobility-Engineering-Lab/ros2_ws/src/install/py_pubsub/lib/python3.10/site-packages/py_pubsub
[0.496s] copying /home/zheka/Smart-Mobility-Engineering-Lab/ros2_ws/src/build/py_pubsub/build/lib/py_pubsub/subscriber_member_function.py -> /home/zheka/Smart-Mobility-Engineering-Lab/ros2_ws/src/install/py_pubsub/lib/python3.10/site-packages/py_pubsub
[0.496s] copying /home/zheka/Smart-Mobility-Engineering-Lab/ros2_ws/src/build/py_pubsub/build/lib/py_pubsub/publisher_member_function.py -> /home/zheka/Smart-Mobility-Engineering-Lab/ros2_ws/src/install/py_pubsub/lib/python3.10/site-packages/py_pubsub
[0.497s] byte-compiling /home/zheka/Smart-Mobility-Engineering-Lab/ros2_ws/src/install/py_pubsub/lib/python3.10/site-packages/py_pubsub/__init__.py to __init__.cpython-310.pyc
[0.497s] byte-compiling /home/zheka/Smart-Mobility-Engineering-Lab/ros2_ws/src/install/py_pubsub/lib/python3.10/site-packages/py_pubsub/subscriber_member_function.py to subscriber_member_function.cpython-310.pyc
[0.497s] byte-compiling /home/zheka/Smart-Mobility-Engineering-Lab/ros2_ws/src/install/py_pubsub/lib/python3.10/site-packages/py_pubsub/publisher_member_function.py to publisher_member_function.cpython-310.pyc
[0.497s] running install_data
[0.497s] creating /home/zheka/Smart-Mobility-Engineering-Lab/ros2_ws/src/install/py_pubsub/share/ament_index
[0.497s] creating /home/zheka/Smart-Mobility-Engineering-Lab/ros2_ws/src/install/py_pubsub/share/ament_index/resource_index
[0.497s] creating /home/zheka/Smart-Mobility-Engineering-Lab/ros2_ws/src/install/py_pubsub/share/ament_index/resource_index/packages
[0.497s] copying resource/py_pubsub -> /home/zheka/Smart-Mobility-Engineering-Lab/ros2_ws/src/install/py_pubsub/share/ament_index/resource_index/packages
[0.497s] copying package.xml -> /home/zheka/Smart-Mobility-Engineering-Lab/ros2_ws/src/install/py_pubsub/share/py_pubsub
[0.497s] running install_egg_info
[0.498s] Copying ../build/py_pubsub/py_pubsub.egg-info to /home/zheka/Smart-Mobility-Engineering-Lab/ros2_ws/src/install/py_pubsub/lib/python3.10/site-packages/py_pubsub-0.0.0-py3.10.egg-info
[0.499s] running install_scripts
[0.508s] Installing listener script to /home/zheka/Smart-Mobility-Engineering-Lab/ros2_ws/src/install/py_pubsub/lib/py_pubsub
[0.509s] Installing talker script to /home/zheka/Smart-Mobility-Engineering-Lab/ros2_ws/src/install/py_pubsub/lib/py_pubsub
[0.509s] writing list of installed files to '/home/zheka/Smart-Mobility-Engineering-Lab/ros2_ws/src/build/py_pubsub/install.log'
[0.521s] Invoked command in '/home/zheka/Smart-Mobility-Engineering-Lab/ros2_ws/src/py_pubsub' returned '0': PYTHONPATH=/home/zheka/Smart-Mobility-Engineering-Lab/ros2_ws/src/build/py_pubsub/prefix_override:/home/zheka/Smart-Mobility-Engineering-Lab/ros2_ws/src/install/py_pubsub/lib/python3.10/site-packages:${PYTHONPATH} /usr/bin/python3 setup.py egg_info --egg-base ../build/py_pubsub build --build-base /home/zheka/Smart-Mobility-Engineering-Lab/ros2_ws/src/build/py_pubsub/build install --record /home/zheka/Smart-Mobility-Engineering-Lab/ros2_ws/src/build/py_pubsub/install.log --single-version-externally-managed
