[0.474s] Invoking command in '/home/zheka/Smart-Mobility-Engineering-Lab/ros2_ws/src/py_srvcli': AMENT_PREFIX_PATH=/home/zheka/Smart-Mobility-Engineering-Lab/ros2_ws/install/tutorial_interfaces:${AMENT_PREFIX_PATH} CMAKE_PREFIX_PATH=/home/zheka/Smart-Mobility-Engineering-Lab/ros2_ws/install/tutorial_interfaces LD_LIBRARY_PATH=/home/zheka/Smart-Mobility-Engineering-Lab/ros2_ws/install/tutorial_interfaces/lib:${LD_LIBRARY_PATH} PYTHONPATH=/home/zheka/Smart-Mobility-Engineering-Lab/ros2_ws/build/py_srvcli/prefix_override:/home/zheka/Smart-Mobility-Engineering-Lab/ros2_ws/install/py_srvcli/lib/python3.10/site-packages:/home/zheka/Smart-Mobility-Engineering-Lab/ros2_ws/install/tutorial_interfaces/local/lib/python3.10/dist-packages:${PYTHONPATH} /usr/bin/python3 setup.py egg_info --egg-base ../../build/py_srvcli build --build-base /home/zheka/Smart-Mobility-Engineering-Lab/ros2_ws/build/py_srvcli/build install --record /home/zheka/Smart-Mobility-Engineering-Lab/ros2_ws/build/py_srvcli/install.log --single-version-externally-managed
[0.631s] running egg_info
[0.631s] writing ../../build/py_srvcli/py_srvcli.egg-info/PKG-INFO
[0.632s] writing dependency_links to ../../build/py_srvcli/py_srvcli.egg-info/dependency_links.txt
[0.632s] writing entry points to ../../build/py_srvcli/py_srvcli.egg-info/entry_points.txt
[0.632s] writing requirements to ../../build/py_srvcli/py_srvcli.egg-info/requires.txt
[0.632s] writing top-level names to ../../build/py_srvcli/py_srvcli.egg-info/top_level.txt
[0.634s] reading manifest file '../../build/py_srvcli/py_srvcli.egg-info/SOURCES.txt'
[0.634s] writing manifest file '../../build/py_srvcli/py_srvcli.egg-info/SOURCES.txt'
[0.635s] running build
[0.635s] running build_py
[0.635s] running install
[0.635s] running install_lib
[0.637s] running install_data
[0.637s] running install_egg_info
[0.638s] removing '/home/zheka/Smart-Mobility-Engineering-Lab/ros2_ws/install/py_srvcli/lib/python3.10/site-packages/py_srvcli-0.0.0-py3.10.egg-info' (and everything under it)
[0.639s] Copying ../../build/py_srvcli/py_srvcli.egg-info to /home/zheka/Smart-Mobility-Engineering-Lab/ros2_ws/install/py_srvcli/lib/python3.10/site-packages/py_srvcli-0.0.0-py3.10.egg-info
[0.639s] running install_scripts
[0.652s] Installing client script to /home/zheka/Smart-Mobility-Engineering-Lab/ros2_ws/install/py_srvcli/lib/py_srvcli
[0.653s] Installing service script to /home/zheka/Smart-Mobility-Engineering-Lab/ros2_ws/install/py_srvcli/lib/py_srvcli
[0.653s] writing list of installed files to '/home/zheka/Smart-Mobility-Engineering-Lab/ros2_ws/build/py_srvcli/install.log'
[0.683s] Invoked command in '/home/zheka/Smart-Mobility-Engineering-Lab/ros2_ws/src/py_srvcli' returned '0': AMENT_PREFIX_PATH=/home/zheka/Smart-Mobility-Engineering-Lab/ros2_ws/install/tutorial_interfaces:${AMENT_PREFIX_PATH} CMAKE_PREFIX_PATH=/home/zheka/Smart-Mobility-Engineering-Lab/ros2_ws/install/tutorial_interfaces LD_LIBRARY_PATH=/home/zheka/Smart-Mobility-Engineering-Lab/ros2_ws/install/tutorial_interfaces/lib:${LD_LIBRARY_PATH} PYTHONPATH=/home/zheka/Smart-Mobility-Engineering-Lab/ros2_ws/build/py_srvcli/prefix_override:/home/zheka/Smart-Mobility-Engineering-Lab/ros2_ws/install/py_srvcli/lib/python3.10/site-packages:/home/zheka/Smart-Mobility-Engineering-Lab/ros2_ws/install/tutorial_interfaces/local/lib/python3.10/dist-packages:${PYTHONPATH} /usr/bin/python3 setup.py egg_info --egg-base ../../build/py_srvcli build --build-base /home/zheka/Smart-Mobility-Engineering-Lab/ros2_ws/build/py_srvcli/build install --record /home/zheka/Smart-Mobility-Engineering-Lab/ros2_ws/build/py_srvcli/install.log --single-version-externally-managed
