[0.052s] Invoking command in '/home/zheka/Smart-Mobility-Engineering-Lab/ros2_ws/build/more_interfaces': CMAKE_PREFIX_PATH=/opt/ros/humble /usr/bin/cmake --build /home/zheka/Smart-Mobility-Engineering-Lab/ros2_ws/build/more_interfaces -- -j2 -l2
[0.093s] [35m[1mConsolidate compiler generated dependencies of target more_interfaces__rosidl_generator_c[0m
[0.127s] [  3%] Built target more_interfaces__cpp
[0.130s] [ 12%] Built target more_interfaces__rosidl_generator_c
[0.145s] [35m[1mConsolidate compiler generated dependencies of target more_interfaces__rosidl_typesupport_cpp[0m
[0.311s] [ 21%] Built target more_interfaces__rosidl_typesupport_cpp
[0.334s] [ 21%] Built target ament_cmake_python_copy_more_interfaces
[0.344s] [35m[1mConsolidate compiler generated dependencies of target more_interfaces__rosidl_typesupport_fastrtps_c[0m
[0.365s] [35m[1mConsolidate compiler generated dependencies of target more_interfaces__rosidl_typesupport_introspection_c[0m
[0.388s] [ 30%] Built target more_interfaces__rosidl_typesupport_fastrtps_c
[0.415s] [ 39%] Built target more_interfaces__rosidl_typesupport_introspection_c
[0.415s] [35m[1mConsolidate compiler generated dependencies of target more_interfaces__rosidl_typesupport_c[0m
[0.425s] [35m[1mConsolidate compiler generated dependencies of target more_interfaces__rosidl_typesupport_fastrtps_cpp[0m
[0.440s] [ 48%] Built target more_interfaces__rosidl_typesupport_c
[0.486s] [ 57%] Built target more_interfaces__rosidl_typesupport_fastrtps_cpp
[0.490s] [35m[1mConsolidate compiler generated dependencies of target more_interfaces__rosidl_typesupport_introspection_cpp[0m
[0.556s] [ 66%] Built target more_interfaces__rosidl_typesupport_introspection_cpp
[0.599s] [35m[1mConsolidate compiler generated dependencies of target publish_address_book[0m
[0.627s] [ 72%] Built target publish_address_book
[0.651s] [ 72%] Built target more_interfaces
[0.731s] [ 75%] Built target more_interfaces__py
[0.812s] [35m[1mConsolidate compiler generated dependencies of target more_interfaces__rosidl_generator_py[0m
[0.867s] [ 81%] Built target more_interfaces__rosidl_generator_py
[0.928s] running egg_info
[0.928s] [35m[1mConsolidate compiler generated dependencies of target more_interfaces__rosidl_typesupport_fastrtps_c__pyext[0m
[0.940s] writing more_interfaces.egg-info/PKG-INFO
[0.940s] writing dependency_links to more_interfaces.egg-info/dependency_links.txt
[0.940s] writing top-level names to more_interfaces.egg-info/top_level.txt
[0.941s] reading manifest file 'more_interfaces.egg-info/SOURCES.txt'
[0.941s] writing manifest file 'more_interfaces.egg-info/SOURCES.txt'
[0.987s] [ 87%] Built target more_interfaces__rosidl_typesupport_fastrtps_c__pyext
[0.990s] [ 87%] Built target ament_cmake_python_build_more_interfaces_egg
[1.039s] [35m[1mConsolidate compiler generated dependencies of target more_interfaces__rosidl_typesupport_introspection_c__pyext[0m
[1.055s] [35m[1mConsolidate compiler generated dependencies of target more_interfaces__rosidl_typesupport_c__pyext[0m
[1.090s] [ 93%] Built target more_interfaces__rosidl_typesupport_introspection_c__pyext
[1.091s] [100%] Built target more_interfaces__rosidl_typesupport_c__pyext
[1.120s] Invoked command in '/home/zheka/Smart-Mobility-Engineering-Lab/ros2_ws/build/more_interfaces' returned '0': CMAKE_PREFIX_PATH=/opt/ros/humble /usr/bin/cmake --build /home/zheka/Smart-Mobility-Engineering-Lab/ros2_ws/build/more_interfaces -- -j2 -l2
[1.488s] Invoking command in '/home/zheka/Smart-Mobility-Engineering-Lab/ros2_ws/build/more_interfaces': CMAKE_PREFIX_PATH=/opt/ros/humble /usr/bin/cmake --install /home/zheka/Smart-Mobility-Engineering-Lab/ros2_ws/build/more_interfaces
[1.500s] -- Install configuration: ""
[1.503s] -- Up-to-date: /home/zheka/Smart-Mobility-Engineering-Lab/ros2_ws/install/more_interfaces/share/ament_index/resource_index/rosidl_interfaces/more_interfaces
[1.503s] -- Up-to-date: /home/zheka/Smart-Mobility-Engineering-Lab/ros2_ws/install/more_interfaces/include/more_interfaces/more_interfaces
[1.503s] -- Up-to-date: /home/zheka/Smart-Mobility-Engineering-Lab/ros2_ws/install/more_interfaces/include/more_interfaces/more_interfaces/msg
[1.503s] -- Up-to-date: /home/zheka/Smart-Mobility-Engineering-Lab/ros2_ws/install/more_interfaces/include/more_interfaces/more_interfaces/msg/rosidl_generator_c__visibility_control.h
[1.503s] -- Up-to-date: /home/zheka/Smart-Mobility-Engineering-Lab/ros2_ws/install/more_interfaces/include/more_interfaces/more_interfaces/msg/detail
[1.503s] -- Up-to-date: /home/zheka/Smart-Mobility-Engineering-Lab/ros2_ws/install/more_interfaces/include/more_interfaces/more_interfaces/msg/detail/address_book__functions.h
[1.503s] -- Up-to-date: /home/zheka/Smart-Mobility-Engineering-Lab/ros2_ws/install/more_interfaces/include/more_interfaces/more_interfaces/msg/detail/address_book__struct.h
[1.503s] -- Up-to-date: /home/zheka/Smart-Mobility-Engineering-Lab/ros2_ws/install/more_interfaces/include/more_interfaces/more_interfaces/msg/detail/address_book__type_support.h
[1.503s] -- Up-to-date: /home/zheka/Smart-Mobility-Engineering-Lab/ros2_ws/install/more_interfaces/include/more_interfaces/more_interfaces/msg/detail/address_book__functions.c
[1.503s] -- Up-to-date: /home/zheka/Smart-Mobility-Engineering-Lab/ros2_ws/install/more_interfaces/include/more_interfaces/more_interfaces/msg/address_book.h
[1.503s] -- Up-to-date: /home/zheka/Smart-Mobility-Engineering-Lab/ros2_ws/install/more_interfaces/share/more_interfaces/environment/library_path.sh
[1.503s] -- Up-to-date: /home/zheka/Smart-Mobility-Engineering-Lab/ros2_ws/install/more_interfaces/share/more_interfaces/environment/library_path.dsv
[1.503s] -- Up-to-date: /home/zheka/Smart-Mobility-Engineering-Lab/ros2_ws/install/more_interfaces/lib/libmore_interfaces__rosidl_generator_c.so
[1.503s] -- Up-to-date: /home/zheka/Smart-Mobility-Engineering-Lab/ros2_ws/install/more_interfaces/include/more_interfaces/more_interfaces
[1.503s] -- Up-to-date: /home/zheka/Smart-Mobility-Engineering-Lab/ros2_ws/install/more_interfaces/include/more_interfaces/more_interfaces/msg
[1.503s] -- Up-to-date: /home/zheka/Smart-Mobility-Engineering-Lab/ros2_ws/install/more_interfaces/include/more_interfaces/more_interfaces/msg/rosidl_typesupport_fastrtps_c__visibility_control.h
[1.503s] -- Up-to-date: /home/zheka/Smart-Mobility-Engineering-Lab/ros2_ws/install/more_interfaces/include/more_interfaces/more_interfaces/msg/detail
[1.503s] -- Up-to-date: /home/zheka/Smart-Mobility-Engineering-Lab/ros2_ws/install/more_interfaces/include/more_interfaces/more_interfaces/msg/detail/address_book__rosidl_typesupport_fastrtps_c.h
[1.503s] -- Up-to-date: /home/zheka/Smart-Mobility-Engineering-Lab/ros2_ws/install/more_interfaces/lib/libmore_interfaces__rosidl_typesupport_fastrtps_c.so
[1.503s] -- Up-to-date: /home/zheka/Smart-Mobility-Engineering-Lab/ros2_ws/install/more_interfaces/include/more_interfaces/more_interfaces
[1.503s] -- Up-to-date: /home/zheka/Smart-Mobility-Engineering-Lab/ros2_ws/install/more_interfaces/include/more_interfaces/more_interfaces/msg
[1.503s] -- Up-to-date: /home/zheka/Smart-Mobility-Engineering-Lab/ros2_ws/install/more_interfaces/include/more_interfaces/more_interfaces/msg/rosidl_typesupport_introspection_c__visibility_control.h
[1.503s] -- Up-to-date: /home/zheka/Smart-Mobility-Engineering-Lab/ros2_ws/install/more_interfaces/include/more_interfaces/more_interfaces/msg/detail
[1.503s] -- Up-to-date: /home/zheka/Smart-Mobility-Engineering-Lab/ros2_ws/install/more_interfaces/include/more_interfaces/more_interfaces/msg/detail/address_book__type_support.c
[1.503s] -- Up-to-date: /home/zheka/Smart-Mobility-Engineering-Lab/ros2_ws/install/more_interfaces/include/more_interfaces/more_interfaces/msg/detail/address_book__rosidl_typesupport_introspection_c.h
[1.503s] -- Up-to-date: /home/zheka/Smart-Mobility-Engineering-Lab/ros2_ws/install/more_interfaces/lib/libmore_interfaces__rosidl_typesupport_introspection_c.so
[1.504s] -- Up-to-date: /home/zheka/Smart-Mobility-Engineering-Lab/ros2_ws/install/more_interfaces/lib/libmore_interfaces__rosidl_typesupport_c.so
[1.504s] -- Up-to-date: /home/zheka/Smart-Mobility-Engineering-Lab/ros2_ws/install/more_interfaces/include/more_interfaces/more_interfaces
[1.504s] -- Up-to-date: /home/zheka/Smart-Mobility-Engineering-Lab/ros2_ws/install/more_interfaces/include/more_interfaces/more_interfaces/msg
[1.504s] -- Up-to-date: /home/zheka/Smart-Mobility-Engineering-Lab/ros2_ws/install/more_interfaces/include/more_interfaces/more_interfaces/msg/address_book.hpp
[1.504s] -- Up-to-date: /home/zheka/Smart-Mobility-Engineering-Lab/ros2_ws/install/more_interfaces/include/more_interfaces/more_interfaces/msg/detail
[1.504s] -- Up-to-date: /home/zheka/Smart-Mobility-Engineering-Lab/ros2_ws/install/more_interfaces/include/more_interfaces/more_interfaces/msg/detail/address_book__traits.hpp
[1.504s] -- Up-to-date: /home/zheka/Smart-Mobility-Engineering-Lab/ros2_ws/install/more_interfaces/include/more_interfaces/more_interfaces/msg/detail/address_book__builder.hpp
[1.504s] -- Up-to-date: /home/zheka/Smart-Mobility-Engineering-Lab/ros2_ws/install/more_interfaces/include/more_interfaces/more_interfaces/msg/detail/address_book__struct.hpp
[1.504s] -- Up-to-date: /home/zheka/Smart-Mobility-Engineering-Lab/ros2_ws/install/more_interfaces/include/more_interfaces/more_interfaces
[1.504s] -- Up-to-date: /home/zheka/Smart-Mobility-Engineering-Lab/ros2_ws/install/more_interfaces/include/more_interfaces/more_interfaces/msg
[1.504s] -- Up-to-date: /home/zheka/Smart-Mobility-Engineering-Lab/ros2_ws/install/more_interfaces/include/more_interfaces/more_interfaces/msg/rosidl_typesupport_fastrtps_cpp__visibility_control.h
[1.504s] -- Up-to-date: /home/zheka/Smart-Mobility-Engineering-Lab/ros2_ws/install/more_interfaces/include/more_interfaces/more_interfaces/msg/detail
[1.504s] -- Up-to-date: /home/zheka/Smart-Mobility-Engineering-Lab/ros2_ws/install/more_interfaces/include/more_interfaces/more_interfaces/msg/detail/address_book__rosidl_typesupport_fastrtps_cpp.hpp
[1.504s] -- Up-to-date: /home/zheka/Smart-Mobility-Engineering-Lab/ros2_ws/install/more_interfaces/include/more_interfaces/more_interfaces/msg/detail/dds_fastrtps
[1.504s] -- Up-to-date: /home/zheka/Smart-Mobility-Engineering-Lab/ros2_ws/install/more_interfaces/lib/libmore_interfaces__rosidl_typesupport_fastrtps_cpp.so
[1.504s] -- Up-to-date: /home/zheka/Smart-Mobility-Engineering-Lab/ros2_ws/install/more_interfaces/include/more_interfaces/more_interfaces
[1.504s] -- Up-to-date: /home/zheka/Smart-Mobility-Engineering-Lab/ros2_ws/install/more_interfaces/include/more_interfaces/more_interfaces/msg
[1.504s] -- Up-to-date: /home/zheka/Smart-Mobility-Engineering-Lab/ros2_ws/install/more_interfaces/include/more_interfaces/more_interfaces/msg/detail
[1.504s] -- Up-to-date: /home/zheka/Smart-Mobility-Engineering-Lab/ros2_ws/install/more_interfaces/include/more_interfaces/more_interfaces/msg/detail/address_book__rosidl_typesupport_introspection_cpp.hpp
[1.504s] -- Up-to-date: /home/zheka/Smart-Mobility-Engineering-Lab/ros2_ws/install/more_interfaces/include/more_interfaces/more_interfaces/msg/detail/address_book__type_support.cpp
[1.504s] -- Up-to-date: /home/zheka/Smart-Mobility-Engineering-Lab/ros2_ws/install/more_interfaces/lib/libmore_interfaces__rosidl_typesupport_introspection_cpp.so
[1.504s] -- Up-to-date: /home/zheka/Smart-Mobility-Engineering-Lab/ros2_ws/install/more_interfaces/lib/libmore_interfaces__rosidl_typesupport_cpp.so
[1.504s] -- Up-to-date: /home/zheka/Smart-Mobility-Engineering-Lab/ros2_ws/install/more_interfaces/share/more_interfaces/environment/pythonpath.sh
[1.504s] -- Up-to-date: /home/zheka/Smart-Mobility-Engineering-Lab/ros2_ws/install/more_interfaces/share/more_interfaces/environment/pythonpath.dsv
[1.505s] -- Up-to-date: /home/zheka/Smart-Mobility-Engineering-Lab/ros2_ws/install/more_interfaces/local/lib/python3.10/dist-packages/more_interfaces-0.0.0-py3.10.egg-info
[1.506s] -- Installing: /home/zheka/Smart-Mobility-Engineering-Lab/ros2_ws/install/more_interfaces/local/lib/python3.10/dist-packages/more_interfaces-0.0.0-py3.10.egg-info/top_level.txt
[1.506s] -- Installing: /home/zheka/Smart-Mobility-Engineering-Lab/ros2_ws/install/more_interfaces/local/lib/python3.10/dist-packages/more_interfaces-0.0.0-py3.10.egg-info/PKG-INFO
[1.506s] -- Installing: /home/zheka/Smart-Mobility-Engineering-Lab/ros2_ws/install/more_interfaces/local/lib/python3.10/dist-packages/more_interfaces-0.0.0-py3.10.egg-info/SOURCES.txt
[1.506s] -- Installing: /home/zheka/Smart-Mobility-Engineering-Lab/ros2_ws/install/more_interfaces/local/lib/python3.10/dist-packages/more_interfaces-0.0.0-py3.10.egg-info/dependency_links.txt
[1.506s] -- Up-to-date: /home/zheka/Smart-Mobility-Engineering-Lab/ros2_ws/install/more_interfaces/local/lib/python3.10/dist-packages/more_interfaces
[1.506s] -- Up-to-date: /home/zheka/Smart-Mobility-Engineering-Lab/ros2_ws/install/more_interfaces/local/lib/python3.10/dist-packages/more_interfaces/__init__.py
[1.507s] -- Up-to-date: /home/zheka/Smart-Mobility-Engineering-Lab/ros2_ws/install/more_interfaces/local/lib/python3.10/dist-packages/more_interfaces/_more_interfaces_s.ep.rosidl_typesupport_introspection_c.c
[1.507s] -- Up-to-date: /home/zheka/Smart-Mobility-Engineering-Lab/ros2_ws/install/more_interfaces/local/lib/python3.10/dist-packages/more_interfaces/_more_interfaces_s.ep.rosidl_typesupport_fastrtps_c.c
[1.507s] -- Up-to-date: /home/zheka/Smart-Mobility-Engineering-Lab/ros2_ws/install/more_interfaces/local/lib/python3.10/dist-packages/more_interfaces/msg
[1.507s] -- Up-to-date: /home/zheka/Smart-Mobility-Engineering-Lab/ros2_ws/install/more_interfaces/local/lib/python3.10/dist-packages/more_interfaces/msg/__init__.py
[1.507s] -- Up-to-date: /home/zheka/Smart-Mobility-Engineering-Lab/ros2_ws/install/more_interfaces/local/lib/python3.10/dist-packages/more_interfaces/msg/_address_book.py
[1.507s] -- Up-to-date: /home/zheka/Smart-Mobility-Engineering-Lab/ros2_ws/install/more_interfaces/local/lib/python3.10/dist-packages/more_interfaces/msg/_address_book_s.c
[1.507s] -- Up-to-date: /home/zheka/Smart-Mobility-Engineering-Lab/ros2_ws/install/more_interfaces/local/lib/python3.10/dist-packages/more_interfaces/more_interfaces_s__rosidl_typesupport_c.cpython-310-aarch64-linux-gnu.so
[1.507s] -- Up-to-date: /home/zheka/Smart-Mobility-Engineering-Lab/ros2_ws/install/more_interfaces/local/lib/python3.10/dist-packages/more_interfaces/more_interfaces_s__rosidl_typesupport_introspection_c.cpython-310-aarch64-linux-gnu.so
[1.507s] -- Up-to-date: /home/zheka/Smart-Mobility-Engineering-Lab/ros2_ws/install/more_interfaces/local/lib/python3.10/dist-packages/more_interfaces/more_interfaces_s__rosidl_typesupport_fastrtps_c.cpython-310-aarch64-linux-gnu.so
[1.507s] -- Up-to-date: /home/zheka/Smart-Mobility-Engineering-Lab/ros2_ws/install/more_interfaces/local/lib/python3.10/dist-packages/more_interfaces/_more_interfaces_s.ep.rosidl_typesupport_c.c
[1.507s] -- Up-to-date: /home/zheka/Smart-Mobility-Engineering-Lab/ros2_ws/install/more_interfaces/local/lib/python3.10/dist-packages/more_interfaces/libmore_interfaces__rosidl_generator_py.so
[1.576s] Listing '/home/zheka/Smart-Mobility-Engineering-Lab/ros2_ws/install/more_interfaces/local/lib/python3.10/dist-packages/more_interfaces'...
[1.576s] Listing '/home/zheka/Smart-Mobility-Engineering-Lab/ros2_ws/install/more_interfaces/local/lib/python3.10/dist-packages/more_interfaces/msg'...
[1.594s] -- Up-to-date: /home/zheka/Smart-Mobility-Engineering-Lab/ros2_ws/install/more_interfaces/local/lib/python3.10/dist-packages/more_interfaces/more_interfaces_s__rosidl_typesupport_fastrtps_c.cpython-310-aarch64-linux-gnu.so
[1.595s] -- Up-to-date: /home/zheka/Smart-Mobility-Engineering-Lab/ros2_ws/install/more_interfaces/local/lib/python3.10/dist-packages/more_interfaces/more_interfaces_s__rosidl_typesupport_introspection_c.cpython-310-aarch64-linux-gnu.so
[1.595s] -- Up-to-date: /home/zheka/Smart-Mobility-Engineering-Lab/ros2_ws/install/more_interfaces/local/lib/python3.10/dist-packages/more_interfaces/more_interfaces_s__rosidl_typesupport_c.cpython-310-aarch64-linux-gnu.so
[1.595s] -- Up-to-date: /home/zheka/Smart-Mobility-Engineering-Lab/ros2_ws/install/more_interfaces/lib/libmore_interfaces__rosidl_generator_py.so
[1.595s] -- Up-to-date: /home/zheka/Smart-Mobility-Engineering-Lab/ros2_ws/install/more_interfaces/share/more_interfaces/msg/AddressBook.idl
[1.595s] -- Up-to-date: /home/zheka/Smart-Mobility-Engineering-Lab/ros2_ws/install/more_interfaces/share/more_interfaces/msg/AddressBook.msg
[1.595s] -- Up-to-date: /home/zheka/Smart-Mobility-Engineering-Lab/ros2_ws/install/more_interfaces/lib/more_interfaces/publish_address_book
[1.596s] -- Up-to-date: /home/zheka/Smart-Mobility-Engineering-Lab/ros2_ws/install/more_interfaces/share/ament_index/resource_index/package_run_dependencies/more_interfaces
[1.596s] -- Up-to-date: /home/zheka/Smart-Mobility-Engineering-Lab/ros2_ws/install/more_interfaces/share/ament_index/resource_index/parent_prefix_path/more_interfaces
[1.596s] -- Up-to-date: /home/zheka/Smart-Mobility-Engineering-Lab/ros2_ws/install/more_interfaces/share/more_interfaces/environment/ament_prefix_path.sh
[1.596s] -- Up-to-date: /home/zheka/Smart-Mobility-Engineering-Lab/ros2_ws/install/more_interfaces/share/more_interfaces/environment/ament_prefix_path.dsv
[1.596s] -- Up-to-date: /home/zheka/Smart-Mobility-Engineering-Lab/ros2_ws/install/more_interfaces/share/more_interfaces/environment/path.sh
[1.596s] -- Up-to-date: /home/zheka/Smart-Mobility-Engineering-Lab/ros2_ws/install/more_interfaces/share/more_interfaces/environment/path.dsv
[1.596s] -- Up-to-date: /home/zheka/Smart-Mobility-Engineering-Lab/ros2_ws/install/more_interfaces/share/more_interfaces/local_setup.bash
[1.596s] -- Up-to-date: /home/zheka/Smart-Mobility-Engineering-Lab/ros2_ws/install/more_interfaces/share/more_interfaces/local_setup.sh
[1.596s] -- Up-to-date: /home/zheka/Smart-Mobility-Engineering-Lab/ros2_ws/install/more_interfaces/share/more_interfaces/local_setup.zsh
[1.598s] -- Up-to-date: /home/zheka/Smart-Mobility-Engineering-Lab/ros2_ws/install/more_interfaces/share/more_interfaces/local_setup.dsv
[1.598s] -- Installing: /home/zheka/Smart-Mobility-Engineering-Lab/ros2_ws/install/more_interfaces/share/more_interfaces/package.dsv
[1.599s] -- Up-to-date: /home/zheka/Smart-Mobility-Engineering-Lab/ros2_ws/install/more_interfaces/share/ament_index/resource_index/packages/more_interfaces
[1.600s] -- Up-to-date: /home/zheka/Smart-Mobility-Engineering-Lab/ros2_ws/install/more_interfaces/share/more_interfaces/cmake/export_more_interfaces__rosidl_generator_cExport.cmake
[1.600s] -- Up-to-date: /home/zheka/Smart-Mobility-Engineering-Lab/ros2_ws/install/more_interfaces/share/more_interfaces/cmake/export_more_interfaces__rosidl_generator_cExport-noconfig.cmake
[1.600s] -- Up-to-date: /home/zheka/Smart-Mobility-Engineering-Lab/ros2_ws/install/more_interfaces/share/more_interfaces/cmake/export_more_interfaces__rosidl_typesupport_fastrtps_cExport.cmake
[1.601s] -- Up-to-date: /home/zheka/Smart-Mobility-Engineering-Lab/ros2_ws/install/more_interfaces/share/more_interfaces/cmake/export_more_interfaces__rosidl_typesupport_fastrtps_cExport-noconfig.cmake
[1.601s] -- Up-to-date: /home/zheka/Smart-Mobility-Engineering-Lab/ros2_ws/install/more_interfaces/share/more_interfaces/cmake/more_interfaces__rosidl_typesupport_introspection_cExport.cmake
[1.601s] -- Up-to-date: /home/zheka/Smart-Mobility-Engineering-Lab/ros2_ws/install/more_interfaces/share/more_interfaces/cmake/more_interfaces__rosidl_typesupport_introspection_cExport-noconfig.cmake
[1.601s] -- Up-to-date: /home/zheka/Smart-Mobility-Engineering-Lab/ros2_ws/install/more_interfaces/share/more_interfaces/cmake/more_interfaces__rosidl_typesupport_cExport.cmake
[1.601s] -- Up-to-date: /home/zheka/Smart-Mobility-Engineering-Lab/ros2_ws/install/more_interfaces/share/more_interfaces/cmake/more_interfaces__rosidl_typesupport_cExport-noconfig.cmake
[1.601s] -- Up-to-date: /home/zheka/Smart-Mobility-Engineering-Lab/ros2_ws/install/more_interfaces/share/more_interfaces/cmake/export_more_interfaces__rosidl_generator_cppExport.cmake
[1.601s] -- Up-to-date: /home/zheka/Smart-Mobility-Engineering-Lab/ros2_ws/install/more_interfaces/share/more_interfaces/cmake/export_more_interfaces__rosidl_typesupport_fastrtps_cppExport.cmake
[1.601s] -- Up-to-date: /home/zheka/Smart-Mobility-Engineering-Lab/ros2_ws/install/more_interfaces/share/more_interfaces/cmake/export_more_interfaces__rosidl_typesupport_fastrtps_cppExport-noconfig.cmake
[1.601s] -- Up-to-date: /home/zheka/Smart-Mobility-Engineering-Lab/ros2_ws/install/more_interfaces/share/more_interfaces/cmake/more_interfaces__rosidl_typesupport_introspection_cppExport.cmake
[1.601s] -- Up-to-date: /home/zheka/Smart-Mobility-Engineering-Lab/ros2_ws/install/more_interfaces/share/more_interfaces/cmake/more_interfaces__rosidl_typesupport_introspection_cppExport-noconfig.cmake
[1.602s] -- Up-to-date: /home/zheka/Smart-Mobility-Engineering-Lab/ros2_ws/install/more_interfaces/share/more_interfaces/cmake/more_interfaces__rosidl_typesupport_cppExport.cmake
[1.602s] -- Up-to-date: /home/zheka/Smart-Mobility-Engineering-Lab/ros2_ws/install/more_interfaces/share/more_interfaces/cmake/more_interfaces__rosidl_typesupport_cppExport-noconfig.cmake
[1.602s] -- Up-to-date: /home/zheka/Smart-Mobility-Engineering-Lab/ros2_ws/install/more_interfaces/share/more_interfaces/cmake/export_more_interfaces__rosidl_generator_pyExport.cmake
[1.602s] -- Up-to-date: /home/zheka/Smart-Mobility-Engineering-Lab/ros2_ws/install/more_interfaces/share/more_interfaces/cmake/export_more_interfaces__rosidl_generator_pyExport-noconfig.cmake
[1.602s] -- Up-to-date: /home/zheka/Smart-Mobility-Engineering-Lab/ros2_ws/install/more_interfaces/share/more_interfaces/cmake/rosidl_cmake-extras.cmake
[1.602s] -- Up-to-date: /home/zheka/Smart-Mobility-Engineering-Lab/ros2_ws/install/more_interfaces/share/more_interfaces/cmake/ament_cmake_export_include_directories-extras.cmake
[1.602s] -- Up-to-date: /home/zheka/Smart-Mobility-Engineering-Lab/ros2_ws/install/more_interfaces/share/more_interfaces/cmake/ament_cmake_export_libraries-extras.cmake
[1.602s] -- Up-to-date: /home/zheka/Smart-Mobility-Engineering-Lab/ros2_ws/install/more_interfaces/share/more_interfaces/cmake/ament_cmake_export_targets-extras.cmake
[1.602s] -- Up-to-date: /home/zheka/Smart-Mobility-Engineering-Lab/ros2_ws/install/more_interfaces/share/more_interfaces/cmake/rosidl_cmake_export_typesupport_targets-extras.cmake
[1.602s] -- Up-to-date: /home/zheka/Smart-Mobility-Engineering-Lab/ros2_ws/install/more_interfaces/share/more_interfaces/cmake/ament_cmake_export_dependencies-extras.cmake
[1.603s] -- Up-to-date: /home/zheka/Smart-Mobility-Engineering-Lab/ros2_ws/install/more_interfaces/share/more_interfaces/cmake/rosidl_cmake_export_typesupport_libraries-extras.cmake
[1.603s] -- Up-to-date: /home/zheka/Smart-Mobility-Engineering-Lab/ros2_ws/install/more_interfaces/share/more_interfaces/cmake/more_interfacesConfig.cmake
[1.603s] -- Up-to-date: /home/zheka/Smart-Mobility-Engineering-Lab/ros2_ws/install/more_interfaces/share/more_interfaces/cmake/more_interfacesConfig-version.cmake
[1.603s] -- Up-to-date: /home/zheka/Smart-Mobility-Engineering-Lab/ros2_ws/install/more_interfaces/share/more_interfaces/package.xml
[1.611s] Invoked command in '/home/zheka/Smart-Mobility-Engineering-Lab/ros2_ws/build/more_interfaces' returned '0': CMAKE_PREFIX_PATH=/opt/ros/humble /usr/bin/cmake --install /home/zheka/Smart-Mobility-Engineering-Lab/ros2_ws/build/more_interfaces
