[0.048s] Invoking command in '/home/zheka/Smart-Mobility-Engineering-Lab/ros2_ws/build/tutorial_interfaces': CMAKE_PREFIX_PATH=/opt/ros/humble /usr/bin/cmake --build /home/zheka/Smart-Mobility-Engineering-Lab/ros2_ws/build/tutorial_interfaces -- -j2 -l2
[0.141s] [  2%] Built target tutorial_interfaces__cpp
[0.150s] [ 12%] Built target tutorial_interfaces__rosidl_generator_c
[0.176s] [ 12%] Built target ament_cmake_python_copy_tutorial_interfaces
[0.183s] [ 23%] Built target tutorial_interfaces__rosidl_typesupport_fastrtps_cpp
[0.196s] [ 34%] Built target tutorial_interfaces__rosidl_typesupport_introspection_c
[0.203s] [ 44%] Built target tutorial_interfaces__rosidl_typesupport_c
[0.216s] [ 55%] Built target tutorial_interfaces__rosidl_typesupport_introspection_cpp
[0.224s] [ 65%] Built target tutorial_interfaces__rosidl_typesupport_cpp
[0.246s] [ 76%] Built target tutorial_interfaces__rosidl_typesupport_fastrtps_c
[0.264s] [ 76%] Built target tutorial_interfaces
[0.282s] [ 78%] Built target tutorial_interfaces__py
[0.303s] [ 87%] Built target tutorial_interfaces__rosidl_generator_py
[0.321s] [ 91%] Built target tutorial_interfaces__rosidl_typesupport_fastrtps_c__pyext
[0.341s] [ 95%] Built target tutorial_interfaces__rosidl_typesupport_introspection_c__pyext
[0.365s] [100%] Built target tutorial_interfaces__rosidl_typesupport_c__pyext
[0.374s] running egg_info
[0.375s] writing tutorial_interfaces.egg-info/PKG-INFO
[0.375s] writing dependency_links to tutorial_interfaces.egg-info/dependency_links.txt
[0.375s] writing top-level names to tutorial_interfaces.egg-info/top_level.txt
[0.376s] reading manifest file 'tutorial_interfaces.egg-info/SOURCES.txt'
[0.377s] writing manifest file 'tutorial_interfaces.egg-info/SOURCES.txt'
[0.396s] [100%] Built target ament_cmake_python_build_tutorial_interfaces_egg
