[0.379s] Invoking command in '/home/zheka/Smart-Mobility-Engineering-Lab/launch_ws/src/py_launch_example': PYTHONPATH=/home/zheka/Smart-Mobility-Engineering-Lab/launch_ws/src/build/py_launch_example/prefix_override:/home/zheka/Smart-Mobility-Engineering-Lab/launch_ws/src/install/py_launch_example/lib/python3.10/site-packages:${PYTHONPATH} /usr/bin/python3 setup.py egg_info --egg-base ../build/py_launch_example build --build-base /home/zheka/Smart-Mobility-Engineering-Lab/launch_ws/src/build/py_launch_example/build install --record /home/zheka/Smart-Mobility-Engineering-Lab/launch_ws/src/build/py_launch_example/install.log --single-version-externally-managed
[0.492s] running egg_info
[0.492s] creating ../build/py_launch_example/py_launch_example.egg-info
[0.492s] writing ../build/py_launch_example/py_launch_example.egg-info/PKG-INFO
[0.493s] writing dependency_links to ../build/py_launch_example/py_launch_example.egg-info/dependency_links.txt
[0.493s] writing entry points to ../build/py_launch_example/py_launch_example.egg-info/entry_points.txt
[0.493s] writing requirements to ../build/py_launch_example/py_launch_example.egg-info/requires.txt
[0.493s] writing top-level names to ../build/py_launch_example/py_launch_example.egg-info/top_level.txt
[0.493s] writing manifest file '../build/py_launch_example/py_launch_example.egg-info/SOURCES.txt'
[0.493s] reading manifest file '../build/py_launch_example/py_launch_example.egg-info/SOURCES.txt'
[0.494s] writing manifest file '../build/py_launch_example/py_launch_example.egg-info/SOURCES.txt'
[0.494s] running build
[0.494s] running build_py
[0.494s] creating /home/zheka/Smart-Mobility-Engineering-Lab/launch_ws/src/build/py_launch_example/build
[0.494s] creating /home/zheka/Smart-Mobility-Engineering-Lab/launch_ws/src/build/py_launch_example/build/lib
[0.494s] creating /home/zheka/Smart-Mobility-Engineering-Lab/launch_ws/src/build/py_launch_example/build/lib/py_launch_example
[0.494s] copying py_launch_example/__init__.py -> /home/zheka/Smart-Mobility-Engineering-Lab/launch_ws/src/build/py_launch_example/build/lib/py_launch_example
[0.494s] running install
[0.494s] running install_lib
[0.495s] creating /home/zheka/Smart-Mobility-Engineering-Lab/launch_ws/src/install/py_launch_example/lib/python3.10/site-packages/py_launch_example
[0.495s] copying /home/zheka/Smart-Mobility-Engineering-Lab/launch_ws/src/build/py_launch_example/build/lib/py_launch_example/__init__.py -> /home/zheka/Smart-Mobility-Engineering-Lab/launch_ws/src/install/py_launch_example/lib/python3.10/site-packages/py_launch_example
[0.495s] byte-compiling /home/zheka/Smart-Mobility-Engineering-Lab/launch_ws/src/install/py_launch_example/lib/python3.10/site-packages/py_launch_example/__init__.py to __init__.cpython-310.pyc
[0.495s] running install_data
[0.495s] creating /home/zheka/Smart-Mobility-Engineering-Lab/launch_ws/src/install/py_launch_example/share/ament_index
[0.495s] creating /home/zheka/Smart-Mobility-Engineering-Lab/launch_ws/src/install/py_launch_example/share/ament_index/resource_index
[0.495s] creating /home/zheka/Smart-Mobility-Engineering-Lab/launch_ws/src/install/py_launch_example/share/ament_index/resource_index/packages
[0.495s] copying resource/py_launch_example -> /home/zheka/Smart-Mobility-Engineering-Lab/launch_ws/src/install/py_launch_example/share/ament_index/resource_index/packages
[0.495s] copying package.xml -> /home/zheka/Smart-Mobility-Engineering-Lab/launch_ws/src/install/py_launch_example/share/py_launch_example
[0.495s] creating /home/zheka/Smart-Mobility-Engineering-Lab/launch_ws/src/install/py_launch_example/share/py_launch_example/launch
[0.495s] copying launch/my_script_launch.py -> /home/zheka/Smart-Mobility-Engineering-Lab/launch_ws/src/install/py_launch_example/share/py_launch_example/launch
[0.496s] running install_egg_info
[0.496s] Copying ../build/py_launch_example/py_launch_example.egg-info to /home/zheka/Smart-Mobility-Engineering-Lab/launch_ws/src/install/py_launch_example/lib/python3.10/site-packages/py_launch_example-0.0.0-py3.10.egg-info
[0.497s] running install_scripts
[0.507s] writing list of installed files to '/home/zheka/Smart-Mobility-Engineering-Lab/launch_ws/src/build/py_launch_example/install.log'
[0.519s] Invoked command in '/home/zheka/Smart-Mobility-Engineering-Lab/launch_ws/src/py_launch_example' returned '0': PYTHONPATH=/home/zheka/Smart-Mobility-Engineering-Lab/launch_ws/src/build/py_launch_example/prefix_override:/home/zheka/Smart-Mobility-Engineering-Lab/launch_ws/src/install/py_launch_example/lib/python3.10/site-packages:${PYTHONPATH} /usr/bin/python3 setup.py egg_info --egg-base ../build/py_launch_example build --build-base /home/zheka/Smart-Mobility-Engineering-Lab/launch_ws/src/build/py_launch_example/build install --record /home/zheka/Smart-Mobility-Engineering-Lab/launch_ws/src/build/py_launch_example/install.log --single-version-externally-managed
