[0.404s] Invoking command in '/home/zheka/Smart-Mobility-Engineering-Lab/ros2_ws/src/python_parameters': PYTHONPATH=/home/zheka/Smart-Mobility-Engineering-Lab/ros2_ws/build/python_parameters/prefix_override:/home/zheka/Smart-Mobility-Engineering-Lab/ros2_ws/install/python_parameters/lib/python3.10/site-packages:${PYTHONPATH} /usr/bin/python3 setup.py egg_info --egg-base ../../build/python_parameters build --build-base /home/zheka/Smart-Mobility-Engineering-Lab/ros2_ws/build/python_parameters/build install --record /home/zheka/Smart-Mobility-Engineering-Lab/ros2_ws/build/python_parameters/install.log --single-version-externally-managed
[0.539s] running egg_info
[0.539s] creating ../../build/python_parameters/python_parameters.egg-info
[0.539s] writing ../../build/python_parameters/python_parameters.egg-info/PKG-INFO
[0.539s] writing dependency_links to ../../build/python_parameters/python_parameters.egg-info/dependency_links.txt
[0.539s] writing entry points to ../../build/python_parameters/python_parameters.egg-info/entry_points.txt
[0.539s] writing requirements to ../../build/python_parameters/python_parameters.egg-info/requires.txt
[0.539s] writing top-level names to ../../build/python_parameters/python_parameters.egg-info/top_level.txt
[0.539s] writing manifest file '../../build/python_parameters/python_parameters.egg-info/SOURCES.txt'
[0.540s] reading manifest file '../../build/python_parameters/python_parameters.egg-info/SOURCES.txt'
[0.541s] writing manifest file '../../build/python_parameters/python_parameters.egg-info/SOURCES.txt'
[0.541s] running build
[0.541s] running build_py
[0.541s] creating /home/zheka/Smart-Mobility-Engineering-Lab/ros2_ws/build/python_parameters/build
[0.541s] creating /home/zheka/Smart-Mobility-Engineering-Lab/ros2_ws/build/python_parameters/build/lib
[0.541s] creating /home/zheka/Smart-Mobility-Engineering-Lab/ros2_ws/build/python_parameters/build/lib/python_parameters
[0.541s] copying python_parameters/__init__.py -> /home/zheka/Smart-Mobility-Engineering-Lab/ros2_ws/build/python_parameters/build/lib/python_parameters
[0.541s] copying python_parameters/python_parameters_node.py -> /home/zheka/Smart-Mobility-Engineering-Lab/ros2_ws/build/python_parameters/build/lib/python_parameters
[0.541s] running install
[0.541s] running install_lib
[0.542s] creating /home/zheka/Smart-Mobility-Engineering-Lab/ros2_ws/install/python_parameters/lib/python3.10/site-packages/python_parameters
[0.542s] copying /home/zheka/Smart-Mobility-Engineering-Lab/ros2_ws/build/python_parameters/build/lib/python_parameters/__init__.py -> /home/zheka/Smart-Mobility-Engineering-Lab/ros2_ws/install/python_parameters/lib/python3.10/site-packages/python_parameters
[0.542s] copying /home/zheka/Smart-Mobility-Engineering-Lab/ros2_ws/build/python_parameters/build/lib/python_parameters/python_parameters_node.py -> /home/zheka/Smart-Mobility-Engineering-Lab/ros2_ws/install/python_parameters/lib/python3.10/site-packages/python_parameters
[0.542s] byte-compiling /home/zheka/Smart-Mobility-Engineering-Lab/ros2_ws/install/python_parameters/lib/python3.10/site-packages/python_parameters/__init__.py to __init__.cpython-310.pyc
[0.542s] byte-compiling /home/zheka/Smart-Mobility-Engineering-Lab/ros2_ws/install/python_parameters/lib/python3.10/site-packages/python_parameters/python_parameters_node.py to python_parameters_node.cpython-310.pyc
[0.543s] running install_data
[0.543s] creating /home/zheka/Smart-Mobility-Engineering-Lab/ros2_ws/install/python_parameters/share/ament_index
[0.543s] creating /home/zheka/Smart-Mobility-Engineering-Lab/ros2_ws/install/python_parameters/share/ament_index/resource_index
[0.543s] creating /home/zheka/Smart-Mobility-Engineering-Lab/ros2_ws/install/python_parameters/share/ament_index/resource_index/packages
[0.543s] copying resource/python_parameters -> /home/zheka/Smart-Mobility-Engineering-Lab/ros2_ws/install/python_parameters/share/ament_index/resource_index/packages
[0.543s] copying package.xml -> /home/zheka/Smart-Mobility-Engineering-Lab/ros2_ws/install/python_parameters/share/python_parameters
[0.543s] running install_egg_info
[0.544s] Copying ../../build/python_parameters/python_parameters.egg-info to /home/zheka/Smart-Mobility-Engineering-Lab/ros2_ws/install/python_parameters/lib/python3.10/site-packages/python_parameters-0.0.0-py3.10.egg-info
[0.545s] running install_scripts
[0.557s] Installing minimal_param_node script to /home/zheka/Smart-Mobility-Engineering-Lab/ros2_ws/install/python_parameters/lib/python_parameters
[0.557s] writing list of installed files to '/home/zheka/Smart-Mobility-Engineering-Lab/ros2_ws/build/python_parameters/install.log'
[0.588s] Invoked command in '/home/zheka/Smart-Mobility-Engineering-Lab/ros2_ws/src/python_parameters' returned '0': PYTHONPATH=/home/zheka/Smart-Mobility-Engineering-Lab/ros2_ws/build/python_parameters/prefix_override:/home/zheka/Smart-Mobility-Engineering-Lab/ros2_ws/install/python_parameters/lib/python3.10/site-packages:${PYTHONPATH} /usr/bin/python3 setup.py egg_info --egg-base ../../build/python_parameters build --build-base /home/zheka/Smart-Mobility-Engineering-Lab/ros2_ws/build/python_parameters/build install --record /home/zheka/Smart-Mobility-Engineering-Lab/ros2_ws/build/python_parameters/install.log --single-version-externally-managed
