[0.029s] Invoking command in '/home/zheka/Smart-Mobility-Engineering-Lab/ros2_ws/build/more_interfaces': CMAKE_PREFIX_PATH=/opt/ros/humble /usr/bin/cmake /home/zheka/Smart-Mobility-Engineering-Lab/ros2_ws/src/more_interfaces -DCMAKE_INSTALL_PREFIX=/home/zheka/Smart-Mobility-Engineering-Lab/ros2_ws/install/more_interfaces
[0.162s] -- The C compiler identification is GNU 11.4.0
[0.267s] -- The CXX compiler identification is GNU 11.4.0
[0.277s] -- Detecting C compiler ABI info
[0.340s] -- Detecting C compiler ABI info - done
[0.342s] -- Check for working C compiler: /usr/bin/cc - skipped
[0.342s] -- Detecting C compile features
[0.343s] -- Detecting C compile features - done
[0.346s] -- Detecting CXX compiler ABI info
[0.408s] -- Detecting CXX compiler ABI info - done
[0.413s] -- Check for working CXX compiler: /usr/bin/c++ - skipped
[0.413s] -- Detecting CXX compile features
[0.414s] -- Detecting CXX compile features - done
[0.416s] -- Found ament_cmake: 1.3.5 (/opt/ros/humble/share/ament_cmake/cmake)
[0.541s] -- Found Python3: /usr/bin/python3.10 (found version "3.10.12") found components: Interpreter 
[0.613s] -- Found rosidl_default_generators: 1.2.0 (/opt/ros/humble/share/rosidl_default_generators/cmake)
[0.618s] -- Using all available rosidl_typesupport_c: rosidl_typesupport_fastrtps_c;rosidl_typesupport_introspection_c
[0.624s] -- Found rosidl_adapter: 3.1.5 (/opt/ros/humble/share/rosidl_adapter/cmake)
[0.668s] -- Using all available rosidl_typesupport_cpp: rosidl_typesupport_fastrtps_cpp;rosidl_typesupport_introspection_cpp
[0.714s] -- Found ament_lint_auto: 0.12.8 (/opt/ros/humble/share/ament_lint_auto/cmake)
[0.889s] -- Found ament_cmake_ros: 0.10.0 (/opt/ros/humble/share/ament_cmake_ros/cmake)
[1.012s] -- Using all available rosidl_typesupport_c: rosidl_typesupport_fastrtps_c;rosidl_typesupport_introspection_c
[1.148s] -- Using all available rosidl_typesupport_cpp: rosidl_typesupport_fastrtps_cpp;rosidl_typesupport_introspection_cpp
[1.161s] -- Found PythonInterp: /usr/bin/python3 (found suitable version "3.10.12", minimum required is "3.6") 
[1.162s] -- Found python_cmake_module: 0.10.0 (/opt/ros/humble/share/python_cmake_module/cmake)
[1.180s] -- Found PythonLibs: /usr/lib/aarch64-linux-gnu/libpython3.10.so (found suitable version "3.10.12", minimum required is "3.5") 
[1.180s] -- Using PYTHON_EXECUTABLE: /usr/bin/python3
[1.180s] -- Using PYTHON_INCLUDE_DIRS: /usr/include/python3.10
[1.180s] -- Using PYTHON_LIBRARIES: /usr/lib/aarch64-linux-gnu/libpython3.10.so
[1.192s] -- Found PythonExtra: .so  
[1.212s] -- Found rclcpp: 16.0.6 (/opt/ros/humble/share/rclcpp/cmake)
[1.281s] -- Found rmw_implementation_cmake: 6.1.1 (/opt/ros/humble/share/rmw_implementation_cmake/cmake)
[1.283s] -- Found rmw_fastrtps_cpp: 6.2.4 (/opt/ros/humble/share/rmw_fastrtps_cpp/cmake)
[1.393s] -- Found OpenSSL: /usr/lib/aarch64-linux-gnu/libcrypto.so (found version "3.0.2")  
[1.418s] -- Found FastRTPS: /opt/ros/humble/include  
[1.459s] -- Using RMW implementation 'rmw_fastrtps_cpp' as default
[1.479s] -- Looking for pthread.h
[1.549s] -- Looking for pthread.h - found
[1.549s] -- Performing Test CMAKE_HAVE_LIBC_PTHREAD
[1.607s] -- Performing Test CMAKE_HAVE_LIBC_PTHREAD - Success
[1.608s] -- Found Threads: TRUE  
[1.780s] -- Added test 'cppcheck' to perform static code analysis on C / C++ code
[1.780s] -- Configured cppcheck include dirs: 
[1.780s] -- Configured cppcheck exclude dirs and/or files: 
[1.781s] -- Added test 'lint_cmake' to check CMake code style
[1.782s] -- Added test 'uncrustify' to check C / C++ code style
[1.782s] -- Configured uncrustify additional arguments: 
[1.782s] -- Added test 'xmllint' to check XML markup files
[1.786s] -- Configuring done
[1.807s] -- Generating done
[1.809s] -- Build files have been written to: /home/zheka/Smart-Mobility-Engineering-Lab/ros2_ws/build/more_interfaces
[1.818s] Invoked command in '/home/zheka/Smart-Mobility-Engineering-Lab/ros2_ws/build/more_interfaces' returned '0': CMAKE_PREFIX_PATH=/opt/ros/humble /usr/bin/cmake /home/zheka/Smart-Mobility-Engineering-Lab/ros2_ws/src/more_interfaces -DCMAKE_INSTALL_PREFIX=/home/zheka/Smart-Mobility-Engineering-Lab/ros2_ws/install/more_interfaces
[1.818s] Invoking command in '/home/zheka/Smart-Mobility-Engineering-Lab/ros2_ws/build/more_interfaces': CMAKE_PREFIX_PATH=/opt/ros/humble /usr/bin/cmake --build /home/zheka/Smart-Mobility-Engineering-Lab/ros2_ws/build/more_interfaces -- -j2 -l2
[1.860s] [  3%] [34m[1mGenerating C code for ROS interfaces[0m
[1.869s] [  6%] [34m[1mGenerating C++ code for ROS interfaces[0m
[2.084s] [  6%] Built target more_interfaces__cpp
[2.105s] [  6%] Built target ament_cmake_python_copy_more_interfaces
[2.113s] [  9%] [34m[1mGenerating C++ type support dispatch for ROS interfaces[0m
[2.116s] [ 12%] [32mBuilding C object CMakeFiles/more_interfaces__rosidl_generator_c.dir/rosidl_generator_c/more_interfaces/msg/detail/address_book__functions.c.o[0m
[2.171s] [ 15%] [32m[1mLinking C shared library libmore_interfaces__rosidl_generator_c.so[0m
[2.205s] [ 15%] Built target more_interfaces__rosidl_generator_c
[2.218s] [ 18%] [34m[1mGenerating C++ type support for eProsima Fast-RTPS[0m
[2.270s] [ 21%] [32mBuilding CXX object CMakeFiles/more_interfaces__rosidl_typesupport_cpp.dir/rosidl_typesupport_cpp/more_interfaces/msg/address_book__type_support.cpp.o[0m
[2.376s] [ 24%] [32mBuilding CXX object CMakeFiles/more_interfaces__rosidl_typesupport_fastrtps_cpp.dir/rosidl_typesupport_fastrtps_cpp/more_interfaces/msg/detail/dds_fastrtps/address_book__type_support.cpp.o[0m
[2.474s] [ 27%] [32m[1mLinking CXX shared library libmore_interfaces__rosidl_typesupport_cpp.so[0m
[2.503s] [ 27%] Built target more_interfaces__rosidl_typesupport_cpp
[2.512s] [ 30%] [34m[1mGenerating C++ introspection for ROS interfaces[0m
[2.657s] [ 33%] [32m[1mLinking CXX shared library libmore_interfaces__rosidl_typesupport_fastrtps_cpp.so[0m
[2.689s] [ 36%] [32mBuilding CXX object CMakeFiles/more_interfaces__rosidl_typesupport_introspection_cpp.dir/rosidl_typesupport_introspection_cpp/more_interfaces/msg/detail/address_book__type_support.cpp.o[0m
[2.700s] [ 36%] Built target more_interfaces__rosidl_typesupport_fastrtps_cpp
[2.832s] running egg_info
[2.832s] creating more_interfaces.egg-info
[2.832s] writing more_interfaces.egg-info/PKG-INFO
[2.832s] writing dependency_links to more_interfaces.egg-info/dependency_links.txt
[2.833s] writing top-level names to more_interfaces.egg-info/top_level.txt
[2.833s] writing manifest file 'more_interfaces.egg-info/SOURCES.txt'
[2.834s] reading manifest file 'more_interfaces.egg-info/SOURCES.txt'
[2.835s] writing manifest file 'more_interfaces.egg-info/SOURCES.txt'
[2.854s] [ 36%] Built target ament_cmake_python_build_more_interfaces_egg
[2.871s] [ 39%] [32mBuilding CXX object CMakeFiles/publish_address_book.dir/src/publish_address_book.cpp.o[0m
[2.906s] [ 42%] [32m[1mLinking CXX shared library libmore_interfaces__rosidl_typesupport_introspection_cpp.so[0m
[2.949s] [ 42%] Built target more_interfaces__rosidl_typesupport_introspection_cpp
[2.957s] [ 45%] [34m[1mGenerating C type support for eProsima Fast-RTPS[0m
[3.108s] [ 48%] [32mBuilding CXX object CMakeFiles/more_interfaces__rosidl_typesupport_fastrtps_c.dir/rosidl_typesupport_fastrtps_c/more_interfaces/msg/detail/address_book__type_support_c.cpp.o[0m
[3.316s] [ 51%] [32m[1mLinking CXX shared library libmore_interfaces__rosidl_typesupport_fastrtps_c.so[0m
[3.364s] [ 51%] Built target more_interfaces__rosidl_typesupport_fastrtps_c
[3.373s] [ 54%] [34m[1mGenerating C introspection for ROS interfaces[0m
[3.522s] [ 57%] [32mBuilding C object CMakeFiles/more_interfaces__rosidl_typesupport_introspection_c.dir/rosidl_typesupport_introspection_c/more_interfaces/msg/detail/address_book__type_support.c.o[0m
[3.549s] [ 60%] [32m[1mLinking C shared library libmore_interfaces__rosidl_typesupport_introspection_c.so[0m
[3.571s] [ 60%] Built target more_interfaces__rosidl_typesupport_introspection_c
[3.580s] [ 63%] [34m[1mGenerating C type support dispatch for ROS interfaces[0m
[3.717s] [ 66%] [32mBuilding CXX object CMakeFiles/more_interfaces__rosidl_typesupport_c.dir/rosidl_typesupport_c/more_interfaces/msg/address_book__type_support.cpp.o[0m
[3.744s] [ 69%] [32m[1mLinking CXX shared library libmore_interfaces__rosidl_typesupport_c.so[0m
[3.775s] [ 69%] Built target more_interfaces__rosidl_typesupport_c
[3.788s] [ 69%] Built target more_interfaces
[3.805s] [ 72%] [34m[1mGenerating Python code for ROS interfaces[0m
[4.029s] [ 72%] Built target more_interfaces__py
[4.046s] [ 75%] [32mBuilding C object CMakeFiles/more_interfaces__rosidl_generator_py.dir/rosidl_generator_py/more_interfaces/msg/_address_book_s.c.o[0m
[4.140s] [ 78%] [32m[1mLinking C shared library rosidl_generator_py/more_interfaces/libmore_interfaces__rosidl_generator_py.so[0m
[4.176s] [ 78%] Built target more_interfaces__rosidl_generator_py
[4.194s] [ 81%] [32mBuilding C object CMakeFiles/more_interfaces__rosidl_typesupport_fastrtps_c__pyext.dir/rosidl_generator_py/more_interfaces/_more_interfaces_s.ep.rosidl_typesupport_fastrtps_c.c.o[0m
[4.269s] [ 84%] [32m[1mLinking C shared library rosidl_generator_py/more_interfaces/more_interfaces_s__rosidl_typesupport_fastrtps_c.cpython-310-aarch64-linux-gnu.so[0m
[4.293s] [ 84%] Built target more_interfaces__rosidl_typesupport_fastrtps_c__pyext
[4.310s] [ 87%] [32mBuilding C object CMakeFiles/more_interfaces__rosidl_typesupport_introspection_c__pyext.dir/rosidl_generator_py/more_interfaces/_more_interfaces_s.ep.rosidl_typesupport_introspection_c.c.o[0m
[4.375s] [ 90%] [32m[1mLinking C shared library rosidl_generator_py/more_interfaces/more_interfaces_s__rosidl_typesupport_introspection_c.cpython-310-aarch64-linux-gnu.so[0m
[4.399s] [ 90%] Built target more_interfaces__rosidl_typesupport_introspection_c__pyext
[4.416s] [ 93%] [32mBuilding C object CMakeFiles/more_interfaces__rosidl_typesupport_c__pyext.dir/rosidl_generator_py/more_interfaces/_more_interfaces_s.ep.rosidl_typesupport_c.c.o[0m
[4.481s] [ 96%] [32m[1mLinking C shared library rosidl_generator_py/more_interfaces/more_interfaces_s__rosidl_typesupport_c.cpython-310-aarch64-linux-gnu.so[0m
[4.504s] [ 96%] Built target more_interfaces__rosidl_typesupport_c__pyext
[5.376s] [100%] [32m[1mLinking CXX executable publish_address_book[0m
[5.496s] [100%] Built target publish_address_book
[5.504s] Invoked command in '/home/zheka/Smart-Mobility-Engineering-Lab/ros2_ws/build/more_interfaces' returned '0': CMAKE_PREFIX_PATH=/opt/ros/humble /usr/bin/cmake --build /home/zheka/Smart-Mobility-Engineering-Lab/ros2_ws/build/more_interfaces -- -j2 -l2
[5.555s] Invoking command in '/home/zheka/Smart-Mobility-Engineering-Lab/ros2_ws/build/more_interfaces': CMAKE_PREFIX_PATH=/opt/ros/humble /usr/bin/cmake --install /home/zheka/Smart-Mobility-Engineering-Lab/ros2_ws/build/more_interfaces
[5.566s] -- Install configuration: ""
[5.566s] -- Installing: /home/zheka/Smart-Mobility-Engineering-Lab/ros2_ws/install/more_interfaces/share/ament_index/resource_index/rosidl_interfaces/more_interfaces
[5.566s] -- Installing: /home/zheka/Smart-Mobility-Engineering-Lab/ros2_ws/install/more_interfaces/include/more_interfaces/more_interfaces
[5.566s] -- Installing: /home/zheka/Smart-Mobility-Engineering-Lab/ros2_ws/install/more_interfaces/include/more_interfaces/more_interfaces/msg
[5.566s] -- Installing: /home/zheka/Smart-Mobility-Engineering-Lab/ros2_ws/install/more_interfaces/include/more_interfaces/more_interfaces/msg/rosidl_generator_c__visibility_control.h
[5.566s] -- Installing: /home/zheka/Smart-Mobility-Engineering-Lab/ros2_ws/install/more_interfaces/include/more_interfaces/more_interfaces/msg/detail
[5.566s] -- Installing: /home/zheka/Smart-Mobility-Engineering-Lab/ros2_ws/install/more_interfaces/include/more_interfaces/more_interfaces/msg/detail/address_book__functions.h
[5.566s] -- Installing: /home/zheka/Smart-Mobility-Engineering-Lab/ros2_ws/install/more_interfaces/include/more_interfaces/more_interfaces/msg/detail/address_book__struct.h
[5.566s] -- Installing: /home/zheka/Smart-Mobility-Engineering-Lab/ros2_ws/install/more_interfaces/include/more_interfaces/more_interfaces/msg/detail/address_book__type_support.h
[5.566s] -- Installing: /home/zheka/Smart-Mobility-Engineering-Lab/ros2_ws/install/more_interfaces/include/more_interfaces/more_interfaces/msg/detail/address_book__functions.c
[5.566s] -- Installing: /home/zheka/Smart-Mobility-Engineering-Lab/ros2_ws/install/more_interfaces/include/more_interfaces/more_interfaces/msg/address_book.h
[5.566s] -- Installing: /home/zheka/Smart-Mobility-Engineering-Lab/ros2_ws/install/more_interfaces/share/more_interfaces/environment/library_path.sh
[5.566s] -- Installing: /home/zheka/Smart-Mobility-Engineering-Lab/ros2_ws/install/more_interfaces/share/more_interfaces/environment/library_path.dsv
[5.566s] -- Installing: /home/zheka/Smart-Mobility-Engineering-Lab/ros2_ws/install/more_interfaces/lib/libmore_interfaces__rosidl_generator_c.so
[5.566s] -- Set runtime path of "/home/zheka/Smart-Mobility-Engineering-Lab/ros2_ws/install/more_interfaces/lib/libmore_interfaces__rosidl_generator_c.so" to ""
[5.566s] -- Up-to-date: /home/zheka/Smart-Mobility-Engineering-Lab/ros2_ws/install/more_interfaces/include/more_interfaces/more_interfaces
[5.567s] -- Up-to-date: /home/zheka/Smart-Mobility-Engineering-Lab/ros2_ws/install/more_interfaces/include/more_interfaces/more_interfaces/msg
[5.567s] -- Installing: /home/zheka/Smart-Mobility-Engineering-Lab/ros2_ws/install/more_interfaces/include/more_interfaces/more_interfaces/msg/rosidl_typesupport_fastrtps_c__visibility_control.h
[5.567s] -- Up-to-date: /home/zheka/Smart-Mobility-Engineering-Lab/ros2_ws/install/more_interfaces/include/more_interfaces/more_interfaces/msg/detail
[5.567s] -- Installing: /home/zheka/Smart-Mobility-Engineering-Lab/ros2_ws/install/more_interfaces/include/more_interfaces/more_interfaces/msg/detail/address_book__rosidl_typesupport_fastrtps_c.h
[5.567s] -- Installing: /home/zheka/Smart-Mobility-Engineering-Lab/ros2_ws/install/more_interfaces/lib/libmore_interfaces__rosidl_typesupport_fastrtps_c.so
[5.567s] -- Set runtime path of "/home/zheka/Smart-Mobility-Engineering-Lab/ros2_ws/install/more_interfaces/lib/libmore_interfaces__rosidl_typesupport_fastrtps_c.so" to ""
[5.567s] -- Up-to-date: /home/zheka/Smart-Mobility-Engineering-Lab/ros2_ws/install/more_interfaces/include/more_interfaces/more_interfaces
[5.567s] -- Up-to-date: /home/zheka/Smart-Mobility-Engineering-Lab/ros2_ws/install/more_interfaces/include/more_interfaces/more_interfaces/msg
[5.567s] -- Installing: /home/zheka/Smart-Mobility-Engineering-Lab/ros2_ws/install/more_interfaces/include/more_interfaces/more_interfaces/msg/rosidl_typesupport_introspection_c__visibility_control.h
[5.567s] -- Up-to-date: /home/zheka/Smart-Mobility-Engineering-Lab/ros2_ws/install/more_interfaces/include/more_interfaces/more_interfaces/msg/detail
[5.567s] -- Installing: /home/zheka/Smart-Mobility-Engineering-Lab/ros2_ws/install/more_interfaces/include/more_interfaces/more_interfaces/msg/detail/address_book__type_support.c
[5.567s] -- Installing: /home/zheka/Smart-Mobility-Engineering-Lab/ros2_ws/install/more_interfaces/include/more_interfaces/more_interfaces/msg/detail/address_book__rosidl_typesupport_introspection_c.h
[5.567s] -- Installing: /home/zheka/Smart-Mobility-Engineering-Lab/ros2_ws/install/more_interfaces/lib/libmore_interfaces__rosidl_typesupport_introspection_c.so
[5.567s] -- Set runtime path of "/home/zheka/Smart-Mobility-Engineering-Lab/ros2_ws/install/more_interfaces/lib/libmore_interfaces__rosidl_typesupport_introspection_c.so" to ""
[5.567s] -- Installing: /home/zheka/Smart-Mobility-Engineering-Lab/ros2_ws/install/more_interfaces/lib/libmore_interfaces__rosidl_typesupport_c.so
[5.567s] -- Set runtime path of "/home/zheka/Smart-Mobility-Engineering-Lab/ros2_ws/install/more_interfaces/lib/libmore_interfaces__rosidl_typesupport_c.so" to ""
[5.567s] -- Up-to-date: /home/zheka/Smart-Mobility-Engineering-Lab/ros2_ws/install/more_interfaces/include/more_interfaces/more_interfaces
[5.567s] -- Up-to-date: /home/zheka/Smart-Mobility-Engineering-Lab/ros2_ws/install/more_interfaces/include/more_interfaces/more_interfaces/msg
[5.567s] -- Installing: /home/zheka/Smart-Mobility-Engineering-Lab/ros2_ws/install/more_interfaces/include/more_interfaces/more_interfaces/msg/address_book.hpp
[5.567s] -- Up-to-date: /home/zheka/Smart-Mobility-Engineering-Lab/ros2_ws/install/more_interfaces/include/more_interfaces/more_interfaces/msg/detail
[5.567s] -- Installing: /home/zheka/Smart-Mobility-Engineering-Lab/ros2_ws/install/more_interfaces/include/more_interfaces/more_interfaces/msg/detail/address_book__traits.hpp
[5.567s] -- Installing: /home/zheka/Smart-Mobility-Engineering-Lab/ros2_ws/install/more_interfaces/include/more_interfaces/more_interfaces/msg/detail/address_book__builder.hpp
[5.567s] -- Installing: /home/zheka/Smart-Mobility-Engineering-Lab/ros2_ws/install/more_interfaces/include/more_interfaces/more_interfaces/msg/detail/address_book__struct.hpp
[5.567s] -- Up-to-date: /home/zheka/Smart-Mobility-Engineering-Lab/ros2_ws/install/more_interfaces/include/more_interfaces/more_interfaces
[5.567s] -- Up-to-date: /home/zheka/Smart-Mobility-Engineering-Lab/ros2_ws/install/more_interfaces/include/more_interfaces/more_interfaces/msg
[5.567s] -- Installing: /home/zheka/Smart-Mobility-Engineering-Lab/ros2_ws/install/more_interfaces/include/more_interfaces/more_interfaces/msg/rosidl_typesupport_fastrtps_cpp__visibility_control.h
[5.567s] -- Up-to-date: /home/zheka/Smart-Mobility-Engineering-Lab/ros2_ws/install/more_interfaces/include/more_interfaces/more_interfaces/msg/detail
[5.567s] -- Installing: /home/zheka/Smart-Mobility-Engineering-Lab/ros2_ws/install/more_interfaces/include/more_interfaces/more_interfaces/msg/detail/address_book__rosidl_typesupport_fastrtps_cpp.hpp
[5.567s] -- Installing: /home/zheka/Smart-Mobility-Engineering-Lab/ros2_ws/install/more_interfaces/include/more_interfaces/more_interfaces/msg/detail/dds_fastrtps
[5.567s] -- Installing: /home/zheka/Smart-Mobility-Engineering-Lab/ros2_ws/install/more_interfaces/lib/libmore_interfaces__rosidl_typesupport_fastrtps_cpp.so
[5.567s] -- Set runtime path of "/home/zheka/Smart-Mobility-Engineering-Lab/ros2_ws/install/more_interfaces/lib/libmore_interfaces__rosidl_typesupport_fastrtps_cpp.so" to ""
[5.567s] -- Up-to-date: /home/zheka/Smart-Mobility-Engineering-Lab/ros2_ws/install/more_interfaces/include/more_interfaces/more_interfaces
[5.567s] -- Up-to-date: /home/zheka/Smart-Mobility-Engineering-Lab/ros2_ws/install/more_interfaces/include/more_interfaces/more_interfaces/msg
[5.568s] -- Up-to-date: /home/zheka/Smart-Mobility-Engineering-Lab/ros2_ws/install/more_interfaces/include/more_interfaces/more_interfaces/msg/detail
[5.568s] -- Installing: /home/zheka/Smart-Mobility-Engineering-Lab/ros2_ws/install/more_interfaces/include/more_interfaces/more_interfaces/msg/detail/address_book__rosidl_typesupport_introspection_cpp.hpp
[5.568s] -- Installing: /home/zheka/Smart-Mobility-Engineering-Lab/ros2_ws/install/more_interfaces/include/more_interfaces/more_interfaces/msg/detail/address_book__type_support.cpp
[5.568s] -- Installing: /home/zheka/Smart-Mobility-Engineering-Lab/ros2_ws/install/more_interfaces/lib/libmore_interfaces__rosidl_typesupport_introspection_cpp.so
[5.568s] -- Set runtime path of "/home/zheka/Smart-Mobility-Engineering-Lab/ros2_ws/install/more_interfaces/lib/libmore_interfaces__rosidl_typesupport_introspection_cpp.so" to ""
[5.568s] -- Installing: /home/zheka/Smart-Mobility-Engineering-Lab/ros2_ws/install/more_interfaces/lib/libmore_interfaces__rosidl_typesupport_cpp.so
[5.568s] -- Set runtime path of "/home/zheka/Smart-Mobility-Engineering-Lab/ros2_ws/install/more_interfaces/lib/libmore_interfaces__rosidl_typesupport_cpp.so" to ""
[5.568s] -- Installing: /home/zheka/Smart-Mobility-Engineering-Lab/ros2_ws/install/more_interfaces/share/more_interfaces/environment/pythonpath.sh
[5.568s] -- Installing: /home/zheka/Smart-Mobility-Engineering-Lab/ros2_ws/install/more_interfaces/share/more_interfaces/environment/pythonpath.dsv
[5.568s] -- Installing: /home/zheka/Smart-Mobility-Engineering-Lab/ros2_ws/install/more_interfaces/local/lib/python3.10/dist-packages/more_interfaces-0.0.0-py3.10.egg-info
[5.568s] -- Installing: /home/zheka/Smart-Mobility-Engineering-Lab/ros2_ws/install/more_interfaces/local/lib/python3.10/dist-packages/more_interfaces-0.0.0-py3.10.egg-info/top_level.txt
[5.568s] -- Installing: /home/zheka/Smart-Mobility-Engineering-Lab/ros2_ws/install/more_interfaces/local/lib/python3.10/dist-packages/more_interfaces-0.0.0-py3.10.egg-info/PKG-INFO
[5.568s] -- Installing: /home/zheka/Smart-Mobility-Engineering-Lab/ros2_ws/install/more_interfaces/local/lib/python3.10/dist-packages/more_interfaces-0.0.0-py3.10.egg-info/SOURCES.txt
[5.568s] -- Installing: /home/zheka/Smart-Mobility-Engineering-Lab/ros2_ws/install/more_interfaces/local/lib/python3.10/dist-packages/more_interfaces-0.0.0-py3.10.egg-info/dependency_links.txt
[5.568s] -- Installing: /home/zheka/Smart-Mobility-Engineering-Lab/ros2_ws/install/more_interfaces/local/lib/python3.10/dist-packages/more_interfaces
[5.568s] -- Installing: /home/zheka/Smart-Mobility-Engineering-Lab/ros2_ws/install/more_interfaces/local/lib/python3.10/dist-packages/more_interfaces/__init__.py
[5.568s] -- Installing: /home/zheka/Smart-Mobility-Engineering-Lab/ros2_ws/install/more_interfaces/local/lib/python3.10/dist-packages/more_interfaces/_more_interfaces_s.ep.rosidl_typesupport_introspection_c.c
[5.568s] -- Installing: /home/zheka/Smart-Mobility-Engineering-Lab/ros2_ws/install/more_interfaces/local/lib/python3.10/dist-packages/more_interfaces/_more_interfaces_s.ep.rosidl_typesupport_fastrtps_c.c
[5.568s] -- Installing: /home/zheka/Smart-Mobility-Engineering-Lab/ros2_ws/install/more_interfaces/local/lib/python3.10/dist-packages/more_interfaces/msg
[5.568s] -- Installing: /home/zheka/Smart-Mobility-Engineering-Lab/ros2_ws/install/more_interfaces/local/lib/python3.10/dist-packages/more_interfaces/msg/__init__.py
[5.568s] -- Installing: /home/zheka/Smart-Mobility-Engineering-Lab/ros2_ws/install/more_interfaces/local/lib/python3.10/dist-packages/more_interfaces/msg/_address_book.py
[5.568s] -- Installing: /home/zheka/Smart-Mobility-Engineering-Lab/ros2_ws/install/more_interfaces/local/lib/python3.10/dist-packages/more_interfaces/msg/_address_book_s.c
[5.568s] -- Installing: /home/zheka/Smart-Mobility-Engineering-Lab/ros2_ws/install/more_interfaces/local/lib/python3.10/dist-packages/more_interfaces/more_interfaces_s__rosidl_typesupport_c.cpython-310-aarch64-linux-gnu.so
[5.568s] -- Installing: /home/zheka/Smart-Mobility-Engineering-Lab/ros2_ws/install/more_interfaces/local/lib/python3.10/dist-packages/more_interfaces/more_interfaces_s__rosidl_typesupport_introspection_c.cpython-310-aarch64-linux-gnu.so
[5.568s] -- Installing: /home/zheka/Smart-Mobility-Engineering-Lab/ros2_ws/install/more_interfaces/local/lib/python3.10/dist-packages/more_interfaces/more_interfaces_s__rosidl_typesupport_fastrtps_c.cpython-310-aarch64-linux-gnu.so
[5.568s] -- Installing: /home/zheka/Smart-Mobility-Engineering-Lab/ros2_ws/install/more_interfaces/local/lib/python3.10/dist-packages/more_interfaces/_more_interfaces_s.ep.rosidl_typesupport_c.c
[5.568s] -- Installing: /home/zheka/Smart-Mobility-Engineering-Lab/ros2_ws/install/more_interfaces/local/lib/python3.10/dist-packages/more_interfaces/libmore_interfaces__rosidl_generator_py.so
[5.587s] Listing '/home/zheka/Smart-Mobility-Engineering-Lab/ros2_ws/install/more_interfaces/local/lib/python3.10/dist-packages/more_interfaces'...
[5.587s] Compiling '/home/zheka/Smart-Mobility-Engineering-Lab/ros2_ws/install/more_interfaces/local/lib/python3.10/dist-packages/more_interfaces/__init__.py'...
[5.587s] Listing '/home/zheka/Smart-Mobility-Engineering-Lab/ros2_ws/install/more_interfaces/local/lib/python3.10/dist-packages/more_interfaces/msg'...
[5.587s] Compiling '/home/zheka/Smart-Mobility-Engineering-Lab/ros2_ws/install/more_interfaces/local/lib/python3.10/dist-packages/more_interfaces/msg/__init__.py'...
[5.587s] Compiling '/home/zheka/Smart-Mobility-Engineering-Lab/ros2_ws/install/more_interfaces/local/lib/python3.10/dist-packages/more_interfaces/msg/_address_book.py'...
[5.590s] -- Installing: /home/zheka/Smart-Mobility-Engineering-Lab/ros2_ws/install/more_interfaces/local/lib/python3.10/dist-packages/more_interfaces/more_interfaces_s__rosidl_typesupport_fastrtps_c.cpython-310-aarch64-linux-gnu.so
[5.590s] -- Set runtime path of "/home/zheka/Smart-Mobility-Engineering-Lab/ros2_ws/install/more_interfaces/local/lib/python3.10/dist-packages/more_interfaces/more_interfaces_s__rosidl_typesupport_fastrtps_c.cpython-310-aarch64-linux-gnu.so" to ""
[5.590s] -- Installing: /home/zheka/Smart-Mobility-Engineering-Lab/ros2_ws/install/more_interfaces/local/lib/python3.10/dist-packages/more_interfaces/more_interfaces_s__rosidl_typesupport_introspection_c.cpython-310-aarch64-linux-gnu.so
[5.590s] -- Set runtime path of "/home/zheka/Smart-Mobility-Engineering-Lab/ros2_ws/install/more_interfaces/local/lib/python3.10/dist-packages/more_interfaces/more_interfaces_s__rosidl_typesupport_introspection_c.cpython-310-aarch64-linux-gnu.so" to ""
[5.591s] -- Installing: /home/zheka/Smart-Mobility-Engineering-Lab/ros2_ws/install/more_interfaces/local/lib/python3.10/dist-packages/more_interfaces/more_interfaces_s__rosidl_typesupport_c.cpython-310-aarch64-linux-gnu.so
[5.591s] -- Set runtime path of "/home/zheka/Smart-Mobility-Engineering-Lab/ros2_ws/install/more_interfaces/local/lib/python3.10/dist-packages/more_interfaces/more_interfaces_s__rosidl_typesupport_c.cpython-310-aarch64-linux-gnu.so" to ""
[5.591s] -- Installing: /home/zheka/Smart-Mobility-Engineering-Lab/ros2_ws/install/more_interfaces/lib/libmore_interfaces__rosidl_generator_py.so
[5.591s] -- Set runtime path of "/home/zheka/Smart-Mobility-Engineering-Lab/ros2_ws/install/more_interfaces/lib/libmore_interfaces__rosidl_generator_py.so" to ""
[5.591s] -- Installing: /home/zheka/Smart-Mobility-Engineering-Lab/ros2_ws/install/more_interfaces/share/more_interfaces/msg/AddressBook.idl
[5.591s] -- Installing: /home/zheka/Smart-Mobility-Engineering-Lab/ros2_ws/install/more_interfaces/share/more_interfaces/msg/AddressBook.msg
[5.591s] -- Installing: /home/zheka/Smart-Mobility-Engineering-Lab/ros2_ws/install/more_interfaces/lib/more_interfaces/publish_address_book
[5.592s] -- Set runtime path of "/home/zheka/Smart-Mobility-Engineering-Lab/ros2_ws/install/more_interfaces/lib/more_interfaces/publish_address_book" to ""
[5.592s] -- Installing: /home/zheka/Smart-Mobility-Engineering-Lab/ros2_ws/install/more_interfaces/share/ament_index/resource_index/package_run_dependencies/more_interfaces
[5.592s] -- Installing: /home/zheka/Smart-Mobility-Engineering-Lab/ros2_ws/install/more_interfaces/share/ament_index/resource_index/parent_prefix_path/more_interfaces
[5.593s] -- Installing: /home/zheka/Smart-Mobility-Engineering-Lab/ros2_ws/install/more_interfaces/share/more_interfaces/environment/ament_prefix_path.sh
[5.593s] -- Installing: /home/zheka/Smart-Mobility-Engineering-Lab/ros2_ws/install/more_interfaces/share/more_interfaces/environment/ament_prefix_path.dsv
[5.593s] -- Installing: /home/zheka/Smart-Mobility-Engineering-Lab/ros2_ws/install/more_interfaces/share/more_interfaces/environment/path.sh
[5.593s] -- Installing: /home/zheka/Smart-Mobility-Engineering-Lab/ros2_ws/install/more_interfaces/share/more_interfaces/environment/path.dsv
[5.593s] -- Installing: /home/zheka/Smart-Mobility-Engineering-Lab/ros2_ws/install/more_interfaces/share/more_interfaces/local_setup.bash
[5.593s] -- Installing: /home/zheka/Smart-Mobility-Engineering-Lab/ros2_ws/install/more_interfaces/share/more_interfaces/local_setup.sh
[5.593s] -- Installing: /home/zheka/Smart-Mobility-Engineering-Lab/ros2_ws/install/more_interfaces/share/more_interfaces/local_setup.zsh
[5.593s] -- Installing: /home/zheka/Smart-Mobility-Engineering-Lab/ros2_ws/install/more_interfaces/share/more_interfaces/local_setup.dsv
[5.593s] -- Installing: /home/zheka/Smart-Mobility-Engineering-Lab/ros2_ws/install/more_interfaces/share/more_interfaces/package.dsv
[5.593s] -- Installing: /home/zheka/Smart-Mobility-Engineering-Lab/ros2_ws/install/more_interfaces/share/ament_index/resource_index/packages/more_interfaces
[5.594s] -- Installing: /home/zheka/Smart-Mobility-Engineering-Lab/ros2_ws/install/more_interfaces/share/more_interfaces/cmake/export_more_interfaces__rosidl_generator_cExport.cmake
[5.594s] -- Installing: /home/zheka/Smart-Mobility-Engineering-Lab/ros2_ws/install/more_interfaces/share/more_interfaces/cmake/export_more_interfaces__rosidl_generator_cExport-noconfig.cmake
[5.594s] -- Installing: /home/zheka/Smart-Mobility-Engineering-Lab/ros2_ws/install/more_interfaces/share/more_interfaces/cmake/export_more_interfaces__rosidl_typesupport_fastrtps_cExport.cmake
[5.594s] -- Installing: /home/zheka/Smart-Mobility-Engineering-Lab/ros2_ws/install/more_interfaces/share/more_interfaces/cmake/export_more_interfaces__rosidl_typesupport_fastrtps_cExport-noconfig.cmake
[5.594s] -- Installing: /home/zheka/Smart-Mobility-Engineering-Lab/ros2_ws/install/more_interfaces/share/more_interfaces/cmake/more_interfaces__rosidl_typesupport_introspection_cExport.cmake
[5.594s] -- Installing: /home/zheka/Smart-Mobility-Engineering-Lab/ros2_ws/install/more_interfaces/share/more_interfaces/cmake/more_interfaces__rosidl_typesupport_introspection_cExport-noconfig.cmake
[5.595s] -- Installing: /home/zheka/Smart-Mobility-Engineering-Lab/ros2_ws/install/more_interfaces/share/more_interfaces/cmake/more_interfaces__rosidl_typesupport_cExport.cmake
[5.595s] -- Installing: /home/zheka/Smart-Mobility-Engineering-Lab/ros2_ws/install/more_interfaces/share/more_interfaces/cmake/more_interfaces__rosidl_typesupport_cExport-noconfig.cmake
[5.595s] -- Installing: /home/zheka/Smart-Mobility-Engineering-Lab/ros2_ws/install/more_interfaces/share/more_interfaces/cmake/export_more_interfaces__rosidl_generator_cppExport.cmake
[5.595s] -- Installing: /home/zheka/Smart-Mobility-Engineering-Lab/ros2_ws/install/more_interfaces/share/more_interfaces/cmake/export_more_interfaces__rosidl_typesupport_fastrtps_cppExport.cmake
[5.595s] -- Installing: /home/zheka/Smart-Mobility-Engineering-Lab/ros2_ws/install/more_interfaces/share/more_interfaces/cmake/export_more_interfaces__rosidl_typesupport_fastrtps_cppExport-noconfig.cmake
[5.595s] -- Installing: /home/zheka/Smart-Mobility-Engineering-Lab/ros2_ws/install/more_interfaces/share/more_interfaces/cmake/more_interfaces__rosidl_typesupport_introspection_cppExport.cmake
[5.595s] -- Installing: /home/zheka/Smart-Mobility-Engineering-Lab/ros2_ws/install/more_interfaces/share/more_interfaces/cmake/more_interfaces__rosidl_typesupport_introspection_cppExport-noconfig.cmake
[5.595s] -- Installing: /home/zheka/Smart-Mobility-Engineering-Lab/ros2_ws/install/more_interfaces/share/more_interfaces/cmake/more_interfaces__rosidl_typesupport_cppExport.cmake
[5.595s] -- Installing: /home/zheka/Smart-Mobility-Engineering-Lab/ros2_ws/install/more_interfaces/share/more_interfaces/cmake/more_interfaces__rosidl_typesupport_cppExport-noconfig.cmake
[5.595s] -- Installing: /home/zheka/Smart-Mobility-Engineering-Lab/ros2_ws/install/more_interfaces/share/more_interfaces/cmake/export_more_interfaces__rosidl_generator_pyExport.cmake
[5.595s] -- Installing: /home/zheka/Smart-Mobility-Engineering-Lab/ros2_ws/install/more_interfaces/share/more_interfaces/cmake/export_more_interfaces__rosidl_generator_pyExport-noconfig.cmake
[5.595s] -- Installing: /home/zheka/Smart-Mobility-Engineering-Lab/ros2_ws/install/more_interfaces/share/more_interfaces/cmake/rosidl_cmake-extras.cmake
[5.595s] -- Installing: /home/zheka/Smart-Mobility-Engineering-Lab/ros2_ws/install/more_interfaces/share/more_interfaces/cmake/ament_cmake_export_include_directories-extras.cmake
[5.595s] -- Installing: /home/zheka/Smart-Mobility-Engineering-Lab/ros2_ws/install/more_interfaces/share/more_interfaces/cmake/ament_cmake_export_libraries-extras.cmake
[5.595s] -- Installing: /home/zheka/Smart-Mobility-Engineering-Lab/ros2_ws/install/more_interfaces/share/more_interfaces/cmake/ament_cmake_export_targets-extras.cmake
[5.595s] -- Installing: /home/zheka/Smart-Mobility-Engineering-Lab/ros2_ws/install/more_interfaces/share/more_interfaces/cmake/rosidl_cmake_export_typesupport_targets-extras.cmake
[5.595s] -- Installing: /home/zheka/Smart-Mobility-Engineering-Lab/ros2_ws/install/more_interfaces/share/more_interfaces/cmake/ament_cmake_export_dependencies-extras.cmake
[5.595s] -- Installing: /home/zheka/Smart-Mobility-Engineering-Lab/ros2_ws/install/more_interfaces/share/more_interfaces/cmake/rosidl_cmake_export_typesupport_libraries-extras.cmake
[5.595s] -- Installing: /home/zheka/Smart-Mobility-Engineering-Lab/ros2_ws/install/more_interfaces/share/more_interfaces/cmake/more_interfacesConfig.cmake
[5.595s] -- Installing: /home/zheka/Smart-Mobility-Engineering-Lab/ros2_ws/install/more_interfaces/share/more_interfaces/cmake/more_interfacesConfig-version.cmake
[5.595s] -- Installing: /home/zheka/Smart-Mobility-Engineering-Lab/ros2_ws/install/more_interfaces/share/more_interfaces/package.xml
[5.597s] Invoked command in '/home/zheka/Smart-Mobility-Engineering-Lab/ros2_ws/build/more_interfaces' returned '0': CMAKE_PREFIX_PATH=/opt/ros/humble /usr/bin/cmake --install /home/zheka/Smart-Mobility-Engineering-Lab/ros2_ws/build/more_interfaces
