[0.404s] Invoking command in '/home/zheka/Smart-Mobility-Engineering-Lab/ros2_ws/src/python_parameters': PYTHONPATH=/home/zheka/Smart-Mobility-Engineering-Lab/ros2_ws/src/build/python_parameters/prefix_override:/home/zheka/Smart-Mobility-Engineering-Lab/ros2_ws/src/install/python_parameters/lib/python3.10/site-packages:${PYTHONPATH} /usr/bin/python3 setup.py egg_info --egg-base ../build/python_parameters build --build-base /home/zheka/Smart-Mobility-Engineering-Lab/ros2_ws/src/build/python_parameters/build install --record /home/zheka/Smart-Mobility-Engineering-Lab/ros2_ws/src/build/python_parameters/install.log --single-version-externally-managed
[0.523s] running egg_info
[0.523s] creating ../build/python_parameters/python_parameters.egg-info
[0.523s] writing ../build/python_parameters/python_parameters.egg-info/PKG-INFO
[0.523s] writing dependency_links to ../build/python_parameters/python_parameters.egg-info/dependency_links.txt
[0.523s] writing entry points to ../build/python_parameters/python_parameters.egg-info/entry_points.txt
[0.523s] writing requirements to ../build/python_parameters/python_parameters.egg-info/requires.txt
[0.524s] writing top-level names to ../build/python_parameters/python_parameters.egg-info/top_level.txt
[0.524s] writing manifest file '../build/python_parameters/python_parameters.egg-info/SOURCES.txt'
[0.524s] reading manifest file '../build/python_parameters/python_parameters.egg-info/SOURCES.txt'
[0.525s] writing manifest file '../build/python_parameters/python_parameters.egg-info/SOURCES.txt'
[0.525s] running build
[0.525s] running build_py
[0.525s] creating /home/zheka/Smart-Mobility-Engineering-Lab/ros2_ws/src/build/python_parameters/build
[0.525s] creating /home/zheka/Smart-Mobility-Engineering-Lab/ros2_ws/src/build/python_parameters/build/lib
[0.525s] creating /home/zheka/Smart-Mobility-Engineering-Lab/ros2_ws/src/build/python_parameters/build/lib/python_parameters
[0.525s] copying python_parameters/__init__.py -> /home/zheka/Smart-Mobility-Engineering-Lab/ros2_ws/src/build/python_parameters/build/lib/python_parameters
[0.525s] copying python_parameters/python_parameters_node.py -> /home/zheka/Smart-Mobility-Engineering-Lab/ros2_ws/src/build/python_parameters/build/lib/python_parameters
[0.526s] running install
[0.526s] running install_lib
[0.526s] creating /home/zheka/Smart-Mobility-Engineering-Lab/ros2_ws/src/install/python_parameters/lib/python3.10/site-packages/python_parameters
[0.526s] copying /home/zheka/Smart-Mobility-Engineering-Lab/ros2_ws/src/build/python_parameters/build/lib/python_parameters/__init__.py -> /home/zheka/Smart-Mobility-Engineering-Lab/ros2_ws/src/install/python_parameters/lib/python3.10/site-packages/python_parameters
[0.526s] copying /home/zheka/Smart-Mobility-Engineering-Lab/ros2_ws/src/build/python_parameters/build/lib/python_parameters/python_parameters_node.py -> /home/zheka/Smart-Mobility-Engineering-Lab/ros2_ws/src/install/python_parameters/lib/python3.10/site-packages/python_parameters
[0.527s] byte-compiling /home/zheka/Smart-Mobility-Engineering-Lab/ros2_ws/src/install/python_parameters/lib/python3.10/site-packages/python_parameters/__init__.py to __init__.cpython-310.pyc
[0.527s] byte-compiling /home/zheka/Smart-Mobility-Engineering-Lab/ros2_ws/src/install/python_parameters/lib/python3.10/site-packages/python_parameters/python_parameters_node.py to python_parameters_node.cpython-310.pyc
[0.527s] running install_data
[0.527s] creating /home/zheka/Smart-Mobility-Engineering-Lab/ros2_ws/src/install/python_parameters/share/ament_index
[0.527s] creating /home/zheka/Smart-Mobility-Engineering-Lab/ros2_ws/src/install/python_parameters/share/ament_index/resource_index
[0.527s] creating /home/zheka/Smart-Mobility-Engineering-Lab/ros2_ws/src/install/python_parameters/share/ament_index/resource_index/packages
[0.527s] copying resource/python_parameters -> /home/zheka/Smart-Mobility-Engineering-Lab/ros2_ws/src/install/python_parameters/share/ament_index/resource_index/packages
[0.527s] copying package.xml -> /home/zheka/Smart-Mobility-Engineering-Lab/ros2_ws/src/install/python_parameters/share/python_parameters
[0.527s] copying launch/python_parameters_launch.py -> /home/zheka/Smart-Mobility-Engineering-Lab/ros2_ws/src/install/python_parameters/share/python_parameters
[0.527s] running install_egg_info
[0.528s] Copying ../build/python_parameters/python_parameters.egg-info to /home/zheka/Smart-Mobility-Engineering-Lab/ros2_ws/src/install/python_parameters/lib/python3.10/site-packages/python_parameters-0.0.0-py3.10.egg-info
[0.529s] running install_scripts
[0.539s] Installing minimal_param_node script to /home/zheka/Smart-Mobility-Engineering-Lab/ros2_ws/src/install/python_parameters/lib/python_parameters
[0.540s] writing list of installed files to '/home/zheka/Smart-Mobility-Engineering-Lab/ros2_ws/src/build/python_parameters/install.log'
[0.553s] Invoked command in '/home/zheka/Smart-Mobility-Engineering-Lab/ros2_ws/src/python_parameters' returned '0': PYTHONPATH=/home/zheka/Smart-Mobility-Engineering-Lab/ros2_ws/src/build/python_parameters/prefix_override:/home/zheka/Smart-Mobility-Engineering-Lab/ros2_ws/src/install/python_parameters/lib/python3.10/site-packages:${PYTHONPATH} /usr/bin/python3 setup.py egg_info --egg-base ../build/python_parameters build --build-base /home/zheka/Smart-Mobility-Engineering-Lab/ros2_ws/src/build/python_parameters/build install --record /home/zheka/Smart-Mobility-Engineering-Lab/ros2_ws/src/build/python_parameters/install.log --single-version-externally-managed
