[0.156s] Invoking command in '/home/risimon/mateEZ/vip1_ws/build/turtlebot3_fake_node': CMAKE_PREFIX_PATH=${CMAKE_PREFIX_PATH}:/home/risimon/turtlebot3_ws/install/turtlebot3_safety:/home/risimon/turtlebot3_ws/install/turtlebot3_battery_status:/home/risimon/tst/install/turtlebot3_safety:/opt/ros/humble /usr/bin/cmake /home/risimon/mateEZ/vip1_ws/src/turtlebot3_simulations/turtlebot3_fake_node -DCMAKE_INSTALL_PREFIX=/home/risimon/mateEZ/vip1_ws/install/turtlebot3_fake_node
[0.271s] -- The C compiler identification is GNU 11.4.0
[0.369s] -- The CXX compiler identification is GNU 11.4.0
[0.381s] -- Detecting C compiler ABI info
[0.478s] -- Detecting C compiler ABI info - done
[0.487s] -- Check for working C compiler: /usr/bin/cc - skipped
[0.487s] -- Detecting C compile features
[0.488s] -- Detecting C compile features - done
[0.492s] -- Detecting CXX compiler ABI info
[0.597s] -- Detecting CXX compiler ABI info - done
[0.605s] -- Check for working CXX compiler: /usr/bin/c++ - skipped
[0.606s] -- Detecting CXX compile features
[0.606s] -- Detecting CXX compile features - done
[0.613s] -- Found ament_cmake: 1.3.6 (/opt/ros/humble/share/ament_cmake/cmake)
[0.831s] -- Found Python3: /usr/bin/python3.10 (found version "3.10.12") found components: Interpreter 
[0.965s] -- Found geometry_msgs: 4.2.3 (/opt/ros/humble/share/geometry_msgs/cmake)
[1.029s] -- Found rosidl_generator_c: 3.1.5 (/opt/ros/humble/share/rosidl_generator_c/cmake)
[1.038s] -- Found rosidl_adapter: 3.1.5 (/opt/ros/humble/share/rosidl_adapter/cmake)
[1.052s] -- Found rosidl_generator_cpp: 3.1.5 (/opt/ros/humble/share/rosidl_generator_cpp/cmake)
[1.072s] -- Using all available rosidl_typesupport_c: rosidl_typesupport_fastrtps_c;rosidl_typesupport_introspection_c
[1.100s] -- Using all available rosidl_typesupport_cpp: rosidl_typesupport_fastrtps_cpp;rosidl_typesupport_introspection_cpp
[1.238s] -- Found nav_msgs: 4.2.3 (/opt/ros/humble/share/nav_msgs/cmake)
[1.331s] -- Found rclcpp: 16.0.7 (/opt/ros/humble/share/rclcpp/cmake)
[1.415s] -- Found rmw_implementation_cmake: 6.1.1 (/opt/ros/humble/share/rmw_implementation_cmake/cmake)
[1.420s] -- Found rmw_fastrtps_cpp: 6.2.5 (/opt/ros/humble/share/rmw_fastrtps_cpp/cmake)
[1.585s] -- Found OpenSSL: /usr/lib/x86_64-linux-gnu/libcrypto.so (found version "3.0.2")  
[1.626s] -- Found FastRTPS: /opt/ros/humble/include  
[1.693s] -- Using RMW implementation 'rmw_fastrtps_cpp' as default
[1.709s] -- Looking for pthread.h
[1.804s] -- Looking for pthread.h - found
[1.804s] -- Performing Test CMAKE_HAVE_LIBC_PTHREAD
[1.922s] -- Performing Test CMAKE_HAVE_LIBC_PTHREAD - Success
[1.923s] -- Found Threads: TRUE  
[2.073s] -- Found sensor_msgs: 4.2.3 (/opt/ros/humble/share/sensor_msgs/cmake)
[2.167s] -- Found tf2: 0.25.5 (/opt/ros/humble/share/tf2/cmake)
[2.189s] -- Found tf2_msgs: 0.25.5 (/opt/ros/humble/share/tf2_msgs/cmake)
[2.357s] -- Found turtlebot3_msgs: 2.2.3 (/opt/ros/humble/share/turtlebot3_msgs/cmake)
[2.555s] -- Configuring done
[2.571s] -- Generating done
[2.573s] -- Build files have been written to: /home/risimon/mateEZ/vip1_ws/build/turtlebot3_fake_node
[2.587s] Invoked command in '/home/risimon/mateEZ/vip1_ws/build/turtlebot3_fake_node' returned '0': CMAKE_PREFIX_PATH=${CMAKE_PREFIX_PATH}:/home/risimon/turtlebot3_ws/install/turtlebot3_safety:/home/risimon/turtlebot3_ws/install/turtlebot3_battery_status:/home/risimon/tst/install/turtlebot3_safety:/opt/ros/humble /usr/bin/cmake /home/risimon/mateEZ/vip1_ws/src/turtlebot3_simulations/turtlebot3_fake_node -DCMAKE_INSTALL_PREFIX=/home/risimon/mateEZ/vip1_ws/install/turtlebot3_fake_node
[2.589s] Invoking command in '/home/risimon/mateEZ/vip1_ws/build/turtlebot3_fake_node': CMAKE_PREFIX_PATH=${CMAKE_PREFIX_PATH}:/home/risimon/turtlebot3_ws/install/turtlebot3_safety:/home/risimon/turtlebot3_ws/install/turtlebot3_battery_status:/home/risimon/tst/install/turtlebot3_safety:/opt/ros/humble /usr/bin/cmake --build /home/risimon/mateEZ/vip1_ws/build/turtlebot3_fake_node -- -j8 -l8
[2.675s] [ 50%] [32mBuilding CXX object CMakeFiles/turtlebot3_fake_node.dir/src/turtlebot3_fake_node.cpp.o[0m
[14.774s] [100%] [32m[1mLinking CXX executable turtlebot3_fake_node[0m
[15.635s] [100%] Built target turtlebot3_fake_node
[15.653s] Invoked command in '/home/risimon/mateEZ/vip1_ws/build/turtlebot3_fake_node' returned '0': CMAKE_PREFIX_PATH=${CMAKE_PREFIX_PATH}:/home/risimon/turtlebot3_ws/install/turtlebot3_safety:/home/risimon/turtlebot3_ws/install/turtlebot3_battery_status:/home/risimon/tst/install/turtlebot3_safety:/opt/ros/humble /usr/bin/cmake --build /home/risimon/mateEZ/vip1_ws/build/turtlebot3_fake_node -- -j8 -l8
[15.707s] Invoking command in '/home/risimon/mateEZ/vip1_ws/build/turtlebot3_fake_node': CMAKE_PREFIX_PATH=${CMAKE_PREFIX_PATH}:/home/risimon/turtlebot3_ws/install/turtlebot3_safety:/home/risimon/turtlebot3_ws/install/turtlebot3_battery_status:/home/risimon/tst/install/turtlebot3_safety:/opt/ros/humble /usr/bin/cmake --install /home/risimon/mateEZ/vip1_ws/build/turtlebot3_fake_node
[15.717s] -- Install configuration: ""
[15.717s] -- Installing: /home/risimon/mateEZ/vip1_ws/install/turtlebot3_fake_node/lib/turtlebot3_fake_node/turtlebot3_fake_node
[15.723s] -- Set runtime path of "/home/risimon/mateEZ/vip1_ws/install/turtlebot3_fake_node/lib/turtlebot3_fake_node/turtlebot3_fake_node" to ""
[15.724s] -- Installing: /home/risimon/mateEZ/vip1_ws/install/turtlebot3_fake_node/share/turtlebot3_fake_node/launch
[15.724s] -- Installing: /home/risimon/mateEZ/vip1_ws/install/turtlebot3_fake_node/share/turtlebot3_fake_node/launch/turtlebot3_fake_node.launch.py
[15.724s] -- Installing: /home/risimon/mateEZ/vip1_ws/install/turtlebot3_fake_node/share/turtlebot3_fake_node/launch/rviz2.launch.py
[15.724s] -- Installing: /home/risimon/mateEZ/vip1_ws/install/turtlebot3_fake_node/share/turtlebot3_fake_node/param
[15.724s] -- Installing: /home/risimon/mateEZ/vip1_ws/install/turtlebot3_fake_node/share/turtlebot3_fake_node/param/waffle.yaml
[15.725s] -- Installing: /home/risimon/mateEZ/vip1_ws/install/turtlebot3_fake_node/share/turtlebot3_fake_node/param/burger.yaml
[15.725s] -- Installing: /home/risimon/mateEZ/vip1_ws/install/turtlebot3_fake_node/share/turtlebot3_fake_node/param/waffle_pi.yaml
[15.725s] -- Installing: /home/risimon/mateEZ/vip1_ws/install/turtlebot3_fake_node/include/
[15.725s] -- Installing: /home/risimon/mateEZ/vip1_ws/install/turtlebot3_fake_node/include//turtlebot3_fake_node
[15.725s] -- Installing: /home/risimon/mateEZ/vip1_ws/install/turtlebot3_fake_node/include//turtlebot3_fake_node/turtlebot3_fake_node.hpp
[15.725s] -- Installing: /home/risimon/mateEZ/vip1_ws/install/turtlebot3_fake_node/share/ament_index/resource_index/package_run_dependencies/turtlebot3_fake_node
[15.726s] -- Installing: /home/risimon/mateEZ/vip1_ws/install/turtlebot3_fake_node/share/ament_index/resource_index/parent_prefix_path/turtlebot3_fake_node
[15.726s] -- Installing: /home/risimon/mateEZ/vip1_ws/install/turtlebot3_fake_node/share/turtlebot3_fake_node/environment/ament_prefix_path.sh
[15.726s] -- Installing: /home/risimon/mateEZ/vip1_ws/install/turtlebot3_fake_node/share/turtlebot3_fake_node/environment/ament_prefix_path.dsv
[15.726s] -- Installing: /home/risimon/mateEZ/vip1_ws/install/turtlebot3_fake_node/share/turtlebot3_fake_node/environment/path.sh
[15.727s] -- Installing: /home/risimon/mateEZ/vip1_ws/install/turtlebot3_fake_node/share/turtlebot3_fake_node/environment/path.dsv
[15.727s] -- Installing: /home/risimon/mateEZ/vip1_ws/install/turtlebot3_fake_node/share/turtlebot3_fake_node/local_setup.bash
[15.727s] -- Installing: /home/risimon/mateEZ/vip1_ws/install/turtlebot3_fake_node/share/turtlebot3_fake_node/local_setup.sh
[15.727s] -- Installing: /home/risimon/mateEZ/vip1_ws/install/turtlebot3_fake_node/share/turtlebot3_fake_node/local_setup.zsh
[15.727s] -- Installing: /home/risimon/mateEZ/vip1_ws/install/turtlebot3_fake_node/share/turtlebot3_fake_node/local_setup.dsv
[15.728s] -- Installing: /home/risimon/mateEZ/vip1_ws/install/turtlebot3_fake_node/share/turtlebot3_fake_node/package.dsv
[15.728s] -- Installing: /home/risimon/mateEZ/vip1_ws/install/turtlebot3_fake_node/share/ament_index/resource_index/packages/turtlebot3_fake_node
[15.728s] -- Installing: /home/risimon/mateEZ/vip1_ws/install/turtlebot3_fake_node/share/turtlebot3_fake_node/cmake/ament_cmake_export_include_directories-extras.cmake
[15.728s] -- Installing: /home/risimon/mateEZ/vip1_ws/install/turtlebot3_fake_node/share/turtlebot3_fake_node/cmake/ament_cmake_export_dependencies-extras.cmake
[15.729s] -- Installing: /home/risimon/mateEZ/vip1_ws/install/turtlebot3_fake_node/share/turtlebot3_fake_node/cmake/turtlebot3_fake_nodeConfig.cmake
[15.729s] -- Installing: /home/risimon/mateEZ/vip1_ws/install/turtlebot3_fake_node/share/turtlebot3_fake_node/cmake/turtlebot3_fake_nodeConfig-version.cmake
[15.729s] -- Installing: /home/risimon/mateEZ/vip1_ws/install/turtlebot3_fake_node/share/turtlebot3_fake_node/package.xml
[15.732s] Invoked command in '/home/risimon/mateEZ/vip1_ws/build/turtlebot3_fake_node' returned '0': CMAKE_PREFIX_PATH=${CMAKE_PREFIX_PATH}:/home/risimon/turtlebot3_ws/install/turtlebot3_safety:/home/risimon/turtlebot3_ws/install/turtlebot3_battery_status:/home/risimon/tst/install/turtlebot3_safety:/opt/ros/humble /usr/bin/cmake --install /home/risimon/mateEZ/vip1_ws/build/turtlebot3_fake_node
