[0.041s] Invoking command in '/home/zheka/Smart-Mobility-Engineering-Lab/ros2_ws/build/tutorial_interfaces': CMAKE_PREFIX_PATH=/opt/ros/humble /usr/bin/cmake --build /home/zheka/Smart-Mobility-Engineering-Lab/ros2_ws/build/tutorial_interfaces -- -j2 -l2
[0.086s] [  2%] Built target tutorial_interfaces__cpp
[0.095s] [ 12%] Built target tutorial_interfaces__rosidl_generator_c
[0.112s] [ 12%] Built target ament_cmake_python_copy_tutorial_interfaces
[0.120s] [ 23%] Built target tutorial_interfaces__rosidl_typesupport_fastrtps_cpp
[0.139s] [ 34%] Built target tutorial_interfaces__rosidl_typesupport_introspection_c
[0.148s] [ 44%] Built target tutorial_interfaces__rosidl_typesupport_c
[0.169s] [ 55%] Built target tutorial_interfaces__rosidl_typesupport_introspection_cpp
[0.170s] [ 65%] Built target tutorial_interfaces__rosidl_typesupport_cpp
[0.216s] [ 76%] Built target tutorial_interfaces__rosidl_typesupport_fastrtps_c
[0.245s] [ 76%] Built target tutorial_interfaces
[0.261s] [ 78%] Built target tutorial_interfaces__py
[0.281s] [ 87%] Built target tutorial_interfaces__rosidl_generator_py
[0.298s] [ 91%] Built target tutorial_interfaces__rosidl_typesupport_fastrtps_c__pyext
[0.316s] [ 95%] Built target tutorial_interfaces__rosidl_typesupport_introspection_c__pyext
[0.327s] running egg_info
[0.327s] writing tutorial_interfaces.egg-info/PKG-INFO
[0.329s] writing dependency_links to tutorial_interfaces.egg-info/dependency_links.txt
[0.329s] writing top-level names to tutorial_interfaces.egg-info/top_level.txt
[0.330s] reading manifest file 'tutorial_interfaces.egg-info/SOURCES.txt'
[0.331s] writing manifest file 'tutorial_interfaces.egg-info/SOURCES.txt'
[0.337s] [100%] Built target tutorial_interfaces__rosidl_typesupport_c__pyext
[0.355s] [100%] Built target ament_cmake_python_build_tutorial_interfaces_egg
