[0.024s] Invoking command in '/home/zheka/Smart-Mobility-Engineering-Lab/ros2_ws/build/turtlesim': CMAKE_PREFIX_PATH=/opt/ros/humble /usr/bin/cmake /home/zheka/Smart-Mobility-Engineering-Lab/ros2_ws/src/ros_tutorials/turtlesim -DCMAKE_INSTALL_PREFIX=/home/zheka/Smart-Mobility-Engineering-Lab/ros2_ws/install/turtlesim
[0.068s] -- The C compiler identification is GNU 11.4.0
[0.105s] -- The CXX compiler identification is GNU 11.4.0
[0.111s] -- Detecting C compiler ABI info
[0.173s] -- Detecting C compiler ABI info - done
[0.177s] -- Check for working C compiler: /usr/bin/cc - skipped
[0.178s] -- Detecting C compile features
[0.178s] -- Detecting C compile features - done
[0.180s] -- Detecting CXX compiler ABI info
[0.239s] -- Detecting CXX compiler ABI info - done
[0.244s] -- Check for working CXX compiler: /usr/bin/c++ - skipped
[0.244s] -- Detecting CXX compile features
[0.245s] -- Detecting CXX compile features - done
[0.249s] -- Found ament_cmake: 1.3.5 (/opt/ros/humble/share/ament_cmake/cmake)
[0.354s] -- Found Python3: /usr/bin/python3.10 (found version "3.10.12") found components: Interpreter 
[0.400s] -- Found ament_index_cpp: 1.4.0 (/opt/ros/humble/share/ament_index_cpp/cmake)
[0.401s] -- Found geometry_msgs: 4.2.3 (/opt/ros/humble/share/geometry_msgs/cmake)
[0.426s] -- Found rosidl_generator_c: 3.1.5 (/opt/ros/humble/share/rosidl_generator_c/cmake)
[0.431s] -- Found rosidl_adapter: 3.1.5 (/opt/ros/humble/share/rosidl_adapter/cmake)
[0.438s] -- Found rosidl_generator_cpp: 3.1.5 (/opt/ros/humble/share/rosidl_generator_cpp/cmake)
[0.447s] -- Using all available rosidl_typesupport_c: rosidl_typesupport_fastrtps_c;rosidl_typesupport_introspection_c
[0.459s] -- Using all available rosidl_typesupport_cpp: rosidl_typesupport_fastrtps_cpp;rosidl_typesupport_introspection_cpp
[0.555s] -- Found rclcpp: 16.0.6 (/opt/ros/humble/share/rclcpp/cmake)
[0.600s] -- Found rmw_implementation_cmake: 6.1.1 (/opt/ros/humble/share/rmw_implementation_cmake/cmake)
[0.603s] -- Found rmw_fastrtps_cpp: 6.2.4 (/opt/ros/humble/share/rmw_fastrtps_cpp/cmake)
[0.682s] -- Found OpenSSL: /usr/lib/aarch64-linux-gnu/libcrypto.so (found version "3.0.2")  
[0.700s] -- Found FastRTPS: /opt/ros/humble/include  
[0.729s] -- Using RMW implementation 'rmw_fastrtps_cpp' as default
[0.742s] -- Looking for pthread.h
[0.791s] -- Looking for pthread.h - found
[0.791s] -- Performing Test CMAKE_HAVE_LIBC_PTHREAD
[0.850s] -- Performing Test CMAKE_HAVE_LIBC_PTHREAD - Success
[0.851s] -- Found Threads: TRUE  
[0.956s] -- Found rclcpp_action: 16.0.6 (/opt/ros/humble/share/rclcpp_action/cmake)
[1.032s] -- Found rosidl_default_generators: 1.2.0 (/opt/ros/humble/share/rosidl_default_generators/cmake)
[1.039s] -- Found std_srvs: 4.2.3 (/opt/ros/humble/share/std_srvs/cmake)
[1.222s] -- Found ament_cmake_ros: 0.10.0 (/opt/ros/humble/share/ament_cmake_ros/cmake)
[1.405s] -- Using all available rosidl_typesupport_c: rosidl_typesupport_fastrtps_c;rosidl_typesupport_introspection_c
[1.480s] -- Using all available rosidl_typesupport_cpp: rosidl_typesupport_fastrtps_cpp;rosidl_typesupport_introspection_cpp
[1.493s] -- Found PythonInterp: /usr/bin/python3 (found suitable version "3.10.12", minimum required is "3.6") 
[1.495s] -- Found python_cmake_module: 0.10.0 (/opt/ros/humble/share/python_cmake_module/cmake)
[1.510s] -- Found PythonLibs: /usr/lib/aarch64-linux-gnu/libpython3.10.so (found suitable version "3.10.12", minimum required is "3.5") 
[1.510s] -- Using PYTHON_EXECUTABLE: /usr/bin/python3
[1.510s] -- Using PYTHON_INCLUDE_DIRS: /usr/include/python3.10
[1.510s] -- Using PYTHON_LIBRARIES: /usr/lib/aarch64-linux-gnu/libpython3.10.so
[1.522s] -- Found PythonExtra: .so  
[1.557s] -- Configuring done
[1.594s] -- Generating done
[1.596s] -- Build files have been written to: /home/zheka/Smart-Mobility-Engineering-Lab/ros2_ws/build/turtlesim
[1.603s] Invoked command in '/home/zheka/Smart-Mobility-Engineering-Lab/ros2_ws/build/turtlesim' returned '0': CMAKE_PREFIX_PATH=/opt/ros/humble /usr/bin/cmake /home/zheka/Smart-Mobility-Engineering-Lab/ros2_ws/src/ros_tutorials/turtlesim -DCMAKE_INSTALL_PREFIX=/home/zheka/Smart-Mobility-Engineering-Lab/ros2_ws/install/turtlesim
[1.603s] Invoking command in '/home/zheka/Smart-Mobility-Engineering-Lab/ros2_ws/build/turtlesim': CMAKE_PREFIX_PATH=/opt/ros/humble /usr/bin/cmake --build /home/zheka/Smart-Mobility-Engineering-Lab/ros2_ws/build/turtlesim -- -j2 -l2
[1.642s] [  1%] [34m[1mGenerating C code for ROS interfaces[0m
[1.650s] [  2%] [34m[1mGenerating C++ code for ROS interfaces[0m
[2.370s] [  2%] Built target turtlesim__cpp
[2.392s] [  2%] Built target ament_cmake_python_copy_turtlesim
[2.400s] [  3%] [34m[1mGenerating C++ type support dispatch for ROS interfaces[0m
[2.408s] [  4%] [32mBuilding C object CMakeFiles/turtlesim__rosidl_generator_c.dir/rosidl_generator_c/turtlesim/action/detail/rotate_absolute__functions.c.o[0m
[2.492s] [  5%] [32mBuilding C object CMakeFiles/turtlesim__rosidl_generator_c.dir/rosidl_generator_c/turtlesim/msg/detail/color__functions.c.o[0m
[2.525s] [  6%] [32mBuilding C object CMakeFiles/turtlesim__rosidl_generator_c.dir/rosidl_generator_c/turtlesim/msg/detail/pose__functions.c.o[0m
[2.565s] [  7%] [32mBuilding C object CMakeFiles/turtlesim__rosidl_generator_c.dir/rosidl_generator_c/turtlesim/srv/detail/kill__functions.c.o[0m
[2.604s] [  8%] [32mBuilding C object CMakeFiles/turtlesim__rosidl_generator_c.dir/rosidl_generator_c/turtlesim/srv/detail/set_pen__functions.c.o[0m
[2.649s] [  9%] [32mBuilding C object CMakeFiles/turtlesim__rosidl_generator_c.dir/rosidl_generator_c/turtlesim/srv/detail/spawn__functions.c.o[0m
[2.689s] [ 10%] [32mBuilding C object CMakeFiles/turtlesim__rosidl_generator_c.dir/rosidl_generator_c/turtlesim/srv/detail/teleport_absolute__functions.c.o[0m
[2.728s] [ 11%] [32mBuilding C object CMakeFiles/turtlesim__rosidl_generator_c.dir/rosidl_generator_c/turtlesim/srv/detail/teleport_relative__functions.c.o[0m
[2.767s] [ 12%] [32m[1mLinking C shared library libturtlesim__rosidl_generator_c.so[0m
[2.768s] [ 13%] [32mBuilding CXX object CMakeFiles/turtlesim__rosidl_typesupport_cpp.dir/rosidl_typesupport_cpp/turtlesim/action/rotate_absolute__type_support.cpp.o[0m
[2.793s] [ 13%] Built target turtlesim__rosidl_generator_c
[2.801s] [ 14%] [34m[1mGenerating C++ type support for eProsima Fast-RTPS[0m
[3.028s] [ 15%] [32mBuilding CXX object CMakeFiles/turtlesim__rosidl_typesupport_cpp.dir/rosidl_typesupport_cpp/turtlesim/msg/color__type_support.cpp.o[0m
[3.191s] [ 16%] [32mBuilding CXX object CMakeFiles/turtlesim__rosidl_typesupport_cpp.dir/rosidl_typesupport_cpp/turtlesim/msg/pose__type_support.cpp.o[0m
[3.339s] [ 17%] [32mBuilding CXX object CMakeFiles/turtlesim__rosidl_typesupport_fastrtps_cpp.dir/rosidl_typesupport_fastrtps_cpp/turtlesim/action/detail/dds_fastrtps/rotate_absolute__type_support.cpp.o[0m
[3.358s] [ 18%] [32mBuilding CXX object CMakeFiles/turtlesim__rosidl_typesupport_cpp.dir/rosidl_typesupport_cpp/turtlesim/srv/kill__type_support.cpp.o[0m
[3.510s] [ 19%] [32mBuilding CXX object CMakeFiles/turtlesim__rosidl_typesupport_cpp.dir/rosidl_typesupport_cpp/turtlesim/srv/set_pen__type_support.cpp.o[0m
[3.641s] [ 20%] [32mBuilding CXX object CMakeFiles/turtlesim__rosidl_typesupport_fastrtps_cpp.dir/rosidl_typesupport_fastrtps_cpp/turtlesim/msg/detail/dds_fastrtps/color__type_support.cpp.o[0m
[3.684s] [ 21%] [32mBuilding CXX object CMakeFiles/turtlesim__rosidl_typesupport_cpp.dir/rosidl_typesupport_cpp/turtlesim/srv/spawn__type_support.cpp.o[0m
[3.837s] [ 22%] [32mBuilding CXX object CMakeFiles/turtlesim__rosidl_typesupport_cpp.dir/rosidl_typesupport_cpp/turtlesim/srv/teleport_absolute__type_support.cpp.o[0m
[3.853s] [ 23%] [32mBuilding CXX object CMakeFiles/turtlesim__rosidl_typesupport_fastrtps_cpp.dir/rosidl_typesupport_fastrtps_cpp/turtlesim/msg/detail/dds_fastrtps/pose__type_support.cpp.o[0m
[3.988s] [ 24%] [32mBuilding CXX object CMakeFiles/turtlesim__rosidl_typesupport_cpp.dir/rosidl_typesupport_cpp/turtlesim/srv/teleport_relative__type_support.cpp.o[0m
[4.063s] [ 25%] [32mBuilding CXX object CMakeFiles/turtlesim__rosidl_typesupport_fastrtps_cpp.dir/rosidl_typesupport_fastrtps_cpp/turtlesim/srv/detail/dds_fastrtps/kill__type_support.cpp.o[0m
[4.133s] [ 26%] [32m[1mLinking CXX shared library libturtlesim__rosidl_typesupport_cpp.so[0m
[4.169s] [ 26%] Built target turtlesim__rosidl_typesupport_cpp
[4.178s] [ 27%] [34m[1mGenerating C introspection for ROS interfaces[0m
[4.291s] [ 28%] [32mBuilding CXX object CMakeFiles/turtlesim__rosidl_typesupport_fastrtps_cpp.dir/rosidl_typesupport_fastrtps_cpp/turtlesim/srv/detail/dds_fastrtps/set_pen__type_support.cpp.o[0m
[4.517s] [ 29%] [32mBuilding CXX object CMakeFiles/turtlesim__rosidl_typesupport_fastrtps_cpp.dir/rosidl_typesupport_fastrtps_cpp/turtlesim/srv/detail/dds_fastrtps/spawn__type_support.cpp.o[0m
[4.671s] [ 30%] [32mBuilding C object CMakeFiles/turtlesim__rosidl_typesupport_introspection_c.dir/rosidl_typesupport_introspection_c/turtlesim/action/detail/rotate_absolute__type_support.c.o[0m
[4.707s] [ 31%] [32mBuilding C object CMakeFiles/turtlesim__rosidl_typesupport_introspection_c.dir/rosidl_typesupport_introspection_c/turtlesim/msg/detail/color__type_support.c.o[0m
[4.734s] [ 32%] [32mBuilding C object CMakeFiles/turtlesim__rosidl_typesupport_introspection_c.dir/rosidl_typesupport_introspection_c/turtlesim/msg/detail/pose__type_support.c.o[0m
[4.761s] [ 33%] [32mBuilding C object CMakeFiles/turtlesim__rosidl_typesupport_introspection_c.dir/rosidl_typesupport_introspection_c/turtlesim/srv/detail/kill__type_support.c.o[0m
[4.764s] [ 34%] [32mBuilding CXX object CMakeFiles/turtlesim__rosidl_typesupport_fastrtps_cpp.dir/rosidl_typesupport_fastrtps_cpp/turtlesim/srv/detail/dds_fastrtps/teleport_absolute__type_support.cpp.o[0m
[4.788s] [ 35%] [32mBuilding C object CMakeFiles/turtlesim__rosidl_typesupport_introspection_c.dir/rosidl_typesupport_introspection_c/turtlesim/srv/detail/set_pen__type_support.c.o[0m
[4.815s] [ 36%] [32mBuilding C object CMakeFiles/turtlesim__rosidl_typesupport_introspection_c.dir/rosidl_typesupport_introspection_c/turtlesim/srv/detail/spawn__type_support.c.o[0m
[4.843s] [ 37%] [32mBuilding C object CMakeFiles/turtlesim__rosidl_typesupport_introspection_c.dir/rosidl_typesupport_introspection_c/turtlesim/srv/detail/teleport_absolute__type_support.c.o[0m
[4.872s] [ 38%] [32mBuilding C object CMakeFiles/turtlesim__rosidl_typesupport_introspection_c.dir/rosidl_typesupport_introspection_c/turtlesim/srv/detail/teleport_relative__type_support.c.o[0m
[4.899s] [ 39%] [32m[1mLinking C shared library libturtlesim__rosidl_typesupport_introspection_c.so[0m
[4.923s] [ 39%] Built target turtlesim__rosidl_typesupport_introspection_c
[4.931s] [ 40%] [34m[1mGenerating C type support dispatch for ROS interfaces[0m
[4.997s] [ 41%] [32mBuilding CXX object CMakeFiles/turtlesim__rosidl_typesupport_fastrtps_cpp.dir/rosidl_typesupport_fastrtps_cpp/turtlesim/srv/detail/dds_fastrtps/teleport_relative__type_support.cpp.o[0m
[5.201s] [ 42%] [32m[1mLinking CXX shared library libturtlesim__rosidl_typesupport_fastrtps_cpp.so[0m
[5.245s] [ 42%] Built target turtlesim__rosidl_typesupport_fastrtps_cpp
[5.255s] [ 43%] [34m[1mGenerating C++ introspection for ROS interfaces[0m
[5.294s] [ 44%] [32mBuilding CXX object CMakeFiles/turtlesim__rosidl_typesupport_c.dir/rosidl_typesupport_c/turtlesim/action/rotate_absolute__type_support.cpp.o[0m
[5.328s] [ 45%] [32mBuilding CXX object CMakeFiles/turtlesim__rosidl_typesupport_c.dir/rosidl_typesupport_c/turtlesim/msg/color__type_support.cpp.o[0m
[5.364s] [ 46%] [32mBuilding CXX object CMakeFiles/turtlesim__rosidl_typesupport_c.dir/rosidl_typesupport_c/turtlesim/msg/pose__type_support.cpp.o[0m
[5.388s] [ 47%] [32mBuilding CXX object CMakeFiles/turtlesim__rosidl_typesupport_c.dir/rosidl_typesupport_c/turtlesim/srv/kill__type_support.cpp.o[0m
[5.412s] [ 48%] [32mBuilding CXX object CMakeFiles/turtlesim__rosidl_typesupport_c.dir/rosidl_typesupport_c/turtlesim/srv/set_pen__type_support.cpp.o[0m
[5.444s] [ 49%] [32mBuilding CXX object CMakeFiles/turtlesim__rosidl_typesupport_c.dir/rosidl_typesupport_c/turtlesim/srv/spawn__type_support.cpp.o[0m
[5.470s] [ 50%] [32mBuilding CXX object CMakeFiles/turtlesim__rosidl_typesupport_c.dir/rosidl_typesupport_c/turtlesim/srv/teleport_absolute__type_support.cpp.o[0m
[5.495s] [ 51%] [32mBuilding CXX object CMakeFiles/turtlesim__rosidl_typesupport_c.dir/rosidl_typesupport_c/turtlesim/srv/teleport_relative__type_support.cpp.o[0m
[5.519s] [ 52%] [32m[1mLinking CXX shared library libturtlesim__rosidl_typesupport_c.so[0m
[5.551s] [ 52%] Built target turtlesim__rosidl_typesupport_c
[5.679s] running egg_info
[5.680s] creating turtlesim.egg-info
[5.680s] writing turtlesim.egg-info/PKG-INFO
[5.680s] writing dependency_links to turtlesim.egg-info/dependency_links.txt
[5.680s] writing top-level names to turtlesim.egg-info/top_level.txt
[5.680s] writing manifest file 'turtlesim.egg-info/SOURCES.txt'
[5.681s] reading manifest file 'turtlesim.egg-info/SOURCES.txt'
[5.682s] writing manifest file 'turtlesim.egg-info/SOURCES.txt'
[5.697s] [ 52%] Built target ament_cmake_python_build_turtlesim_egg
[5.705s] [ 53%] [34m[1mGenerating include/turtlesim/moc_turtle_frame.cpp[0m
[5.730s] [ 54%] [32mBuilding CXX object CMakeFiles/turtlesim__rosidl_typesupport_introspection_cpp.dir/rosidl_typesupport_introspection_cpp/turtlesim/action/detail/rotate_absolute__type_support.cpp.o[0m
[5.759s] [ 55%] [32mBuilding CXX object CMakeFiles/turtlesim_node.dir/src/turtlesim.cpp.o[0m
[6.067s] [ 56%] [32mBuilding CXX object CMakeFiles/turtlesim__rosidl_typesupport_introspection_cpp.dir/rosidl_typesupport_introspection_cpp/turtlesim/msg/detail/color__type_support.cpp.o[0m
[6.274s] [ 57%] [32mBuilding CXX object CMakeFiles/turtlesim__rosidl_typesupport_introspection_cpp.dir/rosidl_typesupport_introspection_cpp/turtlesim/msg/detail/pose__type_support.cpp.o[0m
[6.489s] [ 58%] [32mBuilding CXX object CMakeFiles/turtlesim__rosidl_typesupport_introspection_cpp.dir/rosidl_typesupport_introspection_cpp/turtlesim/srv/detail/kill__type_support.cpp.o[0m
[6.738s] [ 59%] [32mBuilding CXX object CMakeFiles/turtlesim__rosidl_typesupport_introspection_cpp.dir/rosidl_typesupport_introspection_cpp/turtlesim/srv/detail/set_pen__type_support.cpp.o[0m
[6.962s] [ 60%] [32mBuilding CXX object CMakeFiles/turtlesim__rosidl_typesupport_introspection_cpp.dir/rosidl_typesupport_introspection_cpp/turtlesim/srv/detail/spawn__type_support.cpp.o[0m
[7.168s] [ 61%] [32mBuilding CXX object CMakeFiles/turtlesim__rosidl_typesupport_introspection_cpp.dir/rosidl_typesupport_introspection_cpp/turtlesim/srv/detail/teleport_absolute__type_support.cpp.o[0m
[7.370s] [ 62%] [32mBuilding CXX object CMakeFiles/turtlesim__rosidl_typesupport_introspection_cpp.dir/rosidl_typesupport_introspection_cpp/turtlesim/srv/detail/teleport_relative__type_support.cpp.o[0m
[7.571s] [ 63%] [32m[1mLinking CXX shared library libturtlesim__rosidl_typesupport_introspection_cpp.so[0m
[7.617s] [ 63%] Built target turtlesim__rosidl_typesupport_introspection_cpp
[7.635s] [ 64%] [32mBuilding CXX object CMakeFiles/turtle_teleop_key.dir/tutorials/teleop_turtle_key.cpp.o[0m
[8.269s] [ 65%] [32mBuilding CXX object CMakeFiles/turtlesim_node.dir/src/turtle.cpp.o[0m
[10.818s] [ 66%] [32m[1mLinking CXX executable turtle_teleop_key[0m
[10.976s] [ 66%] Built target turtle_teleop_key
[10.994s] [ 67%] [32mBuilding CXX object CMakeFiles/draw_square.dir/tutorials/draw_square.cpp.o[0m
[15.814s] [ 68%] [32mBuilding CXX object CMakeFiles/turtlesim_node.dir/src/turtle_frame.cpp.o[0m
[16.502s] [ 69%] [32m[1mLinking CXX executable draw_square[0m
[16.861s] [ 69%] Built target draw_square
[16.879s] [ 70%] [32mBuilding CXX object CMakeFiles/mimic.dir/tutorials/mimic.cpp.o[0m
[21.834s] [ 71%] [32m[1mLinking CXX executable mimic[0m
[22.118s] [ 71%] Built target mimic
[22.138s] [ 72%] [32mBuilding CXX object CMakeFiles/turtlesim_node.dir/include/turtlesim/moc_turtle_frame.cpp.o[0m
[22.881s] [ 73%] [34m[1mGenerating C type support for eProsima Fast-RTPS[0m
[23.503s] [ 74%] [32mBuilding CXX object CMakeFiles/turtlesim__rosidl_typesupport_fastrtps_c.dir/rosidl_typesupport_fastrtps_c/turtlesim/action/detail/rotate_absolute__type_support_c.cpp.o[0m
[23.760s] [ 75%] [32mBuilding CXX object CMakeFiles/turtlesim__rosidl_typesupport_fastrtps_c.dir/rosidl_typesupport_fastrtps_c/turtlesim/msg/detail/color__type_support_c.cpp.o[0m
[23.958s] [ 76%] [32mBuilding CXX object CMakeFiles/turtlesim__rosidl_typesupport_fastrtps_c.dir/rosidl_typesupport_fastrtps_c/turtlesim/msg/detail/pose__type_support_c.cpp.o[0m
[24.158s] [ 77%] [32mBuilding CXX object CMakeFiles/turtlesim__rosidl_typesupport_fastrtps_c.dir/rosidl_typesupport_fastrtps_c/turtlesim/srv/detail/kill__type_support_c.cpp.o[0m
[24.379s] [ 78%] [32mBuilding CXX object CMakeFiles/turtlesim__rosidl_typesupport_fastrtps_c.dir/rosidl_typesupport_fastrtps_c/turtlesim/srv/detail/set_pen__type_support_c.cpp.o[0m
[24.581s] [ 79%] [32mBuilding CXX object CMakeFiles/turtlesim__rosidl_typesupport_fastrtps_c.dir/rosidl_typesupport_fastrtps_c/turtlesim/srv/detail/spawn__type_support_c.cpp.o[0m
[24.648s] [ 80%] [32m[1mLinking CXX executable turtlesim_node[0m
[24.816s] [ 81%] [32mBuilding CXX object CMakeFiles/turtlesim__rosidl_typesupport_fastrtps_c.dir/rosidl_typesupport_fastrtps_c/turtlesim/srv/detail/teleport_absolute__type_support_c.cpp.o[0m
[25.063s] [ 82%] [32mBuilding CXX object CMakeFiles/turtlesim__rosidl_typesupport_fastrtps_c.dir/rosidl_typesupport_fastrtps_c/turtlesim/srv/detail/teleport_relative__type_support_c.cpp.o[0m
[25.298s] [ 83%] [32m[1mLinking CXX shared library libturtlesim__rosidl_typesupport_fastrtps_c.so[0m
[25.368s] [ 83%] Built target turtlesim__rosidl_typesupport_fastrtps_c
[25.389s] [ 83%] Built target turtlesim
[25.410s] [ 84%] [34m[1mGenerating Python code for ROS interfaces[0m
[26.318s] [ 84%] Built target turtlesim_node
[26.519s] [ 84%] Built target turtlesim__py
[26.539s] [ 85%] [32mBuilding C object CMakeFiles/turtlesim__rosidl_generator_py.dir/rosidl_generator_py/turtlesim/action/_rotate_absolute_s.c.o[0m
[26.546s] [ 86%] [32mBuilding C object CMakeFiles/turtlesim__rosidl_generator_py.dir/rosidl_generator_py/turtlesim/msg/_color_s.c.o[0m
[26.618s] [ 87%] [32mBuilding C object CMakeFiles/turtlesim__rosidl_generator_py.dir/rosidl_generator_py/turtlesim/msg/_pose_s.c.o[0m
[26.637s] [ 88%] [32mBuilding C object CMakeFiles/turtlesim__rosidl_generator_py.dir/rosidl_generator_py/turtlesim/srv/_kill_s.c.o[0m
[26.687s] [ 89%] [32mBuilding C object CMakeFiles/turtlesim__rosidl_generator_py.dir/rosidl_generator_py/turtlesim/srv/_set_pen_s.c.o[0m
[26.726s] [ 90%] [32mBuilding C object CMakeFiles/turtlesim__rosidl_generator_py.dir/rosidl_generator_py/turtlesim/srv/_spawn_s.c.o[0m
[26.757s] [ 91%] [32mBuilding C object CMakeFiles/turtlesim__rosidl_generator_py.dir/rosidl_generator_py/turtlesim/srv/_teleport_absolute_s.c.o[0m
[26.804s] [ 92%] [32mBuilding C object CMakeFiles/turtlesim__rosidl_generator_py.dir/rosidl_generator_py/turtlesim/srv/_teleport_relative_s.c.o[0m
[26.870s] [ 93%] [32m[1mLinking C shared library rosidl_generator_py/turtlesim/libturtlesim__rosidl_generator_py.so[0m
[26.898s] [ 93%] Built target turtlesim__rosidl_generator_py
[26.915s] [ 94%] [32mBuilding C object CMakeFiles/turtlesim__rosidl_typesupport_introspection_c__pyext.dir/rosidl_generator_py/turtlesim/_turtlesim_s.ep.rosidl_typesupport_introspection_c.c.o[0m
[26.915s] [ 95%] [32mBuilding C object CMakeFiles/turtlesim__rosidl_typesupport_fastrtps_c__pyext.dir/rosidl_generator_py/turtlesim/_turtlesim_s.ep.rosidl_typesupport_fastrtps_c.c.o[0m
[27.011s] [ 96%] [32m[1mLinking C shared library rosidl_generator_py/turtlesim/turtlesim_s__rosidl_typesupport_fastrtps_c.cpython-310-aarch64-linux-gnu.so[0m
[27.016s] [ 97%] [32m[1mLinking C shared library rosidl_generator_py/turtlesim/turtlesim_s__rosidl_typesupport_introspection_c.cpython-310-aarch64-linux-gnu.so[0m
[27.042s] [ 97%] Built target turtlesim__rosidl_typesupport_fastrtps_c__pyext
[27.047s] [ 97%] Built target turtlesim__rosidl_typesupport_introspection_c__pyext
[27.066s] [ 98%] [32mBuilding C object CMakeFiles/turtlesim__rosidl_typesupport_c__pyext.dir/rosidl_generator_py/turtlesim/_turtlesim_s.ep.rosidl_typesupport_c.c.o[0m
[27.156s] [100%] [32m[1mLinking C shared library rosidl_generator_py/turtlesim/turtlesim_s__rosidl_typesupport_c.cpython-310-aarch64-linux-gnu.so[0m
[27.183s] [100%] Built target turtlesim__rosidl_typesupport_c__pyext
[27.223s] Invoked command in '/home/zheka/Smart-Mobility-Engineering-Lab/ros2_ws/build/turtlesim' returned '0': CMAKE_PREFIX_PATH=/opt/ros/humble /usr/bin/cmake --build /home/zheka/Smart-Mobility-Engineering-Lab/ros2_ws/build/turtlesim -- -j2 -l2
[27.400s] Invoking command in '/home/zheka/Smart-Mobility-Engineering-Lab/ros2_ws/build/turtlesim': CMAKE_PREFIX_PATH=/opt/ros/humble /usr/bin/cmake --install /home/zheka/Smart-Mobility-Engineering-Lab/ros2_ws/build/turtlesim
[27.408s] -- Install configuration: ""
[27.408s] -- Installing: /home/zheka/Smart-Mobility-Engineering-Lab/ros2_ws/install/turtlesim/share/ament_index/resource_index/rosidl_interfaces/turtlesim
[27.408s] -- Installing: /home/zheka/Smart-Mobility-Engineering-Lab/ros2_ws/install/turtlesim/include/turtlesim/turtlesim
[27.408s] -- Installing: /home/zheka/Smart-Mobility-Engineering-Lab/ros2_ws/install/turtlesim/include/turtlesim/turtlesim/action
[27.408s] -- Installing: /home/zheka/Smart-Mobility-Engineering-Lab/ros2_ws/install/turtlesim/include/turtlesim/turtlesim/action/rotate_absolute.h
[27.409s] -- Installing: /home/zheka/Smart-Mobility-Engineering-Lab/ros2_ws/install/turtlesim/include/turtlesim/turtlesim/action/detail
[27.409s] -- Installing: /home/zheka/Smart-Mobility-Engineering-Lab/ros2_ws/install/turtlesim/include/turtlesim/turtlesim/action/detail/rotate_absolute__functions.c
[27.409s] -- Installing: /home/zheka/Smart-Mobility-Engineering-Lab/ros2_ws/install/turtlesim/include/turtlesim/turtlesim/action/detail/rotate_absolute__struct.h
[27.409s] -- Installing: /home/zheka/Smart-Mobility-Engineering-Lab/ros2_ws/install/turtlesim/include/turtlesim/turtlesim/action/detail/rotate_absolute__functions.h
[27.409s] -- Installing: /home/zheka/Smart-Mobility-Engineering-Lab/ros2_ws/install/turtlesim/include/turtlesim/turtlesim/action/detail/rotate_absolute__type_support.h
[27.409s] -- Installing: /home/zheka/Smart-Mobility-Engineering-Lab/ros2_ws/install/turtlesim/include/turtlesim/turtlesim/msg
[27.410s] -- Installing: /home/zheka/Smart-Mobility-Engineering-Lab/ros2_ws/install/turtlesim/include/turtlesim/turtlesim/msg/pose.h
[27.410s] -- Installing: /home/zheka/Smart-Mobility-Engineering-Lab/ros2_ws/install/turtlesim/include/turtlesim/turtlesim/msg/rosidl_generator_c__visibility_control.h
[27.410s] -- Installing: /home/zheka/Smart-Mobility-Engineering-Lab/ros2_ws/install/turtlesim/include/turtlesim/turtlesim/msg/detail
[27.410s] -- Installing: /home/zheka/Smart-Mobility-Engineering-Lab/ros2_ws/install/turtlesim/include/turtlesim/turtlesim/msg/detail/pose__functions.c
[27.410s] -- Installing: /home/zheka/Smart-Mobility-Engineering-Lab/ros2_ws/install/turtlesim/include/turtlesim/turtlesim/msg/detail/color__functions.h
[27.410s] -- Installing: /home/zheka/Smart-Mobility-Engineering-Lab/ros2_ws/install/turtlesim/include/turtlesim/turtlesim/msg/detail/color__struct.h
[27.410s] -- Installing: /home/zheka/Smart-Mobility-Engineering-Lab/ros2_ws/install/turtlesim/include/turtlesim/turtlesim/msg/detail/pose__struct.h
[27.410s] -- Installing: /home/zheka/Smart-Mobility-Engineering-Lab/ros2_ws/install/turtlesim/include/turtlesim/turtlesim/msg/detail/color__functions.c
[27.410s] -- Installing: /home/zheka/Smart-Mobility-Engineering-Lab/ros2_ws/install/turtlesim/include/turtlesim/turtlesim/msg/detail/color__type_support.h
[27.410s] -- Installing: /home/zheka/Smart-Mobility-Engineering-Lab/ros2_ws/install/turtlesim/include/turtlesim/turtlesim/msg/detail/pose__functions.h
[27.410s] -- Installing: /home/zheka/Smart-Mobility-Engineering-Lab/ros2_ws/install/turtlesim/include/turtlesim/turtlesim/msg/detail/pose__type_support.h
[27.410s] -- Installing: /home/zheka/Smart-Mobility-Engineering-Lab/ros2_ws/install/turtlesim/include/turtlesim/turtlesim/msg/color.h
[27.410s] -- Installing: /home/zheka/Smart-Mobility-Engineering-Lab/ros2_ws/install/turtlesim/include/turtlesim/turtlesim/srv
[27.410s] -- Installing: /home/zheka/Smart-Mobility-Engineering-Lab/ros2_ws/install/turtlesim/include/turtlesim/turtlesim/srv/kill.h
[27.410s] -- Installing: /home/zheka/Smart-Mobility-Engineering-Lab/ros2_ws/install/turtlesim/include/turtlesim/turtlesim/srv/teleport_absolute.h
[27.410s] -- Installing: /home/zheka/Smart-Mobility-Engineering-Lab/ros2_ws/install/turtlesim/include/turtlesim/turtlesim/srv/set_pen.h
[27.410s] -- Installing: /home/zheka/Smart-Mobility-Engineering-Lab/ros2_ws/install/turtlesim/include/turtlesim/turtlesim/srv/spawn.h
[27.410s] -- Installing: /home/zheka/Smart-Mobility-Engineering-Lab/ros2_ws/install/turtlesim/include/turtlesim/turtlesim/srv/detail
[27.411s] -- Installing: /home/zheka/Smart-Mobility-Engineering-Lab/ros2_ws/install/turtlesim/include/turtlesim/turtlesim/srv/detail/kill__functions.c
[27.411s] -- Installing: /home/zheka/Smart-Mobility-Engineering-Lab/ros2_ws/install/turtlesim/include/turtlesim/turtlesim/srv/detail/spawn__struct.h
[27.411s] -- Installing: /home/zheka/Smart-Mobility-Engineering-Lab/ros2_ws/install/turtlesim/include/turtlesim/turtlesim/srv/detail/teleport_absolute__functions.h
[27.411s] -- Installing: /home/zheka/Smart-Mobility-Engineering-Lab/ros2_ws/install/turtlesim/include/turtlesim/turtlesim/srv/detail/kill__functions.h
[27.411s] -- Installing: /home/zheka/Smart-Mobility-Engineering-Lab/ros2_ws/install/turtlesim/include/turtlesim/turtlesim/srv/detail/spawn__functions.c
[27.411s] -- Installing: /home/zheka/Smart-Mobility-Engineering-Lab/ros2_ws/install/turtlesim/include/turtlesim/turtlesim/srv/detail/set_pen__struct.h
[27.411s] -- Installing: /home/zheka/Smart-Mobility-Engineering-Lab/ros2_ws/install/turtlesim/include/turtlesim/turtlesim/srv/detail/teleport_absolute__struct.h
[27.411s] -- Installing: /home/zheka/Smart-Mobility-Engineering-Lab/ros2_ws/install/turtlesim/include/turtlesim/turtlesim/srv/detail/kill__struct.h
[27.411s] -- Installing: /home/zheka/Smart-Mobility-Engineering-Lab/ros2_ws/install/turtlesim/include/turtlesim/turtlesim/srv/detail/teleport_relative__functions.h
[27.411s] -- Installing: /home/zheka/Smart-Mobility-Engineering-Lab/ros2_ws/install/turtlesim/include/turtlesim/turtlesim/srv/detail/kill__type_support.h
[27.411s] -- Installing: /home/zheka/Smart-Mobility-Engineering-Lab/ros2_ws/install/turtlesim/include/turtlesim/turtlesim/srv/detail/teleport_relative__struct.h
[27.411s] -- Installing: /home/zheka/Smart-Mobility-Engineering-Lab/ros2_ws/install/turtlesim/include/turtlesim/turtlesim/srv/detail/teleport_relative__functions.c
[27.412s] -- Installing: /home/zheka/Smart-Mobility-Engineering-Lab/ros2_ws/install/turtlesim/include/turtlesim/turtlesim/srv/detail/spawn__functions.h
[27.412s] -- Installing: /home/zheka/Smart-Mobility-Engineering-Lab/ros2_ws/install/turtlesim/include/turtlesim/turtlesim/srv/detail/spawn__type_support.h
[27.412s] -- Installing: /home/zheka/Smart-Mobility-Engineering-Lab/ros2_ws/install/turtlesim/include/turtlesim/turtlesim/srv/detail/teleport_absolute__type_support.h
[27.412s] -- Installing: /home/zheka/Smart-Mobility-Engineering-Lab/ros2_ws/install/turtlesim/include/turtlesim/turtlesim/srv/detail/set_pen__functions.h
[27.412s] -- Installing: /home/zheka/Smart-Mobility-Engineering-Lab/ros2_ws/install/turtlesim/include/turtlesim/turtlesim/srv/detail/teleport_absolute__functions.c
[27.412s] -- Installing: /home/zheka/Smart-Mobility-Engineering-Lab/ros2_ws/install/turtlesim/include/turtlesim/turtlesim/srv/detail/set_pen__type_support.h
[27.412s] -- Installing: /home/zheka/Smart-Mobility-Engineering-Lab/ros2_ws/install/turtlesim/include/turtlesim/turtlesim/srv/detail/set_pen__functions.c
[27.412s] -- Installing: /home/zheka/Smart-Mobility-Engineering-Lab/ros2_ws/install/turtlesim/include/turtlesim/turtlesim/srv/detail/teleport_relative__type_support.h
[27.412s] -- Installing: /home/zheka/Smart-Mobility-Engineering-Lab/ros2_ws/install/turtlesim/include/turtlesim/turtlesim/srv/teleport_relative.h
[27.413s] -- Installing: /home/zheka/Smart-Mobility-Engineering-Lab/ros2_ws/install/turtlesim/share/turtlesim/environment/library_path.sh
[27.413s] -- Installing: /home/zheka/Smart-Mobility-Engineering-Lab/ros2_ws/install/turtlesim/share/turtlesim/environment/library_path.dsv
[27.413s] -- Installing: /home/zheka/Smart-Mobility-Engineering-Lab/ros2_ws/install/turtlesim/lib/libturtlesim__rosidl_generator_c.so
[27.414s] -- Set runtime path of "/home/zheka/Smart-Mobility-Engineering-Lab/ros2_ws/install/turtlesim/lib/libturtlesim__rosidl_generator_c.so" to ""
[27.414s] -- Up-to-date: /home/zheka/Smart-Mobility-Engineering-Lab/ros2_ws/install/turtlesim/include/turtlesim/turtlesim
[27.414s] -- Up-to-date: /home/zheka/Smart-Mobility-Engineering-Lab/ros2_ws/install/turtlesim/include/turtlesim/turtlesim/action
[27.414s] -- Up-to-date: /home/zheka/Smart-Mobility-Engineering-Lab/ros2_ws/install/turtlesim/include/turtlesim/turtlesim/action/detail
[27.414s] -- Installing: /home/zheka/Smart-Mobility-Engineering-Lab/ros2_ws/install/turtlesim/include/turtlesim/turtlesim/action/detail/rotate_absolute__rosidl_typesupport_fastrtps_c.h
[27.414s] -- Up-to-date: /home/zheka/Smart-Mobility-Engineering-Lab/ros2_ws/install/turtlesim/include/turtlesim/turtlesim/msg
[27.414s] -- Installing: /home/zheka/Smart-Mobility-Engineering-Lab/ros2_ws/install/turtlesim/include/turtlesim/turtlesim/msg/rosidl_typesupport_fastrtps_c__visibility_control.h
[27.414s] -- Up-to-date: /home/zheka/Smart-Mobility-Engineering-Lab/ros2_ws/install/turtlesim/include/turtlesim/turtlesim/msg/detail
[27.414s] -- Installing: /home/zheka/Smart-Mobility-Engineering-Lab/ros2_ws/install/turtlesim/include/turtlesim/turtlesim/msg/detail/pose__rosidl_typesupport_fastrtps_c.h
[27.414s] -- Installing: /home/zheka/Smart-Mobility-Engineering-Lab/ros2_ws/install/turtlesim/include/turtlesim/turtlesim/msg/detail/color__rosidl_typesupport_fastrtps_c.h
[27.414s] -- Up-to-date: /home/zheka/Smart-Mobility-Engineering-Lab/ros2_ws/install/turtlesim/include/turtlesim/turtlesim/srv
[27.414s] -- Up-to-date: /home/zheka/Smart-Mobility-Engineering-Lab/ros2_ws/install/turtlesim/include/turtlesim/turtlesim/srv/detail
[27.414s] -- Installing: /home/zheka/Smart-Mobility-Engineering-Lab/ros2_ws/install/turtlesim/include/turtlesim/turtlesim/srv/detail/spawn__rosidl_typesupport_fastrtps_c.h
[27.414s] -- Installing: /home/zheka/Smart-Mobility-Engineering-Lab/ros2_ws/install/turtlesim/include/turtlesim/turtlesim/srv/detail/teleport_relative__rosidl_typesupport_fastrtps_c.h
[27.414s] -- Installing: /home/zheka/Smart-Mobility-Engineering-Lab/ros2_ws/install/turtlesim/include/turtlesim/turtlesim/srv/detail/set_pen__rosidl_typesupport_fastrtps_c.h
[27.414s] -- Installing: /home/zheka/Smart-Mobility-Engineering-Lab/ros2_ws/install/turtlesim/include/turtlesim/turtlesim/srv/detail/kill__rosidl_typesupport_fastrtps_c.h
[27.414s] -- Installing: /home/zheka/Smart-Mobility-Engineering-Lab/ros2_ws/install/turtlesim/include/turtlesim/turtlesim/srv/detail/teleport_absolute__rosidl_typesupport_fastrtps_c.h
[27.415s] -- Installing: /home/zheka/Smart-Mobility-Engineering-Lab/ros2_ws/install/turtlesim/lib/libturtlesim__rosidl_typesupport_fastrtps_c.so
[27.415s] -- Set runtime path of "/home/zheka/Smart-Mobility-Engineering-Lab/ros2_ws/install/turtlesim/lib/libturtlesim__rosidl_typesupport_fastrtps_c.so" to ""
[27.415s] -- Up-to-date: /home/zheka/Smart-Mobility-Engineering-Lab/ros2_ws/install/turtlesim/include/turtlesim/turtlesim
[27.415s] -- Up-to-date: /home/zheka/Smart-Mobility-Engineering-Lab/ros2_ws/install/turtlesim/include/turtlesim/turtlesim/action
[27.415s] -- Installing: /home/zheka/Smart-Mobility-Engineering-Lab/ros2_ws/install/turtlesim/include/turtlesim/turtlesim/action/rotate_absolute.hpp
[27.415s] -- Up-to-date: /home/zheka/Smart-Mobility-Engineering-Lab/ros2_ws/install/turtlesim/include/turtlesim/turtlesim/action/detail
[27.415s] -- Installing: /home/zheka/Smart-Mobility-Engineering-Lab/ros2_ws/install/turtlesim/include/turtlesim/turtlesim/action/detail/rotate_absolute__traits.hpp
[27.415s] -- Installing: /home/zheka/Smart-Mobility-Engineering-Lab/ros2_ws/install/turtlesim/include/turtlesim/turtlesim/action/detail/rotate_absolute__struct.hpp
[27.415s] -- Installing: /home/zheka/Smart-Mobility-Engineering-Lab/ros2_ws/install/turtlesim/include/turtlesim/turtlesim/action/detail/rotate_absolute__builder.hpp
[27.415s] -- Up-to-date: /home/zheka/Smart-Mobility-Engineering-Lab/ros2_ws/install/turtlesim/include/turtlesim/turtlesim/msg
[27.415s] -- Installing: /home/zheka/Smart-Mobility-Engineering-Lab/ros2_ws/install/turtlesim/include/turtlesim/turtlesim/msg/pose.hpp
[27.415s] -- Installing: /home/zheka/Smart-Mobility-Engineering-Lab/ros2_ws/install/turtlesim/include/turtlesim/turtlesim/msg/color.hpp
[27.415s] -- Up-to-date: /home/zheka/Smart-Mobility-Engineering-Lab/ros2_ws/install/turtlesim/include/turtlesim/turtlesim/msg/detail
[27.415s] -- Installing: /home/zheka/Smart-Mobility-Engineering-Lab/ros2_ws/install/turtlesim/include/turtlesim/turtlesim/msg/detail/pose__builder.hpp
[27.415s] -- Installing: /home/zheka/Smart-Mobility-Engineering-Lab/ros2_ws/install/turtlesim/include/turtlesim/turtlesim/msg/detail/color__traits.hpp
[27.415s] -- Installing: /home/zheka/Smart-Mobility-Engineering-Lab/ros2_ws/install/turtlesim/include/turtlesim/turtlesim/msg/detail/pose__struct.hpp
[27.415s] -- Installing: /home/zheka/Smart-Mobility-Engineering-Lab/ros2_ws/install/turtlesim/include/turtlesim/turtlesim/msg/detail/color__struct.hpp
[27.415s] -- Installing: /home/zheka/Smart-Mobility-Engineering-Lab/ros2_ws/install/turtlesim/include/turtlesim/turtlesim/msg/detail/pose__traits.hpp
[27.415s] -- Installing: /home/zheka/Smart-Mobility-Engineering-Lab/ros2_ws/install/turtlesim/include/turtlesim/turtlesim/msg/detail/color__builder.hpp
[27.415s] -- Up-to-date: /home/zheka/Smart-Mobility-Engineering-Lab/ros2_ws/install/turtlesim/include/turtlesim/turtlesim/srv
[27.415s] -- Installing: /home/zheka/Smart-Mobility-Engineering-Lab/ros2_ws/install/turtlesim/include/turtlesim/turtlesim/srv/teleport_relative.hpp
[27.416s] -- Installing: /home/zheka/Smart-Mobility-Engineering-Lab/ros2_ws/install/turtlesim/include/turtlesim/turtlesim/srv/spawn.hpp
[27.416s] -- Installing: /home/zheka/Smart-Mobility-Engineering-Lab/ros2_ws/install/turtlesim/include/turtlesim/turtlesim/srv/teleport_absolute.hpp
[27.416s] -- Up-to-date: /home/zheka/Smart-Mobility-Engineering-Lab/ros2_ws/install/turtlesim/include/turtlesim/turtlesim/srv/detail
[27.416s] -- Installing: /home/zheka/Smart-Mobility-Engineering-Lab/ros2_ws/install/turtlesim/include/turtlesim/turtlesim/srv/detail/set_pen__traits.hpp
[27.416s] -- Installing: /home/zheka/Smart-Mobility-Engineering-Lab/ros2_ws/install/turtlesim/include/turtlesim/turtlesim/srv/detail/set_pen__builder.hpp
[27.416s] -- Installing: /home/zheka/Smart-Mobility-Engineering-Lab/ros2_ws/install/turtlesim/include/turtlesim/turtlesim/srv/detail/set_pen__struct.hpp
[27.416s] -- Installing: /home/zheka/Smart-Mobility-Engineering-Lab/ros2_ws/install/turtlesim/include/turtlesim/turtlesim/srv/detail/kill__struct.hpp
[27.416s] -- Installing: /home/zheka/Smart-Mobility-Engineering-Lab/ros2_ws/install/turtlesim/include/turtlesim/turtlesim/srv/detail/kill__traits.hpp
[27.416s] -- Installing: /home/zheka/Smart-Mobility-Engineering-Lab/ros2_ws/install/turtlesim/include/turtlesim/turtlesim/srv/detail/teleport_relative__builder.hpp
[27.416s] -- Installing: /home/zheka/Smart-Mobility-Engineering-Lab/ros2_ws/install/turtlesim/include/turtlesim/turtlesim/srv/detail/teleport_absolute__builder.hpp
[27.416s] -- Installing: /home/zheka/Smart-Mobility-Engineering-Lab/ros2_ws/install/turtlesim/include/turtlesim/turtlesim/srv/detail/teleport_absolute__traits.hpp
[27.416s] -- Installing: /home/zheka/Smart-Mobility-Engineering-Lab/ros2_ws/install/turtlesim/include/turtlesim/turtlesim/srv/detail/spawn__builder.hpp
[27.416s] -- Installing: /home/zheka/Smart-Mobility-Engineering-Lab/ros2_ws/install/turtlesim/include/turtlesim/turtlesim/srv/detail/teleport_absolute__struct.hpp
[27.416s] -- Installing: /home/zheka/Smart-Mobility-Engineering-Lab/ros2_ws/install/turtlesim/include/turtlesim/turtlesim/srv/detail/spawn__struct.hpp
[27.416s] -- Installing: /home/zheka/Smart-Mobility-Engineering-Lab/ros2_ws/install/turtlesim/include/turtlesim/turtlesim/srv/detail/teleport_relative__traits.hpp
[27.416s] -- Installing: /home/zheka/Smart-Mobility-Engineering-Lab/ros2_ws/install/turtlesim/include/turtlesim/turtlesim/srv/detail/teleport_relative__struct.hpp
[27.416s] -- Installing: /home/zheka/Smart-Mobility-Engineering-Lab/ros2_ws/install/turtlesim/include/turtlesim/turtlesim/srv/detail/spawn__traits.hpp
[27.416s] -- Installing: /home/zheka/Smart-Mobility-Engineering-Lab/ros2_ws/install/turtlesim/include/turtlesim/turtlesim/srv/detail/kill__builder.hpp
[27.416s] -- Installing: /home/zheka/Smart-Mobility-Engineering-Lab/ros2_ws/install/turtlesim/include/turtlesim/turtlesim/srv/set_pen.hpp
[27.416s] -- Installing: /home/zheka/Smart-Mobility-Engineering-Lab/ros2_ws/install/turtlesim/include/turtlesim/turtlesim/srv/kill.hpp
[27.416s] -- Up-to-date: /home/zheka/Smart-Mobility-Engineering-Lab/ros2_ws/install/turtlesim/include/turtlesim/turtlesim
[27.416s] -- Up-to-date: /home/zheka/Smart-Mobility-Engineering-Lab/ros2_ws/install/turtlesim/include/turtlesim/turtlesim/action
[27.416s] -- Up-to-date: /home/zheka/Smart-Mobility-Engineering-Lab/ros2_ws/install/turtlesim/include/turtlesim/turtlesim/action/detail
[27.416s] -- Installing: /home/zheka/Smart-Mobility-Engineering-Lab/ros2_ws/install/turtlesim/include/turtlesim/turtlesim/action/detail/rotate_absolute__rosidl_typesupport_fastrtps_cpp.hpp
[27.417s] -- Installing: /home/zheka/Smart-Mobility-Engineering-Lab/ros2_ws/install/turtlesim/include/turtlesim/turtlesim/action/detail/dds_fastrtps
[27.417s] -- Up-to-date: /home/zheka/Smart-Mobility-Engineering-Lab/ros2_ws/install/turtlesim/include/turtlesim/turtlesim/msg
[27.417s] -- Installing: /home/zheka/Smart-Mobility-Engineering-Lab/ros2_ws/install/turtlesim/include/turtlesim/turtlesim/msg/rosidl_typesupport_fastrtps_cpp__visibility_control.h
[27.417s] -- Up-to-date: /home/zheka/Smart-Mobility-Engineering-Lab/ros2_ws/install/turtlesim/include/turtlesim/turtlesim/msg/detail
[27.417s] -- Installing: /home/zheka/Smart-Mobility-Engineering-Lab/ros2_ws/install/turtlesim/include/turtlesim/turtlesim/msg/detail/pose__rosidl_typesupport_fastrtps_cpp.hpp
[27.417s] -- Installing: /home/zheka/Smart-Mobility-Engineering-Lab/ros2_ws/install/turtlesim/include/turtlesim/turtlesim/msg/detail/color__rosidl_typesupport_fastrtps_cpp.hpp
[27.417s] -- Installing: /home/zheka/Smart-Mobility-Engineering-Lab/ros2_ws/install/turtlesim/include/turtlesim/turtlesim/msg/detail/dds_fastrtps
[27.417s] -- Up-to-date: /home/zheka/Smart-Mobility-Engineering-Lab/ros2_ws/install/turtlesim/include/turtlesim/turtlesim/srv
[27.417s] -- Up-to-date: /home/zheka/Smart-Mobility-Engineering-Lab/ros2_ws/install/turtlesim/include/turtlesim/turtlesim/srv/detail
[27.417s] -- Installing: /home/zheka/Smart-Mobility-Engineering-Lab/ros2_ws/install/turtlesim/include/turtlesim/turtlesim/srv/detail/set_pen__rosidl_typesupport_fastrtps_cpp.hpp
[27.417s] -- Installing: /home/zheka/Smart-Mobility-Engineering-Lab/ros2_ws/install/turtlesim/include/turtlesim/turtlesim/srv/detail/teleport_absolute__rosidl_typesupport_fastrtps_cpp.hpp
[27.418s] -- Installing: /home/zheka/Smart-Mobility-Engineering-Lab/ros2_ws/install/turtlesim/include/turtlesim/turtlesim/srv/detail/dds_fastrtps
[27.418s] -- Installing: /home/zheka/Smart-Mobility-Engineering-Lab/ros2_ws/install/turtlesim/include/turtlesim/turtlesim/srv/detail/spawn__rosidl_typesupport_fastrtps_cpp.hpp
[27.418s] -- Installing: /home/zheka/Smart-Mobility-Engineering-Lab/ros2_ws/install/turtlesim/include/turtlesim/turtlesim/srv/detail/teleport_relative__rosidl_typesupport_fastrtps_cpp.hpp
[27.418s] -- Installing: /home/zheka/Smart-Mobility-Engineering-Lab/ros2_ws/install/turtlesim/include/turtlesim/turtlesim/srv/detail/kill__rosidl_typesupport_fastrtps_cpp.hpp
[27.418s] -- Installing: /home/zheka/Smart-Mobility-Engineering-Lab/ros2_ws/install/turtlesim/lib/libturtlesim__rosidl_typesupport_fastrtps_cpp.so
[27.419s] -- Set runtime path of "/home/zheka/Smart-Mobility-Engineering-Lab/ros2_ws/install/turtlesim/lib/libturtlesim__rosidl_typesupport_fastrtps_cpp.so" to ""
[27.419s] -- Up-to-date: /home/zheka/Smart-Mobility-Engineering-Lab/ros2_ws/install/turtlesim/include/turtlesim/turtlesim
[27.419s] -- Up-to-date: /home/zheka/Smart-Mobility-Engineering-Lab/ros2_ws/install/turtlesim/include/turtlesim/turtlesim/action
[27.419s] -- Up-to-date: /home/zheka/Smart-Mobility-Engineering-Lab/ros2_ws/install/turtlesim/include/turtlesim/turtlesim/action/detail
[27.419s] -- Installing: /home/zheka/Smart-Mobility-Engineering-Lab/ros2_ws/install/turtlesim/include/turtlesim/turtlesim/action/detail/rotate_absolute__rosidl_typesupport_introspection_c.h
[27.419s] -- Installing: /home/zheka/Smart-Mobility-Engineering-Lab/ros2_ws/install/turtlesim/include/turtlesim/turtlesim/action/detail/rotate_absolute__type_support.c
[27.419s] -- Up-to-date: /home/zheka/Smart-Mobility-Engineering-Lab/ros2_ws/install/turtlesim/include/turtlesim/turtlesim/msg
[27.419s] -- Installing: /home/zheka/Smart-Mobility-Engineering-Lab/ros2_ws/install/turtlesim/include/turtlesim/turtlesim/msg/rosidl_typesupport_introspection_c__visibility_control.h
[27.419s] -- Up-to-date: /home/zheka/Smart-Mobility-Engineering-Lab/ros2_ws/install/turtlesim/include/turtlesim/turtlesim/msg/detail
[27.419s] -- Installing: /home/zheka/Smart-Mobility-Engineering-Lab/ros2_ws/install/turtlesim/include/turtlesim/turtlesim/msg/detail/pose__type_support.c
[27.419s] -- Installing: /home/zheka/Smart-Mobility-Engineering-Lab/ros2_ws/install/turtlesim/include/turtlesim/turtlesim/msg/detail/color__type_support.c
[27.419s] -- Installing: /home/zheka/Smart-Mobility-Engineering-Lab/ros2_ws/install/turtlesim/include/turtlesim/turtlesim/msg/detail/color__rosidl_typesupport_introspection_c.h
[27.419s] -- Installing: /home/zheka/Smart-Mobility-Engineering-Lab/ros2_ws/install/turtlesim/include/turtlesim/turtlesim/msg/detail/pose__rosidl_typesupport_introspection_c.h
[27.419s] -- Up-to-date: /home/zheka/Smart-Mobility-Engineering-Lab/ros2_ws/install/turtlesim/include/turtlesim/turtlesim/srv
[27.420s] -- Up-to-date: /home/zheka/Smart-Mobility-Engineering-Lab/ros2_ws/install/turtlesim/include/turtlesim/turtlesim/srv/detail
[27.420s] -- Installing: /home/zheka/Smart-Mobility-Engineering-Lab/ros2_ws/install/turtlesim/include/turtlesim/turtlesim/srv/detail/set_pen__rosidl_typesupport_introspection_c.h
[27.420s] -- Installing: /home/zheka/Smart-Mobility-Engineering-Lab/ros2_ws/install/turtlesim/include/turtlesim/turtlesim/srv/detail/set_pen__type_support.c
[27.420s] -- Installing: /home/zheka/Smart-Mobility-Engineering-Lab/ros2_ws/install/turtlesim/include/turtlesim/turtlesim/srv/detail/kill__type_support.c
[27.420s] -- Installing: /home/zheka/Smart-Mobility-Engineering-Lab/ros2_ws/install/turtlesim/include/turtlesim/turtlesim/srv/detail/teleport_absolute__type_support.c
[27.420s] -- Installing: /home/zheka/Smart-Mobility-Engineering-Lab/ros2_ws/install/turtlesim/include/turtlesim/turtlesim/srv/detail/teleport_absolute__rosidl_typesupport_introspection_c.h
[27.420s] -- Installing: /home/zheka/Smart-Mobility-Engineering-Lab/ros2_ws/install/turtlesim/include/turtlesim/turtlesim/srv/detail/teleport_relative__type_support.c
[27.420s] -- Installing: /home/zheka/Smart-Mobility-Engineering-Lab/ros2_ws/install/turtlesim/include/turtlesim/turtlesim/srv/detail/spawn__rosidl_typesupport_introspection_c.h
[27.420s] -- Installing: /home/zheka/Smart-Mobility-Engineering-Lab/ros2_ws/install/turtlesim/include/turtlesim/turtlesim/srv/detail/teleport_relative__rosidl_typesupport_introspection_c.h
[27.420s] -- Installing: /home/zheka/Smart-Mobility-Engineering-Lab/ros2_ws/install/turtlesim/include/turtlesim/turtlesim/srv/detail/spawn__type_support.c
[27.420s] -- Installing: /home/zheka/Smart-Mobility-Engineering-Lab/ros2_ws/install/turtlesim/include/turtlesim/turtlesim/srv/detail/kill__rosidl_typesupport_introspection_c.h
[27.420s] -- Installing: /home/zheka/Smart-Mobility-Engineering-Lab/ros2_ws/install/turtlesim/lib/libturtlesim__rosidl_typesupport_introspection_c.so
[27.421s] -- Set runtime path of "/home/zheka/Smart-Mobility-Engineering-Lab/ros2_ws/install/turtlesim/lib/libturtlesim__rosidl_typesupport_introspection_c.so" to ""
[27.421s] -- Installing: /home/zheka/Smart-Mobility-Engineering-Lab/ros2_ws/install/turtlesim/lib/libturtlesim__rosidl_typesupport_c.so
[27.421s] -- Set runtime path of "/home/zheka/Smart-Mobility-Engineering-Lab/ros2_ws/install/turtlesim/lib/libturtlesim__rosidl_typesupport_c.so" to ""
[27.421s] -- Up-to-date: /home/zheka/Smart-Mobility-Engineering-Lab/ros2_ws/install/turtlesim/include/turtlesim/turtlesim
[27.421s] -- Up-to-date: /home/zheka/Smart-Mobility-Engineering-Lab/ros2_ws/install/turtlesim/include/turtlesim/turtlesim/action
[27.421s] -- Up-to-date: /home/zheka/Smart-Mobility-Engineering-Lab/ros2_ws/install/turtlesim/include/turtlesim/turtlesim/action/detail
[27.421s] -- Installing: /home/zheka/Smart-Mobility-Engineering-Lab/ros2_ws/install/turtlesim/include/turtlesim/turtlesim/action/detail/rotate_absolute__rosidl_typesupport_introspection_cpp.hpp
[27.421s] -- Installing: /home/zheka/Smart-Mobility-Engineering-Lab/ros2_ws/install/turtlesim/include/turtlesim/turtlesim/action/detail/rotate_absolute__type_support.cpp
[27.422s] -- Up-to-date: /home/zheka/Smart-Mobility-Engineering-Lab/ros2_ws/install/turtlesim/include/turtlesim/turtlesim/msg
[27.422s] -- Up-to-date: /home/zheka/Smart-Mobility-Engineering-Lab/ros2_ws/install/turtlesim/include/turtlesim/turtlesim/msg/detail
[27.422s] -- Installing: /home/zheka/Smart-Mobility-Engineering-Lab/ros2_ws/install/turtlesim/include/turtlesim/turtlesim/msg/detail/pose__type_support.cpp
[27.422s] -- Installing: /home/zheka/Smart-Mobility-Engineering-Lab/ros2_ws/install/turtlesim/include/turtlesim/turtlesim/msg/detail/color__type_support.cpp
[27.422s] -- Installing: /home/zheka/Smart-Mobility-Engineering-Lab/ros2_ws/install/turtlesim/include/turtlesim/turtlesim/msg/detail/pose__rosidl_typesupport_introspection_cpp.hpp
[27.422s] -- Installing: /home/zheka/Smart-Mobility-Engineering-Lab/ros2_ws/install/turtlesim/include/turtlesim/turtlesim/msg/detail/color__rosidl_typesupport_introspection_cpp.hpp
[27.422s] -- Up-to-date: /home/zheka/Smart-Mobility-Engineering-Lab/ros2_ws/install/turtlesim/include/turtlesim/turtlesim/srv
[27.422s] -- Up-to-date: /home/zheka/Smart-Mobility-Engineering-Lab/ros2_ws/install/turtlesim/include/turtlesim/turtlesim/srv/detail
[27.422s] -- Installing: /home/zheka/Smart-Mobility-Engineering-Lab/ros2_ws/install/turtlesim/include/turtlesim/turtlesim/srv/detail/teleport_absolute__type_support.cpp
[27.422s] -- Installing: /home/zheka/Smart-Mobility-Engineering-Lab/ros2_ws/install/turtlesim/include/turtlesim/turtlesim/srv/detail/teleport_absolute__rosidl_typesupport_introspection_cpp.hpp
[27.422s] -- Installing: /home/zheka/Smart-Mobility-Engineering-Lab/ros2_ws/install/turtlesim/include/turtlesim/turtlesim/srv/detail/teleport_relative__rosidl_typesupport_introspection_cpp.hpp
[27.422s] -- Installing: /home/zheka/Smart-Mobility-Engineering-Lab/ros2_ws/install/turtlesim/include/turtlesim/turtlesim/srv/detail/teleport_relative__type_support.cpp
[27.423s] -- Installing: /home/zheka/Smart-Mobility-Engineering-Lab/ros2_ws/install/turtlesim/include/turtlesim/turtlesim/srv/detail/kill__rosidl_typesupport_introspection_cpp.hpp
[27.423s] -- Installing: /home/zheka/Smart-Mobility-Engineering-Lab/ros2_ws/install/turtlesim/include/turtlesim/turtlesim/srv/detail/set_pen__rosidl_typesupport_introspection_cpp.hpp
[27.423s] -- Installing: /home/zheka/Smart-Mobility-Engineering-Lab/ros2_ws/install/turtlesim/include/turtlesim/turtlesim/srv/detail/spawn__type_support.cpp
[27.423s] -- Installing: /home/zheka/Smart-Mobility-Engineering-Lab/ros2_ws/install/turtlesim/include/turtlesim/turtlesim/srv/detail/spawn__rosidl_typesupport_introspection_cpp.hpp
[27.423s] -- Installing: /home/zheka/Smart-Mobility-Engineering-Lab/ros2_ws/install/turtlesim/include/turtlesim/turtlesim/srv/detail/set_pen__type_support.cpp
[27.423s] -- Installing: /home/zheka/Smart-Mobility-Engineering-Lab/ros2_ws/install/turtlesim/include/turtlesim/turtlesim/srv/detail/kill__type_support.cpp
[27.423s] -- Installing: /home/zheka/Smart-Mobility-Engineering-Lab/ros2_ws/install/turtlesim/lib/libturtlesim__rosidl_typesupport_introspection_cpp.so
[27.424s] -- Set runtime path of "/home/zheka/Smart-Mobility-Engineering-Lab/ros2_ws/install/turtlesim/lib/libturtlesim__rosidl_typesupport_introspection_cpp.so" to ""
[27.424s] -- Installing: /home/zheka/Smart-Mobility-Engineering-Lab/ros2_ws/install/turtlesim/lib/libturtlesim__rosidl_typesupport_cpp.so
[27.424s] -- Set runtime path of "/home/zheka/Smart-Mobility-Engineering-Lab/ros2_ws/install/turtlesim/lib/libturtlesim__rosidl_typesupport_cpp.so" to ""
[27.424s] -- Installing: /home/zheka/Smart-Mobility-Engineering-Lab/ros2_ws/install/turtlesim/share/turtlesim/environment/pythonpath.sh
[27.424s] -- Installing: /home/zheka/Smart-Mobility-Engineering-Lab/ros2_ws/install/turtlesim/share/turtlesim/environment/pythonpath.dsv
[27.424s] -- Installing: /home/zheka/Smart-Mobility-Engineering-Lab/ros2_ws/install/turtlesim/local/lib/python3.10/dist-packages/turtlesim-1.4.2-py3.10.egg-info
[27.424s] -- Installing: /home/zheka/Smart-Mobility-Engineering-Lab/ros2_ws/install/turtlesim/local/lib/python3.10/dist-packages/turtlesim-1.4.2-py3.10.egg-info/top_level.txt
[27.424s] -- Installing: /home/zheka/Smart-Mobility-Engineering-Lab/ros2_ws/install/turtlesim/local/lib/python3.10/dist-packages/turtlesim-1.4.2-py3.10.egg-info/PKG-INFO
[27.424s] -- Installing: /home/zheka/Smart-Mobility-Engineering-Lab/ros2_ws/install/turtlesim/local/lib/python3.10/dist-packages/turtlesim-1.4.2-py3.10.egg-info/SOURCES.txt
[27.425s] -- Installing: /home/zheka/Smart-Mobility-Engineering-Lab/ros2_ws/install/turtlesim/local/lib/python3.10/dist-packages/turtlesim-1.4.2-py3.10.egg-info/dependency_links.txt
[27.425s] -- Installing: /home/zheka/Smart-Mobility-Engineering-Lab/ros2_ws/install/turtlesim/local/lib/python3.10/dist-packages/turtlesim
[27.425s] -- Installing: /home/zheka/Smart-Mobility-Engineering-Lab/ros2_ws/install/turtlesim/local/lib/python3.10/dist-packages/turtlesim/__init__.py
[27.425s] -- Installing: /home/zheka/Smart-Mobility-Engineering-Lab/ros2_ws/install/turtlesim/local/lib/python3.10/dist-packages/turtlesim/_turtlesim_s.ep.rosidl_typesupport_fastrtps_c.c
[27.425s] -- Installing: /home/zheka/Smart-Mobility-Engineering-Lab/ros2_ws/install/turtlesim/local/lib/python3.10/dist-packages/turtlesim/action
[27.425s] -- Installing: /home/zheka/Smart-Mobility-Engineering-Lab/ros2_ws/install/turtlesim/local/lib/python3.10/dist-packages/turtlesim/action/_rotate_absolute_s.c
[27.425s] -- Installing: /home/zheka/Smart-Mobility-Engineering-Lab/ros2_ws/install/turtlesim/local/lib/python3.10/dist-packages/turtlesim/action/__init__.py
[27.425s] -- Installing: /home/zheka/Smart-Mobility-Engineering-Lab/ros2_ws/install/turtlesim/local/lib/python3.10/dist-packages/turtlesim/action/_rotate_absolute.py
[27.425s] -- Installing: /home/zheka/Smart-Mobility-Engineering-Lab/ros2_ws/install/turtlesim/local/lib/python3.10/dist-packages/turtlesim/_turtlesim_s.ep.rosidl_typesupport_c.c
[27.425s] -- Installing: /home/zheka/Smart-Mobility-Engineering-Lab/ros2_ws/install/turtlesim/local/lib/python3.10/dist-packages/turtlesim/turtlesim_s__rosidl_typesupport_fastrtps_c.cpython-310-aarch64-linux-gnu.so
[27.425s] -- Installing: /home/zheka/Smart-Mobility-Engineering-Lab/ros2_ws/install/turtlesim/local/lib/python3.10/dist-packages/turtlesim/msg
[27.425s] -- Installing: /home/zheka/Smart-Mobility-Engineering-Lab/ros2_ws/install/turtlesim/local/lib/python3.10/dist-packages/turtlesim/msg/__init__.py
[27.425s] -- Installing: /home/zheka/Smart-Mobility-Engineering-Lab/ros2_ws/install/turtlesim/local/lib/python3.10/dist-packages/turtlesim/msg/_color.py
[27.425s] -- Installing: /home/zheka/Smart-Mobility-Engineering-Lab/ros2_ws/install/turtlesim/local/lib/python3.10/dist-packages/turtlesim/msg/_pose_s.c
[27.425s] -- Installing: /home/zheka/Smart-Mobility-Engineering-Lab/ros2_ws/install/turtlesim/local/lib/python3.10/dist-packages/turtlesim/msg/_color_s.c
[27.425s] -- Installing: /home/zheka/Smart-Mobility-Engineering-Lab/ros2_ws/install/turtlesim/local/lib/python3.10/dist-packages/turtlesim/msg/_pose.py
[27.426s] -- Installing: /home/zheka/Smart-Mobility-Engineering-Lab/ros2_ws/install/turtlesim/local/lib/python3.10/dist-packages/turtlesim/turtlesim_s__rosidl_typesupport_c.cpython-310-aarch64-linux-gnu.so
[27.426s] -- Installing: /home/zheka/Smart-Mobility-Engineering-Lab/ros2_ws/install/turtlesim/local/lib/python3.10/dist-packages/turtlesim/turtlesim_s__rosidl_typesupport_introspection_c.cpython-310-aarch64-linux-gnu.so
[27.426s] -- Installing: /home/zheka/Smart-Mobility-Engineering-Lab/ros2_ws/install/turtlesim/local/lib/python3.10/dist-packages/turtlesim/_turtlesim_s.ep.rosidl_typesupport_introspection_c.c
[27.426s] -- Installing: /home/zheka/Smart-Mobility-Engineering-Lab/ros2_ws/install/turtlesim/local/lib/python3.10/dist-packages/turtlesim/libturtlesim__rosidl_generator_py.so
[27.426s] -- Installing: /home/zheka/Smart-Mobility-Engineering-Lab/ros2_ws/install/turtlesim/local/lib/python3.10/dist-packages/turtlesim/srv
[27.426s] -- Installing: /home/zheka/Smart-Mobility-Engineering-Lab/ros2_ws/install/turtlesim/local/lib/python3.10/dist-packages/turtlesim/srv/_spawn.py
[27.426s] -- Installing: /home/zheka/Smart-Mobility-Engineering-Lab/ros2_ws/install/turtlesim/local/lib/python3.10/dist-packages/turtlesim/srv/__init__.py
[27.426s] -- Installing: /home/zheka/Smart-Mobility-Engineering-Lab/ros2_ws/install/turtlesim/local/lib/python3.10/dist-packages/turtlesim/srv/_kill.py
[27.426s] -- Installing: /home/zheka/Smart-Mobility-Engineering-Lab/ros2_ws/install/turtlesim/local/lib/python3.10/dist-packages/turtlesim/srv/_spawn_s.c
[27.426s] -- Installing: /home/zheka/Smart-Mobility-Engineering-Lab/ros2_ws/install/turtlesim/local/lib/python3.10/dist-packages/turtlesim/srv/_kill_s.c
[27.426s] -- Installing: /home/zheka/Smart-Mobility-Engineering-Lab/ros2_ws/install/turtlesim/local/lib/python3.10/dist-packages/turtlesim/srv/_teleport_relative.py
[27.426s] -- Installing: /home/zheka/Smart-Mobility-Engineering-Lab/ros2_ws/install/turtlesim/local/lib/python3.10/dist-packages/turtlesim/srv/_teleport_absolute.py
[27.426s] -- Installing: /home/zheka/Smart-Mobility-Engineering-Lab/ros2_ws/install/turtlesim/local/lib/python3.10/dist-packages/turtlesim/srv/_teleport_absolute_s.c
[27.426s] -- Installing: /home/zheka/Smart-Mobility-Engineering-Lab/ros2_ws/install/turtlesim/local/lib/python3.10/dist-packages/turtlesim/srv/_set_pen.py
[27.426s] -- Installing: /home/zheka/Smart-Mobility-Engineering-Lab/ros2_ws/install/turtlesim/local/lib/python3.10/dist-packages/turtlesim/srv/_set_pen_s.c
[27.426s] -- Installing: /home/zheka/Smart-Mobility-Engineering-Lab/ros2_ws/install/turtlesim/local/lib/python3.10/dist-packages/turtlesim/srv/_teleport_relative_s.c
[27.459s] Listing '/home/zheka/Smart-Mobility-Engineering-Lab/ros2_ws/install/turtlesim/local/lib/python3.10/dist-packages/turtlesim'...
[27.459s] Compiling '/home/zheka/Smart-Mobility-Engineering-Lab/ros2_ws/install/turtlesim/local/lib/python3.10/dist-packages/turtlesim/__init__.py'...
[27.459s] Listing '/home/zheka/Smart-Mobility-Engineering-Lab/ros2_ws/install/turtlesim/local/lib/python3.10/dist-packages/turtlesim/action'...
[27.459s] Compiling '/home/zheka/Smart-Mobility-Engineering-Lab/ros2_ws/install/turtlesim/local/lib/python3.10/dist-packages/turtlesim/action/__init__.py'...
[27.459s] Compiling '/home/zheka/Smart-Mobility-Engineering-Lab/ros2_ws/install/turtlesim/local/lib/python3.10/dist-packages/turtlesim/action/_rotate_absolute.py'...
[27.459s] Listing '/home/zheka/Smart-Mobility-Engineering-Lab/ros2_ws/install/turtlesim/local/lib/python3.10/dist-packages/turtlesim/msg'...
[27.460s] Compiling '/home/zheka/Smart-Mobility-Engineering-Lab/ros2_ws/install/turtlesim/local/lib/python3.10/dist-packages/turtlesim/msg/__init__.py'...
[27.460s] Compiling '/home/zheka/Smart-Mobility-Engineering-Lab/ros2_ws/install/turtlesim/local/lib/python3.10/dist-packages/turtlesim/msg/_color.py'...
[27.460s] Compiling '/home/zheka/Smart-Mobility-Engineering-Lab/ros2_ws/install/turtlesim/local/lib/python3.10/dist-packages/turtlesim/msg/_pose.py'...
[27.460s] Listing '/home/zheka/Smart-Mobility-Engineering-Lab/ros2_ws/install/turtlesim/local/lib/python3.10/dist-packages/turtlesim/srv'...
[27.460s] Compiling '/home/zheka/Smart-Mobility-Engineering-Lab/ros2_ws/install/turtlesim/local/lib/python3.10/dist-packages/turtlesim/srv/__init__.py'...
[27.460s] Compiling '/home/zheka/Smart-Mobility-Engineering-Lab/ros2_ws/install/turtlesim/local/lib/python3.10/dist-packages/turtlesim/srv/_kill.py'...
[27.460s] Compiling '/home/zheka/Smart-Mobility-Engineering-Lab/ros2_ws/install/turtlesim/local/lib/python3.10/dist-packages/turtlesim/srv/_set_pen.py'...
[27.460s] Compiling '/home/zheka/Smart-Mobility-Engineering-Lab/ros2_ws/install/turtlesim/local/lib/python3.10/dist-packages/turtlesim/srv/_spawn.py'...
[27.460s] Compiling '/home/zheka/Smart-Mobility-Engineering-Lab/ros2_ws/install/turtlesim/local/lib/python3.10/dist-packages/turtlesim/srv/_teleport_absolute.py'...
[27.460s] Compiling '/home/zheka/Smart-Mobility-Engineering-Lab/ros2_ws/install/turtlesim/local/lib/python3.10/dist-packages/turtlesim/srv/_teleport_relative.py'...
[27.462s] -- Installing: /home/zheka/Smart-Mobility-Engineering-Lab/ros2_ws/install/turtlesim/local/lib/python3.10/dist-packages/turtlesim/turtlesim_s__rosidl_typesupport_fastrtps_c.cpython-310-aarch64-linux-gnu.so
[27.462s] -- Set runtime path of "/home/zheka/Smart-Mobility-Engineering-Lab/ros2_ws/install/turtlesim/local/lib/python3.10/dist-packages/turtlesim/turtlesim_s__rosidl_typesupport_fastrtps_c.cpython-310-aarch64-linux-gnu.so" to ""
[27.463s] -- Installing: /home/zheka/Smart-Mobility-Engineering-Lab/ros2_ws/install/turtlesim/local/lib/python3.10/dist-packages/turtlesim/turtlesim_s__rosidl_typesupport_introspection_c.cpython-310-aarch64-linux-gnu.so
[27.463s] -- Set runtime path of "/home/zheka/Smart-Mobility-Engineering-Lab/ros2_ws/install/turtlesim/local/lib/python3.10/dist-packages/turtlesim/turtlesim_s__rosidl_typesupport_introspection_c.cpython-310-aarch64-linux-gnu.so" to ""
[27.463s] -- Installing: /home/zheka/Smart-Mobility-Engineering-Lab/ros2_ws/install/turtlesim/local/lib/python3.10/dist-packages/turtlesim/turtlesim_s__rosidl_typesupport_c.cpython-310-aarch64-linux-gnu.so
[27.463s] -- Set runtime path of "/home/zheka/Smart-Mobility-Engineering-Lab/ros2_ws/install/turtlesim/local/lib/python3.10/dist-packages/turtlesim/turtlesim_s__rosidl_typesupport_c.cpython-310-aarch64-linux-gnu.so" to ""
[27.463s] -- Installing: /home/zheka/Smart-Mobility-Engineering-Lab/ros2_ws/install/turtlesim/lib/libturtlesim__rosidl_generator_py.so
[27.464s] -- Set runtime path of "/home/zheka/Smart-Mobility-Engineering-Lab/ros2_ws/install/turtlesim/lib/libturtlesim__rosidl_generator_py.so" to ""
[27.464s] -- Installing: /home/zheka/Smart-Mobility-Engineering-Lab/ros2_ws/install/turtlesim/share/turtlesim/action/RotateAbsolute.idl
[27.464s] -- Installing: /home/zheka/Smart-Mobility-Engineering-Lab/ros2_ws/install/turtlesim/share/turtlesim/msg/Color.idl
[27.464s] -- Installing: /home/zheka/Smart-Mobility-Engineering-Lab/ros2_ws/install/turtlesim/share/turtlesim/msg/Pose.idl
[27.464s] -- Installing: /home/zheka/Smart-Mobility-Engineering-Lab/ros2_ws/install/turtlesim/share/turtlesim/srv/Kill.idl
[27.464s] -- Installing: /home/zheka/Smart-Mobility-Engineering-Lab/ros2_ws/install/turtlesim/share/turtlesim/srv/SetPen.idl
[27.464s] -- Installing: /home/zheka/Smart-Mobility-Engineering-Lab/ros2_ws/install/turtlesim/share/turtlesim/srv/Spawn.idl
[27.464s] -- Installing: /home/zheka/Smart-Mobility-Engineering-Lab/ros2_ws/install/turtlesim/share/turtlesim/srv/TeleportAbsolute.idl
[27.464s] -- Installing: /home/zheka/Smart-Mobility-Engineering-Lab/ros2_ws/install/turtlesim/share/turtlesim/srv/TeleportRelative.idl
[27.465s] -- Installing: /home/zheka/Smart-Mobility-Engineering-Lab/ros2_ws/install/turtlesim/share/turtlesim/action/RotateAbsolute.action
[27.465s] -- Installing: /home/zheka/Smart-Mobility-Engineering-Lab/ros2_ws/install/turtlesim/share/turtlesim/msg/Color.msg
[27.465s] -- Installing: /home/zheka/Smart-Mobility-Engineering-Lab/ros2_ws/install/turtlesim/share/turtlesim/msg/Pose.msg
[27.465s] -- Installing: /home/zheka/Smart-Mobility-Engineering-Lab/ros2_ws/install/turtlesim/share/turtlesim/srv/Kill.srv
[27.465s] -- Installing: /home/zheka/Smart-Mobility-Engineering-Lab/ros2_ws/install/turtlesim/share/turtlesim/srv/Kill_Request.msg
[27.465s] -- Installing: /home/zheka/Smart-Mobility-Engineering-Lab/ros2_ws/install/turtlesim/share/turtlesim/srv/Kill_Response.msg
[27.466s] -- Installing: /home/zheka/Smart-Mobility-Engineering-Lab/ros2_ws/install/turtlesim/share/turtlesim/srv/SetPen.srv
[27.466s] -- Installing: /home/zheka/Smart-Mobility-Engineering-Lab/ros2_ws/install/turtlesim/share/turtlesim/srv/SetPen_Request.msg
[27.466s] -- Installing: /home/zheka/Smart-Mobility-Engineering-Lab/ros2_ws/install/turtlesim/share/turtlesim/srv/SetPen_Response.msg
[27.466s] -- Installing: /home/zheka/Smart-Mobility-Engineering-Lab/ros2_ws/install/turtlesim/share/turtlesim/srv/Spawn.srv
[27.466s] -- Installing: /home/zheka/Smart-Mobility-Engineering-Lab/ros2_ws/install/turtlesim/share/turtlesim/srv/Spawn_Request.msg
[27.466s] -- Installing: /home/zheka/Smart-Mobility-Engineering-Lab/ros2_ws/install/turtlesim/share/turtlesim/srv/Spawn_Response.msg
[27.466s] -- Installing: /home/zheka/Smart-Mobility-Engineering-Lab/ros2_ws/install/turtlesim/share/turtlesim/srv/TeleportAbsolute.srv
[27.466s] -- Installing: /home/zheka/Smart-Mobility-Engineering-Lab/ros2_ws/install/turtlesim/share/turtlesim/srv/TeleportAbsolute_Request.msg
[27.467s] -- Installing: /home/zheka/Smart-Mobility-Engineering-Lab/ros2_ws/install/turtlesim/share/turtlesim/srv/TeleportAbsolute_Response.msg
[27.467s] -- Installing: /home/zheka/Smart-Mobility-Engineering-Lab/ros2_ws/install/turtlesim/share/turtlesim/srv/TeleportRelative.srv
[27.467s] -- Installing: /home/zheka/Smart-Mobility-Engineering-Lab/ros2_ws/install/turtlesim/share/turtlesim/srv/TeleportRelative_Request.msg
[27.467s] -- Installing: /home/zheka/Smart-Mobility-Engineering-Lab/ros2_ws/install/turtlesim/share/turtlesim/srv/TeleportRelative_Response.msg
[27.467s] -- Installing: /home/zheka/Smart-Mobility-Engineering-Lab/ros2_ws/install/turtlesim/lib/turtlesim/turtlesim_node
[27.472s] -- Set runtime path of "/home/zheka/Smart-Mobility-Engineering-Lab/ros2_ws/install/turtlesim/lib/turtlesim/turtlesim_node" to ""
[27.472s] -- Installing: /home/zheka/Smart-Mobility-Engineering-Lab/ros2_ws/install/turtlesim/lib/turtlesim/turtle_teleop_key
[27.474s] -- Set runtime path of "/home/zheka/Smart-Mobility-Engineering-Lab/ros2_ws/install/turtlesim/lib/turtlesim/turtle_teleop_key" to ""
[27.474s] -- Installing: /home/zheka/Smart-Mobility-Engineering-Lab/ros2_ws/install/turtlesim/lib/turtlesim/draw_square
[27.476s] -- Set runtime path of "/home/zheka/Smart-Mobility-Engineering-Lab/ros2_ws/install/turtlesim/lib/turtlesim/draw_square" to ""
[27.476s] -- Installing: /home/zheka/Smart-Mobility-Engineering-Lab/ros2_ws/install/turtlesim/lib/turtlesim/mimic
[27.478s] -- Set runtime path of "/home/zheka/Smart-Mobility-Engineering-Lab/ros2_ws/install/turtlesim/lib/turtlesim/mimic" to ""
[27.478s] -- Installing: /home/zheka/Smart-Mobility-Engineering-Lab/ros2_ws/install/turtlesim/share/turtlesim/images
[27.478s] -- Installing: /home/zheka/Smart-Mobility-Engineering-Lab/ros2_ws/install/turtlesim/share/turtlesim/images/crystal.png
[27.479s] -- Installing: /home/zheka/Smart-Mobility-Engineering-Lab/ros2_ws/install/turtlesim/share/turtlesim/images/rolling.png
[27.479s] -- Installing: /home/zheka/Smart-Mobility-Engineering-Lab/ros2_ws/install/turtlesim/share/turtlesim/images/dashing.png
[27.479s] -- Installing: /home/zheka/Smart-Mobility-Engineering-Lab/ros2_ws/install/turtlesim/share/turtlesim/images/foxy.png
[27.479s] -- Installing: /home/zheka/Smart-Mobility-Engineering-Lab/ros2_ws/install/turtlesim/share/turtlesim/images/bouncy.png
[27.479s] -- Installing: /home/zheka/Smart-Mobility-Engineering-Lab/ros2_ws/install/turtlesim/share/turtlesim/images/eloquent.png
[27.479s] -- Installing: /home/zheka/Smart-Mobility-Engineering-Lab/ros2_ws/install/turtlesim/share/turtlesim/images/galactic.png
[27.479s] -- Installing: /home/zheka/Smart-Mobility-Engineering-Lab/ros2_ws/install/turtlesim/share/turtlesim/images/ardent.png
[27.479s] -- Installing: /home/zheka/Smart-Mobility-Engineering-Lab/ros2_ws/install/turtlesim/share/turtlesim/images/humble.png
[27.480s] -- Installing: /home/zheka/Smart-Mobility-Engineering-Lab/ros2_ws/install/turtlesim/share/turtlesim/launch
[27.480s] -- Installing: /home/zheka/Smart-Mobility-Engineering-Lab/ros2_ws/install/turtlesim/share/turtlesim/launch/multisim.launch.py
[27.480s] -- Installing: /home/zheka/Smart-Mobility-Engineering-Lab/ros2_ws/install/turtlesim/share/ament_index/resource_index/package_run_dependencies/turtlesim
[27.480s] -- Installing: /home/zheka/Smart-Mobility-Engineering-Lab/ros2_ws/install/turtlesim/share/ament_index/resource_index/parent_prefix_path/turtlesim
[27.480s] -- Installing: /home/zheka/Smart-Mobility-Engineering-Lab/ros2_ws/install/turtlesim/share/turtlesim/environment/ament_prefix_path.sh
[27.480s] -- Installing: /home/zheka/Smart-Mobility-Engineering-Lab/ros2_ws/install/turtlesim/share/turtlesim/environment/ament_prefix_path.dsv
[27.480s] -- Installing: /home/zheka/Smart-Mobility-Engineering-Lab/ros2_ws/install/turtlesim/share/turtlesim/environment/path.sh
[27.480s] -- Installing: /home/zheka/Smart-Mobility-Engineering-Lab/ros2_ws/install/turtlesim/share/turtlesim/environment/path.dsv
[27.480s] -- Installing: /home/zheka/Smart-Mobility-Engineering-Lab/ros2_ws/install/turtlesim/share/turtlesim/local_setup.bash
[27.480s] -- Installing: /home/zheka/Smart-Mobility-Engineering-Lab/ros2_ws/install/turtlesim/share/turtlesim/local_setup.sh
[27.480s] -- Installing: /home/zheka/Smart-Mobility-Engineering-Lab/ros2_ws/install/turtlesim/share/turtlesim/local_setup.zsh
[27.481s] -- Installing: /home/zheka/Smart-Mobility-Engineering-Lab/ros2_ws/install/turtlesim/share/turtlesim/local_setup.dsv
[27.481s] -- Installing: /home/zheka/Smart-Mobility-Engineering-Lab/ros2_ws/install/turtlesim/share/turtlesim/package.dsv
[27.481s] -- Installing: /home/zheka/Smart-Mobility-Engineering-Lab/ros2_ws/install/turtlesim/share/ament_index/resource_index/packages/turtlesim
[27.481s] -- Installing: /home/zheka/Smart-Mobility-Engineering-Lab/ros2_ws/install/turtlesim/share/turtlesim/cmake/export_turtlesim__rosidl_generator_cExport.cmake
[27.481s] -- Installing: /home/zheka/Smart-Mobility-Engineering-Lab/ros2_ws/install/turtlesim/share/turtlesim/cmake/export_turtlesim__rosidl_generator_cExport-noconfig.cmake
[27.481s] -- Installing: /home/zheka/Smart-Mobility-Engineering-Lab/ros2_ws/install/turtlesim/share/turtlesim/cmake/export_turtlesim__rosidl_typesupport_fastrtps_cExport.cmake
[27.481s] -- Installing: /home/zheka/Smart-Mobility-Engineering-Lab/ros2_ws/install/turtlesim/share/turtlesim/cmake/export_turtlesim__rosidl_typesupport_fastrtps_cExport-noconfig.cmake
[27.481s] -- Installing: /home/zheka/Smart-Mobility-Engineering-Lab/ros2_ws/install/turtlesim/share/turtlesim/cmake/export_turtlesim__rosidl_generator_cppExport.cmake
[27.481s] -- Installing: /home/zheka/Smart-Mobility-Engineering-Lab/ros2_ws/install/turtlesim/share/turtlesim/cmake/export_turtlesim__rosidl_typesupport_fastrtps_cppExport.cmake
[27.481s] -- Installing: /home/zheka/Smart-Mobility-Engineering-Lab/ros2_ws/install/turtlesim/share/turtlesim/cmake/export_turtlesim__rosidl_typesupport_fastrtps_cppExport-noconfig.cmake
[27.482s] -- Installing: /home/zheka/Smart-Mobility-Engineering-Lab/ros2_ws/install/turtlesim/share/turtlesim/cmake/turtlesim__rosidl_typesupport_introspection_cExport.cmake
[27.482s] -- Installing: /home/zheka/Smart-Mobility-Engineering-Lab/ros2_ws/install/turtlesim/share/turtlesim/cmake/turtlesim__rosidl_typesupport_introspection_cExport-noconfig.cmake
[27.482s] -- Installing: /home/zheka/Smart-Mobility-Engineering-Lab/ros2_ws/install/turtlesim/share/turtlesim/cmake/turtlesim__rosidl_typesupport_cExport.cmake
[27.482s] -- Installing: /home/zheka/Smart-Mobility-Engineering-Lab/ros2_ws/install/turtlesim/share/turtlesim/cmake/turtlesim__rosidl_typesupport_cExport-noconfig.cmake
[27.482s] -- Installing: /home/zheka/Smart-Mobility-Engineering-Lab/ros2_ws/install/turtlesim/share/turtlesim/cmake/turtlesim__rosidl_typesupport_introspection_cppExport.cmake
[27.482s] -- Installing: /home/zheka/Smart-Mobility-Engineering-Lab/ros2_ws/install/turtlesim/share/turtlesim/cmake/turtlesim__rosidl_typesupport_introspection_cppExport-noconfig.cmake
[27.482s] -- Installing: /home/zheka/Smart-Mobility-Engineering-Lab/ros2_ws/install/turtlesim/share/turtlesim/cmake/turtlesim__rosidl_typesupport_cppExport.cmake
[27.482s] -- Installing: /home/zheka/Smart-Mobility-Engineering-Lab/ros2_ws/install/turtlesim/share/turtlesim/cmake/turtlesim__rosidl_typesupport_cppExport-noconfig.cmake
[27.482s] -- Installing: /home/zheka/Smart-Mobility-Engineering-Lab/ros2_ws/install/turtlesim/share/turtlesim/cmake/export_turtlesim__rosidl_generator_pyExport.cmake
[27.482s] -- Installing: /home/zheka/Smart-Mobility-Engineering-Lab/ros2_ws/install/turtlesim/share/turtlesim/cmake/export_turtlesim__rosidl_generator_pyExport-noconfig.cmake
[27.483s] -- Installing: /home/zheka/Smart-Mobility-Engineering-Lab/ros2_ws/install/turtlesim/share/turtlesim/cmake/rosidl_cmake-extras.cmake
[27.483s] -- Installing: /home/zheka/Smart-Mobility-Engineering-Lab/ros2_ws/install/turtlesim/share/turtlesim/cmake/ament_cmake_export_dependencies-extras.cmake
[27.483s] -- Installing: /home/zheka/Smart-Mobility-Engineering-Lab/ros2_ws/install/turtlesim/share/turtlesim/cmake/ament_cmake_export_include_directories-extras.cmake
[27.483s] -- Installing: /home/zheka/Smart-Mobility-Engineering-Lab/ros2_ws/install/turtlesim/share/turtlesim/cmake/ament_cmake_export_libraries-extras.cmake
[27.483s] -- Installing: /home/zheka/Smart-Mobility-Engineering-Lab/ros2_ws/install/turtlesim/share/turtlesim/cmake/ament_cmake_export_targets-extras.cmake
[27.483s] -- Installing: /home/zheka/Smart-Mobility-Engineering-Lab/ros2_ws/install/turtlesim/share/turtlesim/cmake/rosidl_cmake_export_typesupport_targets-extras.cmake
[27.483s] -- Installing: /home/zheka/Smart-Mobility-Engineering-Lab/ros2_ws/install/turtlesim/share/turtlesim/cmake/rosidl_cmake_export_typesupport_libraries-extras.cmake
[27.483s] -- Installing: /home/zheka/Smart-Mobility-Engineering-Lab/ros2_ws/install/turtlesim/share/turtlesim/cmake/turtlesimConfig.cmake
[27.483s] -- Installing: /home/zheka/Smart-Mobility-Engineering-Lab/ros2_ws/install/turtlesim/share/turtlesim/cmake/turtlesimConfig-version.cmake
[27.483s] -- Installing: /home/zheka/Smart-Mobility-Engineering-Lab/ros2_ws/install/turtlesim/share/turtlesim/package.xml
[27.487s] Invoked command in '/home/zheka/Smart-Mobility-Engineering-Lab/ros2_ws/build/turtlesim' returned '0': CMAKE_PREFIX_PATH=/opt/ros/humble /usr/bin/cmake --install /home/zheka/Smart-Mobility-Engineering-Lab/ros2_ws/build/turtlesim
