[0.043s] Invoking command in '/home/zheka/Smart-Mobility-Engineering-Lab/ros2_ws/build/tutorial_interfaces': CMAKE_PREFIX_PATH=/opt/ros/humble /usr/bin/cmake --build /home/zheka/Smart-Mobility-Engineering-Lab/ros2_ws/build/tutorial_interfaces -- -j2 -l2
[0.088s] [ 10%] Built target tutorial_interfaces__rosidl_generator_c
[0.088s] [ 12%] Built target tutorial_interfaces__cpp
[0.118s] [ 12%] Built target ament_cmake_python_copy_tutorial_interfaces
[0.124s] [ 23%] Built target tutorial_interfaces__rosidl_typesupport_fastrtps_cpp
[0.139s] [ 34%] Built target tutorial_interfaces__rosidl_typesupport_introspection_c
[0.150s] [ 44%] Built target tutorial_interfaces__rosidl_typesupport_c
[0.161s] [ 55%] Built target tutorial_interfaces__rosidl_typesupport_introspection_cpp
[0.173s] [ 65%] Built target tutorial_interfaces__rosidl_typesupport_cpp
[0.184s] [ 76%] Built target tutorial_interfaces__rosidl_typesupport_fastrtps_c
[0.230s] [ 76%] Built target tutorial_interfaces
[0.256s] [ 78%] Built target tutorial_interfaces__py
[0.282s] [ 87%] Built target tutorial_interfaces__rosidl_generator_py
[0.299s] [ 91%] Built target tutorial_interfaces__rosidl_typesupport_fastrtps_c__pyext
[0.324s] [ 95%] Built target tutorial_interfaces__rosidl_typesupport_introspection_c__pyext
[0.326s] running egg_info
[0.327s] writing tutorial_interfaces.egg-info/PKG-INFO
[0.327s] writing dependency_links to tutorial_interfaces.egg-info/dependency_links.txt
[0.327s] writing top-level names to tutorial_interfaces.egg-info/top_level.txt
[0.329s] reading manifest file 'tutorial_interfaces.egg-info/SOURCES.txt'
[0.329s] writing manifest file 'tutorial_interfaces.egg-info/SOURCES.txt'
[0.349s] [ 95%] Built target ament_cmake_python_build_tutorial_interfaces_egg
[0.351s] [100%] Built target tutorial_interfaces__rosidl_typesupport_c__pyext
