[0.480s] Invoking command in '/home/zheka/Smart-Mobility-Engineering-Lab/ros2_ws/src/py_pubsub': AMENT_PREFIX_PATH=/home/zheka/Smart-Mobility-Engineering-Lab/ros2_ws/install/tutorial_interfaces:${AMENT_PREFIX_PATH} CMAKE_PREFIX_PATH=/home/zheka/Smart-Mobility-Engineering-Lab/ros2_ws/install/tutorial_interfaces LD_LIBRARY_PATH=/home/zheka/Smart-Mobility-Engineering-Lab/ros2_ws/install/tutorial_interfaces/lib:${LD_LIBRARY_PATH} PYTHONPATH=/home/zheka/Smart-Mobility-Engineering-Lab/ros2_ws/build/py_pubsub/prefix_override:/home/zheka/Smart-Mobility-Engineering-Lab/ros2_ws/install/py_pubsub/lib/python3.10/site-packages:/home/zheka/Smart-Mobility-Engineering-Lab/ros2_ws/install/tutorial_interfaces/local/lib/python3.10/dist-packages:${PYTHONPATH} /usr/bin/python3 setup.py egg_info --egg-base ../../build/py_pubsub build --build-base /home/zheka/Smart-Mobility-Engineering-Lab/ros2_ws/build/py_pubsub/build install --record /home/zheka/Smart-Mobility-Engineering-Lab/ros2_ws/build/py_pubsub/install.log --single-version-externally-managed
[0.604s] running egg_info
[0.604s] writing ../../build/py_pubsub/py_pubsub.egg-info/PKG-INFO
[0.605s] writing dependency_links to ../../build/py_pubsub/py_pubsub.egg-info/dependency_links.txt
[0.605s] writing entry points to ../../build/py_pubsub/py_pubsub.egg-info/entry_points.txt
[0.605s] writing requirements to ../../build/py_pubsub/py_pubsub.egg-info/requires.txt
[0.605s] writing top-level names to ../../build/py_pubsub/py_pubsub.egg-info/top_level.txt
[0.606s] reading manifest file '../../build/py_pubsub/py_pubsub.egg-info/SOURCES.txt'
[0.607s] writing manifest file '../../build/py_pubsub/py_pubsub.egg-info/SOURCES.txt'
[0.607s] running build
[0.607s] running build_py
[0.608s] running install
[0.608s] running install_lib
[0.609s] running install_data
[0.610s] running install_egg_info
[0.611s] removing '/home/zheka/Smart-Mobility-Engineering-Lab/ros2_ws/install/py_pubsub/lib/python3.10/site-packages/py_pubsub-0.0.0-py3.10.egg-info' (and everything under it)
[0.611s] Copying ../../build/py_pubsub/py_pubsub.egg-info to /home/zheka/Smart-Mobility-Engineering-Lab/ros2_ws/install/py_pubsub/lib/python3.10/site-packages/py_pubsub-0.0.0-py3.10.egg-info
[0.612s] running install_scripts
[0.624s] Installing listener script to /home/zheka/Smart-Mobility-Engineering-Lab/ros2_ws/install/py_pubsub/lib/py_pubsub
[0.625s] Installing talker script to /home/zheka/Smart-Mobility-Engineering-Lab/ros2_ws/install/py_pubsub/lib/py_pubsub
[0.625s] writing list of installed files to '/home/zheka/Smart-Mobility-Engineering-Lab/ros2_ws/build/py_pubsub/install.log'
[0.647s] Invoked command in '/home/zheka/Smart-Mobility-Engineering-Lab/ros2_ws/src/py_pubsub' returned '0': AMENT_PREFIX_PATH=/home/zheka/Smart-Mobility-Engineering-Lab/ros2_ws/install/tutorial_interfaces:${AMENT_PREFIX_PATH} CMAKE_PREFIX_PATH=/home/zheka/Smart-Mobility-Engineering-Lab/ros2_ws/install/tutorial_interfaces LD_LIBRARY_PATH=/home/zheka/Smart-Mobility-Engineering-Lab/ros2_ws/install/tutorial_interfaces/lib:${LD_LIBRARY_PATH} PYTHONPATH=/home/zheka/Smart-Mobility-Engineering-Lab/ros2_ws/build/py_pubsub/prefix_override:/home/zheka/Smart-Mobility-Engineering-Lab/ros2_ws/install/py_pubsub/lib/python3.10/site-packages:/home/zheka/Smart-Mobility-Engineering-Lab/ros2_ws/install/tutorial_interfaces/local/lib/python3.10/dist-packages:${PYTHONPATH} /usr/bin/python3 setup.py egg_info --egg-base ../../build/py_pubsub build --build-base /home/zheka/Smart-Mobility-Engineering-Lab/ros2_ws/build/py_pubsub/build install --record /home/zheka/Smart-Mobility-Engineering-Lab/ros2_ws/build/py_pubsub/install.log --single-version-externally-managed
