[0.083s] Invoking command in '/home/risimon/mateEZ/vip1_ws/build/turtlebot3_gazebo': CMAKE_PREFIX_PATH=${CMAKE_PREFIX_PATH}:/home/risimon/turtlebot3_ws/install/turtlebot3_safety:/home/risimon/turtlebot3_ws/install/turtlebot3_battery_status:/home/risimon/tst/install/turtlebot3_safety:/opt/ros/humble /usr/bin/cmake /home/risimon/mateEZ/vip1_ws/src/turtlebot3_simulations/turtlebot3_gazebo -DCMAKE_INSTALL_PREFIX=/home/risimon/mateEZ/vip1_ws/install/turtlebot3_gazebo
[0.192s] -- The C compiler identification is GNU 11.4.0
[0.290s] -- The CXX compiler identification is GNU 11.4.0
[0.302s] -- Detecting C compiler ABI info
[0.398s] -- Detecting C compiler ABI info - done
[0.408s] -- Check for working C compiler: /usr/bin/cc - skipped
[0.408s] -- Detecting C compile features
[0.408s] -- Detecting C compile features - done
[0.412s] -- Detecting CXX compiler ABI info
[0.517s] -- Detecting CXX compiler ABI info - done
[0.526s] -- Check for working CXX compiler: /usr/bin/c++ - skipped
[0.526s] -- Detecting CXX compile features
[0.526s] -- Detecting CXX compile features - done
[0.533s] -- Found ament_cmake: 1.3.6 (/opt/ros/humble/share/ament_cmake/cmake)
[0.770s] -- Found Python3: /usr/bin/python3.10 (found version "3.10.12") found components: Interpreter 
[0.891s] [33mCMake Warning (dev) at /usr/share/cmake-3.22/Modules/FindPackageHandleStandardArgs.cmake:438 (message):
[0.891s]   The package name passed to `find_package_handle_standard_args` (PkgConfig)
[0.891s]   does not match the name of the calling package (gazebo).  This can lead to
[0.891s]   problems in calling code that expects `find_package` result variables
[0.891s]   (e.g., `_FOUND`) to follow a certain pattern.
[0.892s] Call Stack (most recent call first):
[0.892s]   /usr/share/cmake-3.22/Modules/FindPkgConfig.cmake:99 (find_package_handle_standard_args)
[0.892s]   /usr/lib/x86_64-linux-gnu/cmake/gazebo/gazebo-config.cmake:72 (include)
[0.892s]   CMakeLists.txt:23 (find_package)
[0.892s] This warning is for project developers.  Use -Wno-dev to suppress it.
[0.892s] [0m
[0.892s] -- Found PkgConfig: /usr/bin/pkg-config (found version "0.29.2") 
[0.896s] -- Checking for module 'bullet>=2.82'
[0.920s] --   Found bullet, version 3.05
[1.101s] -- Found fcl: /usr/include (found suitable version "0.7.0", minimum required is "0.5.0") 
[1.184s] -- Found assimp: /usr/include (found version "5.2.0") 
[1.216s] -- Found DART: /usr/include (Required is at least version "6.6") found components: dart 
[1.487s] -- Found Boost: /usr/lib/x86_64-linux-gnu/cmake/Boost-1.74.0/BoostConfig.cmake (found suitable version "1.74.0", minimum required is "1.40.0") found components: thread system filesystem program_options regex iostreams date_time 
[1.512s] -- Found Protobuf: /usr/lib/x86_64-linux-gnu/libprotobuf.so (found version "3.12.4") 
[1.521s] -- Looking for ignition-math6 -- found version 6.15.0
[1.531s] -- Searching for dependencies of ignition-math6
[1.534s] -- Looking for OGRE...
[1.534s] -- OGRE_PREFIX_WATCH changed.
[1.542s] -- Checking for module 'OGRE'
[1.563s] --   Found OGRE, version 1.9.0
[1.622s] -- Found Ogre Ghadamon (1.9.0)
[1.636s] -- Found OGRE: optimized;/usr/lib/x86_64-linux-gnu/libOgreMain.so;debug;/usr/lib/x86_64-linux-gnu/libOgreMain.so
[1.646s] -- Looking for OGRE_Paging...
[1.656s] -- Found OGRE_Paging: optimized;/usr/lib/x86_64-linux-gnu/libOgrePaging.so;debug;/usr/lib/x86_64-linux-gnu/libOgrePaging.so
[1.656s] -- Looking for OGRE_Terrain...
[1.663s] -- Found OGRE_Terrain: optimized;/usr/lib/x86_64-linux-gnu/libOgreTerrain.so;debug;/usr/lib/x86_64-linux-gnu/libOgreTerrain.so
[1.663s] -- Looking for OGRE_Property...
[1.670s] -- Found OGRE_Property: optimized;/usr/lib/x86_64-linux-gnu/libOgreProperty.so;debug;/usr/lib/x86_64-linux-gnu/libOgreProperty.so
[1.670s] -- Looking for OGRE_RTShaderSystem...
[1.678s] -- Found OGRE_RTShaderSystem: optimized;/usr/lib/x86_64-linux-gnu/libOgreRTShaderSystem.so;debug;/usr/lib/x86_64-linux-gnu/libOgreRTShaderSystem.so
[1.678s] -- Looking for OGRE_Volume...
[1.685s] -- Found OGRE_Volume: optimized;/usr/lib/x86_64-linux-gnu/libOgreVolume.so;debug;/usr/lib/x86_64-linux-gnu/libOgreVolume.so
[1.685s] -- Looking for OGRE_Overlay...
[1.692s] -- Found OGRE_Overlay: optimized;/usr/lib/x86_64-linux-gnu/libOgreOverlay.so;debug;/usr/lib/x86_64-linux-gnu/libOgreOverlay.so
[1.864s] -- Looking for ignition-math6 -- found version 6.15.0
[1.867s] -- Looking for ignition-transport8 -- found version 8.2.1
[1.868s] -- Searching for dependencies of ignition-transport8
[1.895s] -- Found Protobuf: /usr/lib/x86_64-linux-gnu/libprotobuf.so (found suitable version "3.12.4", minimum required is "3") 
[1.911s] -- Config-file not installed for ZeroMQ -- checking for pkg-config
[1.918s] -- Checking for module 'libzmq >= 4'
[1.945s] --   Found libzmq , version 4.3.4
[2.017s] -- Found ZeroMQ: TRUE (Required is at least version "4") 
[2.024s] -- Checking for module 'uuid'
[2.049s] --   Found uuid, version 2.37.2
[2.120s] -- Found UUID: TRUE  
[2.124s] -- Looking for ignition-msgs5 -- found version 5.8.1
[2.124s] -- Searching for dependencies of ignition-msgs5
[2.153s] -- Looking for ignition-math6 -- found version 6.15.0
[2.160s] -- Checking for module 'tinyxml2'
[2.185s] --   Found tinyxml2, version 9.0.0
[2.254s] -- Looking for ignition-msgs5 -- found version 5.8.1
[2.258s] -- Looking for ignition-common3 -- found version 3.14.0
[2.259s] -- Searching for dependencies of ignition-common3
[2.259s] -- Looking for dlfcn.h - found
[2.260s] -- Looking for libdl - found
[2.262s] -- Found DL: TRUE  
[2.278s] -- Found tinyobjloader: /usr/lib/x86_64-linux-gnu/cmake/tinyobjloader/tinyobjloader-config.cmake (found version "2.0.0") 
[2.278s] -- Searching for <ignition-common3> component [graphics]
[2.282s] -- Looking for ignition-common3-graphics -- found version 3.14.0
[2.282s] -- Searching for dependencies of ignition-common3-graphics
[2.283s] -- Looking for ignition-math6 -- found version 6.15.0
[2.287s] -- Looking for ignition-fuel_tools4 -- found version 4.4.0
[2.288s] -- Searching for dependencies of ignition-fuel_tools4
[2.439s] -- Found CURL: /usr/lib/x86_64-linux-gnu/libcurl.so (found version "7.81.0")  
[2.456s] -- Checking for module 'jsoncpp'
[2.481s] --   Found jsoncpp, version 1.9.5
[2.555s] -- Found JSONCPP: TRUE  
[2.565s] -- Checking for module 'libzip'
[2.590s] --   Found libzip, version 1.7.3
[2.656s] -- Found ZIP: TRUE  
[2.657s] -- Looking for ignition-common3 -- found version 3.14.0
[2.657s] -- Looking for ignition-math6 -- found version 6.15.0
[2.657s] -- Looking for ignition-msgs5 -- found version 5.8.1
[2.667s] -- Found gazebo_ros_pkgs: 3.7.0 (/opt/ros/humble/share/gazebo_ros_pkgs/cmake)
[2.670s] -- Found geometry_msgs: 4.2.3 (/opt/ros/humble/share/geometry_msgs/cmake)
[2.713s] -- Found rosidl_generator_c: 3.1.5 (/opt/ros/humble/share/rosidl_generator_c/cmake)
[2.721s] -- Found rosidl_adapter: 3.1.5 (/opt/ros/humble/share/rosidl_adapter/cmake)
[2.732s] -- Found rosidl_generator_cpp: 3.1.5 (/opt/ros/humble/share/rosidl_generator_cpp/cmake)
[2.749s] -- Using all available rosidl_typesupport_c: rosidl_typesupport_fastrtps_c;rosidl_typesupport_introspection_c
[2.774s] -- Using all available rosidl_typesupport_cpp: rosidl_typesupport_fastrtps_cpp;rosidl_typesupport_introspection_cpp
[2.904s] -- Found nav_msgs: 4.2.3 (/opt/ros/humble/share/nav_msgs/cmake)
[2.994s] -- Found rclcpp: 16.0.7 (/opt/ros/humble/share/rclcpp/cmake)
[3.068s] -- Found rmw_implementation_cmake: 6.1.1 (/opt/ros/humble/share/rmw_implementation_cmake/cmake)
[3.073s] -- Found rmw_fastrtps_cpp: 6.2.5 (/opt/ros/humble/share/rmw_fastrtps_cpp/cmake)
[3.271s] -- Found OpenSSL: /usr/lib/x86_64-linux-gnu/libcrypto.so (found version "3.0.2")  
[3.309s] -- Found FastRTPS: /opt/ros/humble/include  
[3.384s] -- Using RMW implementation 'rmw_fastrtps_cpp' as default
[3.399s] -- Found Threads: TRUE  
[3.542s] -- Found sensor_msgs: 4.2.3 (/opt/ros/humble/share/sensor_msgs/cmake)
[3.635s] -- Found tf2: 0.25.5 (/opt/ros/humble/share/tf2/cmake)
[3.758s] -- Configuring done
[3.815s] -- Generating done
[3.818s] -- Build files have been written to: /home/risimon/mateEZ/vip1_ws/build/turtlebot3_gazebo
[3.838s] Invoked command in '/home/risimon/mateEZ/vip1_ws/build/turtlebot3_gazebo' returned '0': CMAKE_PREFIX_PATH=${CMAKE_PREFIX_PATH}:/home/risimon/turtlebot3_ws/install/turtlebot3_safety:/home/risimon/turtlebot3_ws/install/turtlebot3_battery_status:/home/risimon/tst/install/turtlebot3_safety:/opt/ros/humble /usr/bin/cmake /home/risimon/mateEZ/vip1_ws/src/turtlebot3_simulations/turtlebot3_gazebo -DCMAKE_INSTALL_PREFIX=/home/risimon/mateEZ/vip1_ws/install/turtlebot3_gazebo
[3.841s] Invoking command in '/home/risimon/mateEZ/vip1_ws/build/turtlebot3_gazebo': CMAKE_PREFIX_PATH=${CMAKE_PREFIX_PATH}:/home/risimon/turtlebot3_ws/install/turtlebot3_safety:/home/risimon/turtlebot3_ws/install/turtlebot3_battery_status:/home/risimon/tst/install/turtlebot3_safety:/opt/ros/humble /usr/bin/cmake --build /home/risimon/mateEZ/vip1_ws/build/turtlebot3_gazebo -- -j8 -l8
[3.914s] [ 12%] [32mBuilding CXX object CMakeFiles/obstacle2.dir/models/turtlebot3_dqn_world/obstacle_plugin/obstacle2.cc.o[0m
[3.916s] [ 37%] [32mBuilding CXX object CMakeFiles/turtlebot3_drive.dir/src/turtlebot3_drive.cpp.o[0m
[3.917s] [ 37%] [32mBuilding CXX object CMakeFiles/obstacles.dir/models/turtlebot3_dqn_world/obstacle_plugin/obstacles.cc.o[0m
[3.922s] [ 50%] [32mBuilding CXX object CMakeFiles/obstacle1.dir/models/turtlebot3_dqn_world/obstacle_plugin/obstacle1.cc.o[0m
[18.862s] [ 62%] [32m[1mLinking CXX executable turtlebot3_drive[0m
[19.242s] [ 75%] [32m[1mLinking CXX shared library libobstacles.so[0m
[19.632s] [ 75%] Built target obstacles
[19.707s] [ 75%] Built target turtlebot3_drive
[21.433s] [ 87%] [32m[1mLinking CXX shared library libobstacle2.so[0m
[21.484s] [100%] [32m[1mLinking CXX shared library libobstacle1.so[0m
[21.772s] [100%] Built target obstacle2
[21.813s] [100%] Built target obstacle1
[21.829s] Invoked command in '/home/risimon/mateEZ/vip1_ws/build/turtlebot3_gazebo' returned '0': CMAKE_PREFIX_PATH=${CMAKE_PREFIX_PATH}:/home/risimon/turtlebot3_ws/install/turtlebot3_safety:/home/risimon/turtlebot3_ws/install/turtlebot3_battery_status:/home/risimon/tst/install/turtlebot3_safety:/opt/ros/humble /usr/bin/cmake --build /home/risimon/mateEZ/vip1_ws/build/turtlebot3_gazebo -- -j8 -l8
[21.897s] Invoking command in '/home/risimon/mateEZ/vip1_ws/build/turtlebot3_gazebo': CMAKE_PREFIX_PATH=${CMAKE_PREFIX_PATH}:/home/risimon/turtlebot3_ws/install/turtlebot3_safety:/home/risimon/turtlebot3_ws/install/turtlebot3_battery_status:/home/risimon/tst/install/turtlebot3_safety:/opt/ros/humble /usr/bin/cmake --install /home/risimon/mateEZ/vip1_ws/build/turtlebot3_gazebo
[21.907s] -- Install configuration: ""
[21.908s] -- Installing: /home/risimon/mateEZ/vip1_ws/install/turtlebot3_gazebo/lib/turtlebot3_gazebo/turtlebot3_drive
[21.917s] -- Set runtime path of "/home/risimon/mateEZ/vip1_ws/install/turtlebot3_gazebo/lib/turtlebot3_gazebo/turtlebot3_drive" to ""
[21.918s] -- Installing: /home/risimon/mateEZ/vip1_ws/install/turtlebot3_gazebo/share/turtlebot3_gazebo//launch
[21.918s] -- Installing: /home/risimon/mateEZ/vip1_ws/install/turtlebot3_gazebo/share/turtlebot3_gazebo//launch/turtlebot3_house.launch.py
[21.918s] -- Installing: /home/risimon/mateEZ/vip1_ws/install/turtlebot3_gazebo/share/turtlebot3_gazebo//launch/turtlebot3_dqn_stage1.launch.py
[21.918s] -- Installing: /home/risimon/mateEZ/vip1_ws/install/turtlebot3_gazebo/share/turtlebot3_gazebo//launch/empty_world.launch.py
[21.918s] -- Installing: /home/risimon/mateEZ/vip1_ws/install/turtlebot3_gazebo/share/turtlebot3_gazebo//launch/robot_state_publisher.launch.py
[21.918s] -- Installing: /home/risimon/mateEZ/vip1_ws/install/turtlebot3_gazebo/share/turtlebot3_gazebo//launch/turtlebot3_dqn_stage3.launch.py
[21.918s] -- Installing: /home/risimon/mateEZ/vip1_ws/install/turtlebot3_gazebo/share/turtlebot3_gazebo//launch/turtlebot3_dqn_stage4.launch.py
[21.918s] -- Installing: /home/risimon/mateEZ/vip1_ws/install/turtlebot3_gazebo/share/turtlebot3_gazebo//launch/spawn_turtlebot3.launch.py
[21.919s] -- Installing: /home/risimon/mateEZ/vip1_ws/install/turtlebot3_gazebo/share/turtlebot3_gazebo//launch/turtlebot3_world.launch.py
[21.919s] -- Installing: /home/risimon/mateEZ/vip1_ws/install/turtlebot3_gazebo/share/turtlebot3_gazebo//launch/turtlebot3_dqn_stage2.launch.py
[21.919s] -- Installing: /home/risimon/mateEZ/vip1_ws/install/turtlebot3_gazebo/share/turtlebot3_gazebo//models
[21.919s] -- Installing: /home/risimon/mateEZ/vip1_ws/install/turtlebot3_gazebo/share/turtlebot3_gazebo//models/turtlebot3_common
[21.919s] -- Installing: /home/risimon/mateEZ/vip1_ws/install/turtlebot3_gazebo/share/turtlebot3_gazebo//models/turtlebot3_common/model.config
[21.919s] -- Installing: /home/risimon/mateEZ/vip1_ws/install/turtlebot3_gazebo/share/turtlebot3_gazebo//models/turtlebot3_common/meshes
[21.919s] -- Installing: /home/risimon/mateEZ/vip1_ws/install/turtlebot3_gazebo/share/turtlebot3_gazebo//models/turtlebot3_common/meshes/burger_base.dae
[21.919s] -- Installing: /home/risimon/mateEZ/vip1_ws/install/turtlebot3_gazebo/share/turtlebot3_gazebo//models/turtlebot3_common/meshes/waffle_base.dae
[21.919s] -- Installing: /home/risimon/mateEZ/vip1_ws/install/turtlebot3_gazebo/share/turtlebot3_gazebo//models/turtlebot3_common/meshes/waffle_pi_base.dae
[21.919s] -- Installing: /home/risimon/mateEZ/vip1_ws/install/turtlebot3_gazebo/share/turtlebot3_gazebo//models/turtlebot3_common/meshes/r200.dae
[21.920s] -- Installing: /home/risimon/mateEZ/vip1_ws/install/turtlebot3_gazebo/share/turtlebot3_gazebo//models/turtlebot3_common/meshes/lds.dae
[21.920s] -- Installing: /home/risimon/mateEZ/vip1_ws/install/turtlebot3_gazebo/share/turtlebot3_gazebo//models/turtlebot3_common/meshes/tire.dae
[21.920s] -- Installing: /home/risimon/mateEZ/vip1_ws/install/turtlebot3_gazebo/share/turtlebot3_gazebo//models/turtlebot3_waffle
[21.921s] -- Installing: /home/risimon/mateEZ/vip1_ws/install/turtlebot3_gazebo/share/turtlebot3_gazebo//models/turtlebot3_waffle/model.config
[21.921s] -- Installing: /home/risimon/mateEZ/vip1_ws/install/turtlebot3_gazebo/share/turtlebot3_gazebo//models/turtlebot3_waffle/model.sdf
[21.921s] -- Installing: /home/risimon/mateEZ/vip1_ws/install/turtlebot3_gazebo/share/turtlebot3_gazebo//models/turtlebot3_waffle/model-1_4.sdf
[21.921s] -- Installing: /home/risimon/mateEZ/vip1_ws/install/turtlebot3_gazebo/share/turtlebot3_gazebo//models/turtlebot3_house
[21.921s] -- Installing: /home/risimon/mateEZ/vip1_ws/install/turtlebot3_gazebo/share/turtlebot3_gazebo//models/turtlebot3_house/model.config
[21.921s] -- Installing: /home/risimon/mateEZ/vip1_ws/install/turtlebot3_gazebo/share/turtlebot3_gazebo//models/turtlebot3_house/model.sdf
[21.922s] -- Installing: /home/risimon/mateEZ/vip1_ws/install/turtlebot3_gazebo/share/turtlebot3_gazebo//models/turtlebot3_world
[21.922s] -- Installing: /home/risimon/mateEZ/vip1_ws/install/turtlebot3_gazebo/share/turtlebot3_gazebo//models/turtlebot3_world/model.config
[21.922s] -- Installing: /home/risimon/mateEZ/vip1_ws/install/turtlebot3_gazebo/share/turtlebot3_gazebo//models/turtlebot3_world/meshes
[21.922s] -- Installing: /home/risimon/mateEZ/vip1_ws/install/turtlebot3_gazebo/share/turtlebot3_gazebo//models/turtlebot3_world/meshes/hexagon.dae
[21.922s] -- Installing: /home/risimon/mateEZ/vip1_ws/install/turtlebot3_gazebo/share/turtlebot3_gazebo//models/turtlebot3_world/meshes/wall.dae
[21.922s] -- Installing: /home/risimon/mateEZ/vip1_ws/install/turtlebot3_gazebo/share/turtlebot3_gazebo//models/turtlebot3_world/model.sdf
[21.923s] -- Installing: /home/risimon/mateEZ/vip1_ws/install/turtlebot3_gazebo/share/turtlebot3_gazebo//models/turtlebot3_world/model-1_4.sdf
[21.923s] -- Installing: /home/risimon/mateEZ/vip1_ws/install/turtlebot3_gazebo/share/turtlebot3_gazebo//models/turtlebot3_waffle_pi
[21.923s] -- Installing: /home/risimon/mateEZ/vip1_ws/install/turtlebot3_gazebo/share/turtlebot3_gazebo//models/turtlebot3_waffle_pi/model.config
[21.923s] -- Installing: /home/risimon/mateEZ/vip1_ws/install/turtlebot3_gazebo/share/turtlebot3_gazebo//models/turtlebot3_waffle_pi/model-1_4_.sdf
[21.923s] -- Installing: /home/risimon/mateEZ/vip1_ws/install/turtlebot3_gazebo/share/turtlebot3_gazebo//models/turtlebot3_waffle_pi/model.sdf
[21.924s] -- Installing: /home/risimon/mateEZ/vip1_ws/install/turtlebot3_gazebo/share/turtlebot3_gazebo//models/turtlebot3_burger
[21.924s] -- Installing: /home/risimon/mateEZ/vip1_ws/install/turtlebot3_gazebo/share/turtlebot3_gazebo//models/turtlebot3_burger/model.config
[21.924s] -- Installing: /home/risimon/mateEZ/vip1_ws/install/turtlebot3_gazebo/share/turtlebot3_gazebo//models/turtlebot3_burger/model.sdf
[21.924s] -- Installing: /home/risimon/mateEZ/vip1_ws/install/turtlebot3_gazebo/share/turtlebot3_gazebo//models/turtlebot3_burger/model-1_4.sdf
[21.925s] -- Installing: /home/risimon/mateEZ/vip1_ws/install/turtlebot3_gazebo/share/turtlebot3_gazebo//models/turtlebot3_dqn_world
[21.925s] -- Installing: /home/risimon/mateEZ/vip1_ws/install/turtlebot3_gazebo/share/turtlebot3_gazebo//models/turtlebot3_dqn_world/goal_box
[21.925s] -- Installing: /home/risimon/mateEZ/vip1_ws/install/turtlebot3_gazebo/share/turtlebot3_gazebo//models/turtlebot3_dqn_world/goal_box/model.config
[21.925s] -- Installing: /home/risimon/mateEZ/vip1_ws/install/turtlebot3_gazebo/share/turtlebot3_gazebo//models/turtlebot3_dqn_world/goal_box/model.sdf
[21.925s] -- Installing: /home/risimon/mateEZ/vip1_ws/install/turtlebot3_gazebo/share/turtlebot3_gazebo//models/turtlebot3_dqn_world/model.config
[21.926s] -- Installing: /home/risimon/mateEZ/vip1_ws/install/turtlebot3_gazebo/share/turtlebot3_gazebo//models/turtlebot3_dqn_world/obstacle_plugin
[21.926s] -- Installing: /home/risimon/mateEZ/vip1_ws/install/turtlebot3_gazebo/share/turtlebot3_gazebo//models/turtlebot3_dqn_world/obstacle_plugin/CMakeLists.txt
[21.926s] -- Installing: /home/risimon/mateEZ/vip1_ws/install/turtlebot3_gazebo/share/turtlebot3_gazebo//models/turtlebot3_dqn_world/obstacle_plugin/obstacle1.cc
[21.926s] -- Installing: /home/risimon/mateEZ/vip1_ws/install/turtlebot3_gazebo/share/turtlebot3_gazebo//models/turtlebot3_dqn_world/obstacle_plugin/obstacle2.cc
[21.927s] -- Installing: /home/risimon/mateEZ/vip1_ws/install/turtlebot3_gazebo/share/turtlebot3_gazebo//models/turtlebot3_dqn_world/obstacle_plugin/obstacles.cc
[21.927s] -- Installing: /home/risimon/mateEZ/vip1_ws/install/turtlebot3_gazebo/share/turtlebot3_gazebo//models/turtlebot3_dqn_world/obstacle2
[21.927s] -- Installing: /home/risimon/mateEZ/vip1_ws/install/turtlebot3_gazebo/share/turtlebot3_gazebo//models/turtlebot3_dqn_world/obstacle2/model.config
[21.927s] -- Installing: /home/risimon/mateEZ/vip1_ws/install/turtlebot3_gazebo/share/turtlebot3_gazebo//models/turtlebot3_dqn_world/obstacle2/model.sdf
[21.927s] -- Installing: /home/risimon/mateEZ/vip1_ws/install/turtlebot3_gazebo/share/turtlebot3_gazebo//models/turtlebot3_dqn_world/obstacle1
[21.928s] -- Installing: /home/risimon/mateEZ/vip1_ws/install/turtlebot3_gazebo/share/turtlebot3_gazebo//models/turtlebot3_dqn_world/obstacle1/model.config
[21.928s] -- Installing: /home/risimon/mateEZ/vip1_ws/install/turtlebot3_gazebo/share/turtlebot3_gazebo//models/turtlebot3_dqn_world/obstacle1/model.sdf
[21.928s] -- Installing: /home/risimon/mateEZ/vip1_ws/install/turtlebot3_gazebo/share/turtlebot3_gazebo//models/turtlebot3_dqn_world/model.sdf
[21.928s] -- Installing: /home/risimon/mateEZ/vip1_ws/install/turtlebot3_gazebo/share/turtlebot3_gazebo//models/turtlebot3_dqn_world/inner_walls
[21.929s] -- Installing: /home/risimon/mateEZ/vip1_ws/install/turtlebot3_gazebo/share/turtlebot3_gazebo//models/turtlebot3_dqn_world/inner_walls/model.config
[21.929s] -- Installing: /home/risimon/mateEZ/vip1_ws/install/turtlebot3_gazebo/share/turtlebot3_gazebo//models/turtlebot3_dqn_world/inner_walls/model.sdf
[21.929s] -- Installing: /home/risimon/mateEZ/vip1_ws/install/turtlebot3_gazebo/share/turtlebot3_gazebo//models/turtlebot3_dqn_world/obstacles
[21.929s] -- Installing: /home/risimon/mateEZ/vip1_ws/install/turtlebot3_gazebo/share/turtlebot3_gazebo//models/turtlebot3_dqn_world/obstacles/model.config
[21.929s] -- Installing: /home/risimon/mateEZ/vip1_ws/install/turtlebot3_gazebo/share/turtlebot3_gazebo//models/turtlebot3_dqn_world/obstacles/model.sdf
[21.929s] -- Installing: /home/risimon/mateEZ/vip1_ws/install/turtlebot3_gazebo/share/turtlebot3_gazebo//rviz
[21.930s] -- Installing: /home/risimon/mateEZ/vip1_ws/install/turtlebot3_gazebo/share/turtlebot3_gazebo//rviz/tb3_gazebo.rviz
[21.930s] -- Installing: /home/risimon/mateEZ/vip1_ws/install/turtlebot3_gazebo/share/turtlebot3_gazebo//urdf
[21.930s] -- Installing: /home/risimon/mateEZ/vip1_ws/install/turtlebot3_gazebo/share/turtlebot3_gazebo//urdf/turtlebot3_waffle_pi.urdf
[21.930s] -- Installing: /home/risimon/mateEZ/vip1_ws/install/turtlebot3_gazebo/share/turtlebot3_gazebo//urdf/turtlebot3_waffle.urdf
[21.930s] -- Installing: /home/risimon/mateEZ/vip1_ws/install/turtlebot3_gazebo/share/turtlebot3_gazebo//urdf/common_properties.urdf
[21.930s] -- Installing: /home/risimon/mateEZ/vip1_ws/install/turtlebot3_gazebo/share/turtlebot3_gazebo//urdf/turtlebot3_burger.urdf
[21.930s] -- Installing: /home/risimon/mateEZ/vip1_ws/install/turtlebot3_gazebo/share/turtlebot3_gazebo//worlds
[21.931s] -- Installing: /home/risimon/mateEZ/vip1_ws/install/turtlebot3_gazebo/share/turtlebot3_gazebo//worlds/turtlebot3_dqn_stage2.world
[21.931s] -- Installing: /home/risimon/mateEZ/vip1_ws/install/turtlebot3_gazebo/share/turtlebot3_gazebo//worlds/turtlebot3_world.world
[21.931s] -- Installing: /home/risimon/mateEZ/vip1_ws/install/turtlebot3_gazebo/share/turtlebot3_gazebo//worlds/turtlebot3_dqn_stage1.world
[21.931s] -- Installing: /home/risimon/mateEZ/vip1_ws/install/turtlebot3_gazebo/share/turtlebot3_gazebo//worlds/turtlebot3_dqn_stage4.world
[21.931s] -- Installing: /home/risimon/mateEZ/vip1_ws/install/turtlebot3_gazebo/share/turtlebot3_gazebo//worlds/turtlebot3_dqn_stage3.world
[21.931s] -- Installing: /home/risimon/mateEZ/vip1_ws/install/turtlebot3_gazebo/share/turtlebot3_gazebo//worlds/turtlebot3_house.world
[21.931s] -- Installing: /home/risimon/mateEZ/vip1_ws/install/turtlebot3_gazebo/share/turtlebot3_gazebo//worlds/empty_world.world
[21.932s] -- Installing: /home/risimon/mateEZ/vip1_ws/install/turtlebot3_gazebo/include/
[21.932s] -- Installing: /home/risimon/mateEZ/vip1_ws/install/turtlebot3_gazebo/include//turtlebot3_gazebo
[21.932s] -- Installing: /home/risimon/mateEZ/vip1_ws/install/turtlebot3_gazebo/include//turtlebot3_gazebo/turtlebot3_drive.hpp
[21.932s] -- Installing: /home/risimon/mateEZ/vip1_ws/install/turtlebot3_gazebo/share/ament_index/resource_index/package_run_dependencies/turtlebot3_gazebo
[21.932s] -- Installing: /home/risimon/mateEZ/vip1_ws/install/turtlebot3_gazebo/share/ament_index/resource_index/parent_prefix_path/turtlebot3_gazebo
[21.932s] -- Installing: /home/risimon/mateEZ/vip1_ws/install/turtlebot3_gazebo/share/turtlebot3_gazebo/environment/ament_prefix_path.sh
[21.932s] -- Installing: /home/risimon/mateEZ/vip1_ws/install/turtlebot3_gazebo/share/turtlebot3_gazebo/environment/ament_prefix_path.dsv
[21.933s] -- Installing: /home/risimon/mateEZ/vip1_ws/install/turtlebot3_gazebo/share/turtlebot3_gazebo/environment/path.sh
[21.933s] -- Installing: /home/risimon/mateEZ/vip1_ws/install/turtlebot3_gazebo/share/turtlebot3_gazebo/environment/path.dsv
[21.933s] -- Installing: /home/risimon/mateEZ/vip1_ws/install/turtlebot3_gazebo/share/turtlebot3_gazebo/local_setup.bash
[21.933s] -- Installing: /home/risimon/mateEZ/vip1_ws/install/turtlebot3_gazebo/share/turtlebot3_gazebo/local_setup.sh
[21.933s] -- Installing: /home/risimon/mateEZ/vip1_ws/install/turtlebot3_gazebo/share/turtlebot3_gazebo/local_setup.zsh
[21.933s] -- Installing: /home/risimon/mateEZ/vip1_ws/install/turtlebot3_gazebo/share/turtlebot3_gazebo/local_setup.dsv
[21.934s] -- Installing: /home/risimon/mateEZ/vip1_ws/install/turtlebot3_gazebo/share/turtlebot3_gazebo/package.dsv
[21.934s] -- Installing: /home/risimon/mateEZ/vip1_ws/install/turtlebot3_gazebo/share/ament_index/resource_index/packages/turtlebot3_gazebo
[21.934s] -- Installing: /home/risimon/mateEZ/vip1_ws/install/turtlebot3_gazebo/share/turtlebot3_gazebo/cmake/ament_cmake_export_include_directories-extras.cmake
[21.934s] -- Installing: /home/risimon/mateEZ/vip1_ws/install/turtlebot3_gazebo/share/turtlebot3_gazebo/cmake/ament_cmake_export_dependencies-extras.cmake
[21.934s] -- Installing: /home/risimon/mateEZ/vip1_ws/install/turtlebot3_gazebo/share/turtlebot3_gazebo/cmake/turtlebot3_gazeboConfig.cmake
[21.935s] -- Installing: /home/risimon/mateEZ/vip1_ws/install/turtlebot3_gazebo/share/turtlebot3_gazebo/cmake/turtlebot3_gazeboConfig-version.cmake
[21.935s] -- Installing: /home/risimon/mateEZ/vip1_ws/install/turtlebot3_gazebo/share/turtlebot3_gazebo/package.xml
[21.939s] Invoked command in '/home/risimon/mateEZ/vip1_ws/build/turtlebot3_gazebo' returned '0': CMAKE_PREFIX_PATH=${CMAKE_PREFIX_PATH}:/home/risimon/turtlebot3_ws/install/turtlebot3_safety:/home/risimon/turtlebot3_ws/install/turtlebot3_battery_status:/home/risimon/tst/install/turtlebot3_safety:/opt/ros/humble /usr/bin/cmake --install /home/risimon/mateEZ/vip1_ws/build/turtlebot3_gazebo
