[0.612s] Invoking command in '/home/zheka/Smart-Mobility-Engineering-Lab/launch_ws/src/launch_tutorial': PYTHONPATH=/home/zheka/Smart-Mobility-Engineering-Lab/launch_ws/build/launch_tutorial/prefix_override:/home/zheka/Smart-Mobility-Engineering-Lab/launch_ws/install/launch_tutorial/lib/python3.10/site-packages:${PYTHONPATH} /usr/bin/python3 setup.py egg_info --egg-base ../../build/launch_tutorial build --build-base /home/zheka/Smart-Mobility-Engineering-Lab/launch_ws/build/launch_tutorial/build install --record /home/zheka/Smart-Mobility-Engineering-Lab/launch_ws/build/launch_tutorial/install.log --single-version-externally-managed
[0.789s] running egg_info
[0.789s] creating ../../build/launch_tutorial/launch_tutorial.egg-info
[0.789s] writing ../../build/launch_tutorial/launch_tutorial.egg-info/PKG-INFO
[0.790s] writing dependency_links to ../../build/launch_tutorial/launch_tutorial.egg-info/dependency_links.txt
[0.790s] writing entry points to ../../build/launch_tutorial/launch_tutorial.egg-info/entry_points.txt
[0.790s] writing requirements to ../../build/launch_tutorial/launch_tutorial.egg-info/requires.txt
[0.790s] writing top-level names to ../../build/launch_tutorial/launch_tutorial.egg-info/top_level.txt
[0.790s] writing manifest file '../../build/launch_tutorial/launch_tutorial.egg-info/SOURCES.txt'
[0.791s] reading manifest file '../../build/launch_tutorial/launch_tutorial.egg-info/SOURCES.txt'
[0.793s] writing manifest file '../../build/launch_tutorial/launch_tutorial.egg-info/SOURCES.txt'
[0.793s] running build
[0.793s] running build_py
[0.793s] creating /home/zheka/Smart-Mobility-Engineering-Lab/launch_ws/build/launch_tutorial/build
[0.793s] creating /home/zheka/Smart-Mobility-Engineering-Lab/launch_ws/build/launch_tutorial/build/lib
[0.793s] creating /home/zheka/Smart-Mobility-Engineering-Lab/launch_ws/build/launch_tutorial/build/lib/launch_tutorial
[0.794s] copying launch_tutorial/__init__.py -> /home/zheka/Smart-Mobility-Engineering-Lab/launch_ws/build/launch_tutorial/build/lib/launch_tutorial
[0.794s] running install
[0.794s] running install_lib
[0.795s] creating /home/zheka/Smart-Mobility-Engineering-Lab/launch_ws/install/launch_tutorial/lib/python3.10/site-packages/launch_tutorial
[0.795s] copying /home/zheka/Smart-Mobility-Engineering-Lab/launch_ws/build/launch_tutorial/build/lib/launch_tutorial/__init__.py -> /home/zheka/Smart-Mobility-Engineering-Lab/launch_ws/install/launch_tutorial/lib/python3.10/site-packages/launch_tutorial
[0.795s] byte-compiling /home/zheka/Smart-Mobility-Engineering-Lab/launch_ws/install/launch_tutorial/lib/python3.10/site-packages/launch_tutorial/__init__.py to __init__.cpython-310.pyc
[0.795s] running install_data
[0.796s] creating /home/zheka/Smart-Mobility-Engineering-Lab/launch_ws/install/launch_tutorial/share/ament_index
[0.796s] creating /home/zheka/Smart-Mobility-Engineering-Lab/launch_ws/install/launch_tutorial/share/ament_index/resource_index
[0.796s] creating /home/zheka/Smart-Mobility-Engineering-Lab/launch_ws/install/launch_tutorial/share/ament_index/resource_index/packages
[0.796s] copying resource/launch_tutorial -> /home/zheka/Smart-Mobility-Engineering-Lab/launch_ws/install/launch_tutorial/share/ament_index/resource_index/packages
[0.796s] copying package.xml -> /home/zheka/Smart-Mobility-Engineering-Lab/launch_ws/install/launch_tutorial/share/launch_tutorial
[0.796s] creating /home/zheka/Smart-Mobility-Engineering-Lab/launch_ws/install/launch_tutorial/share/launch_tutorial/launch
[0.796s] copying launch/example_substitutions.launch.py -> /home/zheka/Smart-Mobility-Engineering-Lab/launch_ws/install/launch_tutorial/share/launch_tutorial/launch
[0.796s] copying launch/example_main.launch.py -> /home/zheka/Smart-Mobility-Engineering-Lab/launch_ws/install/launch_tutorial/share/launch_tutorial/launch
[0.797s] running install_egg_info
[0.798s] Copying ../../build/launch_tutorial/launch_tutorial.egg-info to /home/zheka/Smart-Mobility-Engineering-Lab/launch_ws/install/launch_tutorial/lib/python3.10/site-packages/launch_tutorial-0.0.0-py3.10.egg-info
[0.798s] running install_scripts
[0.811s] writing list of installed files to '/home/zheka/Smart-Mobility-Engineering-Lab/launch_ws/build/launch_tutorial/install.log'
[0.844s] Invoked command in '/home/zheka/Smart-Mobility-Engineering-Lab/launch_ws/src/launch_tutorial' returned '0': PYTHONPATH=/home/zheka/Smart-Mobility-Engineering-Lab/launch_ws/build/launch_tutorial/prefix_override:/home/zheka/Smart-Mobility-Engineering-Lab/launch_ws/install/launch_tutorial/lib/python3.10/site-packages:${PYTHONPATH} /usr/bin/python3 setup.py egg_info --egg-base ../../build/launch_tutorial build --build-base /home/zheka/Smart-Mobility-Engineering-Lab/launch_ws/build/launch_tutorial/build install --record /home/zheka/Smart-Mobility-Engineering-Lab/launch_ws/build/launch_tutorial/install.log --single-version-externally-managed
