[0.462s] Invoking command in '/home/zheka/Smart-Mobility-Engineering-Lab/ros2_ws/src/py_pubsub': AMENT_PREFIX_PATH=/home/zheka/Smart-Mobility-Engineering-Lab/ros2_ws/install/tutorial_interfaces:${AMENT_PREFIX_PATH} CMAKE_PREFIX_PATH=/home/zheka/Smart-Mobility-Engineering-Lab/ros2_ws/install/tutorial_interfaces LD_LIBRARY_PATH=/home/zheka/Smart-Mobility-Engineering-Lab/ros2_ws/install/tutorial_interfaces/lib:${LD_LIBRARY_PATH} PYTHONPATH=/home/zheka/Smart-Mobility-Engineering-Lab/ros2_ws/build/py_pubsub/prefix_override:/home/zheka/Smart-Mobility-Engineering-Lab/ros2_ws/install/py_pubsub/lib/python3.10/site-packages:/home/zheka/Smart-Mobility-Engineering-Lab/ros2_ws/install/tutorial_interfaces/local/lib/python3.10/dist-packages:${PYTHONPATH} /usr/bin/python3 setup.py egg_info --egg-base ../../build/py_pubsub build --build-base /home/zheka/Smart-Mobility-Engineering-Lab/ros2_ws/build/py_pubsub/build install --record /home/zheka/Smart-Mobility-Engineering-Lab/ros2_ws/build/py_pubsub/install.log --single-version-externally-managed
[0.588s] running egg_info
[0.588s] writing ../../build/py_pubsub/py_pubsub.egg-info/PKG-INFO
[0.589s] writing dependency_links to ../../build/py_pubsub/py_pubsub.egg-info/dependency_links.txt
[0.589s] writing entry points to ../../build/py_pubsub/py_pubsub.egg-info/entry_points.txt
[0.589s] writing requirements to ../../build/py_pubsub/py_pubsub.egg-info/requires.txt
[0.589s] writing top-level names to ../../build/py_pubsub/py_pubsub.egg-info/top_level.txt
[0.590s] reading manifest file '../../build/py_pubsub/py_pubsub.egg-info/SOURCES.txt'
[0.591s] writing manifest file '../../build/py_pubsub/py_pubsub.egg-info/SOURCES.txt'
[0.591s] running build
[0.591s] running build_py
[0.592s] running install
[0.592s] running install_lib
[0.593s] running install_data
[0.594s] running install_egg_info
[0.595s] removing '/home/zheka/Smart-Mobility-Engineering-Lab/ros2_ws/install/py_pubsub/lib/python3.10/site-packages/py_pubsub-0.0.0-py3.10.egg-info' (and everything under it)
[0.595s] Copying ../../build/py_pubsub/py_pubsub.egg-info to /home/zheka/Smart-Mobility-Engineering-Lab/ros2_ws/install/py_pubsub/lib/python3.10/site-packages/py_pubsub-0.0.0-py3.10.egg-info
[0.595s] running install_scripts
[0.607s] Installing listener script to /home/zheka/Smart-Mobility-Engineering-Lab/ros2_ws/install/py_pubsub/lib/py_pubsub
[0.607s] Installing talker script to /home/zheka/Smart-Mobility-Engineering-Lab/ros2_ws/install/py_pubsub/lib/py_pubsub
[0.607s] writing list of installed files to '/home/zheka/Smart-Mobility-Engineering-Lab/ros2_ws/build/py_pubsub/install.log'
[0.628s] Invoked command in '/home/zheka/Smart-Mobility-Engineering-Lab/ros2_ws/src/py_pubsub' returned '0': AMENT_PREFIX_PATH=/home/zheka/Smart-Mobility-Engineering-Lab/ros2_ws/install/tutorial_interfaces:${AMENT_PREFIX_PATH} CMAKE_PREFIX_PATH=/home/zheka/Smart-Mobility-Engineering-Lab/ros2_ws/install/tutorial_interfaces LD_LIBRARY_PATH=/home/zheka/Smart-Mobility-Engineering-Lab/ros2_ws/install/tutorial_interfaces/lib:${LD_LIBRARY_PATH} PYTHONPATH=/home/zheka/Smart-Mobility-Engineering-Lab/ros2_ws/build/py_pubsub/prefix_override:/home/zheka/Smart-Mobility-Engineering-Lab/ros2_ws/install/py_pubsub/lib/python3.10/site-packages:/home/zheka/Smart-Mobility-Engineering-Lab/ros2_ws/install/tutorial_interfaces/local/lib/python3.10/dist-packages:${PYTHONPATH} /usr/bin/python3 setup.py egg_info --egg-base ../../build/py_pubsub build --build-base /home/zheka/Smart-Mobility-Engineering-Lab/ros2_ws/build/py_pubsub/build install --record /home/zheka/Smart-Mobility-Engineering-Lab/ros2_ws/build/py_pubsub/install.log --single-version-externally-managed
