[0.045s] Invoking command in '/home/zheka/Smart-Mobility-Engineering-Lab/ros2_ws/build/tutorial_interfaces': CMAKE_PREFIX_PATH=/opt/ros/humble /usr/bin/cmake --build /home/zheka/Smart-Mobility-Engineering-Lab/ros2_ws/build/tutorial_interfaces -- -j2 -l2
[0.098s] [  2%] Built target tutorial_interfaces__cpp
[0.107s] [ 12%] Built target tutorial_interfaces__rosidl_generator_c
[0.130s] [ 12%] Built target ament_cmake_python_copy_tutorial_interfaces
[0.140s] [ 23%] Built target tutorial_interfaces__rosidl_typesupport_fastrtps_cpp
[0.151s] [ 34%] Built target tutorial_interfaces__rosidl_typesupport_introspection_c
[0.158s] [ 44%] Built target tutorial_interfaces__rosidl_typesupport_c
[0.168s] [ 55%] Built target tutorial_interfaces__rosidl_typesupport_introspection_cpp
[0.178s] [ 65%] Built target tutorial_interfaces__rosidl_typesupport_cpp
[0.188s] [ 76%] Built target tutorial_interfaces__rosidl_typesupport_fastrtps_c
[0.203s] [ 76%] Built target tutorial_interfaces
[0.225s] [ 78%] Built target tutorial_interfaces__py
[0.254s] [ 87%] Built target tutorial_interfaces__rosidl_generator_py
[0.271s] [ 91%] Built target tutorial_interfaces__rosidl_typesupport_fastrtps_c__pyext
[0.288s] [ 95%] Built target tutorial_interfaces__rosidl_typesupport_introspection_c__pyext
[0.306s] [100%] Built target tutorial_interfaces__rosidl_typesupport_c__pyext
[0.314s] running egg_info
[0.315s] writing tutorial_interfaces.egg-info/PKG-INFO
[0.315s] writing dependency_links to tutorial_interfaces.egg-info/dependency_links.txt
[0.315s] writing top-level names to tutorial_interfaces.egg-info/top_level.txt
[0.316s] reading manifest file 'tutorial_interfaces.egg-info/SOURCES.txt'
[0.317s] writing manifest file 'tutorial_interfaces.egg-info/SOURCES.txt'
[0.332s] [100%] Built target ament_cmake_python_build_tutorial_interfaces_egg
